  Using 'git status' to determine working set for adaptive non-unity build (C:\Users\Morgan\Desktop\UnrealAI).
  Parsing headers for UnrealAIEditor
    Running UnrealHeaderTool "C:\Users\Morgan\Desktop\UnrealAI\UnrealAI\UnrealAI.uproject" "C:\Users\Morgan\Desktop\UnrealAI\UnrealAI\Intermediate\Build\Win64\UnrealAIEditor\Development\UnrealAIEditor.uhtmanifest" -LogCmds="loginit warning, logexit warning, logdatabase error" -Unattended -WarningsAsErrors -abslog="C:\Users\Morgan\AppData\Local\UnrealBuildTool\Log_UHT.txt" -installed
  Reflection code generated for UnrealAIEditor in 6.4005908 seconds
  Building UnrealAIEditor...
  Using Visual Studio 2019 14.28.29910 toolchain (C:\Program Files (x86)\Microsoft Visual Studio\2019\Community\VC\Tools\MSVC\14.28.29910) and Windows 10.0.18362.0 SDK (C:\Program Files (x86)\Windows Kits\10).
  Building 9 actions with 20 processes...
    [1/9] UnrealAI.init.gen.cpp
    [2/9] BTTask_MoveToPlayer.cpp
    [3/9] AICpp_AIController0.gen.cpp
    [4/9] BTTask_MoveToPlayer.gen.cpp
    [5/9] BTService_CheckForPlayer.cpp
    [6/9] AICpp_AIController0.cpp
    [7/9] UE4Editor-UnrealAI-0002.lib
       Creating library C:\Users\Morgan\Desktop\UnrealAI\UnrealAI\Intermediate\Build\Win64\UE4Editor\Development\UnrealAI\UE4Editor-UnrealAI-0002.lib and object C:\Users\Morgan\Desktop\UnrealAI\UnrealAI\Intermediate\Build\Win64\UE4Editor\Development\UnrealAI\UE4Editor-UnrealAI-0002.exp
    [8/9] UE4Editor-UnrealAI-0002.dll
       Creating library C:\Users\Morgan\Desktop\UnrealAI\UnrealAI\Intermediate\Build\Win64\UE4Editor\Development\UnrealAI\UE4Editor-UnrealAI-0002.suppressed.lib and object C:\Users\Morgan\Desktop\UnrealAI\UnrealAI\Intermediate\Build\Win64\UE4Editor\Development\UnrealAI\UE4Editor-UnrealAI-0002.suppressed.exp
    [9/9] UnrealAIEditor.target
  Total time in Parallel executor: 11.18 seconds
  Total execution time: 18.40 seconds
