Log file open, 02/14/21 14:58:09
LogInit: Display: Running engine for game: UnrealAI
LogPlatformFile: Not using cached read wrapper
LogTaskGraph: Started task graph with 5 named threads and 59 total threads with 3 sets of task threads.
LogStats: Stats thread started at 0.294291
LogD3D11RHI: Loaded GFSDK_Aftermath_Lib.x64.dll
LogICUInternationalization: ICU TimeZone Detection - Raw Offset: +0:00, Platform Override: ''
LogPluginManager: Mounting plugin Paper2D
LogPluginManager: Mounting plugin AISupport
LogPluginManager: Mounting plugin LightPropagationVolume
LogPluginManager: Mounting plugin CameraShakePreviewer
LogPluginManager: Mounting plugin ActorLayerUtilities
LogPluginManager: Mounting plugin AnimationSharing
LogPluginManager: Mounting plugin CLionSourceCodeAccess
LogPluginManager: Mounting plugin CodeLiteSourceCodeAccess
LogPluginManager: Mounting plugin GitSourceControl
LogPluginManager: Mounting plugin KDevelopSourceCodeAccess
LogPluginManager: Mounting plugin NullSourceCodeAccess
LogPluginManager: Mounting plugin PerforceSourceControl
LogPluginManager: Mounting plugin PlasticSourceControl
LogPluginManager: Mounting plugin RiderSourceCodeAccess
LogPluginManager: Mounting plugin SubversionSourceControl
LogPluginManager: Mounting plugin UObjectPlugin
LogPluginManager: Mounting plugin VisualStudioCodeSourceCodeAccess
LogPluginManager: Mounting plugin VisualStudioSourceCodeAccess
LogPluginManager: Mounting plugin XCodeSourceCodeAccess
LogPluginManager: Mounting plugin AssetManagerEditor
LogPluginManager: Mounting plugin CryptoKeys
LogPluginManager: Mounting plugin CurveEditorTools
LogPluginManager: Mounting plugin DataValidation
LogPluginManager: Mounting plugin EditorScriptingUtilities
LogPluginManager: Mounting plugin FacialAnimation
LogPluginManager: Mounting plugin GameplayTagsEditor
LogPluginManager: Mounting plugin GeometryMode
LogPluginManager: Mounting plugin MacGraphicsSwitching
LogPluginManager: Mounting plugin MaterialAnalyzer
LogPluginManager: Mounting plugin MobileLauncherProfileWizard
LogPluginManager: Mounting plugin PluginBrowser
LogPluginManager: Mounting plugin SpeedTreeImporter
LogPluginManager: Mounting plugin DatasmithContent
LogPluginManager: Mounting plugin VariantManagerContent
LogPluginManager: Mounting plugin AlembicImporter
LogPluginManager: Mounting plugin AutomationUtils
LogPluginManager: Mounting plugin BackChannel
LogPluginManager: Mounting plugin ChaosCloth
LogPluginManager: Mounting plugin ChaosClothEditor
LogPluginManager: Mounting plugin ChaosEditor
LogPluginManager: Mounting plugin ChaosNiagara
LogPluginManager: Mounting plugin ChaosSolverPlugin
LogPluginManager: Mounting plugin CharacterAI
LogPluginManager: Mounting plugin GeometryCache
LogPluginManager: Mounting plugin GeometryCollectionPlugin
LogPluginManager: Mounting plugin GeometryProcessing
LogPluginManager: Mounting plugin PlanarCut
LogPluginManager: Mounting plugin PlatformCrypto
LogPluginManager: Mounting plugin ProxyLODPlugin
LogPluginManager: Mounting plugin SkeletalReduction
LogPluginManager: Mounting plugin Niagara
LogPluginManager: Mounting plugin MagicLeap
LogPluginManager: Mounting plugin MagicLeapLightEstimation
LogPluginManager: Mounting plugin MagicLeapMedia
LogPluginManager: Mounting plugin MagicLeapPassableWorld
LogPluginManager: Mounting plugin MLSDK
LogPluginManager: Mounting plugin DarkerNodes
LogPluginManager: Mounting plugin ElectronicNodes
LogPluginManager: Mounting plugin AndroidMedia
LogPluginManager: Mounting plugin AvfMedia
LogPluginManager: Mounting plugin ImgMedia
LogPluginManager: Mounting plugin MediaCompositing
LogPluginManager: Mounting plugin MediaPlayerEditor
LogPluginManager: Mounting plugin WebMMedia
LogPluginManager: Mounting plugin WmfMedia
LogPluginManager: Mounting plugin MeshPainting
LogPluginManager: Mounting plugin TcpMessaging
LogPluginManager: Mounting plugin UdpMessaging
LogPluginManager: Mounting plugin ActorSequence
LogPluginManager: Mounting plugin LevelSequenceEditor
LogPluginManager: Mounting plugin MatineeToLevelSequence
LogPluginManager: Mounting plugin MovieRenderPipeline
LogPluginManager: Mounting plugin TemplateSequence
LogPluginManager: Mounting plugin NetcodeUnitTest
LogPluginManager: Mounting plugin NUTUnrealEngine4
LogPluginManager: Mounting plugin OnlineSubsystemGooglePlay
LogPluginManager: Mounting plugin OnlineSubsystemIOS
LogPluginManager: Mounting plugin OnlineSubsystem
LogPluginManager: Mounting plugin OnlineSubsystemNull
LogPluginManager: Mounting plugin OnlineSubsystemUtils
LogPluginManager: Mounting plugin LauncherChunkInstaller
LogPluginManager: Mounting plugin AndroidDeviceProfileSelector
LogPluginManager: Mounting plugin AndroidMoviePlayer
LogPluginManager: Mounting plugin AndroidPermission
LogPluginManager: Mounting plugin AppleImageUtils
LogPluginManager: Mounting plugin AppleMoviePlayer
LogPluginManager: Mounting plugin ArchVisCharacter
LogPluginManager: Mounting plugin AssetTags
LogPluginManager: Mounting plugin AudioCapture
LogPluginManager: Mounting plugin CableComponent
LogPluginManager: Mounting plugin CustomMeshComponent
LogPluginManager: Mounting plugin EditableMesh
LogPluginManager: Mounting plugin ExampleDeviceProfileSelector
LogPluginManager: Mounting plugin GoogleCloudMessaging
LogPluginManager: Mounting plugin GooglePAD
LogPluginManager: Mounting plugin IOSDeviceProfileSelector
LogPluginManager: Mounting plugin LinuxDeviceProfileSelector
LogPluginManager: Mounting plugin LocationServicesBPLibrary
LogPluginManager: Mounting plugin MobilePatchingUtils
LogPluginManager: Mounting plugin OculusVR
LogPluginManager: Mounting plugin PhysXVehicles
LogPluginManager: Mounting plugin PostSplashScreen
LogPluginManager: Mounting plugin ProceduralMeshComponent
LogPluginManager: Mounting plugin RuntimePhysXCooking
LogPluginManager: Mounting plugin SignificanceManager
LogPluginManager: Mounting plugin SoundFields
LogPluginManager: Mounting plugin SteamVR
LogPluginManager: Mounting plugin Synthesis
LogPluginManager: Mounting plugin WebMMoviePlayer
LogPluginManager: Mounting plugin WindowsMoviePlayer
LogPluginManager: Mounting plugin ScreenshotTools
LogInit: Using libcurl 7.55.1-DEV
LogInit:  - built for x86_64-pc-win32
LogInit:  - supports SSL with OpenSSL/1.1.1
LogInit:  - supports HTTP deflate (compression) using libz 1.2.8
LogInit:  - other features:
LogInit:      CURL_VERSION_SSL
LogInit:      CURL_VERSION_LIBZ
LogInit:      CURL_VERSION_IPV6
LogInit:      CURL_VERSION_ASYNCHDNS
LogInit:      CURL_VERSION_LARGEFILE
LogInit:      CURL_VERSION_IDN
LogInit:  CurlRequestOptions (configurable via config and command line):
LogInit:  - bVerifyPeer = true  - Libcurl will verify peer certificate
LogInit:  - bUseHttpProxy = false  - Libcurl will NOT use HTTP proxy
LogInit:  - bDontReuseConnections = false  - Libcurl will reuse connections
LogInit:  - MaxHostConnections = 16  - Libcurl will limit the number of connections to a host
LogInit:  - LocalHostAddr = Default
LogInit:  - BufferSize = 65536
LogOnline: OSS: Creating online subsystem instance for: NULL
LogInit: WinSock: version 1.1 (2.2), MaxSocks=32767, MaxUdp=65467
LogOnline: OSS: TryLoadSubsystemAndSetDefault: Loaded subsystem for module [NULL]
LogInit: Build: ++UE4+Release-4.25-CL-14469661
LogInit: Engine Version: 4.25.4-14469661+++UE4+Release-4.25
LogInit: Compatible Engine Version: 4.25.0-13144385+++UE4+Release-4.25
LogInit: Net CL: 13144385
LogInit: OS: Windows 10 (Release 2009) (), CPU: Intel(R) Core(TM) i9-10850K CPU @ 3.60GHz, GPU: NVIDIA GeForce RTX 3090
LogInit: Compiled (64-bit): Oct 11 2020 08:10:49
LogInit: Compiled with Visual C++: 19.24.28315.00
LogInit: Build Configuration: Development
LogInit: Branch Name: ++UE4+Release-4.25
LogInit: Command Line:  -skipcompile
LogInit: Base Directory: C:/Program Files/Epic Games/UE_4.25/Engine/Binaries/Win64/
LogInit: Allocator: TBB
LogInit: Installed Engine Build: 1
LogDevObjectVersion: Number of dev versions registered: 26
LogDevObjectVersion:   Dev-Blueprints (B0D832E4-1F89-4F0D-ACCF-7EB736FD4AA2): 10
LogDevObjectVersion:   Dev-Build (E1C64328-A22C-4D53-A36C-8E866417BD8C): 0
LogDevObjectVersion:   Dev-Core (375EC13C-06E4-48FB-B500-84F0262A717E): 4
LogDevObjectVersion:   Dev-Editor (E4B068ED-F494-42E9-A231-DA0B2E46BB41): 38
LogDevObjectVersion:   Dev-Framework (CFFC743F-43B0-4480-9391-14DF171D2073): 37
LogDevObjectVersion:   Dev-Mobile (B02B49B5-BB20-44E9-A304-32B752E40360): 2
LogDevObjectVersion:   Dev-Networking (A4E4105C-59A1-49B5-A7C5-40C4547EDFEE): 0
LogDevObjectVersion:   Dev-Online (39C831C9-5AE6-47DC-9A44-9C173E1C8E7C): 0
LogDevObjectVersion:   Dev-Physics (78F01B33-EBEA-4F98-B9B4-84EACCB95AA2): 4
LogDevObjectVersion:   Dev-Platform (6631380F-2D4D-43E0-8009-CF276956A95A): 0
LogDevObjectVersion:   Dev-Rendering (12F88B9F-8875-4AFC-A67C-D90C383ABD29): 43
LogDevObjectVersion:   Dev-Sequencer (7B5AE74C-D270-4C10-A958-57980B212A5A): 12
LogDevObjectVersion:   Dev-VR (D7296918-1DD6-4BDD-9DE2-64A83CC13884): 3
LogDevObjectVersion:   Dev-LoadTimes (C2A15278-BFE7-4AFE-6C17-90FF531DF755): 1
LogDevObjectVersion:   Private-Geometry (6EACA3D4-40EC-4CC1-B786-8BED09428FC5): 3
LogDevObjectVersion:   Dev-AnimPhys (29E575DD-E0A3-4627-9D10-D276232CDCEA): 17
LogDevObjectVersion:   Dev-Anim (AF43A65D-7FD3-4947-9873-3E8ED9C1BB05): 7
LogDevObjectVersion:   Dev-ReflectionCapture (6B266CEC-1EC7-4B8F-A30B-E4D90942FC07): 1
LogDevObjectVersion:   Dev-Automation (0DF73D61-A23F-47EA-B727-89E90C41499A): 1
LogDevObjectVersion:   FortniteMain (601D1886-AC64-4F84-AA16-D3DE0DEAC7D6): 31
LogDevObjectVersion:   Dev-Enterprise (9DFFBCD6-494F-0158-E221-12823C92A888): 10
LogDevObjectVersion:   Dev-Niagara (F2AED0AC-9AFE-416F-8664-AA7FFA26D6FC): 1
LogDevObjectVersion:   Dev-Destruction (174F1F0B-B4C6-45A5-B13F-2EE8D0FB917D): 10
LogDevObjectVersion:   Dev-Physics-Ext (35F94A83-E258-406C-A318-09F59610247C): 37
LogDevObjectVersion:   Dev-PhysicsMaterial-Chaos (B68FC16E-8B1B-42E2-B453-215C058844FE): 1
LogDevObjectVersion:   Dev-CineCamera (B2E18506-4273-CFC2-A54E-F4BB758BBA07): 1
LogInit: Presizing for max 25165824 objects, including 0 objects not considered by GC, pre-allocating 0 bytes for permanent pool.
LogConfig: Applying CVar settings from Section [/Script/Engine.StreamingSettings] File [C:/Users/Morgan/Desktop/UnrealAI/UnrealAI/Saved/Config/Windows/Engine.ini]
LogConfig: Setting CVar [[s.MinBulkDataSizeForAsyncLoading:131072]]
LogConfig: Setting CVar [[s.AsyncLoadingThreadEnabled:0]]
LogConfig: Setting CVar [[s.EventDrivenLoaderEnabled:1]]
LogConfig: Setting CVar [[s.WarnIfTimeLimitExceeded:0]]
LogConfig: Setting CVar [[s.TimeLimitExceededMultiplier:1.5]]
LogConfig: Setting CVar [[s.TimeLimitExceededMinTime:0.005]]
LogConfig: Setting CVar [[s.UseBackgroundLevelStreaming:1]]
LogConfig: Setting CVar [[s.PriorityAsyncLoadingExtraTime:15.0]]
LogConfig: Setting CVar [[s.LevelStreamingActorsUpdateTimeLimit:5.0]]
LogConfig: Setting CVar [[s.PriorityLevelStreamingActorsUpdateExtraTime:5.0]]
LogConfig: Setting CVar [[s.LevelStreamingComponentsRegistrationGranularity:10]]
LogConfig: Setting CVar [[s.UnregisterComponentsTimeLimit:1.0]]
LogConfig: Setting CVar [[s.LevelStreamingComponentsUnregistrationGranularity:5]]
LogConfig: Setting CVar [[s.FlushStreamingOnExit:1]]
LogInit: Object subsystem initialized
LogConfig: Setting CVar [[con.DebugEarlyDefault:1]]
LogConfig: Setting CVar [[r.setres:1280x720]]
[2021.02.14-14.58.10:149][  0]LogConfig: Setting CVar [[r.VSync:0]]
[2021.02.14-14.58.10:149][  0]LogConfig: Setting CVar [[r.RHICmdBypass:0]]
[2021.02.14-14.58.10:149][  0]LogConfig: Applying CVar settings from Section [/Script/Engine.RendererSettings] File [C:/Users/Morgan/Desktop/UnrealAI/UnrealAI/Saved/Config/Windows/Engine.ini]
[2021.02.14-14.58.10:149][  0]LogConfig: Setting CVar [[r.GPUCrashDebugging:0]]
[2021.02.14-14.58.10:149][  0]LogConfig: Applying CVar settings from Section [/Script/Engine.RendererOverrideSettings] File [C:/Users/Morgan/Desktop/UnrealAI/UnrealAI/Saved/Config/Windows/Engine.ini]
[2021.02.14-14.58.10:149][  0]LogConfig: Applying CVar settings from Section [/Script/Engine.StreamingSettings] File [C:/Users/Morgan/Desktop/UnrealAI/UnrealAI/Saved/Config/Windows/Engine.ini]
[2021.02.14-14.58.10:149][  0]LogConfig: Setting CVar [[s.MinBulkDataSizeForAsyncLoading:131072]]
[2021.02.14-14.58.10:149][  0]LogConfig: Setting CVar [[s.AsyncLoadingThreadEnabled:0]]
[2021.02.14-14.58.10:149][  0]LogConfig: Setting CVar [[s.EventDrivenLoaderEnabled:1]]
[2021.02.14-14.58.10:150][  0]LogConfig: Setting CVar [[s.WarnIfTimeLimitExceeded:0]]
[2021.02.14-14.58.10:150][  0]LogConfig: Setting CVar [[s.TimeLimitExceededMultiplier:1.5]]
[2021.02.14-14.58.10:150][  0]LogConfig: Setting CVar [[s.TimeLimitExceededMinTime:0.005]]
[2021.02.14-14.58.10:150][  0]LogConfig: Setting CVar [[s.UseBackgroundLevelStreaming:1]]
[2021.02.14-14.58.10:150][  0]LogConfig: Setting CVar [[s.PriorityAsyncLoadingExtraTime:15.0]]
[2021.02.14-14.58.10:150][  0]LogConfig: Setting CVar [[s.LevelStreamingActorsUpdateTimeLimit:5.0]]
[2021.02.14-14.58.10:150][  0]LogConfig: Setting CVar [[s.PriorityLevelStreamingActorsUpdateExtraTime:5.0]]
[2021.02.14-14.58.10:150][  0]LogConfig: Setting CVar [[s.LevelStreamingComponentsRegistrationGranularity:10]]
[2021.02.14-14.58.10:150][  0]LogConfig: Setting CVar [[s.UnregisterComponentsTimeLimit:1.0]]
[2021.02.14-14.58.10:150][  0]LogConfig: Setting CVar [[s.LevelStreamingComponentsUnregistrationGranularity:5]]
[2021.02.14-14.58.10:150][  0]LogConfig: Setting CVar [[s.FlushStreamingOnExit:1]]
[2021.02.14-14.58.10:150][  0]LogConfig: Applying CVar settings from Section [/Script/Engine.GarbageCollectionSettings] File [C:/Users/Morgan/Desktop/UnrealAI/UnrealAI/Saved/Config/Windows/Engine.ini]
[2021.02.14-14.58.10:150][  0]LogConfig: Setting CVar [[gc.MaxObjectsNotConsideredByGC:1]]
[2021.02.14-14.58.10:150][  0]LogConfig: Setting CVar [[gc.SizeOfPermanentObjectPool:0]]
[2021.02.14-14.58.10:150][  0]LogConfig: Setting CVar [[gc.FlushStreamingOnGC:0]]
[2021.02.14-14.58.10:150][  0]LogConfig: Setting CVar [[gc.NumRetriesBeforeForcingGC:10]]
[2021.02.14-14.58.10:150][  0]LogConfig: Setting CVar [[gc.AllowParallelGC:1]]
[2021.02.14-14.58.10:150][  0]LogConfig: Setting CVar [[gc.TimeBetweenPurgingPendingKillObjects:61.1]]
[2021.02.14-14.58.10:150][  0]LogConfig: Setting CVar [[gc.MaxObjectsInEditor:25165824]]
[2021.02.14-14.58.10:150][  0]LogConfig: Setting CVar [[gc.IncrementalBeginDestroyEnabled:1]]
[2021.02.14-14.58.10:151][  0]LogConfig: Setting CVar [[gc.CreateGCClusters:1]]
[2021.02.14-14.58.10:151][  0]LogConfig: Setting CVar [[gc.MinGCClusterSize:5]]
[2021.02.14-14.58.10:151][  0]LogConfig: Setting CVar [[gc.ActorClusteringEnabled:0]]
[2021.02.14-14.58.10:151][  0]LogConfig: Setting CVar [[gc.BlueprintClusteringEnabled:0]]
[2021.02.14-14.58.10:151][  0]LogConfig: Setting CVar [[gc.UseDisregardForGCOnDedicatedServers:0]]
[2021.02.14-14.58.10:151][  0]LogConfig: Applying CVar settings from Section [/Script/Engine.NetworkSettings] File [C:/Users/Morgan/Desktop/UnrealAI/UnrealAI/Saved/Config/Windows/Engine.ini]
[2021.02.14-14.58.10:151][  0]LogConfig: Applying CVar settings from Section [/Script/UnrealEd.CookerSettings] File [C:/Users/Morgan/Desktop/UnrealAI/UnrealAI/Saved/Config/Windows/Engine.ini]
[2021.02.14-14.58.10:160][  0]LogConfig: Applying CVar settings from Section [ViewDistanceQuality@3] File [C:/Users/Morgan/Desktop/UnrealAI/UnrealAI/Saved/Config/Windows/Scalability.ini]
[2021.02.14-14.58.10:160][  0]LogConfig: Setting CVar [[r.SkeletalMeshLODBias:0]]
[2021.02.14-14.58.10:160][  0]LogConfig: Setting CVar [[r.ViewDistanceScale:1.0]]
[2021.02.14-14.58.10:160][  0]LogConfig: Applying CVar settings from Section [AntiAliasingQuality@3] File [C:/Users/Morgan/Desktop/UnrealAI/UnrealAI/Saved/Config/Windows/Scalability.ini]
[2021.02.14-14.58.10:160][  0]LogConfig: Setting CVar [[r.PostProcessAAQuality:4]]
[2021.02.14-14.58.10:160][  0]LogConfig: Applying CVar settings from Section [ShadowQuality@3] File [C:/Users/Morgan/Desktop/UnrealAI/UnrealAI/Saved/Config/Windows/Scalability.ini]
[2021.02.14-14.58.10:160][  0]LogConfig: Setting CVar [[r.LightFunctionQuality:1]]
[2021.02.14-14.58.10:160][  0]LogConfig: Setting CVar [[r.ShadowQuality:5]]
[2021.02.14-14.58.10:160][  0]LogConfig: Setting CVar [[r.Shadow.CSM.MaxCascades:10]]
[2021.02.14-14.58.10:160][  0]LogConfig: Setting CVar [[r.Shadow.MaxResolution:2048]]
[2021.02.14-14.58.10:161][  0]LogConfig: Setting CVar [[r.Shadow.MaxCSMResolution:2048]]
[2021.02.14-14.58.10:161][  0]LogConfig: Setting CVar [[r.Shadow.RadiusThreshold:0.01]]
[2021.02.14-14.58.10:161][  0]LogConfig: Setting CVar [[r.Shadow.DistanceScale:1.0]]
[2021.02.14-14.58.10:161][  0]LogConfig: Setting CVar [[r.Shadow.CSM.TransitionScale:1.0]]
[2021.02.14-14.58.10:161][  0]LogConfig: Setting CVar [[r.Shadow.PreShadowResolutionFactor:1.0]]
[2021.02.14-14.58.10:161][  0]LogConfig: Setting CVar [[r.DistanceFieldShadowing:1]]
[2021.02.14-14.58.10:161][  0]LogConfig: Setting CVar [[r.DistanceFieldAO:1]]
[2021.02.14-14.58.10:161][  0]LogConfig: Setting CVar [[r.AOQuality:2]]
[2021.02.14-14.58.10:161][  0]LogConfig: Setting CVar [[r.VolumetricFog:1]]
[2021.02.14-14.58.10:161][  0]LogConfig: Setting CVar [[r.VolumetricFog.GridPixelSize:8]]
[2021.02.14-14.58.10:161][  0]LogConfig: Setting CVar [[r.VolumetricFog.GridSizeZ:128]]
[2021.02.14-14.58.10:161][  0]LogConfig: Setting CVar [[r.VolumetricFog.HistoryMissSupersampleCount:4]]
[2021.02.14-14.58.10:161][  0]LogConfig: Setting CVar [[r.LightMaxDrawDistanceScale:1]]
[2021.02.14-14.58.10:161][  0]LogConfig: Setting CVar [[r.CapsuleShadows:1]]
[2021.02.14-14.58.10:161][  0]LogConfig: Applying CVar settings from Section [PostProcessQuality@3] File [C:/Users/Morgan/Desktop/UnrealAI/UnrealAI/Saved/Config/Windows/Scalability.ini]
[2021.02.14-14.58.10:161][  0]LogConfig: Setting CVar [[r.MotionBlurQuality:4]]
[2021.02.14-14.58.10:161][  0]LogConfig: Setting CVar [[r.AmbientOcclusionMipLevelFactor:0.4]]
[2021.02.14-14.58.10:161][  0]LogConfig: Setting CVar [[r.AmbientOcclusionMaxQuality:100]]
[2021.02.14-14.58.10:161][  0]LogConfig: Setting CVar [[r.AmbientOcclusionLevels:-1]]
[2021.02.14-14.58.10:162][  0]LogConfig: Setting CVar [[r.AmbientOcclusionRadiusScale:1.0]]
[2021.02.14-14.58.10:162][  0]LogConfig: Setting CVar [[r.DepthOfFieldQuality:2]]
[2021.02.14-14.58.10:162][  0]LogConfig: Setting CVar [[r.RenderTargetPoolMin:400]]
[2021.02.14-14.58.10:162][  0]LogConfig: Setting CVar [[r.LensFlareQuality:2]]
[2021.02.14-14.58.10:162][  0]LogConfig: Setting CVar [[r.SceneColorFringeQuality:1]]
[2021.02.14-14.58.10:162][  0]LogConfig: Setting CVar [[r.EyeAdaptationQuality:2]]
[2021.02.14-14.58.10:162][  0]LogConfig: Setting CVar [[r.BloomQuality:5]]
[2021.02.14-14.58.10:162][  0]LogConfig: Setting CVar [[r.FastBlurThreshold:100]]
[2021.02.14-14.58.10:162][  0]LogConfig: Setting CVar [[r.Upscale.Quality:3]]
[2021.02.14-14.58.10:162][  0]LogConfig: Setting CVar [[r.Tonemapper.GrainQuantization:1]]
[2021.02.14-14.58.10:162][  0]LogConfig: Setting CVar [[r.LightShaftQuality:1]]
[2021.02.14-14.58.10:162][  0]LogConfig: Setting CVar [[r.Filter.SizeScale:1]]
[2021.02.14-14.58.10:162][  0]LogConfig: Setting CVar [[r.Tonemapper.Quality:5]]
[2021.02.14-14.58.10:162][  0]LogConfig: Setting CVar [[r.DOF.Gather.AccumulatorQuality:1        ; higher gathering accumulator quality]]
[2021.02.14-14.58.10:162][  0]LogConfig: Setting CVar [[r.DOF.Gather.PostfilterMethod:1          ; Median3x3 postfilering method]]
[2021.02.14-14.58.10:162][  0]LogConfig: Setting CVar [[r.DOF.Gather.EnableBokehSettings:0       ; no bokeh simulation when gathering]]
[2021.02.14-14.58.10:162][  0]LogConfig: Setting CVar [[r.DOF.Gather.RingCount:4                 ; medium number of samples when gathering]]
[2021.02.14-14.58.10:162][  0]LogConfig: Setting CVar [[r.DOF.Scatter.ForegroundCompositing:1    ; additive foreground scattering]]
[2021.02.14-14.58.10:162][  0]LogConfig: Setting CVar [[r.DOF.Scatter.BackgroundCompositing:2    ; additive background scattering]]
[2021.02.14-14.58.10:162][  0]LogConfig: Setting CVar [[r.DOF.Scatter.EnableBokehSettings:1      ; bokeh simulation when scattering]]
[2021.02.14-14.58.10:162][  0]LogConfig: Setting CVar [[r.DOF.Scatter.MaxSpriteRatio:0.1         ; only a maximum of 10% of scattered bokeh]]
[2021.02.14-14.58.10:162][  0]LogConfig: Setting CVar [[r.DOF.Recombine.Quality:1                ; cheap slight out of focus]]
[2021.02.14-14.58.10:163][  0]LogConfig: Setting CVar [[r.DOF.Recombine.EnableBokehSettings:0    ; no bokeh simulation on slight out of focus]]
[2021.02.14-14.58.10:163][  0]LogConfig: Setting CVar [[r.DOF.TemporalAAQuality:1                ; more stable temporal accumulation]]
[2021.02.14-14.58.10:163][  0]LogConfig: Setting CVar [[r.DOF.Kernel.MaxForegroundRadius:0.025]]
[2021.02.14-14.58.10:163][  0]LogConfig: Setting CVar [[r.DOF.Kernel.MaxBackgroundRadius:0.025]]
[2021.02.14-14.58.10:163][  0]LogConfig: Applying CVar settings from Section [TextureQuality@3] File [C:/Users/Morgan/Desktop/UnrealAI/UnrealAI/Saved/Config/Windows/Scalability.ini]
[2021.02.14-14.58.10:163][  0]LogConfig: Setting CVar [[r.Streaming.MipBias:0]]
[2021.02.14-14.58.10:163][  0]LogConfig: Setting CVar [[r.Streaming.AmortizeCPUToGPUCopy:0]]
[2021.02.14-14.58.10:163][  0]LogConfig: Setting CVar [[r.Streaming.MaxNumTexturesToStreamPerFrame:0]]
[2021.02.14-14.58.10:163][  0]LogConfig: Setting CVar [[r.Streaming.Boost:1]]
[2021.02.14-14.58.10:163][  0]LogConfig: Setting CVar [[r.MaxAnisotropy:8]]
[2021.02.14-14.58.10:163][  0]LogConfig: Setting CVar [[r.VT.MaxAnisotropy:8]]
[2021.02.14-14.58.10:163][  0]LogConfig: Setting CVar [[r.Streaming.LimitPoolSizeToVRAM:0]]
[2021.02.14-14.58.10:163][  0]LogConfig: Setting CVar [[r.Streaming.PoolSize:1000]]
[2021.02.14-14.58.10:163][  0]LogConfig: Setting CVar [[r.Streaming.MaxEffectiveScreenSize:0]]
[2021.02.14-14.58.10:163][  0]LogConfig: Applying CVar settings from Section [EffectsQuality@3] File [C:/Users/Morgan/Desktop/UnrealAI/UnrealAI/Saved/Config/Windows/Scalability.ini]
[2021.02.14-14.58.10:164][  0]LogConfig: Setting CVar [[r.TranslucencyLightingVolumeDim:64]]
[2021.02.14-14.58.10:164][  0]LogConfig: Setting CVar [[r.RefractionQuality:2]]
[2021.02.14-14.58.10:164][  0]LogConfig: Setting CVar [[r.SSR.Quality:3]]
[2021.02.14-14.58.10:164][  0]LogConfig: Setting CVar [[r.SSR.HalfResSceneColor:0]]
[2021.02.14-14.58.10:164][  0]LogConfig: Setting CVar [[r.SceneColorFormat:4]]
[2021.02.14-14.58.10:164][  0]LogConfig: Setting CVar [[r.DetailMode:2]]
[2021.02.14-14.58.10:164][  0]LogConfig: Setting CVar [[r.TranslucencyVolumeBlur:1]]
[2021.02.14-14.58.10:164][  0]LogConfig: Setting CVar [[r.MaterialQualityLevel:1 ; High quality]]
[2021.02.14-14.58.10:164][  0]LogConfig: Setting CVar [[r.SSS.Scale:1]]
[2021.02.14-14.58.10:164][  0]LogConfig: Setting CVar [[r.SSS.SampleSet:2]]
[2021.02.14-14.58.10:165][  0]LogConfig: Setting CVar [[r.SSS.Quality:1]]
[2021.02.14-14.58.10:165][  0]LogConfig: Setting CVar [[r.SSS.HalfRes:0]]
[2021.02.14-14.58.10:165][  0]LogConfig: Setting CVar [[r.SSGI.Quality:3]]
[2021.02.14-14.58.10:165][  0]LogConfig: Setting CVar [[r.EmitterSpawnRateScale:1.0]]
[2021.02.14-14.58.10:165][  0]LogConfig: Setting CVar [[r.ParticleLightQuality:2]]
[2021.02.14-14.58.10:165][  0]LogConfig: Setting CVar [[r.SkyAtmosphere.AerialPerspectiveLUT.FastApplyOnOpaque:1 ; Always have FastSkyLUT 1 in this case to avoid wrong sky]]
[2021.02.14-14.58.10:165][  0]LogConfig: Setting CVar [[r.SkyAtmosphere.AerialPerspectiveLUT.SampleCountPerSlice:1]]
[2021.02.14-14.58.10:165][  0]LogConfig: Setting CVar [[r.SkyAtmosphere.AerialPerspectiveLUT.DepthResolution:16.0]]
[2021.02.14-14.58.10:165][  0]LogConfig: Setting CVar [[r.SkyAtmosphere.FastSkyLUT:1]]
[2021.02.14-14.58.10:165][  0]LogConfig: Setting CVar [[r.SkyAtmosphere.FastSkyLUT.SampleCountMin:4.0]]
[2021.02.14-14.58.10:165][  0]LogConfig: Setting CVar [[r.SkyAtmosphere.FastSkyLUT.SampleCountMax:32.0]]
[2021.02.14-14.58.10:165][  0]LogConfig: Setting CVar [[r.SkyAtmosphere.SampleCountMin:4.0]]
[2021.02.14-14.58.10:165][  0]LogConfig: Setting CVar [[r.SkyAtmosphere.SampleCountMax:32.0]]
[2021.02.14-14.58.10:165][  0]LogConfig: Setting CVar [[r.SkyAtmosphere.TransmittanceLUT.UseSmallFormat:0]]
[2021.02.14-14.58.10:165][  0]LogConfig: Setting CVar [[r.SkyAtmosphere.TransmittanceLUT.SampleCount:10.0]]
[2021.02.14-14.58.10:166][  0]LogConfig: Setting CVar [[r.SkyAtmosphere.MultiScatteringLUT.SampleCount:15.0]]
[2021.02.14-14.58.10:166][  0]LogConfig: Applying CVar settings from Section [FoliageQuality@3] File [C:/Users/Morgan/Desktop/UnrealAI/UnrealAI/Saved/Config/Windows/Scalability.ini]
[2021.02.14-14.58.10:166][  0]LogConfig: Setting CVar [[foliage.DensityScale:1.0]]
[2021.02.14-14.58.10:166][  0]LogConfig: Setting CVar [[grass.DensityScale:1.0]]
[2021.02.14-14.58.10:166][  0]LogConfig: Applying CVar settings from Section [ShadingQuality@3] File [C:/Users/Morgan/Desktop/UnrealAI/UnrealAI/Saved/Config/Windows/Scalability.ini]
[2021.02.14-14.58.10:166][  0]LogConfig: Setting CVar [[r.HairStrands.SkyLighting.SampleCount:16]]
[2021.02.14-14.58.10:166][  0]LogConfig: Setting CVar [[r.HairStrands.SkyLighting.JitterIntegration:0]]
[2021.02.14-14.58.10:166][  0]LogConfig: Setting CVar [[r.HairStrands.SkyAO.SampleCount:16]]
[2021.02.14-14.58.10:166][  0]LogConfig: Setting CVar [[r.HairStrands.DeepShadow.SuperSampling:0]]
[2021.02.14-14.58.10:166][  0]LogConfig: Setting CVar [[r.HairStrands.VisibilityPPLL:0]]
[2021.02.14-14.58.10:166][  0]LogConfig: Setting CVar [[r.HairStrands.RasterizationScale:0.5]]
[2021.02.14-14.58.10:166][  0]LogConfig: Setting CVar [[r.HairStrands.VelocityRasterizationScale:1]]
[2021.02.14-14.58.10:166][  0]LogInit: Selected Device Profile: [Windows]
[2021.02.14-14.58.10:166][  0]LogInit: Applying CVar settings loaded from the selected device profile: [Windows]
[2021.02.14-14.58.10:166][  0]LogHAL: Display: Platform has ~ 32 GB [34252365824 / 34359738368 / 32], which maps to Largest [LargestMinGB=32, LargerMinGB=12, DefaultMinGB=8, SmallerMinGB=6, SmallestMinGB=0)
[2021.02.14-14.58.10:166][  0]LogInit: Going up to parent DeviceProfile []
[2021.02.14-14.58.10:166][  0]LogConfig: Applying CVar settings from Section [ViewDistanceQuality@3] File [C:/Users/Morgan/Desktop/UnrealAI/UnrealAI/Saved/Config/Windows/Scalability.ini]
[2021.02.14-14.58.10:166][  0]LogConfig: Setting CVar [[r.SkeletalMeshLODBias:0]]
[2021.02.14-14.58.10:166][  0]LogConfig: Setting CVar [[r.ViewDistanceScale:1.0]]
[2021.02.14-14.58.10:167][  0]LogConfig: Applying CVar settings from Section [AntiAliasingQuality@3] File [C:/Users/Morgan/Desktop/UnrealAI/UnrealAI/Saved/Config/Windows/Scalability.ini]
[2021.02.14-14.58.10:167][  0]LogConfig: Setting CVar [[r.PostProcessAAQuality:4]]
[2021.02.14-14.58.10:167][  0]LogConfig: Applying CVar settings from Section [ShadowQuality@3] File [C:/Users/Morgan/Desktop/UnrealAI/UnrealAI/Saved/Config/Windows/Scalability.ini]
[2021.02.14-14.58.10:167][  0]LogConfig: Setting CVar [[r.LightFunctionQuality:1]]
[2021.02.14-14.58.10:167][  0]LogConfig: Setting CVar [[r.ShadowQuality:5]]
[2021.02.14-14.58.10:167][  0]LogConfig: Setting CVar [[r.Shadow.CSM.MaxCascades:10]]
[2021.02.14-14.58.10:167][  0]LogConfig: Setting CVar [[r.Shadow.MaxResolution:2048]]
[2021.02.14-14.58.10:167][  0]LogConfig: Setting CVar [[r.Shadow.MaxCSMResolution:2048]]
[2021.02.14-14.58.10:167][  0]LogConfig: Setting CVar [[r.Shadow.RadiusThreshold:0.01]]
[2021.02.14-14.58.10:167][  0]LogConfig: Setting CVar [[r.Shadow.DistanceScale:1.0]]
[2021.02.14-14.58.10:167][  0]LogConfig: Setting CVar [[r.Shadow.CSM.TransitionScale:1.0]]
[2021.02.14-14.58.10:167][  0]LogConfig: Setting CVar [[r.Shadow.PreShadowResolutionFactor:1.0]]
[2021.02.14-14.58.10:167][  0]LogConfig: Setting CVar [[r.DistanceFieldShadowing:1]]
[2021.02.14-14.58.10:167][  0]LogConfig: Setting CVar [[r.DistanceFieldAO:1]]
[2021.02.14-14.58.10:167][  0]LogConfig: Setting CVar [[r.AOQuality:2]]
[2021.02.14-14.58.10:167][  0]LogConfig: Setting CVar [[r.VolumetricFog:1]]
[2021.02.14-14.58.10:167][  0]LogConfig: Setting CVar [[r.VolumetricFog.GridPixelSize:8]]
[2021.02.14-14.58.10:167][  0]LogConfig: Setting CVar [[r.VolumetricFog.GridSizeZ:128]]
[2021.02.14-14.58.10:167][  0]LogConfig: Setting CVar [[r.VolumetricFog.HistoryMissSupersampleCount:4]]
[2021.02.14-14.58.10:167][  0]LogConfig: Setting CVar [[r.LightMaxDrawDistanceScale:1]]
[2021.02.14-14.58.10:167][  0]LogConfig: Setting CVar [[r.CapsuleShadows:1]]
[2021.02.14-14.58.10:168][  0]LogConfig: Applying CVar settings from Section [PostProcessQuality@3] File [C:/Users/Morgan/Desktop/UnrealAI/UnrealAI/Saved/Config/Windows/Scalability.ini]
[2021.02.14-14.58.10:168][  0]LogConfig: Setting CVar [[r.MotionBlurQuality:4]]
[2021.02.14-14.58.10:168][  0]LogConfig: Setting CVar [[r.AmbientOcclusionMipLevelFactor:0.4]]
[2021.02.14-14.58.10:168][  0]LogConfig: Setting CVar [[r.AmbientOcclusionMaxQuality:100]]
[2021.02.14-14.58.10:168][  0]LogConfig: Setting CVar [[r.AmbientOcclusionLevels:-1]]
[2021.02.14-14.58.10:168][  0]LogConfig: Setting CVar [[r.AmbientOcclusionRadiusScale:1.0]]
[2021.02.14-14.58.10:168][  0]LogConfig: Setting CVar [[r.DepthOfFieldQuality:2]]
[2021.02.14-14.58.10:168][  0]LogConfig: Setting CVar [[r.RenderTargetPoolMin:400]]
[2021.02.14-14.58.10:168][  0]LogConfig: Setting CVar [[r.LensFlareQuality:2]]
[2021.02.14-14.58.10:168][  0]LogConfig: Setting CVar [[r.SceneColorFringeQuality:1]]
[2021.02.14-14.58.10:168][  0]LogConfig: Setting CVar [[r.EyeAdaptationQuality:2]]
[2021.02.14-14.58.10:168][  0]LogConfig: Setting CVar [[r.BloomQuality:5]]
[2021.02.14-14.58.10:168][  0]LogConfig: Setting CVar [[r.FastBlurThreshold:100]]
[2021.02.14-14.58.10:168][  0]LogConfig: Setting CVar [[r.Upscale.Quality:3]]
[2021.02.14-14.58.10:168][  0]LogConfig: Setting CVar [[r.Tonemapper.GrainQuantization:1]]
[2021.02.14-14.58.10:168][  0]LogConfig: Setting CVar [[r.LightShaftQuality:1]]
[2021.02.14-14.58.10:168][  0]LogConfig: Setting CVar [[r.Filter.SizeScale:1]]
[2021.02.14-14.58.10:168][  0]LogConfig: Setting CVar [[r.Tonemapper.Quality:5]]
[2021.02.14-14.58.10:168][  0]LogConfig: Setting CVar [[r.DOF.Gather.AccumulatorQuality:1        ; higher gathering accumulator quality]]
[2021.02.14-14.58.10:168][  0]LogConfig: Setting CVar [[r.DOF.Gather.PostfilterMethod:1          ; Median3x3 postfilering method]]
[2021.02.14-14.58.10:168][  0]LogConfig: Setting CVar [[r.DOF.Gather.EnableBokehSettings:0       ; no bokeh simulation when gathering]]
[2021.02.14-14.58.10:168][  0]LogConfig: Setting CVar [[r.DOF.Gather.RingCount:4                 ; medium number of samples when gathering]]
[2021.02.14-14.58.10:169][  0]LogConfig: Setting CVar [[r.DOF.Scatter.ForegroundCompositing:1    ; additive foreground scattering]]
[2021.02.14-14.58.10:169][  0]LogConfig: Setting CVar [[r.DOF.Scatter.BackgroundCompositing:2    ; additive background scattering]]
[2021.02.14-14.58.10:169][  0]LogConfig: Setting CVar [[r.DOF.Scatter.EnableBokehSettings:1      ; bokeh simulation when scattering]]
[2021.02.14-14.58.10:169][  0]LogConfig: Setting CVar [[r.DOF.Scatter.MaxSpriteRatio:0.1         ; only a maximum of 10% of scattered bokeh]]
[2021.02.14-14.58.10:169][  0]LogConfig: Setting CVar [[r.DOF.Recombine.Quality:1                ; cheap slight out of focus]]
[2021.02.14-14.58.10:169][  0]LogConfig: Setting CVar [[r.DOF.Recombine.EnableBokehSettings:0    ; no bokeh simulation on slight out of focus]]
[2021.02.14-14.58.10:169][  0]LogConfig: Setting CVar [[r.DOF.TemporalAAQuality:1                ; more stable temporal accumulation]]
[2021.02.14-14.58.10:169][  0]LogConfig: Setting CVar [[r.DOF.Kernel.MaxForegroundRadius:0.025]]
[2021.02.14-14.58.10:169][  0]LogConfig: Setting CVar [[r.DOF.Kernel.MaxBackgroundRadius:0.025]]
[2021.02.14-14.58.10:169][  0]LogConfig: Applying CVar settings from Section [TextureQuality@3] File [C:/Users/Morgan/Desktop/UnrealAI/UnrealAI/Saved/Config/Windows/Scalability.ini]
[2021.02.14-14.58.10:169][  0]LogConfig: Setting CVar [[r.Streaming.MipBias:0]]
[2021.02.14-14.58.10:169][  0]LogConfig: Setting CVar [[r.Streaming.AmortizeCPUToGPUCopy:0]]
[2021.02.14-14.58.10:169][  0]LogConfig: Setting CVar [[r.Streaming.MaxNumTexturesToStreamPerFrame:0]]
[2021.02.14-14.58.10:169][  0]LogConfig: Setting CVar [[r.Streaming.Boost:1]]
[2021.02.14-14.58.10:169][  0]LogConfig: Setting CVar [[r.MaxAnisotropy:8]]
[2021.02.14-14.58.10:169][  0]LogConfig: Setting CVar [[r.VT.MaxAnisotropy:8]]
[2021.02.14-14.58.10:169][  0]LogConfig: Setting CVar [[r.Streaming.LimitPoolSizeToVRAM:0]]
[2021.02.14-14.58.10:169][  0]LogConfig: Setting CVar [[r.Streaming.PoolSize:1000]]
[2021.02.14-14.58.10:169][  0]LogConfig: Setting CVar [[r.Streaming.MaxEffectiveScreenSize:0]]
[2021.02.14-14.58.10:169][  0]LogConfig: Applying CVar settings from Section [EffectsQuality@3] File [C:/Users/Morgan/Desktop/UnrealAI/UnrealAI/Saved/Config/Windows/Scalability.ini]
[2021.02.14-14.58.10:169][  0]LogConfig: Setting CVar [[r.TranslucencyLightingVolumeDim:64]]
[2021.02.14-14.58.10:169][  0]LogConfig: Setting CVar [[r.RefractionQuality:2]]
[2021.02.14-14.58.10:170][  0]LogConfig: Setting CVar [[r.SSR.Quality:3]]
[2021.02.14-14.58.10:170][  0]LogConfig: Setting CVar [[r.SSR.HalfResSceneColor:0]]
[2021.02.14-14.58.10:170][  0]LogConfig: Setting CVar [[r.SceneColorFormat:4]]
[2021.02.14-14.58.10:170][  0]LogConfig: Setting CVar [[r.DetailMode:2]]
[2021.02.14-14.58.10:170][  0]LogConfig: Setting CVar [[r.TranslucencyVolumeBlur:1]]
[2021.02.14-14.58.10:170][  0]LogConfig: Setting CVar [[r.MaterialQualityLevel:1 ; High quality]]
[2021.02.14-14.58.10:170][  0]LogConfig: Setting CVar [[r.SSS.Scale:1]]
[2021.02.14-14.58.10:170][  0]LogConfig: Setting CVar [[r.SSS.SampleSet:2]]
[2021.02.14-14.58.10:170][  0]LogConfig: Setting CVar [[r.SSS.Quality:1]]
[2021.02.14-14.58.10:170][  0]LogConfig: Setting CVar [[r.SSS.HalfRes:0]]
[2021.02.14-14.58.10:170][  0]LogConfig: Setting CVar [[r.SSGI.Quality:3]]
[2021.02.14-14.58.10:170][  0]LogConfig: Setting CVar [[r.EmitterSpawnRateScale:1.0]]
[2021.02.14-14.58.10:170][  0]LogConfig: Setting CVar [[r.ParticleLightQuality:2]]
[2021.02.14-14.58.10:170][  0]LogConfig: Setting CVar [[r.SkyAtmosphere.AerialPerspectiveLUT.FastApplyOnOpaque:1 ; Always have FastSkyLUT 1 in this case to avoid wrong sky]]
[2021.02.14-14.58.10:170][  0]LogConfig: Setting CVar [[r.SkyAtmosphere.AerialPerspectiveLUT.SampleCountPerSlice:1]]
[2021.02.14-14.58.10:170][  0]LogConfig: Setting CVar [[r.SkyAtmosphere.AerialPerspectiveLUT.DepthResolution:16.0]]
[2021.02.14-14.58.10:170][  0]LogConfig: Setting CVar [[r.SkyAtmosphere.FastSkyLUT:1]]
[2021.02.14-14.58.10:170][  0]LogConfig: Setting CVar [[r.SkyAtmosphere.FastSkyLUT.SampleCountMin:4.0]]
[2021.02.14-14.58.10:170][  0]LogConfig: Setting CVar [[r.SkyAtmosphere.FastSkyLUT.SampleCountMax:32.0]]
[2021.02.14-14.58.10:170][  0]LogConfig: Setting CVar [[r.SkyAtmosphere.SampleCountMin:4.0]]
[2021.02.14-14.58.10:171][  0]LogConfig: Setting CVar [[r.SkyAtmosphere.SampleCountMax:32.0]]
[2021.02.14-14.58.10:171][  0]LogConfig: Setting CVar [[r.SkyAtmosphere.TransmittanceLUT.UseSmallFormat:0]]
[2021.02.14-14.58.10:171][  0]LogConfig: Setting CVar [[r.SkyAtmosphere.TransmittanceLUT.SampleCount:10.0]]
[2021.02.14-14.58.10:171][  0]LogConfig: Setting CVar [[r.SkyAtmosphere.MultiScatteringLUT.SampleCount:15.0]]
[2021.02.14-14.58.10:171][  0]LogConfig: Applying CVar settings from Section [FoliageQuality@3] File [C:/Users/Morgan/Desktop/UnrealAI/UnrealAI/Saved/Config/Windows/Scalability.ini]
[2021.02.14-14.58.10:171][  0]LogConfig: Setting CVar [[foliage.DensityScale:1.0]]
[2021.02.14-14.58.10:171][  0]LogConfig: Setting CVar [[grass.DensityScale:1.0]]
[2021.02.14-14.58.10:171][  0]LogConfig: Applying CVar settings from Section [ShadingQuality@3] File [C:/Users/Morgan/Desktop/UnrealAI/UnrealAI/Saved/Config/Windows/Scalability.ini]
[2021.02.14-14.58.10:171][  0]LogConfig: Setting CVar [[r.HairStrands.SkyLighting.SampleCount:16]]
[2021.02.14-14.58.10:171][  0]LogConfig: Setting CVar [[r.HairStrands.SkyLighting.JitterIntegration:0]]
[2021.02.14-14.58.10:171][  0]LogConfig: Setting CVar [[r.HairStrands.SkyAO.SampleCount:16]]
[2021.02.14-14.58.10:171][  0]LogConfig: Setting CVar [[r.HairStrands.DeepShadow.SuperSampling:0]]
[2021.02.14-14.58.10:171][  0]LogConfig: Setting CVar [[r.HairStrands.VisibilityPPLL:0]]
[2021.02.14-14.58.10:171][  0]LogConfig: Setting CVar [[r.HairStrands.RasterizationScale:0.5]]
[2021.02.14-14.58.10:171][  0]LogConfig: Setting CVar [[r.HairStrands.VelocityRasterizationScale:1]]
[2021.02.14-14.58.10:171][  0]LogConfig: Applying CVar settings from Section [Startup] File [../../../Engine/Config/ConsoleVariables.ini]
[2021.02.14-14.58.10:172][  0]LogConfig: Setting CVar [[net.UseAdaptiveNetUpdateFrequency:0]]
[2021.02.14-14.58.10:172][  0]LogConfig: Setting CVar [[p.chaos.AllowCreatePhysxBodies:1]]
[2021.02.14-14.58.10:172][  0]LogConfig: Setting CVar [[fx.SkipVectorVMBackendOptimizations:1]]
[2021.02.14-14.58.10:172][  0]LogConfig: Applying CVar settings from Section [ConsoleVariables] File [C:/Users/Morgan/Desktop/UnrealAI/UnrealAI/Saved/Config/Windows/Engine.ini]
[2021.02.14-14.58.10:172][  0]LogInit: Computer: DESKTOP-A1LV5LA
[2021.02.14-14.58.10:172][  0]LogInit: User: Morgan
[2021.02.14-14.58.10:172][  0]LogInit: CPU Page size=4096, Cores=10
[2021.02.14-14.58.10:172][  0]LogInit: High frequency timer resolution =10.000000 MHz
[2021.02.14-14.58.10:172][  0]LogMemory: Memory total: Physical=31.9GB (32GB approx)
[2021.02.14-14.58.10:172][  0]LogMemory: Platform Memory Stats for Windows
[2021.02.14-14.58.10:172][  0]LogMemory: Process Physical Memory: 118.30 MB used, 118.31 MB peak
[2021.02.14-14.58.10:172][  0]LogMemory: Process Virtual Memory: 107.05 MB used, 107.05 MB peak
[2021.02.14-14.58.10:172][  0]LogMemory: Physical Memory: 13441.62 MB used,  19223.98 MB free, 32665.60 MB total
[2021.02.14-14.58.10:172][  0]LogMemory: Virtual Memory: 5217.39 MB used,  134212512.00 MB free, 134217728.00 MB total
[2021.02.14-14.58.10:181][  0]LogWindows: WindowsPlatformFeatures enabled
[2021.02.14-14.58.10:423][  0]LogInit: Physics initialised using underlying interface: PhysX
[2021.02.14-14.58.10:428][  0]LogInit: Using OS detected language (en-GB).
[2021.02.14-14.58.10:429][  0]LogInit: Using OS detected locale (en-GB).
[2021.02.14-14.58.10:436][  0]LogTextLocalizationManager: No specific localization for 'en-GB' exists, so the 'en' localization will be used.
[2021.02.14-14.58.10:589][  0]LogInit: Setting process to per monitor DPI aware
[2021.02.14-14.58.10:633][  0]LogSlate: New Slate User Created.  User Index 0, Is Virtual User: 0
[2021.02.14-14.58.10:633][  0]LogSlate: Slate User Registered.  User Index 0, Is Virtual User: 0
[2021.02.14-14.58.10:780][  0]LogHMD: Failed to initialize OpenVR with code 110
[2021.02.14-14.58.10:780][  0]LogD3D11RHI: D3D11 min allowed feature level: 11_0
[2021.02.14-14.58.10:780][  0]LogD3D11RHI: D3D11 max allowed feature level: 11_0
[2021.02.14-14.58.10:780][  0]LogD3D11RHI: D3D11 adapters:
[2021.02.14-14.58.10:892][  0]LogD3D11RHI:    0. 'NVIDIA GeForce RTX 3090' (Feature Level 11_0)
[2021.02.14-14.58.10:892][  0]LogD3D11RHI:       24348/0/16332 MB DedicatedVideo/DedicatedSystem/SharedSystem, Outputs:2, VendorId:0x10de
[2021.02.14-14.58.10:898][  0]LogD3D11RHI:    1. 'Microsoft Basic Render Driver' (Feature Level 11_0)
[2021.02.14-14.58.10:899][  0]LogD3D11RHI:       0/0/16332 MB DedicatedVideo/DedicatedSystem/SharedSystem, Outputs:0, VendorId:0x1414
[2021.02.14-14.58.10:899][  0]LogD3D11RHI: Chosen D3D11 Adapter: 0
[2021.02.14-14.58.10:906][  0]LogD3D11RHI: Creating new Direct3DDevice
[2021.02.14-14.58.10:907][  0]LogD3D11RHI:     GPU DeviceId: 0x2204 (for the marketing name, search the web for "GPU Device Id")
[2021.02.14-14.58.10:907][  0]LogWindows: EnumDisplayDevices:
[2021.02.14-14.58.10:907][  0]LogWindows:    0. 'NVIDIA GeForce RTX 3090' (P:1 D:1)
[2021.02.14-14.58.10:907][  0]LogWindows:    1. 'NVIDIA GeForce RTX 3090' (P:0 D:1)
[2021.02.14-14.58.10:907][  0]LogWindows:    2. 'NVIDIA GeForce RTX 3090' (P:0 D:0)
[2021.02.14-14.58.10:908][  0]LogWindows:    3. 'NVIDIA GeForce RTX 3090' (P:0 D:0)
[2021.02.14-14.58.10:908][  0]LogWindows: DebugString: FoundDriverCount:4 
[2021.02.14-14.58.10:908][  0]LogD3D11RHI:     Adapter Name: NVIDIA GeForce RTX 3090
[2021.02.14-14.58.10:908][  0]LogD3D11RHI:   Driver Version: 460.89 (internal:27.21.14.6089, unified:460.89)
[2021.02.14-14.58.10:908][  0]LogD3D11RHI:      Driver Date: 12-11-2020
[2021.02.14-14.58.10:908][  0]LogRHI: Texture pool is 17043 MB (70% of 24348 MB)
[2021.02.14-14.58.10:997][  0]LogD3D11RHI: RHI has support for 64 bit atomics
[2021.02.14-14.58.10:997][  0]LogD3D11RHI: Async texture creation enabled
[2021.02.14-14.58.10:997][  0]LogD3D11RHI: Array index from any shader is supported
[2021.02.14-14.58.11:013][  0]LogD3D11RHI: GPU Timing Frequency: 1000.000000 (Debug: 2 1)
[2021.02.14-14.58.11:311][  0]LogTargetPlatformManager: Display: Loaded TargetPlatform 'AllDesktop'
[2021.02.14-14.58.11:332][  0]LogTargetPlatformManager: Display: Loaded TargetPlatform 'Android'
[2021.02.14-14.58.11:332][  0]LogTargetPlatformManager: Display: Loaded TargetPlatform 'Android_ASTC'
[2021.02.14-14.58.11:332][  0]LogTargetPlatformManager: Display: Loaded TargetPlatform 'Android_DXT'
[2021.02.14-14.58.11:332][  0]LogTargetPlatformManager: Display: Loaded TargetPlatform 'Android_ETC2'
[2021.02.14-14.58.11:332][  0]LogTargetPlatformManager: Display: Loaded TargetPlatform 'AndroidClient'
[2021.02.14-14.58.11:332][  0]LogTargetPlatformManager: Display: Loaded TargetPlatform 'Android_ASTCClient'
[2021.02.14-14.58.11:332][  0]LogTargetPlatformManager: Display: Loaded TargetPlatform 'Android_DXTClient'
[2021.02.14-14.58.11:332][  0]LogTargetPlatformManager: Display: Loaded TargetPlatform 'Android_ETC2Client'
[2021.02.14-14.58.11:333][  0]LogTargetPlatformManager: Display: Loaded TargetPlatform 'Android_Multi'
[2021.02.14-14.58.11:333][  0]LogTargetPlatformManager: Display: Loaded TargetPlatform 'Android_MultiClient'
[2021.02.14-14.58.11:362][  0]LogTargetPlatformManager: Display: Loaded TargetPlatform 'IOSClient'
[2021.02.14-14.58.11:362][  0]LogTargetPlatformManager: Display: Loaded TargetPlatform 'IOS'
[2021.02.14-14.58.11:377][  0]LogTargetPlatformManager: Display: Loaded TargetPlatform 'Linux'
[2021.02.14-14.58.11:387][  0]LogTargetPlatformManager: Display: Loaded TargetPlatform 'LinuxNoEditor'
[2021.02.14-14.58.11:397][  0]LogTargetPlatformManager: Display: Loaded TargetPlatform 'LinuxClient'
[2021.02.14-14.58.11:408][  0]LogTargetPlatformManager: Display: Loaded TargetPlatform 'LinuxServer'
[2021.02.14-14.58.11:418][  0]LogTargetPlatformManager: Display: Loaded TargetPlatform 'LinuxAArch64NoEditor'
[2021.02.14-14.58.11:429][  0]LogTargetPlatformManager: Display: Loaded TargetPlatform 'LinuxAArch64Client'
[2021.02.14-14.58.11:439][  0]LogTargetPlatformManager: Display: Loaded TargetPlatform 'LinuxAArch64Server'
[2021.02.14-14.58.11:466][  0]LogTargetPlatformManager: Display: Loaded TargetPlatform 'Lumin'
[2021.02.14-14.58.11:466][  0]LogTargetPlatformManager: Display: Loaded TargetPlatform 'LuminClient'
[2021.02.14-14.58.11:483][  0]LogTargetPlatformManager: Display: Loaded TargetPlatform 'TVOSClient'
[2021.02.14-14.58.11:483][  0]LogTargetPlatformManager: Display: Loaded TargetPlatform 'TVOS'
[2021.02.14-14.58.11:494][  0]LogTargetPlatformManager: Display: Loaded TargetPlatform 'WindowsNoEditor'
[2021.02.14-14.58.11:504][  0]LogTargetPlatformManager: Display: Loaded TargetPlatform 'Windows'
[2021.02.14-14.58.11:514][  0]LogTargetPlatformManager: Display: Loaded TargetPlatform 'WindowsClient'
[2021.02.14-14.58.11:524][  0]LogTargetPlatformManager: Display: Loaded TargetPlatform 'WindowsServer'
[2021.02.14-14.58.11:524][  0]LogTargetPlatformManager: Display: Building Assets For Windows
[2021.02.14-14.58.11:537][  0]LogAudioDebug: Display: Lib vorbis DLL was dynamically loaded.
[2021.02.14-14.58.11:621][  0]LogShaderCompilers: Guid format shader working directory is -10 characters bigger than the processId version (../../../../../../Users/Morgan/Desktop/UnrealAI/UnrealAI/Intermediate/Shaders/WorkingDirectory/30356/).
[2021.02.14-14.58.11:622][  0]LogShaderCompilers: Cleaned the shader compiler working directory 'C:/Users/Morgan/AppData/Local/Temp/UnrealShaderWorkingDir/FAF522274FAAE51D55BEBB9E82AC8D70/'.
[2021.02.14-14.58.11:622][  0]LogXGEController: Cleaning working directory: C:/Users/Morgan/AppData/Local/Temp/UnrealXGEWorkingDir/
[2021.02.14-14.58.11:622][  0]LogXGEController: Cannot use XGE Controller as Incredibuild is not installed on this machine.
[2021.02.14-14.58.11:623][  0]LogShaderCompilers: Cannot use XGE Shader Compiler as Incredibuild is not installed on this machine.
[2021.02.14-14.58.11:623][  0]LogShaderCompilers: Display: Using Local Shader Compiler.
[2021.02.14-14.58.12:365][  0]LogDerivedDataCache: Display: Max Cache Size: 512 MB
[2021.02.14-14.58.12:416][  0]LogDerivedDataCache: Loaded boot cache 0.05s 88MB C:/Users/Morgan/AppData/Local/UnrealEngine/4.25/DerivedDataCache/Boot.ddc.
[2021.02.14-14.58.12:416][  0]LogDerivedDataCache: Display: Loaded Boot cache: C:/Users/Morgan/AppData/Local/UnrealEngine/4.25/DerivedDataCache/Boot.ddc
[2021.02.14-14.58.12:416][  0]LogDerivedDataCache: FDerivedDataBackendGraph:  Pak pak cache file ../../../../../../Users/Morgan/Desktop/UnrealAI/UnrealAI/DerivedDataCache/DDC.ddp not found, will not use a pak cache.
[2021.02.14-14.58.12:416][  0]LogDerivedDataCache: Unable to find inner node Pak for hierarchical cache Hierarchy.
[2021.02.14-14.58.12:417][  0]LogDerivedDataCache: FDerivedDataBackendGraph:  CompressedPak pak cache file ../../../../../../Users/Morgan/Desktop/UnrealAI/UnrealAI/DerivedDataCache/Compressed.ddp not found, will not use a pak cache.
[2021.02.14-14.58.12:417][  0]LogDerivedDataCache: Unable to find inner node CompressedPak for hierarchical cache Hierarchy.
[2021.02.14-14.58.12:427][  0]LogDerivedDataCache: Display: Pak cache opened for reading ../../../Engine/DerivedDataCache/Compressed.ddp.
[2021.02.14-14.58.12:427][  0]LogDerivedDataCache: FDerivedDataBackendGraph:  EnterprisePak pak cache file ../../../Enterprise/DerivedDataCache/Compressed.ddp not found, will not use a pak cache.
[2021.02.14-14.58.12:427][  0]LogDerivedDataCache: Unable to find inner node EnterprisePak for hierarchical cache Hierarchy.
[2021.02.14-14.58.12:429][  0]LogDerivedDataCache: Using Local data cache path C:/Users/Morgan/AppData/Local/UnrealEngine/Common/DerivedDataCache: Writable
[2021.02.14-14.58.12:429][  0]LogDerivedDataCache: Shared data cache path not found in *engine.ini, will not use an Shared cache.
[2021.02.14-14.58.12:429][  0]LogDerivedDataCache: Unable to find inner node Shared for hierarchical cache Hierarchy.
[2021.02.14-14.58.12:476][  0]LogSlate: Using FreeType 2.10.0
[2021.02.14-14.58.12:476][  0]LogSlate: SlateFontServices - WITH_FREETYPE: 1, WITH_HARFBUZZ: 1
[2021.02.14-14.58.12:499][  0]LogAssetRegistry: FAssetRegistry took 0.0036 seconds to start up
[2021.02.14-14.58.12:706][  0]LogInit: Selected Device Profile: [Windows]
[2021.02.14-14.58.12:827][  0]LogMeshReduction: Using QuadricMeshReduction for automatic static mesh reduction
[2021.02.14-14.58.12:827][  0]LogMeshReduction: Using SimplygonMeshReduction for automatic skeletal mesh reduction
[2021.02.14-14.58.12:827][  0]LogMeshReduction: Using ProxyLODMeshReduction for automatic mesh merging
[2021.02.14-14.58.12:827][  0]LogMeshReduction: No distributed automatic mesh merging module available
[2021.02.14-14.58.12:827][  0]LogMeshMerging: No distributed automatic mesh merging module available
[2021.02.14-14.58.12:843][  0]LogNetVersion: UnrealAI 1.0.0, NetCL: 13144385, EngineNetVer: 14, GameNetVer: 0 (Checksum: 2221238871)
[2021.02.14-14.58.13:211][  0]LogAISub: UAISubsystem::UAISubsystem AISubsystem (000001BA3F82DD00), frame # 0
[2021.02.14-14.58.13:211][  0]LogAISub: UAISubsystem::UAISubsystem AIPerceptionSystem (000001BA3F78EAC0), frame # 0
[2021.02.14-14.58.13:212][  0]LogAISub: UAISubsystem::UAISubsystem EnvQueryManager (000001BA3F7E1E00), frame # 0
[2021.02.14-14.58.13:267][  0]LogPackageLocalizationCache: Processed 20 localized package path(s) for 1 prioritized culture(s) in 0.049490 seconds
[2021.02.14-14.58.13:271][  0]LogUObjectArray: 15917 objects as part of root set at end of initial load.
[2021.02.14-14.58.13:271][  0]LogUObjectAllocator: 3965568 out of 0 bytes used by permanent object pool.
[2021.02.14-14.58.13:271][  0]LogUObjectArray: CloseDisregardForGC: 0/0 objects in disregard for GC pool
[2021.02.14-14.58.13:692][  0]LogTcpMessaging: Initializing TcpMessaging bridge
[2021.02.14-14.58.13:698][  0]LogUdpMessaging: Initializing bridge on interface 0.0.0.0:0 to multicast group 230.0.0.1:6666.
[2021.02.14-14.58.14:009][  0]SourceControl: Source control is disabled
[2021.02.14-14.58.14:009][  0]SourceControl: Source control is disabled
[2021.02.14-14.58.14:013][  0]SourceControl: Source control is disabled
[2021.02.14-14.58.14:017][  0]SourceControl: Source control is disabled
[2021.02.14-14.58.14:026][  0]SourceControl: Source control is disabled
[2021.02.14-14.58.14:373][  0]LogAndroidPermission: UAndroidPermissionCallbackProxy::GetInstance
[2021.02.14-14.58.14:399][  0]LogAudioCaptureCore: Display: No Audio Capture implementations found. Audio input will be silent.
[2021.02.14-14.58.14:399][  0]LogAudioCaptureCore: Display: No Audio Capture implementations found. Audio input will be silent.
[2021.02.14-14.58.14:455][  0]LogOcInput: OculusInput pre-init called
[2021.02.14-14.58.14:469][  0]LogWindows: Failed to load 'OVRPlugin.dll' (GetLastError=126)
[2021.02.14-14.58.14:469][  0]LogWindows: File 'OVRPlugin.dll' does not exist
[2021.02.14-14.58.14:729][  0]LogEngine: Initializing Engine...
[2021.02.14-14.58.14:730][  0]LogHMD: Failed to initialize OpenVR with code 110
[2021.02.14-14.58.14:731][  0]LogMagicLeap: Warning: VR disabled because ZI is not enabled.  To enable, in the editor, Edit -> Project Settings -> Plugins -> Magic Leap Plugin -> Enable Zero Iteration
[2021.02.14-14.58.14:731][  0]LogStats: UGameplayTagsManager::InitializeManager -  0.000 s
[2021.02.14-14.58.14:835][  0]LogInit: Initializing FReadOnlyCVARCache
[2021.02.14-14.58.14:843][  0]LogAIModule: Creating AISystem for world Untitled
[2021.02.14-14.58.14:844][  0]LogAISub: UAISubsystem::UAISubsystem EnvQueryManager (000001BA49089800), frame # 0
[2021.02.14-14.58.14:844][  0]LogAISub: UAISubsystem::UAISubsystem AIPerceptionSystem (000001BA4909E480), frame # 0
[2021.02.14-14.58.14:859][  0]LogAudioMixer: Display: Audio Mixer Platform Settings:
[2021.02.14-14.58.14:859][  0]LogAudioMixer: Display: 	Sample Rate:						  48000
[2021.02.14-14.58.14:859][  0]LogAudioMixer: Display: 	Callback Buffer Frame Size Requested: 1024
[2021.02.14-14.58.14:860][  0]LogAudioMixer: Display: 	Callback Buffer Frame Size To Use:	  1024
[2021.02.14-14.58.14:860][  0]LogAudioMixer: Display: 	Number of buffers to queue:			  2
[2021.02.14-14.58.14:860][  0]LogAudioMixer: Display: 	Max Channels (voices):				  32
[2021.02.14-14.58.14:860][  0]LogAudioMixer: Display: 	Number of Async Source Workers:		  0
[2021.02.14-14.58.14:860][  0]LogAudio: Display: AudioDevice MaxSources: 32
[2021.02.14-14.58.14:860][  0]LogAudio: Display: Using built-in audio occlusion.
[2021.02.14-14.58.14:860][  0]LogAudioMixer: Display: Initializing audio mixer.
[2021.02.14-14.58.14:877][  0]LogAudioMixer: Display: 0: FrontLeft
[2021.02.14-14.58.14:877][  0]LogAudioMixer: Display: 1: FrontRight
[2021.02.14-14.58.14:938][  0]LogAudioMixer: Display: Using Audio Device BenQ GL2580 (NVIDIA High Definition Audio)
[2021.02.14-14.58.14:939][  0]LogAudioMixer: Display: Initializing Sound Submixes...
[2021.02.14-14.58.14:942][  0]LogAudioMixer: Display: Creating Master Submix 'MasterSubmixDefault'
[2021.02.14-14.58.14:942][  0]LogAudioMixer: Display: Creating Master Submix 'MasterReverbSubmixDefault'
[2021.02.14-14.58.14:942][  0]LogAudioMixer: Display: Creating Master Submix 'MasterEQSubmixDefault'
[2021.02.14-14.58.14:944][  0]LogInit: FAudioDevice initialized.
[2021.02.14-14.58.14:944][  0]LogNetVersion: Set ProjectVersion to 1.0.0.0. Version Checksum will be recalculated on next use.
[2021.02.14-14.58.14:987][  0]LogDerivedDataCache: Saved boot cache 0.04s 91MB C:/Users/Morgan/AppData/Local/UnrealEngine/4.25/DerivedDataCache/Boot.ddc.
[2021.02.14-14.58.14:990][  0]LogInit: Texture streaming: Enabled
[2021.02.14-14.58.15:011][  0]LogEngineSessionManager: EngineSessionManager initialized
[2021.02.14-14.58.15:011][  0]LogEditorSessionSummary: Verbose: Initializing EditorSessionSummaryWriter for editor session tracking
[2021.02.14-14.58.15:014][  0]LogEditorSessionSummary: EditorSessionSummaryWriter initialized
[2021.02.14-14.58.15:028][  0]LogInit: Transaction tracking system initialized
[2021.02.14-14.58.15:058][  0]BlueprintLog: New page: Editor Load
[2021.02.14-14.58.15:153][  0]LocalizationService: Localization service is disabled
[2021.02.14-14.58.15:320][  0]LogCook: Display: Max memory allowance for cook 16384mb min free memory 0mb
[2021.02.14-14.58.15:320][  0]LogCook: Display: Mobile HDR setting 1
[2021.02.14-14.58.15:800][  0]LogFileCache: Scanning file cache for directory 'C:/Users/Morgan/Desktop/UnrealAI/UnrealAI/Content/' took 0.01s
[2021.02.14-14.58.15:814][  0]LogMaterial: Display: Missing cached shader map for material SolidColor, compiling. 
[2021.02.14-14.58.15:832][  0]LogMaterial: Display: Missing cached shader map for material Button, compiling. 
[2021.02.14-14.58.15:844][  0]LogShaderCompilers: Display: Worker (1/17): shaders left to compile 11
[2021.02.14-14.58.15:844][  0]LogShaderCompilers: Display: Worker (2/17): shaders left to compile 10
[2021.02.14-14.58.15:844][  0]LogShaderCompilers: Display: Worker (3/17): shaders left to compile 9
[2021.02.14-14.58.15:844][  0]LogShaderCompilers: Display: Worker (4/17): shaders left to compile 8
[2021.02.14-14.58.15:844][  0]LogShaderCompilers: Display: Worker (5/17): shaders left to compile 7
[2021.02.14-14.58.15:844][  0]LogShaderCompilers: Display: Worker (6/17): shaders left to compile 6
[2021.02.14-14.58.15:845][  0]LogShaderCompilers: Display: Worker (7/17): shaders left to compile 5
[2021.02.14-14.58.15:845][  0]LogShaderCompilers: Display: Worker (8/17): shaders left to compile 4
[2021.02.14-14.58.15:845][  0]LogShaderCompilers: Display: Worker (9/17): shaders left to compile 3
[2021.02.14-14.58.15:845][  0]LogShaderCompilers: Display: Worker (10/17): shaders left to compile 2
[2021.02.14-14.58.15:845][  0]LogShaderCompilers: Display: Worker (11/17): shaders left to compile 1
[2021.02.14-14.58.15:847][  0]LogMaterial: Display: Missing cached shader map for material ButtonCut, compiling. 
[2021.02.14-14.58.15:854][  0]LogMaterial: Display: Missing cached shader map for material Box, compiling. 
[2021.02.14-14.58.15:862][  0]LogMaterial: Display: Missing cached shader map for material HeaderBox, compiling. 
[2021.02.14-14.58.15:871][  0]LogMaterial: Display: Missing cached shader map for material Panel, compiling. 
[2021.02.14-14.58.15:880][  0]LogMaterial: Display: Missing cached shader map for material CenterUVs, compiling. 
[2021.02.14-14.58.16:422][  0]LogShaderCompilers: Display: Worker (12/17): shaders left to compile 102
[2021.02.14-14.58.16:422][  0]LogShaderCompilers: Display: Worker (13/17): shaders left to compile 95
[2021.02.14-14.58.16:423][  0]LogShaderCompilers: Display: Worker (14/17): shaders left to compile 88
[2021.02.14-14.58.16:423][  0]LogShaderCompilers: Display: Worker (15/17): shaders left to compile 81
[2021.02.14-14.58.16:423][  0]LogShaderCompilers: Display: Worker (16/17): shaders left to compile 74
[2021.02.14-14.58.16:423][  0]LogShaderCompilers: Display: Worker (17/17): shaders left to compile 67
[2021.02.14-14.58.16:423][  0]LogShaderCompilers: Display: Worker (10/17): shaders left to compile 60
[2021.02.14-14.58.16:423][  0]LogShaderCompilers: Display: Worker (3/17): shaders left to compile 56
[2021.02.14-14.58.16:423][  0]LogShaderCompilers: Display: Worker (8/17): shaders left to compile 52
[2021.02.14-14.58.16:423][  0]LogShaderCompilers: Display: Worker (5/17): shaders left to compile 48
[2021.02.14-14.58.16:423][  0]LogShaderCompilers: Display: Worker (7/17): shaders left to compile 45
[2021.02.14-14.58.16:423][  0]LogShaderCompilers: Display: Worker (9/17): shaders left to compile 42
[2021.02.14-14.58.16:423][  0]LogShaderCompilers: Display: Worker (11/17): shaders left to compile 39
[2021.02.14-14.58.16:423][  0]LogShaderCompilers: Display: Worker (6/17): shaders left to compile 36
[2021.02.14-14.58.16:424][  0]LogShaderCompilers: Display: Worker (1/17): shaders left to compile 33
[2021.02.14-14.58.16:585][  0]LogShaderCompilers: Display: Worker (4/17): shaders left to compile 31
[2021.02.14-14.58.16:585][  0]LogShaderCompilers: Display: Worker (2/17): shaders left to compile 29
[2021.02.14-14.58.16:661][  0]Cmd: OBJ SAVEPACKAGE PACKAGE="/DarkerNodes/Materials/SolidColor" FILE="../../Plugins/Marketplace/DarkerNodes/Content/Materials/SolidColor.uasset" SILENT=true
[2021.02.14-14.58.16:682][  0]LogSavePackage: Moving '../../../../../../Users/Morgan/Desktop/UnrealAI/UnrealAI/Saved/SolidColor81E87473420E264F607AE8B677FB176E.tmp' to '../../Plugins/Marketplace/DarkerNodes/Content/Materials/SolidColor.uasset'
[2021.02.14-14.58.17:217][  0]LogShaderCompilers: Display: Worker (11/17): shaders left to compile 27
[2021.02.14-14.58.17:217][  0]LogShaderCompilers: Display: Worker (6/17): shaders left to compile 25
[2021.02.14-14.58.17:217][  0]LogShaderCompilers: Display: Worker (3/17): shaders left to compile 23
[2021.02.14-14.58.17:218][  0]LogShaderCompilers: Display: Worker (9/17): shaders left to compile 21
[2021.02.14-14.58.17:218][  0]LogShaderCompilers: Display: Worker (2/17): shaders left to compile 19
[2021.02.14-14.58.17:218][  0]LogShaderCompilers: Display: Worker (7/17): shaders left to compile 17
[2021.02.14-14.58.17:218][  0]LogShaderCompilers: Display: Worker (10/17): shaders left to compile 15
[2021.02.14-14.58.17:749][  0]LogShaderCompilers: Display: Worker (4/17): shaders left to compile 14
[2021.02.14-14.58.17:750][  0]LogShaderCompilers: Display: Worker (5/17): shaders left to compile 13
[2021.02.14-14.58.17:750][  0]LogShaderCompilers: Display: Worker (3/17): shaders left to compile 12
[2021.02.14-14.58.17:750][  0]LogShaderCompilers: Display: Worker (2/17): shaders left to compile 11
[2021.02.14-14.58.17:750][  0]LogShaderCompilers: Display: Worker (9/17): shaders left to compile 10
[2021.02.14-14.58.17:750][  0]LogShaderCompilers: Display: Worker (10/17): shaders left to compile 9
[2021.02.14-14.58.17:750][  0]LogShaderCompilers: Display: Worker (5/17): shaders left to compile 8
[2021.02.14-14.58.17:750][  0]LogShaderCompilers: Display: Worker (6/17): shaders left to compile 7
[2021.02.14-14.58.17:750][  0]LogShaderCompilers: Display: Worker (1/17): shaders left to compile 6
[2021.02.14-14.58.17:750][  0]LogShaderCompilers: Display: Worker (11/17): shaders left to compile 5
[2021.02.14-14.58.17:750][  0]LogShaderCompilers: Display: Worker (16/17): shaders left to compile 4
[2021.02.14-14.58.17:750][  0]LogShaderCompilers: Display: Worker (2/17): shaders left to compile 3
[2021.02.14-14.58.18:282][  0]LogShaderCompilers: Display: Worker (10/17): shaders left to compile 2
[2021.02.14-14.58.18:282][  0]LogShaderCompilers: Display: Worker (6/17): shaders left to compile 1
[2021.02.14-14.58.18:529][  0]Cmd: OBJ SAVEPACKAGE PACKAGE="/DarkerNodes/Materials/Button" FILE="../../Plugins/Marketplace/DarkerNodes/Content/Materials/Button.uasset" SILENT=true
[2021.02.14-14.58.18:541][  0]LogSavePackage: Moving '../../../../../../Users/Morgan/Desktop/UnrealAI/UnrealAI/Saved/Button7A3ECC174F8AF9B8FD331EB00C6EC1F2.tmp' to '../../Plugins/Marketplace/DarkerNodes/Content/Materials/Button.uasset'
[2021.02.14-14.58.18:548][  0]Cmd: OBJ SAVEPACKAGE PACKAGE="/DarkerNodes/Materials/ButtonCut" FILE="../../Plugins/Marketplace/DarkerNodes/Content/Materials/ButtonCut.uasset" SILENT=true
[2021.02.14-14.58.18:561][  0]LogSavePackage: Moving '../../../../../../Users/Morgan/Desktop/UnrealAI/UnrealAI/Saved/ButtonCut27CE15C74D3FF92C8C5DC691CF5C4F11.tmp' to '../../Plugins/Marketplace/DarkerNodes/Content/Materials/ButtonCut.uasset'
[2021.02.14-14.58.18:608][  0]Cmd: OBJ SAVEPACKAGE PACKAGE="/DarkerNodes/Materials/Box" FILE="../../Plugins/Marketplace/DarkerNodes/Content/Materials/Box.uasset" SILENT=true
[2021.02.14-14.58.18:620][  0]LogSavePackage: Moving '../../../../../../Users/Morgan/Desktop/UnrealAI/UnrealAI/Saved/Box63185B274CD9E3E620C4A9B9616F0DF2.tmp' to '../../Plugins/Marketplace/DarkerNodes/Content/Materials/Box.uasset'
[2021.02.14-14.58.18:628][  0]Cmd: OBJ SAVEPACKAGE PACKAGE="/DarkerNodes/Materials/HeaderBox" FILE="../../Plugins/Marketplace/DarkerNodes/Content/Materials/HeaderBox.uasset" SILENT=true
[2021.02.14-14.58.18:641][  0]LogSavePackage: Moving '../../../../../../Users/Morgan/Desktop/UnrealAI/UnrealAI/Saved/HeaderBox2F37B0DF4445445649AAC9B2A2F22B24.tmp' to '../../Plugins/Marketplace/DarkerNodes/Content/Materials/HeaderBox.uasset'
[2021.02.14-14.58.18:649][  0]Cmd: OBJ SAVEPACKAGE PACKAGE="/DarkerNodes/Materials/Panel" FILE="../../Plugins/Marketplace/DarkerNodes/Content/Materials/Panel.uasset" SILENT=true
[2021.02.14-14.58.18:661][  0]LogSavePackage: Moving '../../../../../../Users/Morgan/Desktop/UnrealAI/UnrealAI/Saved/Panel41044F6F436A273D3E8ED3901F9DBF94.tmp' to '../../Plugins/Marketplace/DarkerNodes/Content/Materials/Panel.uasset'
[2021.02.14-14.58.18:669][  0]Cmd: OBJ SAVEPACKAGE PACKAGE="/DarkerNodes/Materials/CenterUVs" FILE="../../Plugins/Marketplace/DarkerNodes/Content/Materials/CenterUVs.uasset" SILENT=true
[2021.02.14-14.58.18:680][  0]LogSavePackage: Moving '../../../../../../Users/Morgan/Desktop/UnrealAI/UnrealAI/Saved/CenterUVsEF1D733B4BC8BFC63C0FDB870A47DFC2.tmp' to '../../Plugins/Marketplace/DarkerNodes/Content/Materials/CenterUVs.uasset'
[2021.02.14-14.58.18:987][  0]SourceControl: Source control is disabled
[2021.02.14-14.58.18:988][  0]LogUnrealEdMisc: Loading editor; pre map load, took 10.716
[2021.02.14-14.58.18:988][  0]Cmd: MAP LOAD FILE="../../../../../../Users/Morgan/Desktop/UnrealAI/UnrealAI/Content/ThirdPersonCPP/Maps/ThirdPersonExampleMap.umap" TEMPLATE=0 SHOWPROGRESS=1 FEATURELEVEL=3
[2021.02.14-14.58.18:988][  0]LogEditorServer: Warning: Can't find file '../../../../../../Users/Morgan/Desktop/UnrealAI/UnrealAI/Content/ThirdPersonCPP/Maps/ThirdPersonExampleMap.umap'
[2021.02.14-14.58.18:988][  0]Cmd: MAP CHECKDEP NOCLEARLOG
[2021.02.14-14.58.18:988][  0]MapCheck: Map check complete: 0 Error(s), 0 Warning(s), took 0.172ms to complete.
[2021.02.14-14.58.18:988][  0]LogFileHelpers: Loading map 'ThirdPersonExampleMap' took 0.001
[2021.02.14-14.58.18:990][  0]LogUnrealEdMisc: Total Editor Startup Time, took 10.719
[2021.02.14-14.58.19:126][  0]LogSlate: Updating window title bar state: overlay mode, drag disabled, window buttons hidden, title bar hidden
[2021.02.14-14.58.19:132][  0]LogSlate: Updating window title bar state: overlay mode, drag disabled, window buttons hidden, title bar hidden
[2021.02.14-14.58.19:138][  0]LogSlate: Updating window title bar state: overlay mode, drag disabled, window buttons hidden, title bar hidden
[2021.02.14-14.58.19:143][  0]LogSlate: Updating window title bar state: overlay mode, drag disabled, window buttons hidden, title bar hidden
[2021.02.14-14.58.19:151][  0]LogCollectionManager: Loaded 0 collections in 0.001473 seconds
[2021.02.14-14.58.19:169][  0]LogFileCache: Scanning file cache for directory 'C:/Users/Morgan/Desktop/UnrealAI/UnrealAI/Saved/Collections/' took 0.00s
[2021.02.14-14.58.19:169][  0]LogFileCache: Scanning file cache for directory 'C:/Users/Morgan/Desktop/UnrealAI/UnrealAI/Content/Developers/Morgan/Collections/' took 0.00s
[2021.02.14-14.58.19:169][  0]LogFileCache: Scanning file cache for directory 'C:/Users/Morgan/Desktop/UnrealAI/UnrealAI/Content/Collections/' took 0.00s
[2021.02.14-14.58.19:169][  0]LogContentBrowser: Native class hierarchy populated in 0.0088 seconds. Added 3433 classes and 831 folders.
[2021.02.14-14.58.19:171][  0]LogContentBrowser: Native class hierarchy updated for 'WidgetCarousel' in 0.0003 seconds. Added 0 classes and 0 folders.
[2021.02.14-14.58.19:233][  0]LogContentBrowser: Native class hierarchy updated for 'AddContentDialog' in 0.0003 seconds. Added 0 classes and 0 folders.
[2021.02.14-14.58.19:234][  0]LogContentBrowser: Native class hierarchy updated for 'SceneOutliner' in 0.0003 seconds. Added 2 classes and 0 folders.
[2021.02.14-14.58.19:279][  0]LogSlate: Took 0.000383 seconds to synchronously load lazily loaded font '../../../Engine/Content/Slate/Fonts/Roboto-Regular.ttf' (155K)
[2021.02.14-14.58.19:283][  0]LogSlate: Took 0.000143 seconds to synchronously load lazily loaded font '../../../Engine/Content/Editor/Slate/Fonts/FontAwesome.ttf' (139K)
[2021.02.14-14.58.19:359][  0]LogRenderer: Reallocating scene render targets to support 2040x928 Format 10 NumSamples 1 (Frame:1).
[2021.02.14-14.58.19:467][  0]LogContentBrowser: Native class hierarchy updated for 'HierarchicalLODOutliner' in 0.0003 seconds. Added 0 classes and 0 folders.
[2021.02.14-14.58.19:467][  0]LogLoad: (Engine Initialization) Total time: 11.20 seconds
[2021.02.14-14.58.19:467][  0]LogLoad: (Engine Initialization) Total Blueprint compile time: 0.00 seconds
[2021.02.14-14.58.19:490][  0]AssetCheck: New page: Asset Save: multiple assets
[2021.02.14-14.58.19:490][  0]LogContentValidation: Display: Validating Material /DarkerNodes/Materials/SolidColor.SolidColor
[2021.02.14-14.58.19:490][  0]LogContentValidation: Display: Validating Material /DarkerNodes/Materials/Button.Button
[2021.02.14-14.58.19:490][  0]LogContentValidation: Display: Validating Material /DarkerNodes/Materials/ButtonCut.ButtonCut
[2021.02.14-14.58.19:491][  0]LogContentValidation: Display: Validating Material /DarkerNodes/Materials/Box.Box
[2021.02.14-14.58.19:491][  0]LogContentValidation: Display: Validating Material /DarkerNodes/Materials/HeaderBox.HeaderBox
[2021.02.14-14.58.19:491][  0]LogContentValidation: Display: Validating Material /DarkerNodes/Materials/Panel.Panel
[2021.02.14-14.58.19:491][  0]LogContentValidation: Display: Validating Material /DarkerNodes/Materials/CenterUVs.CenterUVs
[2021.02.14-14.58.19:511][  0]LogAssetRegistry: Asset discovery search completed in 7.0139 seconds
[2021.02.14-14.58.19:515][  0]LogCollectionManager: Fixed up redirectors for 0 collections in 0.000002 seconds (updated 0 objects)
[2021.02.14-14.58.19:527][  0]LogContentStreaming: Texture pool size now 1000 MB
[2021.02.14-14.58.22:416][171]LogSlate: Took 0.000182 seconds to synchronously load lazily loaded font '../../../Engine/Content/Slate/Fonts/Roboto-Light.ttf' (167K)
[2021.02.14-14.58.22:610][171]LogAssetEditorSubsystem: Opening Asset editor for World /Game/Maps/AI_0_Chase.AI_0_Chase
[2021.02.14-14.58.22:628][171]LogUObjectHash: Compacting FUObjectHashTables data took   0.79ms
[2021.02.14-14.58.22:633][171]Cmd: MAP LOAD FILE="../../../../../../Users/Morgan/Desktop/UnrealAI/UnrealAI/Content/Maps/AI_0_Chase.umap" TEMPLATE=0 SHOWPROGRESS=1 FEATURELEVEL=3
[2021.02.14-14.58.22:633][171]LightingResults: New page: Lighting Build
[2021.02.14-14.58.22:634][171]LogContentBrowser: Native class hierarchy updated for 'StatsViewer' in 0.0004 seconds. Added 6 classes and 0 folders.
[2021.02.14-14.58.22:634][171]LoadErrors: New page: Loading map: AI_0_Chase.umap
[2021.02.14-14.58.22:634][171]LogWorld: UWorld::CleanupWorld for Untitled, bSessionEnded=true, bCleanupResources=true
[2021.02.14-14.58.22:634][171]LogSlate: InvalidateAllWidgets triggered.  All widgets were invalidated
[2021.02.14-14.58.22:634][171]MapCheck: New page: Map Check
[2021.02.14-14.58.22:634][171]LightingResults: New page: Lighting Build
[2021.02.14-14.58.22:649][171]LogAISub: UAISubsystem::~UAISubsystem EnvQueryManager (000001BA49089800), frame # 171
[2021.02.14-14.58.22:649][171]LogAISub: UAISubsystem::~UAISubsystem AIPerceptionSystem (000001BA4909E480), frame # 171
[2021.02.14-14.58.22:650][171]LogUObjectHash: Compacting FUObjectHashTables data took   0.60ms
[2021.02.14-14.58.22:657][171]LogEditorServer: Finished looking for orphan Actors (0.000 secs)
[2021.02.14-14.58.22:658][171]LogAIModule: Creating AISystem for world AI_0_Chase
[2021.02.14-14.58.22:658][171]LogAISub: UAISubsystem::UAISubsystem EnvQueryManager (000001BA8FF1FC00), frame # 171
[2021.02.14-14.58.22:658][171]LogAISub: UAISubsystem::UAISubsystem AIPerceptionSystem (000001BA8FE98A40), frame # 171
[2021.02.14-14.58.22:676][171]LogUObjectHash: Compacting FUObjectHashTables data took   0.59ms
[2021.02.14-14.58.22:694][171]Cmd: MAP CHECKDEP NOCLEARLOG
[2021.02.14-14.58.22:695][171]MapCheck: Map check complete: 0 Error(s), 0 Warning(s), took 0.119ms to complete.
[2021.02.14-14.58.22:695][171]LogFileHelpers: Loading map 'AI_0_Chase' took 0.062
[2021.02.14-14.58.24:778][290]LogAssetEditorSubsystem: Opening Asset editor for World /Game/Maps/AI_01.AI_01
[2021.02.14-14.58.24:792][290]LogUObjectHash: Compacting FUObjectHashTables data took   0.48ms
[2021.02.14-14.58.24:794][290]Cmd: MAP LOAD FILE="../../../../../../Users/Morgan/Desktop/UnrealAI/UnrealAI/Content/Maps/AI_01.umap" TEMPLATE=0 SHOWPROGRESS=1 FEATURELEVEL=3
[2021.02.14-14.58.24:794][290]LightingResults: New page: Lighting Build
[2021.02.14-14.58.24:794][290]LoadErrors: New page: Loading map: AI_01.umap
[2021.02.14-14.58.24:817][290]LogWorld: UWorld::CleanupWorld for AI_0_Chase, bSessionEnded=true, bCleanupResources=true
[2021.02.14-14.58.24:817][290]LogSlate: InvalidateAllWidgets triggered.  All widgets were invalidated
[2021.02.14-14.58.24:817][290]MapCheck: New page: Map Check
[2021.02.14-14.58.24:817][290]LightingResults: New page: Lighting Build
[2021.02.14-14.58.24:833][290]LogAISub: UAISubsystem::~UAISubsystem AIPerceptionSystem (000001BA8FE98A40), frame # 290
[2021.02.14-14.58.24:833][290]LogAISub: UAISubsystem::~UAISubsystem EnvQueryManager (000001BA8FF1FC00), frame # 290
[2021.02.14-14.58.24:834][290]LogUObjectHash: Compacting FUObjectHashTables data took   0.68ms
[2021.02.14-14.58.24:839][290]LogEditorServer: Finished looking for orphan Actors (0.000 secs)
[2021.02.14-14.58.24:839][290]LogAIModule: Creating AISystem for world AI_01
[2021.02.14-14.58.24:839][290]LogAISub: UAISubsystem::UAISubsystem EnvQueryManager (000001BA8FEE4E00), frame # 290
[2021.02.14-14.58.24:839][290]LogAISub: UAISubsystem::UAISubsystem AIPerceptionSystem (000001BA8FE9E0C0), frame # 290
[2021.02.14-14.58.24:853][290]LogUObjectHash: Compacting FUObjectHashTables data took   0.60ms
[2021.02.14-14.58.24:872][290]Cmd: MAP CHECKDEP NOCLEARLOG
[2021.02.14-14.58.24:872][290]MapCheck: Map check complete: 0 Error(s), 0 Warning(s), took 0.121ms to complete.
[2021.02.14-14.58.24:873][290]LogFileHelpers: Loading map 'AI_01' took 0.079
[2021.02.14-14.58.32:553][738]LogUObjectHash: Compacting FUObjectHashTables data took   0.65ms
[2021.02.14-14.58.32:580][738]Cmd: OBJ SAVEPACKAGE PACKAGE="/Game/Maps/AI_Fundamentals" FILE="../../../../../../Users/Morgan/Desktop/UnrealAI/UnrealAI/Content/Maps/AI_Fundamentals.umap" SILENT=true AUTOSAVING=false KEEPDIRTY=false
[2021.02.14-14.58.32:582][738]LogAIModule: Creating AISystem for world AI_Fundamentals
[2021.02.14-14.58.32:582][738]LogAISub: UAISubsystem::UAISubsystem EnvQueryManager (000001BA8FEACE00), frame # 738
[2021.02.14-14.58.32:582][738]LogAISub: UAISubsystem::UAISubsystem AIPerceptionSystem (000001BA585FE840), frame # 738
[2021.02.14-14.58.32:606][738]LogUObjectHash: Compacting FUObjectHashTables data took   0.65ms
[2021.02.14-14.58.32:636][738]LogSavePackage: Moving '../../../../../../Users/Morgan/Desktop/UnrealAI/UnrealAI/Saved/AI_FundamentalsB6D2207B4EF3B96A742FC79DA51F4C64.tmp' to '../../../../../../Users/Morgan/Desktop/UnrealAI/UnrealAI/Content/Maps/AI_Fundamentals.umap'
[2021.02.14-14.58.32:637][738]LogWorld: UWorld::CleanupWorld for AI_Fundamentals, bSessionEnded=true, bCleanupResources=true
[2021.02.14-14.58.32:637][738]LogSlate: InvalidateAllWidgets triggered.  All widgets were invalidated
[2021.02.14-14.58.32:640][738]LogFileHelpers: Saving map 'AI_Fundamentals' took 0.060
[2021.02.14-14.58.32:650][738]AssetCheck: New page: Asset Save: AI_Fundamentals
[2021.02.14-14.58.32:650][738]LogContentValidation: Display: Validating World /Game/Maps/AI_Fundamentals.AI_Fundamentals
[2021.02.14-14.58.33:713][800]LogAssetEditorSubsystem: Opening Asset editor for World /Game/Maps/AI_Fundamentals.AI_Fundamentals
[2021.02.14-14.58.33:726][800]LogAISub: UAISubsystem::~UAISubsystem EnvQueryManager (000001BA8FEACE00), frame # 800
[2021.02.14-14.58.33:727][800]LogUObjectHash: Compacting FUObjectHashTables data took   0.65ms
[2021.02.14-14.58.34:894][800]LogSlate: Window 'Save Content' being destroyed
[2021.02.14-14.58.35:664][845]Cmd: OBJ SAVEPACKAGE PACKAGE="/Game/Maps/AI_Fundamentals" FILE="../../../../../../Users/Morgan/Desktop/UnrealAI/UnrealAI/Content/Maps/AI_Fundamentals.umap" SILENT=true AUTOSAVING=false KEEPDIRTY=false
[2021.02.14-14.58.35:683][845]LogUObjectHash: Compacting FUObjectHashTables data took   0.61ms
[2021.02.14-14.58.35:716][845]LogSavePackage: Moving '../../../../../../Users/Morgan/Desktop/UnrealAI/UnrealAI/Saved/AI_Fundamentals0C2F31244968313F261D54B3E8D76C3C.tmp' to '../../../../../../Users/Morgan/Desktop/UnrealAI/UnrealAI/Content/Maps/AI_Fundamentals.umap'
[2021.02.14-14.58.35:721][845]LogFileHelpers: Saving map 'AI_Fundamentals' took 0.057
[2021.02.14-14.58.35:728][845]AssetCheck: New page: Asset Save: AI_Fundamentals
[2021.02.14-14.58.35:728][845]LogContentValidation: Display: Validating World /Game/Maps/AI_Fundamentals.AI_Fundamentals
[2021.02.14-14.58.36:314][879]LogAssetEditorSubsystem: Opening Asset editor for World /Game/Maps/AI_Fundamentals.AI_Fundamentals
[2021.02.14-14.58.36:328][879]LogUObjectHash: Compacting FUObjectHashTables data took   0.59ms
[2021.02.14-14.58.36:329][879]Cmd: MAP LOAD FILE="../../../../../../Users/Morgan/Desktop/UnrealAI/UnrealAI/Content/Maps/AI_Fundamentals.umap" TEMPLATE=0 SHOWPROGRESS=1 FEATURELEVEL=3
[2021.02.14-14.58.36:329][879]LightingResults: New page: Lighting Build
[2021.02.14-14.58.36:329][879]LoadErrors: New page: Loading map: AI_Fundamentals.umap
[2021.02.14-14.58.36:330][879]LogWorld: UWorld::CleanupWorld for AI_01, bSessionEnded=true, bCleanupResources=true
[2021.02.14-14.58.36:330][879]LogSlate: InvalidateAllWidgets triggered.  All widgets were invalidated
[2021.02.14-14.58.36:330][879]MapCheck: New page: Map Check
[2021.02.14-14.58.36:330][879]LightingResults: New page: Lighting Build
[2021.02.14-14.58.36:346][879]LogAISub: UAISubsystem::~UAISubsystem AIPerceptionSystem (000001BA8FE9E0C0), frame # 879
[2021.02.14-14.58.36:346][879]LogAISub: UAISubsystem::~UAISubsystem EnvQueryManager (000001BA8FEE4E00), frame # 879
[2021.02.14-14.58.36:347][879]LogUObjectHash: Compacting FUObjectHashTables data took   0.69ms
[2021.02.14-14.58.36:363][879]LogUObjectHash: Compacting FUObjectHashTables data took   0.60ms
[2021.02.14-14.58.36:377][879]LogUObjectHash: Compacting FUObjectHashTables data took   0.62ms
[2021.02.14-14.58.36:381][879]LogEditorServer: Finished looking for orphan Actors (0.000 secs)
[2021.02.14-14.58.36:397][879]LogUObjectHash: Compacting FUObjectHashTables data took   0.61ms
[2021.02.14-14.58.36:415][879]Cmd: MAP CHECKDEP NOCLEARLOG
[2021.02.14-14.58.36:415][879]MapCheck: Map check complete: 0 Error(s), 0 Warning(s), took 0.119ms to complete.
[2021.02.14-14.58.36:415][879]LogFileHelpers: Loading map 'AI_Fundamentals' took 0.087
[2021.02.14-14.58.37:746][958]LogEditorViewport: Clicking on Actor (LMB): StaticMeshActor (Floor)
[2021.02.14-14.58.39:014][ 33]LogEditorViewport: Clicking on Actor (LMB): BP_EnemyChase_C (BP_EnemyChase)
[2021.02.14-14.58.39:698][ 72]Cmd: DELETE
[2021.02.14-14.58.39:698][ 72]Cmd: ACTOR DELETE
[2021.02.14-14.58.39:701][ 72]LogEditorActor: Deleted Actor: BP_EnemyChase_C
[2021.02.14-14.58.39:716][ 72]LogUObjectHash: Compacting FUObjectHashTables data took   0.54ms
[2021.02.14-14.58.39:718][ 72]LogEditorActor: Deleted 1 Actors (0.018 secs)
[2021.02.14-14.58.40:237][102]Cmd: OBJ SAVEPACKAGE PACKAGE="/Game/Maps/AI_Fundamentals" FILE="../../../../../../Users/Morgan/Desktop/UnrealAI/UnrealAI/Content/Maps/AI_Fundamentals.umap" SILENT=true AUTOSAVING=false KEEPDIRTY=false
[2021.02.14-14.58.40:250][102]LogUObjectHash: Compacting FUObjectHashTables data took   0.23ms
[2021.02.14-14.58.40:278][102]LogSavePackage: Moving '../../../../../../Users/Morgan/Desktop/UnrealAI/UnrealAI/Saved/AI_Fundamentals808F11D84CEB0A87F6F0AA9EC089F662.tmp' to '../../../../../../Users/Morgan/Desktop/UnrealAI/UnrealAI/Content/Maps/AI_Fundamentals.umap'
[2021.02.14-14.58.40:323][102]AssetCheck: New page: Asset Save: AI_Fundamentals
[2021.02.14-14.58.40:323][102]LogContentValidation: Display: Validating World /Game/Maps/AI_Fundamentals.AI_Fundamentals
[2021.02.14-14.58.42:398][227]MapCheck: New page: Map Check
[2021.02.14-14.58.42:423][227]Cmd: MAP REBUILD ALLVISIBLE
[2021.02.14-14.58.42:423][227]LogEditorServer: Rebuildmap Clear paths rebuilt
[2021.02.14-14.58.42:433][227]LogWorld: UWorld::CleanupWorld for AI_Fundamentals, bSessionEnded=true, bCleanupResources=false
[2021.02.14-14.58.42:483][227]LogNavigationDataBuild: Display: UNavigationSystemV1::Build started...
[2021.02.14-14.58.42:483][227]LogNavigationDataBuild: Display:    Building navigation data using PHYSICS_INTERFACE_PHYSX.
[2021.02.14-14.58.42:483][227]LogNavigationDataBuild: Display:    Building navigation data using WITH_PHYSX.
[2021.02.14-14.58.42:483][227]LogNavigationDataBuild: Display:    Building NavData:  Name Default class /Script/NavigationSystem.RecastNavMesh agent radius 35.0.
[2021.02.14-14.58.42:487][227]LogNavigationDataBuild: Display: UNavigationSystemV1::Build total execution time: 0.00s
[2021.02.14-14.58.42:528][227]LogUObjectHash: Compacting FUObjectHashTables data took   0.58ms
[2021.02.14-14.58.42:535][227]LogMaterial: Display: Missing cached shader map for material DebugViewMode MaterialTexCoordScale, compiling. 
[2021.02.14-14.58.42:539][227]LogMaterial: Display: Missing cached shader map for material DebugViewMode MaterialTexCoordScale, compiling. 
[2021.02.14-14.58.42:540][227]LogMaterial: Display: Missing cached shader map for material DebugViewMode MaterialTexCoordScale, compiling. 
[2021.02.14-14.58.42:542][227]LogMaterial: Display: Missing cached shader map for material DebugViewMode MaterialTexCoordScale, compiling. 
[2021.02.14-14.58.42:543][227]LogMaterial: Display: Missing cached shader map for material DebugViewMode MaterialTexCoordScale, compiling. 
[2021.02.14-14.58.42:546][227]LogMaterial: Display: Missing cached shader map for material DebugViewMode MaterialTexCoordScale, compiling. 
[2021.02.14-14.58.42:550][227]LogShaderCompilers: Display: Worker (1/17): shaders left to compile 10
[2021.02.14-14.58.42:550][227]LogShaderCompilers: Display: Worker (2/17): shaders left to compile 9
[2021.02.14-14.58.42:550][227]LogShaderCompilers: Display: Worker (3/17): shaders left to compile 8
[2021.02.14-14.58.42:550][227]LogShaderCompilers: Display: Worker (4/17): shaders left to compile 7
[2021.02.14-14.58.42:550][227]LogShaderCompilers: Display: Worker (5/17): shaders left to compile 6
[2021.02.14-14.58.42:550][227]LogShaderCompilers: Display: Worker (6/17): shaders left to compile 5
[2021.02.14-14.58.42:550][227]LogShaderCompilers: Display: Worker (7/17): shaders left to compile 4
[2021.02.14-14.58.42:550][227]LogShaderCompilers: Display: Worker (8/17): shaders left to compile 3
[2021.02.14-14.58.42:550][227]LogShaderCompilers: Display: Worker (9/17): shaders left to compile 2
[2021.02.14-14.58.42:551][227]LogShaderCompilers: Display: Worker (10/17): shaders left to compile 1
[2021.02.14-14.58.42:551][227]LogMaterial: Display: Missing cached shader map for material DebugViewMode MaterialTexCoordScale, compiling. 
[2021.02.14-14.58.43:036][227]LogShaderCompilers: Display: Worker (11/17): shaders left to compile 4
[2021.02.14-14.58.43:036][227]LogShaderCompilers: Display: Worker (12/17): shaders left to compile 3
[2021.02.14-14.58.43:036][227]LogShaderCompilers: Display: Worker (13/17): shaders left to compile 2
[2021.02.14-14.58.43:036][227]LogShaderCompilers: Display: Worker (14/17): shaders left to compile 1
[2021.02.14-14.58.43:036][227]TextureStreamingBuild: Display: Compiling optional shaders took 0.505 seconds.
[2021.02.14-14.58.43:043][227]LogLevel: Display: Export Material TexCoord Scales took 0.007 seconds.
[2021.02.14-14.58.43:044][227]TextureStreamingBuild: Display: Build Texture Streaming took 0.001 seconds.
[2021.02.14-14.58.43:057][227]LogUObjectHash: Compacting FUObjectHashTables data took   0.23ms
[2021.02.14-14.58.43:062][227]LightingResults: New page: Lighting Build - 14 Feb 2021, 14:58:43
[2021.02.14-14.58.43:120][227]LogSwarmInterface: [OpenConnection] Registering TCP channel ...
[2021.02.14-14.58.43:251][227]LogSwarmInterface: [OpenConnection] Connecting to agent ...
[2021.02.14-14.58.43:265][227]LogSwarmInterface: [TryOpenConnection] Testing the Agent
[2021.02.14-14.58.43:786][227]LogSwarmInterface: [TryOpenConnection] Opening Connection to Agent
[2021.02.14-14.58.43:786][227]LogSwarmInterface: [TryOpenConnection] Local Process ID is 30356
[2021.02.14-14.58.50:782][227]LogStaticLightingSystem: Running Lightmass w/ ImmediateImport mode ENABLED
[2021.02.14-14.58.50:782][227]LogStaticLightingSystem: Running Lightmass w/ ImmediateProcess mode ENABLED
[2021.02.14-14.58.50:782][227]LogStaticLightingSystem: Running Lightmass w/ Sorting mode ENABLED
[2021.02.14-14.58.50:782][227]LogStaticLightingSystem: Running Lightmass w/ Mapping paddings ENABLED
[2021.02.14-14.58.50:782][227]LogStaticLightingSystem: Running Lightmass w/ Mapping debug paddings DISABLED
[2021.02.14-14.58.50:964][227]Cmd: MAP CHECK DONTDISPLAYDIALOG
[2021.02.14-14.58.50:964][227]MapCheck: New page: AI_Fundamentals - 14 Feb 2021, 14:58:50
[2021.02.14-14.58.50:964][227]MapCheck: Error: WorldInfo_0 Maps need lighting rebuilt 
[2021.02.14-14.58.50:965][227]MapCheck: Map check complete: 1 Error(s), 0 Warning(s), took 1.088ms to complete.
[2021.02.14-14.58.50:968][227]LogEditorBuildUtils: Build time 0:08
[2021.02.14-14.58.51:115][227]LogSlate: Took 0.001012 seconds to synchronously load lazily loaded font '../../../Engine/Content/Slate/Fonts/DroidSansMono.ttf' (77K)
[2021.02.14-14.58.51:209][229]LogUObjectHash: Compacting FUObjectHashTables data took   0.24ms
[2021.02.14-14.58.52:373][245]LogSlate: Window 'Message Log' being destroyed
[2021.02.14-14.58.52:398][245]LogSlate: Window 'Message Log' being destroyed
[2021.02.14-14.58.54:054][345]Job is a success!
[2021.02.14-14.58.54:221][346]LogVolumetricLightmapImport: Imported Volumetric Lightmap in 0.012s
[2021.02.14-14.58.54:221][346]LogVolumetricLightmapImport:      Indirection Texture 16x16x16 = 0.0Mb
[2021.02.14-14.58.54:221][346]LogVolumetricLightmapImport:      BrickData (all levels) 0.2Mb (trimmed 0.0Mb due to 0.010000 MinBrickError)
[2021.02.14-14.58.54:221][346]LogVolumetricLightmapImport:      Bricks at depth
[2021.02.14-14.58.54:221][346]LogVolumetricLightmapImport:          0: 2.1% covering 100.0% of volume
[2021.02.14-14.58.54:222][346]LogVolumetricLightmapImport:          1: 8.3% covering 6.2% of volume
[2021.02.14-14.58.54:222][346]LogVolumetricLightmapImport:          2: 89.6% covering 1.0% of volume
[2021.02.14-14.58.54:222][346]LogVolumetricLightmapImport:      Bricks in each level
[2021.02.14-14.58.54:222][346]LogVolumetricLightmapImport:          AI_Fundamentals 			 48 bricks 	 100.0% (Persistent Level)
[2021.02.14-14.58.54:443][346]LogTexture: Display: Building textures: SkyOcclusion0_1 (AutoDXT, 1024X512)
[2021.02.14-14.58.54:443][346]LogTexture: Display: Building textures: HQ_Lightmap0_1 (AutoDXT, 1024X1024)
[2021.02.14-14.58.54:443][346]LogTexture: Display: Building textures: SkyOcclusion0_2 (AutoDXT, 512X256)
[2021.02.14-14.58.54:443][346]LogTexture: Display: Building textures: LQ_Lightmap_0_1 (DXT1, 1024X1024)
[2021.02.14-14.58.54:443][346]LogTexture: Display: Building textures: HQ_Lightmap0_2 (AutoDXT, 512X512)
[2021.02.14-14.58.54:443][346]LogTexture: Display: Building textures: HQ_Lightmap0_3 (AutoDXT, 64X64)
[2021.02.14-14.58.54:443][346]LogTexture: Display: Building textures: SkyOcclusion0_3 (AutoDXT, 64X32)
[2021.02.14-14.58.54:443][346]LogTexture: Display: Building textures: LQ_Lightmap_0_2 (DXT1, 512X512)
[2021.02.14-14.58.54:444][346]LogTexture: Display: Building textures: LQ_Lightmap_0_3 (DXT1, 64X64)
[2021.02.14-14.58.54:659][346]LogTexture: Display: Building textures: ShadowMapTexture2D_1 (G8, 32X32)
[2021.02.14-14.58.54:659][346]LogTexture: Display: Building textures: ShadowMapTexture2D_0 (G8, 1024X1024)
[2021.02.14-14.58.54:708][346]LogStaticLightingSystem: AI_Fundamentals_BuiltData storing lightmap data for 11 meshes in 3 LightmapResourceClusters (3.7 Meshes per cluster).
[2021.02.14-14.58.54:725][346]Lightmass on DESKTOP-A1LV5LA: 2.74 sec total, 144 ms importing, 2 ms setup, 622 ms photons, 1.92 sec processing, 0 ms extra exporting [11/11 mappings]. Threads: 36.6 sec total, 3.55 sec processing.
[2021.02.14-14.58.54:725][346]LogUObjectHash: Compacting FUObjectHashTables data took   0.22ms
[2021.02.14-14.58.54:759][346]LogStaticLightingSystem: Illumination: 11.6 sec (218 ms encoding lightmaps, 215 ms encoding shadowmaps)
[2021.02.14-14.58.54:759][346]LogStaticLightingSystem: Lightmap texture memory:  3.3 MB (3.3 MB streaming, 0.0 MB non-streaming), 6 textures
[2021.02.14-14.58.54:759][346]LogStaticLightingSystem: Shadowmap texture memory: 1.3 MB (1.3 MB streaming, 0.0 MB non-streaming), 2 textures
[2021.02.14-14.58.54:802][346]DumpUnbuiltLightIteractions
[2021.02.14-14.58.54:802][346]Lights with unbuilt interactions: 0
[2021.02.14-14.58.54:802][346]
[2021.02.14-14.58.54:802][346]Primitives with unbuilt interactions: 0
[2021.02.14-14.58.54:914][347]Cmd: MAP CHECK NOTIFYRESULTS
[2021.02.14-14.58.54:914][347]MapCheck: New page: AI_Fundamentals - 14 Feb 2021, 14:58:54
[2021.02.14-14.58.54:915][347]MapCheck: Map check complete: 0 Error(s), 0 Warning(s), took 0.368ms to complete.
[2021.02.14-14.58.55:375][367]LogEditorViewport: Clicking on Actor (LMB): StaticMeshActor (Floor)
[2021.02.14-14.58.56:460][414]LogEditorViewport: Clicking on Actor (LMB): StaticMeshActor (Floor)
[2021.02.14-14.58.57:594][476]LogEditorViewport: Clicking on Actor (LMB): TextRenderActor (TextRenderActor2)
[2021.02.14-14.58.58:731][544]Cmd: DELETE
[2021.02.14-14.58.58:731][544]Cmd: ACTOR DELETE
[2021.02.14-14.58.58:732][544]LogEditorActor: Deleted Actor: TextRenderActor
[2021.02.14-14.58.58:748][544]LogUObjectHash: Compacting FUObjectHashTables data took   0.58ms
[2021.02.14-14.58.58:750][544]LogEditorActor: Deleted 1 Actors (0.018 secs)
[2021.02.14-14.58.59:631][598]LogEditorViewport: Clicking on Actor (LMB): TextRenderActor (TextRenderActor)
[2021.02.14-14.59.00:215][631]LogSlate: Took 0.001826 seconds to synchronously load lazily loaded font '../../../Engine/Content/Slate/Fonts/Roboto-Italic.ttf' (157K)
[2021.02.14-14.59.08:343][117]Cmd: OBJ SAVEPACKAGE PACKAGE="/Game/Maps/AI_Fundamentals" FILE="../../../../../../Users/Morgan/Desktop/UnrealAI/UnrealAI/Content/Maps/AI_Fundamentals.umap" SILENT=true AUTOSAVING=false KEEPDIRTY=false
[2021.02.14-14.59.08:356][117]LogUObjectHash: Compacting FUObjectHashTables data took   0.23ms
[2021.02.14-14.59.08:384][117]LogSavePackage: Moving '../../../../../../Users/Morgan/Desktop/UnrealAI/UnrealAI/Saved/AI_Fundamentals984B3E0A491F300CD3504E8292E93E76.tmp' to '../../../../../../Users/Morgan/Desktop/UnrealAI/UnrealAI/Content/Maps/AI_Fundamentals.umap'
[2021.02.14-14.59.08:406][117]Cmd: OBJ SAVEPACKAGE PACKAGE="/Game/Maps/AI_Fundamentals_BuiltData" FILE="../../../../../../Users/Morgan/Desktop/UnrealAI/UnrealAI/Content/Maps/AI_Fundamentals_BuiltData.uasset" SILENT=true
[2021.02.14-14.59.08:446][117]LogSavePackage: Moving '../../../../../../Users/Morgan/Desktop/UnrealAI/UnrealAI/Saved/AI_Fundamentals_BuiltDataD56939094A3D775BC1D3DEBAFFC8D30A.tmp' to '../../../../../../Users/Morgan/Desktop/UnrealAI/UnrealAI/Content/Maps/AI_Fundamentals_BuiltData.uasset'
[2021.02.14-14.59.08:458][117]AssetCheck: New page: Asset Save: multiple assets
[2021.02.14-14.59.08:458][117]LogContentValidation: Display: Validating World /Game/Maps/AI_Fundamentals.AI_Fundamentals
[2021.02.14-14.59.08:458][117]LogContentValidation: Display: Validating MapBuildDataRegistry /Game/Maps/AI_Fundamentals_BuiltData.AI_Fundamentals_BuiltData
[2021.02.14-14.59.13:813][435]LogSlate: WidgetSwitcher ('None') active index changed to -1
[2021.02.14-14.59.13:814][435]LogSlate: WidgetSwitcher ('None') active index changed to 0
[2021.02.14-14.59.13:849][435]LogSlate: Took 0.001682 seconds to synchronously load lazily loaded font '../../../Engine/Content/Slate/Fonts/Roboto-BoldCondensed.ttf' (158K)
[2021.02.14-14.59.14:925][501]LogSlate: Window 'Add C++ Class' being destroyed
[2021.02.14-14.59.28:461][309]LogSlate: WidgetSwitcher ('None') active index changed to -1
[2021.02.14-14.59.28:461][309]LogSlate: WidgetSwitcher ('None') active index changed to 0
[2021.02.14-14.59.30:188][411]LogSlate: Window 'Add C++ Class' being destroyed
