Log file open, 02/19/21 18:38:50
LogInit: Display: Running engine for game: UnrealAI
LogPlatformFile: Not using cached read wrapper
LogTaskGraph: Started task graph with 5 named threads and 59 total threads with 3 sets of task threads.
LogStats: Stats thread started at 0.305233
LogD3D11RHI: Loaded GFSDK_Aftermath_Lib.x64.dll
LogICUInternationalization: ICU TimeZone Detection - Raw Offset: +0:00, Platform Override: ''
LogPluginManager: Mounting plugin Paper2D
LogPluginManager: Mounting plugin AISupport
LogPluginManager: Mounting plugin LightPropagationVolume
LogPluginManager: Mounting plugin CameraShakePreviewer
LogPluginManager: Mounting plugin ActorLayerUtilities
LogPluginManager: Mounting plugin AnimationSharing
LogPluginManager: Mounting plugin CLionSourceCodeAccess
LogPluginManager: Mounting plugin CodeLiteSourceCodeAccess
LogPluginManager: Mounting plugin GitSourceControl
LogPluginManager: Mounting plugin KDevelopSourceCodeAccess
LogPluginManager: Mounting plugin NullSourceCodeAccess
LogPluginManager: Mounting plugin PerforceSourceControl
LogPluginManager: Mounting plugin PlasticSourceControl
LogPluginManager: Mounting plugin RiderSourceCodeAccess
LogPluginManager: Mounting plugin SubversionSourceControl
LogPluginManager: Mounting plugin UObjectPlugin
LogPluginManager: Mounting plugin VisualStudioCodeSourceCodeAccess
LogPluginManager: Mounting plugin VisualStudioSourceCodeAccess
LogPluginManager: Mounting plugin XCodeSourceCodeAccess
LogPluginManager: Mounting plugin AssetManagerEditor
LogPluginManager: Mounting plugin CryptoKeys
LogPluginManager: Mounting plugin CurveEditorTools
LogPluginManager: Mounting plugin DataValidation
LogPluginManager: Mounting plugin EditorScriptingUtilities
LogPluginManager: Mounting plugin FacialAnimation
LogPluginManager: Mounting plugin GameplayTagsEditor
LogPluginManager: Mounting plugin GeometryMode
LogPluginManager: Mounting plugin MacGraphicsSwitching
LogPluginManager: Mounting plugin MaterialAnalyzer
LogPluginManager: Mounting plugin MobileLauncherProfileWizard
LogPluginManager: Mounting plugin PluginBrowser
LogPluginManager: Mounting plugin SpeedTreeImporter
LogPluginManager: Mounting plugin DatasmithContent
LogPluginManager: Mounting plugin VariantManagerContent
LogPluginManager: Mounting plugin AlembicImporter
LogPluginManager: Mounting plugin AutomationUtils
LogPluginManager: Mounting plugin BackChannel
LogPluginManager: Mounting plugin ChaosCloth
LogPluginManager: Mounting plugin ChaosClothEditor
LogPluginManager: Mounting plugin ChaosEditor
LogPluginManager: Mounting plugin ChaosNiagara
LogPluginManager: Mounting plugin ChaosSolverPlugin
LogPluginManager: Mounting plugin CharacterAI
LogPluginManager: Mounting plugin GeometryCache
LogPluginManager: Mounting plugin GeometryCollectionPlugin
LogPluginManager: Mounting plugin GeometryProcessing
LogPluginManager: Mounting plugin PlanarCut
LogPluginManager: Mounting plugin PlatformCrypto
LogPluginManager: Mounting plugin ProxyLODPlugin
LogPluginManager: Mounting plugin SkeletalReduction
LogPluginManager: Mounting plugin Niagara
LogPluginManager: Mounting plugin MagicLeap
LogPluginManager: Mounting plugin MagicLeapLightEstimation
LogPluginManager: Mounting plugin MagicLeapMedia
LogPluginManager: Mounting plugin MagicLeapPassableWorld
LogPluginManager: Mounting plugin MLSDK
LogPluginManager: Mounting plugin DarkerNodes
LogPluginManager: Mounting plugin ElectronicNodes
LogPluginManager: Mounting plugin AndroidMedia
LogPluginManager: Mounting plugin AvfMedia
LogPluginManager: Mounting plugin ImgMedia
LogPluginManager: Mounting plugin MediaCompositing
LogPluginManager: Mounting plugin MediaPlayerEditor
LogPluginManager: Mounting plugin WebMMedia
LogPluginManager: Mounting plugin WmfMedia
LogPluginManager: Mounting plugin MeshPainting
LogPluginManager: Mounting plugin TcpMessaging
LogPluginManager: Mounting plugin UdpMessaging
LogPluginManager: Mounting plugin ActorSequence
LogPluginManager: Mounting plugin LevelSequenceEditor
LogPluginManager: Mounting plugin MatineeToLevelSequence
LogPluginManager: Mounting plugin MovieRenderPipeline
LogPluginManager: Mounting plugin TemplateSequence
LogPluginManager: Mounting plugin NetcodeUnitTest
LogPluginManager: Mounting plugin NUTUnrealEngine4
LogPluginManager: Mounting plugin OnlineSubsystemGooglePlay
LogPluginManager: Mounting plugin OnlineSubsystemIOS
LogPluginManager: Mounting plugin OnlineSubsystem
LogPluginManager: Mounting plugin OnlineSubsystemNull
LogPluginManager: Mounting plugin OnlineSubsystemUtils
LogPluginManager: Mounting plugin LauncherChunkInstaller
LogPluginManager: Mounting plugin AndroidDeviceProfileSelector
LogPluginManager: Mounting plugin AndroidMoviePlayer
LogPluginManager: Mounting plugin AndroidPermission
LogPluginManager: Mounting plugin AppleImageUtils
LogPluginManager: Mounting plugin AppleMoviePlayer
LogPluginManager: Mounting plugin ArchVisCharacter
LogPluginManager: Mounting plugin AssetTags
LogPluginManager: Mounting plugin AudioCapture
LogPluginManager: Mounting plugin CableComponent
LogPluginManager: Mounting plugin CustomMeshComponent
LogPluginManager: Mounting plugin EditableMesh
LogPluginManager: Mounting plugin ExampleDeviceProfileSelector
LogPluginManager: Mounting plugin GoogleCloudMessaging
LogPluginManager: Mounting plugin GooglePAD
LogPluginManager: Mounting plugin IOSDeviceProfileSelector
LogPluginManager: Mounting plugin LinuxDeviceProfileSelector
LogPluginManager: Mounting plugin LocationServicesBPLibrary
LogPluginManager: Mounting plugin MobilePatchingUtils
LogPluginManager: Mounting plugin OculusVR
LogPluginManager: Mounting plugin PhysXVehicles
LogPluginManager: Mounting plugin PostSplashScreen
LogPluginManager: Mounting plugin ProceduralMeshComponent
LogPluginManager: Mounting plugin RuntimePhysXCooking
LogPluginManager: Mounting plugin SignificanceManager
LogPluginManager: Mounting plugin SoundFields
LogPluginManager: Mounting plugin SteamVR
LogPluginManager: Mounting plugin Synthesis
LogPluginManager: Mounting plugin WebMMoviePlayer
LogPluginManager: Mounting plugin WindowsMoviePlayer
LogPluginManager: Mounting plugin ScreenshotTools
LogInit: Using libcurl 7.55.1-DEV
LogInit:  - built for x86_64-pc-win32
LogInit:  - supports SSL with OpenSSL/1.1.1
LogInit:  - supports HTTP deflate (compression) using libz 1.2.8
LogInit:  - other features:
LogInit:      CURL_VERSION_SSL
LogInit:      CURL_VERSION_LIBZ
LogInit:      CURL_VERSION_IPV6
LogInit:      CURL_VERSION_ASYNCHDNS
LogInit:      CURL_VERSION_LARGEFILE
LogInit:      CURL_VERSION_IDN
LogInit:  CurlRequestOptions (configurable via config and command line):
LogInit:  - bVerifyPeer = true  - Libcurl will verify peer certificate
LogInit:  - bUseHttpProxy = false  - Libcurl will NOT use HTTP proxy
LogInit:  - bDontReuseConnections = false  - Libcurl will reuse connections
LogInit:  - MaxHostConnections = 16  - Libcurl will limit the number of connections to a host
LogInit:  - LocalHostAddr = Default
LogInit:  - BufferSize = 65536
LogOnline: OSS: Creating online subsystem instance for: NULL
LogInit: WinSock: version 1.1 (2.2), MaxSocks=32767, MaxUdp=65467
LogOnline: OSS: TryLoadSubsystemAndSetDefault: Loaded subsystem for module [NULL]
LogInit: Build: ++UE4+Release-4.25-CL-14469661
LogInit: Engine Version: 4.25.4-14469661+++UE4+Release-4.25
LogInit: Compatible Engine Version: 4.25.0-13144385+++UE4+Release-4.25
LogInit: Net CL: 13144385
LogInit: OS: Windows 10 (Release 2009) (), CPU: Intel(R) Core(TM) i9-10850K CPU @ 3.60GHz, GPU: NVIDIA GeForce RTX 3090
LogInit: Compiled (64-bit): Oct 11 2020 08:10:49
LogInit: Compiled with Visual C++: 19.24.28315.00
LogInit: Build Configuration: Development
LogInit: Branch Name: ++UE4+Release-4.25
LogInit: Command Line:  -skipcompile
LogInit: Base Directory: C:/Program Files/Epic Games/UE_4.25/Engine/Binaries/Win64/
LogInit: Allocator: TBB
LogInit: Installed Engine Build: 1
LogDevObjectVersion: Number of dev versions registered: 26
LogDevObjectVersion:   Dev-Blueprints (B0D832E4-1F89-4F0D-ACCF-7EB736FD4AA2): 10
LogDevObjectVersion:   Dev-Build (E1C64328-A22C-4D53-A36C-8E866417BD8C): 0
LogDevObjectVersion:   Dev-Core (375EC13C-06E4-48FB-B500-84F0262A717E): 4
LogDevObjectVersion:   Dev-Editor (E4B068ED-F494-42E9-A231-DA0B2E46BB41): 38
LogDevObjectVersion:   Dev-Framework (CFFC743F-43B0-4480-9391-14DF171D2073): 37
LogDevObjectVersion:   Dev-Mobile (B02B49B5-BB20-44E9-A304-32B752E40360): 2
LogDevObjectVersion:   Dev-Networking (A4E4105C-59A1-49B5-A7C5-40C4547EDFEE): 0
LogDevObjectVersion:   Dev-Online (39C831C9-5AE6-47DC-9A44-9C173E1C8E7C): 0
LogDevObjectVersion:   Dev-Physics (78F01B33-EBEA-4F98-B9B4-84EACCB95AA2): 4
LogDevObjectVersion:   Dev-Platform (6631380F-2D4D-43E0-8009-CF276956A95A): 0
LogDevObjectVersion:   Dev-Rendering (12F88B9F-8875-4AFC-A67C-D90C383ABD29): 43
LogDevObjectVersion:   Dev-Sequencer (7B5AE74C-D270-4C10-A958-57980B212A5A): 12
LogDevObjectVersion:   Dev-VR (D7296918-1DD6-4BDD-9DE2-64A83CC13884): 3
LogDevObjectVersion:   Dev-LoadTimes (C2A15278-BFE7-4AFE-6C17-90FF531DF755): 1
LogDevObjectVersion:   Private-Geometry (6EACA3D4-40EC-4CC1-B786-8BED09428FC5): 3
LogDevObjectVersion:   Dev-AnimPhys (29E575DD-E0A3-4627-9D10-D276232CDCEA): 17
LogDevObjectVersion:   Dev-Anim (AF43A65D-7FD3-4947-9873-3E8ED9C1BB05): 7
LogDevObjectVersion:   Dev-ReflectionCapture (6B266CEC-1EC7-4B8F-A30B-E4D90942FC07): 1
LogDevObjectVersion:   Dev-Automation (0DF73D61-A23F-47EA-B727-89E90C41499A): 1
LogDevObjectVersion:   FortniteMain (601D1886-AC64-4F84-AA16-D3DE0DEAC7D6): 31
LogDevObjectVersion:   Dev-Enterprise (9DFFBCD6-494F-0158-E221-12823C92A888): 10
LogDevObjectVersion:   Dev-Niagara (F2AED0AC-9AFE-416F-8664-AA7FFA26D6FC): 1
LogDevObjectVersion:   Dev-Destruction (174F1F0B-B4C6-45A5-B13F-2EE8D0FB917D): 10
LogDevObjectVersion:   Dev-Physics-Ext (35F94A83-E258-406C-A318-09F59610247C): 37
LogDevObjectVersion:   Dev-PhysicsMaterial-Chaos (B68FC16E-8B1B-42E2-B453-215C058844FE): 1
LogDevObjectVersion:   Dev-CineCamera (B2E18506-4273-CFC2-A54E-F4BB758BBA07): 1
LogInit: Presizing for max 25165824 objects, including 0 objects not considered by GC, pre-allocating 0 bytes for permanent pool.
LogConfig: Applying CVar settings from Section [/Script/Engine.StreamingSettings] File [C:/Users/Morgan/Desktop/UnrealAI/UnrealAI/Saved/Config/Windows/Engine.ini]
LogConfig: Setting CVar [[s.MinBulkDataSizeForAsyncLoading:131072]]
LogConfig: Setting CVar [[s.AsyncLoadingThreadEnabled:0]]
LogConfig: Setting CVar [[s.EventDrivenLoaderEnabled:1]]
LogConfig: Setting CVar [[s.WarnIfTimeLimitExceeded:0]]
LogConfig: Setting CVar [[s.TimeLimitExceededMultiplier:1.5]]
LogConfig: Setting CVar [[s.TimeLimitExceededMinTime:0.005]]
LogConfig: Setting CVar [[s.UseBackgroundLevelStreaming:1]]
LogConfig: Setting CVar [[s.PriorityAsyncLoadingExtraTime:15.0]]
LogConfig: Setting CVar [[s.LevelStreamingActorsUpdateTimeLimit:5.0]]
LogConfig: Setting CVar [[s.PriorityLevelStreamingActorsUpdateExtraTime:5.0]]
LogConfig: Setting CVar [[s.LevelStreamingComponentsRegistrationGranularity:10]]
LogConfig: Setting CVar [[s.UnregisterComponentsTimeLimit:1.0]]
LogConfig: Setting CVar [[s.LevelStreamingComponentsUnregistrationGranularity:5]]
LogConfig: Setting CVar [[s.FlushStreamingOnExit:1]]
LogInit: Object subsystem initialized
LogConfig: Setting CVar [[con.DebugEarlyDefault:1]]
LogConfig: Setting CVar [[r.setres:1280x720]]
[2021.02.19-18.38.50:770][  0]LogConfig: Setting CVar [[r.VSync:0]]
[2021.02.19-18.38.50:770][  0]LogConfig: Setting CVar [[r.RHICmdBypass:0]]
[2021.02.19-18.38.50:770][  0]LogConfig: Applying CVar settings from Section [/Script/Engine.RendererSettings] File [C:/Users/Morgan/Desktop/UnrealAI/UnrealAI/Saved/Config/Windows/Engine.ini]
[2021.02.19-18.38.50:770][  0]LogConfig: Setting CVar [[r.GPUCrashDebugging:0]]
[2021.02.19-18.38.50:770][  0]LogConfig: Applying CVar settings from Section [/Script/Engine.RendererOverrideSettings] File [C:/Users/Morgan/Desktop/UnrealAI/UnrealAI/Saved/Config/Windows/Engine.ini]
[2021.02.19-18.38.50:770][  0]LogConfig: Applying CVar settings from Section [/Script/Engine.StreamingSettings] File [C:/Users/Morgan/Desktop/UnrealAI/UnrealAI/Saved/Config/Windows/Engine.ini]
[2021.02.19-18.38.50:770][  0]LogConfig: Setting CVar [[s.MinBulkDataSizeForAsyncLoading:131072]]
[2021.02.19-18.38.50:770][  0]LogConfig: Setting CVar [[s.AsyncLoadingThreadEnabled:0]]
[2021.02.19-18.38.50:770][  0]LogConfig: Setting CVar [[s.EventDrivenLoaderEnabled:1]]
[2021.02.19-18.38.50:770][  0]LogConfig: Setting CVar [[s.WarnIfTimeLimitExceeded:0]]
[2021.02.19-18.38.50:770][  0]LogConfig: Setting CVar [[s.TimeLimitExceededMultiplier:1.5]]
[2021.02.19-18.38.50:770][  0]LogConfig: Setting CVar [[s.TimeLimitExceededMinTime:0.005]]
[2021.02.19-18.38.50:770][  0]LogConfig: Setting CVar [[s.UseBackgroundLevelStreaming:1]]
[2021.02.19-18.38.50:770][  0]LogConfig: Setting CVar [[s.PriorityAsyncLoadingExtraTime:15.0]]
[2021.02.19-18.38.50:770][  0]LogConfig: Setting CVar [[s.LevelStreamingActorsUpdateTimeLimit:5.0]]
[2021.02.19-18.38.50:770][  0]LogConfig: Setting CVar [[s.PriorityLevelStreamingActorsUpdateExtraTime:5.0]]
[2021.02.19-18.38.50:770][  0]LogConfig: Setting CVar [[s.LevelStreamingComponentsRegistrationGranularity:10]]
[2021.02.19-18.38.50:771][  0]LogConfig: Setting CVar [[s.UnregisterComponentsTimeLimit:1.0]]
[2021.02.19-18.38.50:771][  0]LogConfig: Setting CVar [[s.LevelStreamingComponentsUnregistrationGranularity:5]]
[2021.02.19-18.38.50:771][  0]LogConfig: Setting CVar [[s.FlushStreamingOnExit:1]]
[2021.02.19-18.38.50:771][  0]LogConfig: Applying CVar settings from Section [/Script/Engine.GarbageCollectionSettings] File [C:/Users/Morgan/Desktop/UnrealAI/UnrealAI/Saved/Config/Windows/Engine.ini]
[2021.02.19-18.38.50:771][  0]LogConfig: Setting CVar [[gc.MaxObjectsNotConsideredByGC:1]]
[2021.02.19-18.38.50:771][  0]LogConfig: Setting CVar [[gc.SizeOfPermanentObjectPool:0]]
[2021.02.19-18.38.50:771][  0]LogConfig: Setting CVar [[gc.FlushStreamingOnGC:0]]
[2021.02.19-18.38.50:771][  0]LogConfig: Setting CVar [[gc.NumRetriesBeforeForcingGC:10]]
[2021.02.19-18.38.50:771][  0]LogConfig: Setting CVar [[gc.AllowParallelGC:1]]
[2021.02.19-18.38.50:771][  0]LogConfig: Setting CVar [[gc.TimeBetweenPurgingPendingKillObjects:61.1]]
[2021.02.19-18.38.50:771][  0]LogConfig: Setting CVar [[gc.MaxObjectsInEditor:25165824]]
[2021.02.19-18.38.50:771][  0]LogConfig: Setting CVar [[gc.IncrementalBeginDestroyEnabled:1]]
[2021.02.19-18.38.50:771][  0]LogConfig: Setting CVar [[gc.CreateGCClusters:1]]
[2021.02.19-18.38.50:771][  0]LogConfig: Setting CVar [[gc.MinGCClusterSize:5]]
[2021.02.19-18.38.50:771][  0]LogConfig: Setting CVar [[gc.ActorClusteringEnabled:0]]
[2021.02.19-18.38.50:771][  0]LogConfig: Setting CVar [[gc.BlueprintClusteringEnabled:0]]
[2021.02.19-18.38.50:771][  0]LogConfig: Setting CVar [[gc.UseDisregardForGCOnDedicatedServers:0]]
[2021.02.19-18.38.50:771][  0]LogConfig: Applying CVar settings from Section [/Script/Engine.NetworkSettings] File [C:/Users/Morgan/Desktop/UnrealAI/UnrealAI/Saved/Config/Windows/Engine.ini]
[2021.02.19-18.38.50:771][  0]LogConfig: Applying CVar settings from Section [/Script/UnrealEd.CookerSettings] File [C:/Users/Morgan/Desktop/UnrealAI/UnrealAI/Saved/Config/Windows/Engine.ini]
[2021.02.19-18.38.50:777][  0]LogConfig: Applying CVar settings from Section [ViewDistanceQuality@3] File [C:/Users/Morgan/Desktop/UnrealAI/UnrealAI/Saved/Config/Windows/Scalability.ini]
[2021.02.19-18.38.50:777][  0]LogConfig: Setting CVar [[r.SkeletalMeshLODBias:0]]
[2021.02.19-18.38.50:777][  0]LogConfig: Setting CVar [[r.ViewDistanceScale:1.0]]
[2021.02.19-18.38.50:778][  0]LogConfig: Applying CVar settings from Section [AntiAliasingQuality@3] File [C:/Users/Morgan/Desktop/UnrealAI/UnrealAI/Saved/Config/Windows/Scalability.ini]
[2021.02.19-18.38.50:778][  0]LogConfig: Setting CVar [[r.PostProcessAAQuality:4]]
[2021.02.19-18.38.50:778][  0]LogConfig: Applying CVar settings from Section [ShadowQuality@3] File [C:/Users/Morgan/Desktop/UnrealAI/UnrealAI/Saved/Config/Windows/Scalability.ini]
[2021.02.19-18.38.50:778][  0]LogConfig: Setting CVar [[r.LightFunctionQuality:1]]
[2021.02.19-18.38.50:778][  0]LogConfig: Setting CVar [[r.ShadowQuality:5]]
[2021.02.19-18.38.50:778][  0]LogConfig: Setting CVar [[r.Shadow.CSM.MaxCascades:10]]
[2021.02.19-18.38.50:778][  0]LogConfig: Setting CVar [[r.Shadow.MaxResolution:2048]]
[2021.02.19-18.38.50:778][  0]LogConfig: Setting CVar [[r.Shadow.MaxCSMResolution:2048]]
[2021.02.19-18.38.50:778][  0]LogConfig: Setting CVar [[r.Shadow.RadiusThreshold:0.01]]
[2021.02.19-18.38.50:778][  0]LogConfig: Setting CVar [[r.Shadow.DistanceScale:1.0]]
[2021.02.19-18.38.50:778][  0]LogConfig: Setting CVar [[r.Shadow.CSM.TransitionScale:1.0]]
[2021.02.19-18.38.50:778][  0]LogConfig: Setting CVar [[r.Shadow.PreShadowResolutionFactor:1.0]]
[2021.02.19-18.38.50:778][  0]LogConfig: Setting CVar [[r.DistanceFieldShadowing:1]]
[2021.02.19-18.38.50:778][  0]LogConfig: Setting CVar [[r.DistanceFieldAO:1]]
[2021.02.19-18.38.50:778][  0]LogConfig: Setting CVar [[r.AOQuality:2]]
[2021.02.19-18.38.50:778][  0]LogConfig: Setting CVar [[r.VolumetricFog:1]]
[2021.02.19-18.38.50:778][  0]LogConfig: Setting CVar [[r.VolumetricFog.GridPixelSize:8]]
[2021.02.19-18.38.50:778][  0]LogConfig: Setting CVar [[r.VolumetricFog.GridSizeZ:128]]
[2021.02.19-18.38.50:778][  0]LogConfig: Setting CVar [[r.VolumetricFog.HistoryMissSupersampleCount:4]]
[2021.02.19-18.38.50:778][  0]LogConfig: Setting CVar [[r.LightMaxDrawDistanceScale:1]]
[2021.02.19-18.38.50:778][  0]LogConfig: Setting CVar [[r.CapsuleShadows:1]]
[2021.02.19-18.38.50:778][  0]LogConfig: Applying CVar settings from Section [PostProcessQuality@3] File [C:/Users/Morgan/Desktop/UnrealAI/UnrealAI/Saved/Config/Windows/Scalability.ini]
[2021.02.19-18.38.50:778][  0]LogConfig: Setting CVar [[r.MotionBlurQuality:4]]
[2021.02.19-18.38.50:778][  0]LogConfig: Setting CVar [[r.AmbientOcclusionMipLevelFactor:0.4]]
[2021.02.19-18.38.50:778][  0]LogConfig: Setting CVar [[r.AmbientOcclusionMaxQuality:100]]
[2021.02.19-18.38.50:778][  0]LogConfig: Setting CVar [[r.AmbientOcclusionLevels:-1]]
[2021.02.19-18.38.50:779][  0]LogConfig: Setting CVar [[r.AmbientOcclusionRadiusScale:1.0]]
[2021.02.19-18.38.50:779][  0]LogConfig: Setting CVar [[r.DepthOfFieldQuality:2]]
[2021.02.19-18.38.50:779][  0]LogConfig: Setting CVar [[r.RenderTargetPoolMin:400]]
[2021.02.19-18.38.50:779][  0]LogConfig: Setting CVar [[r.LensFlareQuality:2]]
[2021.02.19-18.38.50:779][  0]LogConfig: Setting CVar [[r.SceneColorFringeQuality:1]]
[2021.02.19-18.38.50:779][  0]LogConfig: Setting CVar [[r.EyeAdaptationQuality:2]]
[2021.02.19-18.38.50:779][  0]LogConfig: Setting CVar [[r.BloomQuality:5]]
[2021.02.19-18.38.50:779][  0]LogConfig: Setting CVar [[r.FastBlurThreshold:100]]
[2021.02.19-18.38.50:779][  0]LogConfig: Setting CVar [[r.Upscale.Quality:3]]
[2021.02.19-18.38.50:779][  0]LogConfig: Setting CVar [[r.Tonemapper.GrainQuantization:1]]
[2021.02.19-18.38.50:779][  0]LogConfig: Setting CVar [[r.LightShaftQuality:1]]
[2021.02.19-18.38.50:779][  0]LogConfig: Setting CVar [[r.Filter.SizeScale:1]]
[2021.02.19-18.38.50:779][  0]LogConfig: Setting CVar [[r.Tonemapper.Quality:5]]
[2021.02.19-18.38.50:779][  0]LogConfig: Setting CVar [[r.DOF.Gather.AccumulatorQuality:1        ; higher gathering accumulator quality]]
[2021.02.19-18.38.50:779][  0]LogConfig: Setting CVar [[r.DOF.Gather.PostfilterMethod:1          ; Median3x3 postfilering method]]
[2021.02.19-18.38.50:779][  0]LogConfig: Setting CVar [[r.DOF.Gather.EnableBokehSettings:0       ; no bokeh simulation when gathering]]
[2021.02.19-18.38.50:779][  0]LogConfig: Setting CVar [[r.DOF.Gather.RingCount:4                 ; medium number of samples when gathering]]
[2021.02.19-18.38.50:779][  0]LogConfig: Setting CVar [[r.DOF.Scatter.ForegroundCompositing:1    ; additive foreground scattering]]
[2021.02.19-18.38.50:779][  0]LogConfig: Setting CVar [[r.DOF.Scatter.BackgroundCompositing:2    ; additive background scattering]]
[2021.02.19-18.38.50:779][  0]LogConfig: Setting CVar [[r.DOF.Scatter.EnableBokehSettings:1      ; bokeh simulation when scattering]]
[2021.02.19-18.38.50:779][  0]LogConfig: Setting CVar [[r.DOF.Scatter.MaxSpriteRatio:0.1         ; only a maximum of 10% of scattered bokeh]]
[2021.02.19-18.38.50:779][  0]LogConfig: Setting CVar [[r.DOF.Recombine.Quality:1                ; cheap slight out of focus]]
[2021.02.19-18.38.50:779][  0]LogConfig: Setting CVar [[r.DOF.Recombine.EnableBokehSettings:0    ; no bokeh simulation on slight out of focus]]
[2021.02.19-18.38.50:779][  0]LogConfig: Setting CVar [[r.DOF.TemporalAAQuality:1                ; more stable temporal accumulation]]
[2021.02.19-18.38.50:780][  0]LogConfig: Setting CVar [[r.DOF.Kernel.MaxForegroundRadius:0.025]]
[2021.02.19-18.38.50:780][  0]LogConfig: Setting CVar [[r.DOF.Kernel.MaxBackgroundRadius:0.025]]
[2021.02.19-18.38.50:780][  0]LogConfig: Applying CVar settings from Section [TextureQuality@3] File [C:/Users/Morgan/Desktop/UnrealAI/UnrealAI/Saved/Config/Windows/Scalability.ini]
[2021.02.19-18.38.50:780][  0]LogConfig: Setting CVar [[r.Streaming.MipBias:0]]
[2021.02.19-18.38.50:780][  0]LogConfig: Setting CVar [[r.Streaming.AmortizeCPUToGPUCopy:0]]
[2021.02.19-18.38.50:780][  0]LogConfig: Setting CVar [[r.Streaming.MaxNumTexturesToStreamPerFrame:0]]
[2021.02.19-18.38.50:780][  0]LogConfig: Setting CVar [[r.Streaming.Boost:1]]
[2021.02.19-18.38.50:780][  0]LogConfig: Setting CVar [[r.MaxAnisotropy:8]]
[2021.02.19-18.38.50:780][  0]LogConfig: Setting CVar [[r.VT.MaxAnisotropy:8]]
[2021.02.19-18.38.50:780][  0]LogConfig: Setting CVar [[r.Streaming.LimitPoolSizeToVRAM:0]]
[2021.02.19-18.38.50:780][  0]LogConfig: Setting CVar [[r.Streaming.PoolSize:1000]]
[2021.02.19-18.38.50:780][  0]LogConfig: Setting CVar [[r.Streaming.MaxEffectiveScreenSize:0]]
[2021.02.19-18.38.50:780][  0]LogConfig: Applying CVar settings from Section [EffectsQuality@3] File [C:/Users/Morgan/Desktop/UnrealAI/UnrealAI/Saved/Config/Windows/Scalability.ini]
[2021.02.19-18.38.50:780][  0]LogConfig: Setting CVar [[r.TranslucencyLightingVolumeDim:64]]
[2021.02.19-18.38.50:780][  0]LogConfig: Setting CVar [[r.RefractionQuality:2]]
[2021.02.19-18.38.50:780][  0]LogConfig: Setting CVar [[r.SSR.Quality:3]]
[2021.02.19-18.38.50:780][  0]LogConfig: Setting CVar [[r.SSR.HalfResSceneColor:0]]
[2021.02.19-18.38.50:780][  0]LogConfig: Setting CVar [[r.SceneColorFormat:4]]
[2021.02.19-18.38.50:780][  0]LogConfig: Setting CVar [[r.DetailMode:2]]
[2021.02.19-18.38.50:780][  0]LogConfig: Setting CVar [[r.TranslucencyVolumeBlur:1]]
[2021.02.19-18.38.50:780][  0]LogConfig: Setting CVar [[r.MaterialQualityLevel:1 ; High quality]]
[2021.02.19-18.38.50:780][  0]LogConfig: Setting CVar [[r.SSS.Scale:1]]
[2021.02.19-18.38.50:780][  0]LogConfig: Setting CVar [[r.SSS.SampleSet:2]]
[2021.02.19-18.38.50:780][  0]LogConfig: Setting CVar [[r.SSS.Quality:1]]
[2021.02.19-18.38.50:781][  0]LogConfig: Setting CVar [[r.SSS.HalfRes:0]]
[2021.02.19-18.38.50:781][  0]LogConfig: Setting CVar [[r.SSGI.Quality:3]]
[2021.02.19-18.38.50:781][  0]LogConfig: Setting CVar [[r.EmitterSpawnRateScale:1.0]]
[2021.02.19-18.38.50:781][  0]LogConfig: Setting CVar [[r.ParticleLightQuality:2]]
[2021.02.19-18.38.50:781][  0]LogConfig: Setting CVar [[r.SkyAtmosphere.AerialPerspectiveLUT.FastApplyOnOpaque:1 ; Always have FastSkyLUT 1 in this case to avoid wrong sky]]
[2021.02.19-18.38.50:781][  0]LogConfig: Setting CVar [[r.SkyAtmosphere.AerialPerspectiveLUT.SampleCountPerSlice:1]]
[2021.02.19-18.38.50:781][  0]LogConfig: Setting CVar [[r.SkyAtmosphere.AerialPerspectiveLUT.DepthResolution:16.0]]
[2021.02.19-18.38.50:781][  0]LogConfig: Setting CVar [[r.SkyAtmosphere.FastSkyLUT:1]]
[2021.02.19-18.38.50:781][  0]LogConfig: Setting CVar [[r.SkyAtmosphere.FastSkyLUT.SampleCountMin:4.0]]
[2021.02.19-18.38.50:781][  0]LogConfig: Setting CVar [[r.SkyAtmosphere.FastSkyLUT.SampleCountMax:32.0]]
[2021.02.19-18.38.50:781][  0]LogConfig: Setting CVar [[r.SkyAtmosphere.SampleCountMin:4.0]]
[2021.02.19-18.38.50:781][  0]LogConfig: Setting CVar [[r.SkyAtmosphere.SampleCountMax:32.0]]
[2021.02.19-18.38.50:781][  0]LogConfig: Setting CVar [[r.SkyAtmosphere.TransmittanceLUT.UseSmallFormat:0]]
[2021.02.19-18.38.50:781][  0]LogConfig: Setting CVar [[r.SkyAtmosphere.TransmittanceLUT.SampleCount:10.0]]
[2021.02.19-18.38.50:781][  0]LogConfig: Setting CVar [[r.SkyAtmosphere.MultiScatteringLUT.SampleCount:15.0]]
[2021.02.19-18.38.50:781][  0]LogConfig: Applying CVar settings from Section [FoliageQuality@3] File [C:/Users/Morgan/Desktop/UnrealAI/UnrealAI/Saved/Config/Windows/Scalability.ini]
[2021.02.19-18.38.50:781][  0]LogConfig: Setting CVar [[foliage.DensityScale:1.0]]
[2021.02.19-18.38.50:781][  0]LogConfig: Setting CVar [[grass.DensityScale:1.0]]
[2021.02.19-18.38.50:781][  0]LogConfig: Applying CVar settings from Section [ShadingQuality@3] File [C:/Users/Morgan/Desktop/UnrealAI/UnrealAI/Saved/Config/Windows/Scalability.ini]
[2021.02.19-18.38.50:781][  0]LogConfig: Setting CVar [[r.HairStrands.SkyLighting.SampleCount:16]]
[2021.02.19-18.38.50:781][  0]LogConfig: Setting CVar [[r.HairStrands.SkyLighting.JitterIntegration:0]]
[2021.02.19-18.38.50:781][  0]LogConfig: Setting CVar [[r.HairStrands.SkyAO.SampleCount:16]]
[2021.02.19-18.38.50:781][  0]LogConfig: Setting CVar [[r.HairStrands.DeepShadow.SuperSampling:0]]
[2021.02.19-18.38.50:781][  0]LogConfig: Setting CVar [[r.HairStrands.VisibilityPPLL:0]]
[2021.02.19-18.38.50:782][  0]LogConfig: Setting CVar [[r.HairStrands.RasterizationScale:0.5]]
[2021.02.19-18.38.50:782][  0]LogConfig: Setting CVar [[r.HairStrands.VelocityRasterizationScale:1]]
[2021.02.19-18.38.50:782][  0]LogInit: Selected Device Profile: [Windows]
[2021.02.19-18.38.50:782][  0]LogInit: Applying CVar settings loaded from the selected device profile: [Windows]
[2021.02.19-18.38.50:782][  0]LogHAL: Display: Platform has ~ 32 GB [34252365824 / 34359738368 / 32], which maps to Largest [LargestMinGB=32, LargerMinGB=12, DefaultMinGB=8, SmallerMinGB=6, SmallestMinGB=0)
[2021.02.19-18.38.50:782][  0]LogInit: Going up to parent DeviceProfile []
[2021.02.19-18.38.50:782][  0]LogConfig: Applying CVar settings from Section [ViewDistanceQuality@3] File [C:/Users/Morgan/Desktop/UnrealAI/UnrealAI/Saved/Config/Windows/Scalability.ini]
[2021.02.19-18.38.50:782][  0]LogConfig: Setting CVar [[r.SkeletalMeshLODBias:0]]
[2021.02.19-18.38.50:782][  0]LogConfig: Setting CVar [[r.ViewDistanceScale:1.0]]
[2021.02.19-18.38.50:782][  0]LogConfig: Applying CVar settings from Section [AntiAliasingQuality@3] File [C:/Users/Morgan/Desktop/UnrealAI/UnrealAI/Saved/Config/Windows/Scalability.ini]
[2021.02.19-18.38.50:782][  0]LogConfig: Setting CVar [[r.PostProcessAAQuality:4]]
[2021.02.19-18.38.50:782][  0]LogConfig: Applying CVar settings from Section [ShadowQuality@3] File [C:/Users/Morgan/Desktop/UnrealAI/UnrealAI/Saved/Config/Windows/Scalability.ini]
[2021.02.19-18.38.50:782][  0]LogConfig: Setting CVar [[r.LightFunctionQuality:1]]
[2021.02.19-18.38.50:782][  0]LogConfig: Setting CVar [[r.ShadowQuality:5]]
[2021.02.19-18.38.50:782][  0]LogConfig: Setting CVar [[r.Shadow.CSM.MaxCascades:10]]
[2021.02.19-18.38.50:782][  0]LogConfig: Setting CVar [[r.Shadow.MaxResolution:2048]]
[2021.02.19-18.38.50:782][  0]LogConfig: Setting CVar [[r.Shadow.MaxCSMResolution:2048]]
[2021.02.19-18.38.50:782][  0]LogConfig: Setting CVar [[r.Shadow.RadiusThreshold:0.01]]
[2021.02.19-18.38.50:782][  0]LogConfig: Setting CVar [[r.Shadow.DistanceScale:1.0]]
[2021.02.19-18.38.50:782][  0]LogConfig: Setting CVar [[r.Shadow.CSM.TransitionScale:1.0]]
[2021.02.19-18.38.50:782][  0]LogConfig: Setting CVar [[r.Shadow.PreShadowResolutionFactor:1.0]]
[2021.02.19-18.38.50:782][  0]LogConfig: Setting CVar [[r.DistanceFieldShadowing:1]]
[2021.02.19-18.38.50:783][  0]LogConfig: Setting CVar [[r.DistanceFieldAO:1]]
[2021.02.19-18.38.50:783][  0]LogConfig: Setting CVar [[r.AOQuality:2]]
[2021.02.19-18.38.50:783][  0]LogConfig: Setting CVar [[r.VolumetricFog:1]]
[2021.02.19-18.38.50:783][  0]LogConfig: Setting CVar [[r.VolumetricFog.GridPixelSize:8]]
[2021.02.19-18.38.50:783][  0]LogConfig: Setting CVar [[r.VolumetricFog.GridSizeZ:128]]
[2021.02.19-18.38.50:783][  0]LogConfig: Setting CVar [[r.VolumetricFog.HistoryMissSupersampleCount:4]]
[2021.02.19-18.38.50:783][  0]LogConfig: Setting CVar [[r.LightMaxDrawDistanceScale:1]]
[2021.02.19-18.38.50:783][  0]LogConfig: Setting CVar [[r.CapsuleShadows:1]]
[2021.02.19-18.38.50:783][  0]LogConfig: Applying CVar settings from Section [PostProcessQuality@3] File [C:/Users/Morgan/Desktop/UnrealAI/UnrealAI/Saved/Config/Windows/Scalability.ini]
[2021.02.19-18.38.50:783][  0]LogConfig: Setting CVar [[r.MotionBlurQuality:4]]
[2021.02.19-18.38.50:783][  0]LogConfig: Setting CVar [[r.AmbientOcclusionMipLevelFactor:0.4]]
[2021.02.19-18.38.50:783][  0]LogConfig: Setting CVar [[r.AmbientOcclusionMaxQuality:100]]
[2021.02.19-18.38.50:783][  0]LogConfig: Setting CVar [[r.AmbientOcclusionLevels:-1]]
[2021.02.19-18.38.50:783][  0]LogConfig: Setting CVar [[r.AmbientOcclusionRadiusScale:1.0]]
[2021.02.19-18.38.50:783][  0]LogConfig: Setting CVar [[r.DepthOfFieldQuality:2]]
[2021.02.19-18.38.50:783][  0]LogConfig: Setting CVar [[r.RenderTargetPoolMin:400]]
[2021.02.19-18.38.50:783][  0]LogConfig: Setting CVar [[r.LensFlareQuality:2]]
[2021.02.19-18.38.50:783][  0]LogConfig: Setting CVar [[r.SceneColorFringeQuality:1]]
[2021.02.19-18.38.50:783][  0]LogConfig: Setting CVar [[r.EyeAdaptationQuality:2]]
[2021.02.19-18.38.50:783][  0]LogConfig: Setting CVar [[r.BloomQuality:5]]
[2021.02.19-18.38.50:783][  0]LogConfig: Setting CVar [[r.FastBlurThreshold:100]]
[2021.02.19-18.38.50:783][  0]LogConfig: Setting CVar [[r.Upscale.Quality:3]]
[2021.02.19-18.38.50:783][  0]LogConfig: Setting CVar [[r.Tonemapper.GrainQuantization:1]]
[2021.02.19-18.38.50:783][  0]LogConfig: Setting CVar [[r.LightShaftQuality:1]]
[2021.02.19-18.38.50:783][  0]LogConfig: Setting CVar [[r.Filter.SizeScale:1]]
[2021.02.19-18.38.50:783][  0]LogConfig: Setting CVar [[r.Tonemapper.Quality:5]]
[2021.02.19-18.38.50:783][  0]LogConfig: Setting CVar [[r.DOF.Gather.AccumulatorQuality:1        ; higher gathering accumulator quality]]
[2021.02.19-18.38.50:783][  0]LogConfig: Setting CVar [[r.DOF.Gather.PostfilterMethod:1          ; Median3x3 postfilering method]]
[2021.02.19-18.38.50:783][  0]LogConfig: Setting CVar [[r.DOF.Gather.EnableBokehSettings:0       ; no bokeh simulation when gathering]]
[2021.02.19-18.38.50:783][  0]LogConfig: Setting CVar [[r.DOF.Gather.RingCount:4                 ; medium number of samples when gathering]]
[2021.02.19-18.38.50:783][  0]LogConfig: Setting CVar [[r.DOF.Scatter.ForegroundCompositing:1    ; additive foreground scattering]]
[2021.02.19-18.38.50:783][  0]LogConfig: Setting CVar [[r.DOF.Scatter.BackgroundCompositing:2    ; additive background scattering]]
[2021.02.19-18.38.50:783][  0]LogConfig: Setting CVar [[r.DOF.Scatter.EnableBokehSettings:1      ; bokeh simulation when scattering]]
[2021.02.19-18.38.50:783][  0]LogConfig: Setting CVar [[r.DOF.Scatter.MaxSpriteRatio:0.1         ; only a maximum of 10% of scattered bokeh]]
[2021.02.19-18.38.50:783][  0]LogConfig: Setting CVar [[r.DOF.Recombine.Quality:1                ; cheap slight out of focus]]
[2021.02.19-18.38.50:783][  0]LogConfig: Setting CVar [[r.DOF.Recombine.EnableBokehSettings:0    ; no bokeh simulation on slight out of focus]]
[2021.02.19-18.38.50:783][  0]LogConfig: Setting CVar [[r.DOF.TemporalAAQuality:1                ; more stable temporal accumulation]]
[2021.02.19-18.38.50:784][  0]LogConfig: Setting CVar [[r.DOF.Kernel.MaxForegroundRadius:0.025]]
[2021.02.19-18.38.50:784][  0]LogConfig: Setting CVar [[r.DOF.Kernel.MaxBackgroundRadius:0.025]]
[2021.02.19-18.38.50:784][  0]LogConfig: Applying CVar settings from Section [TextureQuality@3] File [C:/Users/Morgan/Desktop/UnrealAI/UnrealAI/Saved/Config/Windows/Scalability.ini]
[2021.02.19-18.38.50:784][  0]LogConfig: Setting CVar [[r.Streaming.MipBias:0]]
[2021.02.19-18.38.50:784][  0]LogConfig: Setting CVar [[r.Streaming.AmortizeCPUToGPUCopy:0]]
[2021.02.19-18.38.50:784][  0]LogConfig: Setting CVar [[r.Streaming.MaxNumTexturesToStreamPerFrame:0]]
[2021.02.19-18.38.50:784][  0]LogConfig: Setting CVar [[r.Streaming.Boost:1]]
[2021.02.19-18.38.50:784][  0]LogConfig: Setting CVar [[r.MaxAnisotropy:8]]
[2021.02.19-18.38.50:784][  0]LogConfig: Setting CVar [[r.VT.MaxAnisotropy:8]]
[2021.02.19-18.38.50:784][  0]LogConfig: Setting CVar [[r.Streaming.LimitPoolSizeToVRAM:0]]
[2021.02.19-18.38.50:784][  0]LogConfig: Setting CVar [[r.Streaming.PoolSize:1000]]
[2021.02.19-18.38.50:784][  0]LogConfig: Setting CVar [[r.Streaming.MaxEffectiveScreenSize:0]]
[2021.02.19-18.38.50:784][  0]LogConfig: Applying CVar settings from Section [EffectsQuality@3] File [C:/Users/Morgan/Desktop/UnrealAI/UnrealAI/Saved/Config/Windows/Scalability.ini]
[2021.02.19-18.38.50:784][  0]LogConfig: Setting CVar [[r.TranslucencyLightingVolumeDim:64]]
[2021.02.19-18.38.50:784][  0]LogConfig: Setting CVar [[r.RefractionQuality:2]]
[2021.02.19-18.38.50:784][  0]LogConfig: Setting CVar [[r.SSR.Quality:3]]
[2021.02.19-18.38.50:784][  0]LogConfig: Setting CVar [[r.SSR.HalfResSceneColor:0]]
[2021.02.19-18.38.50:784][  0]LogConfig: Setting CVar [[r.SceneColorFormat:4]]
[2021.02.19-18.38.50:784][  0]LogConfig: Setting CVar [[r.DetailMode:2]]
[2021.02.19-18.38.50:784][  0]LogConfig: Setting CVar [[r.TranslucencyVolumeBlur:1]]
[2021.02.19-18.38.50:784][  0]LogConfig: Setting CVar [[r.MaterialQualityLevel:1 ; High quality]]
[2021.02.19-18.38.50:784][  0]LogConfig: Setting CVar [[r.SSS.Scale:1]]
[2021.02.19-18.38.50:784][  0]LogConfig: Setting CVar [[r.SSS.SampleSet:2]]
[2021.02.19-18.38.50:784][  0]LogConfig: Setting CVar [[r.SSS.Quality:1]]
[2021.02.19-18.38.50:784][  0]LogConfig: Setting CVar [[r.SSS.HalfRes:0]]
[2021.02.19-18.38.50:785][  0]LogConfig: Setting CVar [[r.SSGI.Quality:3]]
[2021.02.19-18.38.50:785][  0]LogConfig: Setting CVar [[r.EmitterSpawnRateScale:1.0]]
[2021.02.19-18.38.50:785][  0]LogConfig: Setting CVar [[r.ParticleLightQuality:2]]
[2021.02.19-18.38.50:785][  0]LogConfig: Setting CVar [[r.SkyAtmosphere.AerialPerspectiveLUT.FastApplyOnOpaque:1 ; Always have FastSkyLUT 1 in this case to avoid wrong sky]]
[2021.02.19-18.38.50:785][  0]LogConfig: Setting CVar [[r.SkyAtmosphere.AerialPerspectiveLUT.SampleCountPerSlice:1]]
[2021.02.19-18.38.50:785][  0]LogConfig: Setting CVar [[r.SkyAtmosphere.AerialPerspectiveLUT.DepthResolution:16.0]]
[2021.02.19-18.38.50:785][  0]LogConfig: Setting CVar [[r.SkyAtmosphere.FastSkyLUT:1]]
[2021.02.19-18.38.50:785][  0]LogConfig: Setting CVar [[r.SkyAtmosphere.FastSkyLUT.SampleCountMin:4.0]]
[2021.02.19-18.38.50:785][  0]LogConfig: Setting CVar [[r.SkyAtmosphere.FastSkyLUT.SampleCountMax:32.0]]
[2021.02.19-18.38.50:785][  0]LogConfig: Setting CVar [[r.SkyAtmosphere.SampleCountMin:4.0]]
[2021.02.19-18.38.50:785][  0]LogConfig: Setting CVar [[r.SkyAtmosphere.SampleCountMax:32.0]]
[2021.02.19-18.38.50:785][  0]LogConfig: Setting CVar [[r.SkyAtmosphere.TransmittanceLUT.UseSmallFormat:0]]
[2021.02.19-18.38.50:785][  0]LogConfig: Setting CVar [[r.SkyAtmosphere.TransmittanceLUT.SampleCount:10.0]]
[2021.02.19-18.38.50:785][  0]LogConfig: Setting CVar [[r.SkyAtmosphere.MultiScatteringLUT.SampleCount:15.0]]
[2021.02.19-18.38.50:785][  0]LogConfig: Applying CVar settings from Section [FoliageQuality@3] File [C:/Users/Morgan/Desktop/UnrealAI/UnrealAI/Saved/Config/Windows/Scalability.ini]
[2021.02.19-18.38.50:785][  0]LogConfig: Setting CVar [[foliage.DensityScale:1.0]]
[2021.02.19-18.38.50:785][  0]LogConfig: Setting CVar [[grass.DensityScale:1.0]]
[2021.02.19-18.38.50:785][  0]LogConfig: Applying CVar settings from Section [ShadingQuality@3] File [C:/Users/Morgan/Desktop/UnrealAI/UnrealAI/Saved/Config/Windows/Scalability.ini]
[2021.02.19-18.38.50:785][  0]LogConfig: Setting CVar [[r.HairStrands.SkyLighting.SampleCount:16]]
[2021.02.19-18.38.50:785][  0]LogConfig: Setting CVar [[r.HairStrands.SkyLighting.JitterIntegration:0]]
[2021.02.19-18.38.50:785][  0]LogConfig: Setting CVar [[r.HairStrands.SkyAO.SampleCount:16]]
[2021.02.19-18.38.50:785][  0]LogConfig: Setting CVar [[r.HairStrands.DeepShadow.SuperSampling:0]]
[2021.02.19-18.38.50:785][  0]LogConfig: Setting CVar [[r.HairStrands.VisibilityPPLL:0]]
[2021.02.19-18.38.50:785][  0]LogConfig: Setting CVar [[r.HairStrands.RasterizationScale:0.5]]
[2021.02.19-18.38.50:785][  0]LogConfig: Setting CVar [[r.HairStrands.VelocityRasterizationScale:1]]
[2021.02.19-18.38.50:786][  0]LogConfig: Applying CVar settings from Section [Startup] File [../../../Engine/Config/ConsoleVariables.ini]
[2021.02.19-18.38.50:786][  0]LogConfig: Setting CVar [[net.UseAdaptiveNetUpdateFrequency:0]]
[2021.02.19-18.38.50:786][  0]LogConfig: Setting CVar [[p.chaos.AllowCreatePhysxBodies:1]]
[2021.02.19-18.38.50:786][  0]LogConfig: Setting CVar [[fx.SkipVectorVMBackendOptimizations:1]]
[2021.02.19-18.38.50:786][  0]LogConfig: Applying CVar settings from Section [ConsoleVariables] File [C:/Users/Morgan/Desktop/UnrealAI/UnrealAI/Saved/Config/Windows/Engine.ini]
[2021.02.19-18.38.50:786][  0]LogInit: Computer: DESKTOP-A1LV5LA
[2021.02.19-18.38.50:786][  0]LogInit: User: Morgan
[2021.02.19-18.38.50:786][  0]LogInit: CPU Page size=4096, Cores=10
[2021.02.19-18.38.50:786][  0]LogInit: High frequency timer resolution =10.000000 MHz
[2021.02.19-18.38.50:786][  0]LogMemory: Memory total: Physical=31.9GB (32GB approx)
[2021.02.19-18.38.50:786][  0]LogMemory: Platform Memory Stats for Windows
[2021.02.19-18.38.50:786][  0]LogMemory: Process Physical Memory: 118.12 MB used, 118.13 MB peak
[2021.02.19-18.38.50:786][  0]LogMemory: Process Virtual Memory: 107.21 MB used, 107.21 MB peak
[2021.02.19-18.38.50:787][  0]LogMemory: Physical Memory: 10990.71 MB used,  21674.89 MB free, 32665.60 MB total
[2021.02.19-18.38.50:787][  0]LogMemory: Virtual Memory: 5217.39 MB used,  134212512.00 MB free, 134217728.00 MB total
[2021.02.19-18.38.50:794][  0]LogWindows: WindowsPlatformFeatures enabled
[2021.02.19-18.38.50:974][  0]LogInit: Physics initialised using underlying interface: PhysX
[2021.02.19-18.38.50:975][  0]LogInit: Using OS detected language (en-GB).
[2021.02.19-18.38.50:975][  0]LogInit: Using OS detected locale (en-GB).
[2021.02.19-18.38.50:982][  0]LogTextLocalizationManager: No specific localization for 'en-GB' exists, so the 'en' localization will be used.
[2021.02.19-18.38.51:130][  0]LogInit: Setting process to per monitor DPI aware
[2021.02.19-18.38.51:181][  0]LogSlate: New Slate User Created.  User Index 0, Is Virtual User: 0
[2021.02.19-18.38.51:182][  0]LogSlate: Slate User Registered.  User Index 0, Is Virtual User: 0
[2021.02.19-18.38.51:317][  0]LogHMD: Failed to initialize OpenVR with code 110
[2021.02.19-18.38.51:317][  0]LogD3D11RHI: D3D11 min allowed feature level: 11_0
[2021.02.19-18.38.51:317][  0]LogD3D11RHI: D3D11 max allowed feature level: 11_0
[2021.02.19-18.38.51:317][  0]LogD3D11RHI: D3D11 adapters:
[2021.02.19-18.38.51:425][  0]LogD3D11RHI:    0. 'NVIDIA GeForce RTX 3090' (Feature Level 11_0)
[2021.02.19-18.38.51:425][  0]LogD3D11RHI:       24348/0/16332 MB DedicatedVideo/DedicatedSystem/SharedSystem, Outputs:2, VendorId:0x10de
[2021.02.19-18.38.51:429][  0]LogD3D11RHI:    1. 'Microsoft Basic Render Driver' (Feature Level 11_0)
[2021.02.19-18.38.51:429][  0]LogD3D11RHI:       0/0/16332 MB DedicatedVideo/DedicatedSystem/SharedSystem, Outputs:0, VendorId:0x1414
[2021.02.19-18.38.51:429][  0]LogD3D11RHI: Chosen D3D11 Adapter: 0
[2021.02.19-18.38.51:435][  0]LogD3D11RHI: Creating new Direct3DDevice
[2021.02.19-18.38.51:435][  0]LogD3D11RHI:     GPU DeviceId: 0x2204 (for the marketing name, search the web for "GPU Device Id")
[2021.02.19-18.38.51:435][  0]LogWindows: EnumDisplayDevices:
[2021.02.19-18.38.51:435][  0]LogWindows:    0. 'NVIDIA GeForce RTX 3090' (P:1 D:1)
[2021.02.19-18.38.51:436][  0]LogWindows:    1. 'NVIDIA GeForce RTX 3090' (P:0 D:1)
[2021.02.19-18.38.51:436][  0]LogWindows:    2. 'NVIDIA GeForce RTX 3090' (P:0 D:0)
[2021.02.19-18.38.51:436][  0]LogWindows:    3. 'NVIDIA GeForce RTX 3090' (P:0 D:0)
[2021.02.19-18.38.51:437][  0]LogWindows: DebugString: FoundDriverCount:4 
[2021.02.19-18.38.51:437][  0]LogD3D11RHI:     Adapter Name: NVIDIA GeForce RTX 3090
[2021.02.19-18.38.51:437][  0]LogD3D11RHI:   Driver Version: 461.40 (internal:27.21.14.6140, unified:461.40)
[2021.02.19-18.38.51:437][  0]LogD3D11RHI:      Driver Date: 1-22-2021
[2021.02.19-18.38.51:437][  0]LogRHI: Texture pool is 17043 MB (70% of 24348 MB)
[2021.02.19-18.38.51:519][  0]LogD3D11RHI: RHI has support for 64 bit atomics
[2021.02.19-18.38.51:519][  0]LogD3D11RHI: Async texture creation enabled
[2021.02.19-18.38.51:519][  0]LogD3D11RHI: Array index from any shader is supported
[2021.02.19-18.38.51:533][  0]LogD3D11RHI: GPU Timing Frequency: 1000.000000 (Debug: 2 1)
[2021.02.19-18.38.51:840][  0]LogTargetPlatformManager: Display: Loaded TargetPlatform 'AllDesktop'
[2021.02.19-18.38.51:864][  0]LogTargetPlatformManager: Display: Loaded TargetPlatform 'Android'
[2021.02.19-18.38.51:864][  0]LogTargetPlatformManager: Display: Loaded TargetPlatform 'Android_ASTC'
[2021.02.19-18.38.51:864][  0]LogTargetPlatformManager: Display: Loaded TargetPlatform 'Android_DXT'
[2021.02.19-18.38.51:864][  0]LogTargetPlatformManager: Display: Loaded TargetPlatform 'Android_ETC2'
[2021.02.19-18.38.51:864][  0]LogTargetPlatformManager: Display: Loaded TargetPlatform 'AndroidClient'
[2021.02.19-18.38.51:864][  0]LogTargetPlatformManager: Display: Loaded TargetPlatform 'Android_ASTCClient'
[2021.02.19-18.38.51:864][  0]LogTargetPlatformManager: Display: Loaded TargetPlatform 'Android_DXTClient'
[2021.02.19-18.38.51:864][  0]LogTargetPlatformManager: Display: Loaded TargetPlatform 'Android_ETC2Client'
[2021.02.19-18.38.51:864][  0]LogTargetPlatformManager: Display: Loaded TargetPlatform 'Android_Multi'
[2021.02.19-18.38.51:864][  0]LogTargetPlatformManager: Display: Loaded TargetPlatform 'Android_MultiClient'
[2021.02.19-18.38.51:893][  0]LogTargetPlatformManager: Display: Loaded TargetPlatform 'IOSClient'
[2021.02.19-18.38.51:893][  0]LogTargetPlatformManager: Display: Loaded TargetPlatform 'IOS'
[2021.02.19-18.38.51:904][  0]LogTargetPlatformManager: Display: Loaded TargetPlatform 'Linux'
[2021.02.19-18.38.51:915][  0]LogTargetPlatformManager: Display: Loaded TargetPlatform 'LinuxNoEditor'
[2021.02.19-18.38.51:925][  0]LogTargetPlatformManager: Display: Loaded TargetPlatform 'LinuxClient'
[2021.02.19-18.38.51:936][  0]LogTargetPlatformManager: Display: Loaded TargetPlatform 'LinuxServer'
[2021.02.19-18.38.51:947][  0]LogTargetPlatformManager: Display: Loaded TargetPlatform 'LinuxAArch64NoEditor'
[2021.02.19-18.38.51:956][  0]LogTargetPlatformManager: Display: Loaded TargetPlatform 'LinuxAArch64Client'
[2021.02.19-18.38.51:967][  0]LogTargetPlatformManager: Display: Loaded TargetPlatform 'LinuxAArch64Server'
[2021.02.19-18.38.51:994][  0]LogTargetPlatformManager: Display: Loaded TargetPlatform 'Lumin'
[2021.02.19-18.38.51:995][  0]LogTargetPlatformManager: Display: Loaded TargetPlatform 'LuminClient'
[2021.02.19-18.38.52:012][  0]LogTargetPlatformManager: Display: Loaded TargetPlatform 'TVOSClient'
[2021.02.19-18.38.52:012][  0]LogTargetPlatformManager: Display: Loaded TargetPlatform 'TVOS'
[2021.02.19-18.38.52:022][  0]LogTargetPlatformManager: Display: Loaded TargetPlatform 'WindowsNoEditor'
[2021.02.19-18.38.52:033][  0]LogTargetPlatformManager: Display: Loaded TargetPlatform 'Windows'
[2021.02.19-18.38.52:043][  0]LogTargetPlatformManager: Display: Loaded TargetPlatform 'WindowsClient'
[2021.02.19-18.38.52:054][  0]LogTargetPlatformManager: Display: Loaded TargetPlatform 'WindowsServer'
[2021.02.19-18.38.52:054][  0]LogTargetPlatformManager: Display: Building Assets For Windows
[2021.02.19-18.38.52:066][  0]LogAudioDebug: Display: Lib vorbis DLL was dynamically loaded.
[2021.02.19-18.38.52:151][  0]LogShaderCompilers: Guid format shader working directory is -9 characters bigger than the processId version (../../../../../../Users/Morgan/Desktop/UnrealAI/UnrealAI/Intermediate/Shaders/WorkingDirectory/3292/).
[2021.02.19-18.38.52:151][  0]LogShaderCompilers: Cleaned the shader compiler working directory 'C:/Users/Morgan/AppData/Local/Temp/UnrealShaderWorkingDir/D70AE6D642FB592E49D77396019F457D/'.
[2021.02.19-18.38.52:152][  0]LogXGEController: Cleaning working directory: C:/Users/Morgan/AppData/Local/Temp/UnrealXGEWorkingDir/
[2021.02.19-18.38.52:152][  0]LogXGEController: Cannot use XGE Controller as Incredibuild is not installed on this machine.
[2021.02.19-18.38.52:152][  0]LogShaderCompilers: Cannot use XGE Shader Compiler as Incredibuild is not installed on this machine.
[2021.02.19-18.38.52:152][  0]LogShaderCompilers: Display: Using Local Shader Compiler.
[2021.02.19-18.38.52:897][  0]LogDerivedDataCache: Display: Max Cache Size: 512 MB
[2021.02.19-18.38.52:942][  0]LogDerivedDataCache: Loaded boot cache 0.04s 79MB C:/Users/Morgan/AppData/Local/UnrealEngine/4.25/DerivedDataCache/Boot.ddc.
[2021.02.19-18.38.52:942][  0]LogDerivedDataCache: Display: Loaded Boot cache: C:/Users/Morgan/AppData/Local/UnrealEngine/4.25/DerivedDataCache/Boot.ddc
[2021.02.19-18.38.52:942][  0]LogDerivedDataCache: FDerivedDataBackendGraph:  Pak pak cache file ../../../../../../Users/Morgan/Desktop/UnrealAI/UnrealAI/DerivedDataCache/DDC.ddp not found, will not use a pak cache.
[2021.02.19-18.38.52:942][  0]LogDerivedDataCache: Unable to find inner node Pak for hierarchical cache Hierarchy.
[2021.02.19-18.38.52:942][  0]LogDerivedDataCache: FDerivedDataBackendGraph:  CompressedPak pak cache file ../../../../../../Users/Morgan/Desktop/UnrealAI/UnrealAI/DerivedDataCache/Compressed.ddp not found, will not use a pak cache.
[2021.02.19-18.38.52:942][  0]LogDerivedDataCache: Unable to find inner node CompressedPak for hierarchical cache Hierarchy.
[2021.02.19-18.38.52:952][  0]LogDerivedDataCache: Display: Pak cache opened for reading ../../../Engine/DerivedDataCache/Compressed.ddp.
[2021.02.19-18.38.52:952][  0]LogDerivedDataCache: FDerivedDataBackendGraph:  EnterprisePak pak cache file ../../../Enterprise/DerivedDataCache/Compressed.ddp not found, will not use a pak cache.
[2021.02.19-18.38.52:952][  0]LogDerivedDataCache: Unable to find inner node EnterprisePak for hierarchical cache Hierarchy.
[2021.02.19-18.38.52:954][  0]LogDerivedDataCache: Using Local data cache path C:/Users/Morgan/AppData/Local/UnrealEngine/Common/DerivedDataCache: Writable
[2021.02.19-18.38.52:954][  0]LogDerivedDataCache: Shared data cache path not found in *engine.ini, will not use an Shared cache.
[2021.02.19-18.38.52:954][  0]LogDerivedDataCache: Unable to find inner node Shared for hierarchical cache Hierarchy.
[2021.02.19-18.38.53:001][  0]LogSlate: Using FreeType 2.10.0
[2021.02.19-18.38.53:002][  0]LogSlate: SlateFontServices - WITH_FREETYPE: 1, WITH_HARFBUZZ: 1
[2021.02.19-18.38.53:024][  0]LogAssetRegistry: FAssetRegistry took 0.0035 seconds to start up
[2021.02.19-18.38.53:229][  0]LogInit: Selected Device Profile: [Windows]
[2021.02.19-18.38.53:352][  0]LogMeshReduction: Using QuadricMeshReduction for automatic static mesh reduction
[2021.02.19-18.38.53:352][  0]LogMeshReduction: Using SimplygonMeshReduction for automatic skeletal mesh reduction
[2021.02.19-18.38.53:352][  0]LogMeshReduction: Using ProxyLODMeshReduction for automatic mesh merging
[2021.02.19-18.38.53:352][  0]LogMeshReduction: No distributed automatic mesh merging module available
[2021.02.19-18.38.53:352][  0]LogMeshMerging: No distributed automatic mesh merging module available
[2021.02.19-18.38.53:368][  0]LogNetVersion: UnrealAI 1.0.0, NetCL: 13144385, EngineNetVer: 14, GameNetVer: 0 (Checksum: 2221238871)
[2021.02.19-18.38.53:722][  0]LogAISub: UAISubsystem::UAISubsystem AISubsystem (00000259284A7880), frame # 0
[2021.02.19-18.38.53:722][  0]LogAISub: UAISubsystem::UAISubsystem AIPerceptionSystem (00000259284AEAC0), frame # 0
[2021.02.19-18.38.53:724][  0]LogAISub: UAISubsystem::UAISubsystem EnvQueryManager (0000025928509E00), frame # 0
[2021.02.19-18.38.53:784][  0]LogPackageLocalizationCache: Processed 20 localized package path(s) for 1 prioritized culture(s) in 0.055544 seconds
[2021.02.19-18.38.53:788][  0]LogUObjectArray: 15917 objects as part of root set at end of initial load.
[2021.02.19-18.38.53:788][  0]LogUObjectAllocator: 3965568 out of 0 bytes used by permanent object pool.
[2021.02.19-18.38.53:788][  0]LogUObjectArray: CloseDisregardForGC: 0/0 objects in disregard for GC pool
[2021.02.19-18.38.54:207][  0]LogTcpMessaging: Initializing TcpMessaging bridge
[2021.02.19-18.38.54:213][  0]LogUdpMessaging: Initializing bridge on interface 0.0.0.0:0 to multicast group 230.0.0.1:6666.
[2021.02.19-18.38.54:458][  0]SourceControl: Source control is disabled
[2021.02.19-18.38.54:458][  0]SourceControl: Source control is disabled
[2021.02.19-18.38.54:463][  0]SourceControl: Source control is disabled
[2021.02.19-18.38.54:467][  0]SourceControl: Source control is disabled
[2021.02.19-18.38.54:478][  0]SourceControl: Source control is disabled
[2021.02.19-18.38.54:820][  0]LogAndroidPermission: UAndroidPermissionCallbackProxy::GetInstance
[2021.02.19-18.38.54:848][  0]LogAudioCaptureCore: Display: No Audio Capture implementations found. Audio input will be silent.
[2021.02.19-18.38.54:848][  0]LogAudioCaptureCore: Display: No Audio Capture implementations found. Audio input will be silent.
[2021.02.19-18.38.54:905][  0]LogOcInput: OculusInput pre-init called
[2021.02.19-18.38.54:919][  0]LogWindows: Failed to load 'OVRPlugin.dll' (GetLastError=126)
[2021.02.19-18.38.54:919][  0]LogWindows: File 'OVRPlugin.dll' does not exist
[2021.02.19-18.38.55:172][  0]LogEngine: Initializing Engine...
[2021.02.19-18.38.55:173][  0]LogHMD: Failed to initialize OpenVR with code 110
[2021.02.19-18.38.55:173][  0]LogMagicLeap: Warning: VR disabled because ZI is not enabled.  To enable, in the editor, Edit -> Project Settings -> Plugins -> Magic Leap Plugin -> Enable Zero Iteration
[2021.02.19-18.38.55:174][  0]LogStats: UGameplayTagsManager::InitializeManager -  0.000 s
[2021.02.19-18.38.55:275][  0]LogInit: Initializing FReadOnlyCVARCache
[2021.02.19-18.38.55:283][  0]LogAIModule: Creating AISystem for world Untitled
[2021.02.19-18.38.55:283][  0]LogAISub: UAISubsystem::UAISubsystem EnvQueryManager (0000025922003C00), frame # 0
[2021.02.19-18.38.55:284][  0]LogAISub: UAISubsystem::UAISubsystem AIPerceptionSystem (0000025922069800), frame # 0
[2021.02.19-18.38.55:298][  0]LogAudioMixer: Display: Audio Mixer Platform Settings:
[2021.02.19-18.38.55:298][  0]LogAudioMixer: Display: 	Sample Rate:						  48000
[2021.02.19-18.38.55:298][  0]LogAudioMixer: Display: 	Callback Buffer Frame Size Requested: 1024
[2021.02.19-18.38.55:298][  0]LogAudioMixer: Display: 	Callback Buffer Frame Size To Use:	  1024
[2021.02.19-18.38.55:298][  0]LogAudioMixer: Display: 	Number of buffers to queue:			  2
[2021.02.19-18.38.55:298][  0]LogAudioMixer: Display: 	Max Channels (voices):				  32
[2021.02.19-18.38.55:298][  0]LogAudioMixer: Display: 	Number of Async Source Workers:		  0
[2021.02.19-18.38.55:298][  0]LogAudio: Display: AudioDevice MaxSources: 32
[2021.02.19-18.38.55:298][  0]LogAudio: Display: Using built-in audio occlusion.
[2021.02.19-18.38.55:298][  0]LogAudioMixer: Display: Initializing audio mixer.
[2021.02.19-18.38.55:314][  0]LogAudioMixer: Display: 0: FrontLeft
[2021.02.19-18.38.55:314][  0]LogAudioMixer: Display: 1: FrontRight
[2021.02.19-18.38.55:547][  0]LogAudioMixer: Display: Using Audio Device Speakers (Realtek(R) Audio)
[2021.02.19-18.38.55:548][  0]LogAudioMixer: Display: Initializing Sound Submixes...
[2021.02.19-18.38.55:551][  0]LogAudioMixer: Display: Creating Master Submix 'MasterSubmixDefault'
[2021.02.19-18.38.55:551][  0]LogAudioMixer: Display: Creating Master Submix 'MasterReverbSubmixDefault'
[2021.02.19-18.38.55:552][  0]LogAudioMixer: Display: Creating Master Submix 'MasterEQSubmixDefault'
[2021.02.19-18.38.55:553][  0]LogInit: FAudioDevice initialized.
[2021.02.19-18.38.55:553][  0]LogNetVersion: Set ProjectVersion to 1.0.0.0. Version Checksum will be recalculated on next use.
[2021.02.19-18.38.55:591][  0]LogDerivedDataCache: Saved boot cache 0.04s 79MB C:/Users/Morgan/AppData/Local/UnrealEngine/4.25/DerivedDataCache/Boot.ddc.
[2021.02.19-18.38.55:593][  0]LogInit: Texture streaming: Enabled
[2021.02.19-18.38.55:615][  0]LogEngineSessionManager: EngineSessionManager initialized
[2021.02.19-18.38.55:615][  0]LogEngineSessionManager: EngineSessionManager sent abnormal shutdown report. Type=Debugger, SessionId={2555BA48-4E96-3F8F-EE93-C58C9B4EC9D5}
[2021.02.19-18.38.55:615][  0]LogEngineSessionManager: EngineSessionManager sent abnormal shutdown report. Type=Debugger, SessionId={7A798512-4284-D229-E868-75916D038D1E}
[2021.02.19-18.38.55:615][  0]LogEditorSessionSummary: Verbose: Initializing EditorSessionSummaryWriter for editor session tracking
[2021.02.19-18.38.55:617][  0]LogEditorSessionSummary: EditorSessionSummaryWriter initialized
[2021.02.19-18.38.55:632][  0]LogInit: Transaction tracking system initialized
[2021.02.19-18.38.55:659][  0]BlueprintLog: New page: Editor Load
[2021.02.19-18.38.55:749][  0]LocalizationService: Localization service is disabled
[2021.02.19-18.38.55:917][  0]LogCook: Display: Max memory allowance for cook 16384mb min free memory 0mb
[2021.02.19-18.38.55:917][  0]LogCook: Display: Mobile HDR setting 1
[2021.02.19-18.38.55:957][  0]LogFileCache: Scanning file cache for directory 'C:/Users/Morgan/Desktop/UnrealAI/UnrealAI/Content/' took 0.01s
[2021.02.19-18.38.56:234][  0]SourceControl: Source control is disabled
[2021.02.19-18.38.56:234][  0]LogUnrealEdMisc: Loading editor; pre map load, took 7.263
[2021.02.19-18.38.56:234][  0]Cmd: MAP LOAD FILE="../../../../../../Users/Morgan/Desktop/UnrealAI/UnrealAI/Content/Maps/AI_02.umap" TEMPLATE=0 SHOWPROGRESS=1 FEATURELEVEL=3
[2021.02.19-18.38.56:234][  0]LightingResults: New page: Lighting Build
[2021.02.19-18.38.56:235][  0]LogWorld: UWorld::CleanupWorld for Untitled, bSessionEnded=true, bCleanupResources=true
[2021.02.19-18.38.56:235][  0]LogSlate: InvalidateAllWidgets triggered.  All widgets were invalidated
[2021.02.19-18.38.56:235][  0]MapCheck: New page: Map Check
[2021.02.19-18.38.56:235][  0]LightingResults: New page: Lighting Build
[2021.02.19-18.38.56:248][  0]LogAISub: UAISubsystem::~UAISubsystem EnvQueryManager (0000025922003C00), frame # 0
[2021.02.19-18.38.56:249][  0]LogAISub: UAISubsystem::~UAISubsystem AIPerceptionSystem (0000025922069800), frame # 0
[2021.02.19-18.38.56:249][  0]LogUObjectHash: Compacting FUObjectHashTables data took   0.75ms
[2021.02.19-18.38.56:352][  0]LogAIModule: Creating AISystem for world AI_02
[2021.02.19-18.38.56:353][  0]LogAISub: UAISubsystem::UAISubsystem EnvQueryManager (0000025919694A00), frame # 0
[2021.02.19-18.38.56:353][  0]LogAISub: UAISubsystem::UAISubsystem AIPerceptionSystem (000002592C4D8CC0), frame # 0
[2021.02.19-18.38.56:357][  0]LogEditorServer: Finished looking for orphan Actors (0.000 secs)
[2021.02.19-18.38.56:376][  0]LogUObjectHash: Compacting FUObjectHashTables data took   0.73ms
[2021.02.19-18.38.56:376][  0]Cmd: MAP CHECKDEP NOCLEARLOG
[2021.02.19-18.38.56:376][  0]MapCheck: Map check complete: 0 Error(s), 0 Warning(s), took 0.147ms to complete.
[2021.02.19-18.38.56:376][  0]LogFileHelpers: Loading map 'AI_02' took 0.142
[2021.02.19-18.38.56:379][  0]LogUnrealEdMisc: Total Editor Startup Time, took 7.407
[2021.02.19-18.38.56:512][  0]LogSlate: Updating window title bar state: overlay mode, drag disabled, window buttons hidden, title bar hidden
[2021.02.19-18.38.56:518][  0]LogSlate: Updating window title bar state: overlay mode, drag disabled, window buttons hidden, title bar hidden
[2021.02.19-18.38.56:524][  0]LogSlate: Updating window title bar state: overlay mode, drag disabled, window buttons hidden, title bar hidden
[2021.02.19-18.38.56:530][  0]LogSlate: Updating window title bar state: overlay mode, drag disabled, window buttons hidden, title bar hidden
[2021.02.19-18.38.56:538][  0]LogCollectionManager: Loaded 0 collections in 0.001464 seconds
[2021.02.19-18.38.56:554][  0]LogFileCache: Scanning file cache for directory 'C:/Users/Morgan/Desktop/UnrealAI/UnrealAI/Saved/Collections/' took 0.00s
[2021.02.19-18.38.56:555][  0]LogFileCache: Scanning file cache for directory 'C:/Users/Morgan/Desktop/UnrealAI/UnrealAI/Content/Developers/Morgan/Collections/' took 0.00s
[2021.02.19-18.38.56:555][  0]LogFileCache: Scanning file cache for directory 'C:/Users/Morgan/Desktop/UnrealAI/UnrealAI/Content/Collections/' took 0.00s
[2021.02.19-18.38.56:555][  0]LogContentBrowser: Native class hierarchy populated in 0.0082 seconds. Added 3437 classes and 833 folders.
[2021.02.19-18.38.56:558][  0]LogContentBrowser: Native class hierarchy updated for 'WidgetCarousel' in 0.0003 seconds. Added 0 classes and 0 folders.
[2021.02.19-18.38.56:616][  0]LogContentBrowser: Native class hierarchy updated for 'AddContentDialog' in 0.0004 seconds. Added 0 classes and 0 folders.
[2021.02.19-18.38.56:626][  0]LogContentBrowser: Native class hierarchy updated for 'SceneOutliner' in 0.0003 seconds. Added 2 classes and 0 folders.
[2021.02.19-18.38.56:675][  0]LogSlate: Took 0.000140 seconds to synchronously load lazily loaded font '../../../Engine/Content/Slate/Fonts/Roboto-Regular.ttf' (155K)
[2021.02.19-18.38.56:679][  0]LogSlate: Took 0.000136 seconds to synchronously load lazily loaded font '../../../Engine/Content/Editor/Slate/Fonts/FontAwesome.ttf' (139K)
[2021.02.19-18.38.56:739][  0]LogRenderer: Reallocating scene render targets to support 2040x840 Format 10 NumSamples 1 (Frame:1).
[2021.02.19-18.38.56:813][  0]LogContentBrowser: Native class hierarchy updated for 'HierarchicalLODOutliner' in 0.0004 seconds. Added 0 classes and 0 folders.
[2021.02.19-18.38.56:813][  0]LogLoad: (Engine Initialization) Total time: 7.84 seconds
[2021.02.19-18.38.56:814][  0]LogLoad: (Engine Initialization) Total Blueprint compile time: 0.00 seconds
[2021.02.19-18.38.56:862][  0]LogAssetRegistry: Asset discovery search completed in 3.8397 seconds
[2021.02.19-18.38.56:866][  0]LogCollectionManager: Fixed up redirectors for 0 collections in 0.000002 seconds (updated 0 objects)
[2021.02.19-18.38.56:867][  0]LogContentStreaming: Texture pool size now 1000 MB
[2021.02.19-18.39.08:860][230]LogSlate: Took 0.000131 seconds to synchronously load lazily loaded font '../../../Engine/Content/Slate/Fonts/Roboto-Light.ttf' (167K)
[2021.02.19-18.39.08:926][230]LogSlate: WidgetSwitcher ('None') active index changed to -1
[2021.02.19-18.39.08:927][230]LogSlate: WidgetSwitcher ('None') active index changed to 1
[2021.02.19-18.39.08:973][230]LogSlate: Took 0.000143 seconds to synchronously load lazily loaded font '../../../Engine/Content/Slate/Fonts/Roboto-BoldCondensed.ttf' (158K)
[2021.02.19-18.39.19:264][408]LogAssetEditorSubsystem: Opening Asset editor for Blueprint /Game/AI/AI_02/NPC0.NPC0
[2021.02.19-18.39.19:476][408]LogContentBrowser: Native class hierarchy updated for 'BlueprintGraph' in 0.0006 seconds. Added 125 classes and 0 folders.
[2021.02.19-18.39.20:260][408]LogSlate: Window 'Add Blueprint Class' being destroyed
[2021.02.19-18.39.21:266][498]LogSlate: Took 0.000196 seconds to synchronously load lazily loaded font '../../../Engine/Content/Slate/Fonts/Roboto-Italic.ttf' (157K)
[2021.02.19-18.39.21:969][573]Cmd: OBJ SAVEPACKAGE PACKAGE="/Game/AI/AI_02/NPC0" FILE="../../../../../../Users/Morgan/Desktop/UnrealAI/UnrealAI/Content/AI/AI_02/NPC0.uasset" SILENT=true
[2021.02.19-18.39.21:976][573]LogSavePackage: Moving '../../../../../../Users/Morgan/Desktop/UnrealAI/UnrealAI/Saved/NPC012691E0C4FBAE241FBB8AB80C5A2E6A5.tmp' to '../../../../../../Users/Morgan/Desktop/UnrealAI/UnrealAI/Content/AI/AI_02/NPC0.uasset'
[2021.02.19-18.39.21:989][573]AssetCheck: New page: Asset Save: NPC0
[2021.02.19-18.39.21:989][573]LogContentValidation: Display: Validating Blueprint /Game/AI/AI_02/NPC0.NPC0
[2021.02.19-18.39.33:419][850]LogSlate: Prevented a slow task dialog from being summoned while a context menu was open
[2021.02.19-18.40.02:737][142]LogMaterial: Display: Missing cached shader map for material Material_0, compiling. 
[2021.02.19-18.40.02:795][143]LogShaderCompilers: Display: Worker (1/17): shaders left to compile 34
[2021.02.19-18.40.02:795][143]LogShaderCompilers: Display: Worker (2/17): shaders left to compile 31
[2021.02.19-18.40.02:795][143]LogShaderCompilers: Display: Worker (3/17): shaders left to compile 28
[2021.02.19-18.40.02:795][143]LogShaderCompilers: Display: Worker (4/17): shaders left to compile 25
[2021.02.19-18.40.02:795][143]LogShaderCompilers: Display: Worker (5/17): shaders left to compile 22
[2021.02.19-18.40.02:795][143]LogShaderCompilers: Display: Worker (6/17): shaders left to compile 19
[2021.02.19-18.40.02:795][143]LogShaderCompilers: Display: Worker (7/17): shaders left to compile 16
[2021.02.19-18.40.02:796][143]LogShaderCompilers: Display: Worker (8/17): shaders left to compile 13
[2021.02.19-18.40.02:796][143]LogShaderCompilers: Display: Worker (9/17): shaders left to compile 10
[2021.02.19-18.40.02:796][143]LogShaderCompilers: Display: Worker (10/17): shaders left to compile 7
[2021.02.19-18.40.02:796][143]LogShaderCompilers: Display: Worker (11/17): shaders left to compile 4
[2021.02.19-18.40.02:796][143]LogShaderCompilers: Display: Worker (12/17): shaders left to compile 1
[2021.02.19-18.40.02:806][143]LogMaterial: Display: Missing cached shader map for material Material_1, compiling. 
[2021.02.19-18.40.02:845][144]LogMaterial: Display: Missing cached shader map for material Material_2, compiling. 
[2021.02.19-18.40.02:886][145]LogShaderCompilers: Display: Worker (13/17): shaders left to compile 68
[2021.02.19-18.40.02:886][145]LogShaderCompilers: Display: Worker (14/17): shaders left to compile 63
[2021.02.19-18.40.02:886][145]LogShaderCompilers: Display: Worker (15/17): shaders left to compile 58
[2021.02.19-18.40.02:886][145]LogShaderCompilers: Display: Worker (16/17): shaders left to compile 53
[2021.02.19-18.40.02:890][145]LogMaterial: Display: Missing cached shader map for material Material_3, compiling. 
[2021.02.19-18.40.03:254][170]LogShaderCompilers: Display: Worker (12/17): shaders left to compile 82
[2021.02.19-18.40.03:990][203]LogShaderCompilers: Display: Worker (9/17): shaders left to compile 76
[2021.02.19-18.40.04:057][204]LogShaderCompilers: Display: Worker (4/17): shaders left to compile 71
[2021.02.19-18.40.04:058][204]LogShaderCompilers: Display: Worker (2/17): shaders left to compile 66
[2021.02.19-18.40.04:192][205]LogShaderCompilers: Display: Worker (3/17): shaders left to compile 61
[2021.02.19-18.40.04:192][205]LogShaderCompilers: Display: Worker (8/17): shaders left to compile 57
[2021.02.19-18.40.04:408][209]LogShaderCompilers: Display: Worker (10/17): shaders left to compile 53
[2021.02.19-18.40.04:449][212]LogShaderCompilers: Display: Worker (6/17): shaders left to compile 49
[2021.02.19-18.40.04:450][212]LogShaderCompilers: Display: Worker (1/17): shaders left to compile 45
[2021.02.19-18.40.04:521][216]LogShaderCompilers: Display: Worker (7/17): shaders left to compile 42
[2021.02.19-18.40.04:555][217]LogShaderCompilers: Display: Worker (11/17): shaders left to compile 39
[2021.02.19-18.40.04:697][222]LogShaderCompilers: Display: Worker (14/17): shaders left to compile 36
[2021.02.19-18.40.04:717][223]LogShaderCompilers: Display: Worker (5/17): shaders left to compile 33
[2021.02.19-18.40.05:090][240]LogShaderCompilers: Display: Worker (13/17): shaders left to compile 30
[2021.02.19-18.40.05:303][252]LogShaderCompilers: Display: Worker (16/17): shaders left to compile 28
[2021.02.19-18.40.05:518][264]LogShaderCompilers: Display: Worker (2/17): shaders left to compile 26
[2021.02.19-18.40.05:639][272]LogShaderCompilers: Display: Worker (15/17): shaders left to compile 24
[2021.02.19-18.40.05:658][273]LogShaderCompilers: Display: Worker (7/17): shaders left to compile 22
[2021.02.19-18.40.05:721][277]LogShaderCompilers: Display: Worker (3/17): shaders left to compile 20
[2021.02.19-18.40.05:734][278]LogShaderCompilers: Display: Worker (1/17): shaders left to compile 18
[2021.02.19-18.40.05:735][278]LogShaderCompilers: Display: Worker (5/17): shaders left to compile 16
[2021.02.19-18.40.05:748][279]LogShaderCompilers: Display: Worker (12/17): shaders left to compile 14
[2021.02.19-18.40.05:775][281]LogShaderCompilers: Display: Worker (13/17): shaders left to compile 13
[2021.02.19-18.40.05:804][283]LogShaderCompilers: Display: Worker (10/17): shaders left to compile 12
[2021.02.19-18.40.05:820][284]LogShaderCompilers: Display: Worker (16/17): shaders left to compile 11
[2021.02.19-18.40.05:861][287]LogShaderCompilers: Display: Worker (4/17): shaders left to compile 10
[2021.02.19-18.40.05:984][294]LogShaderCompilers: Display: Worker (14/17): shaders left to compile 9
[2021.02.19-18.40.06:005][295]LogShaderCompilers: Display: Worker (13/17): shaders left to compile 8
[2021.02.19-18.40.06:166][303]LogShaderCompilers: Display: Worker (10/17): shaders left to compile 7
[2021.02.19-18.40.06:202][305]LogShaderCompilers: Display: Worker (8/17): shaders left to compile 6
[2021.02.19-18.40.06:202][305]LogShaderCompilers: Display: Worker (14/17): shaders left to compile 5
[2021.02.19-18.40.06:221][306]LogShaderCompilers: Display: Worker (11/17): shaders left to compile 4
[2021.02.19-18.40.06:239][307]LogShaderCompilers: Display: Worker (9/17): shaders left to compile 3
[2021.02.19-18.40.06:292][309]LogShaderCompilers: Display: Worker (2/17): shaders left to compile 2
[2021.02.19-18.40.06:340][312]LogShaderCompilers: Display: Worker (13/17): shaders left to compile 1
[2021.02.19-18.40.15:313][283]LogAssetEditorSubsystem: Opening Asset editor for Blueprint /Game/AI/AI_01/EnemyAI_01.EnemyAI_01
[2021.02.19-18.40.19:148][627]LogAssetEditorSubsystem: Opening Asset editor for Material /Game/AI/AI_Matierals/EnemyBaseMaterial.EnemyBaseMaterial
[2021.02.19-18.40.19:150][627]LogMaterial: Display: Missing cached shader map for material EnemyBaseMaterial, compiling. 
[2021.02.19-18.40.19:360][627]LogMaterial: Display: Missing cached shader map for material EnemyBaseMaterial, compiling. 
[2021.02.19-18.40.19:387][627]LogMaterial: Display: Missing cached shader map for material EnemyBaseMaterial, compiling. 
[2021.02.19-18.40.19:419][627]LogShaderCompilers: Display: Worker (1/17): shaders left to compile 66
[2021.02.19-18.40.19:420][627]LogShaderCompilers: Display: Worker (2/17): shaders left to compile 65
[2021.02.19-18.40.19:420][627]LogShaderCompilers: Display: Worker (3/17): shaders left to compile 64
[2021.02.19-18.40.19:420][627]LogShaderCompilers: Display: Worker (4/17): shaders left to compile 63
[2021.02.19-18.40.19:420][627]LogShaderCompilers: Display: Worker (5/17): shaders left to compile 62
[2021.02.19-18.40.19:420][627]LogShaderCompilers: Display: Worker (6/17): shaders left to compile 61
[2021.02.19-18.40.19:420][627]LogShaderCompilers: Display: Worker (7/17): shaders left to compile 60
[2021.02.19-18.40.19:420][627]LogShaderCompilers: Display: Worker (8/17): shaders left to compile 59
[2021.02.19-18.40.19:420][627]LogShaderCompilers: Display: Worker (9/17): shaders left to compile 58
[2021.02.19-18.40.19:420][627]LogShaderCompilers: Display: Worker (10/17): shaders left to compile 57
[2021.02.19-18.40.19:420][627]LogShaderCompilers: Display: Worker (11/17): shaders left to compile 56
[2021.02.19-18.40.19:420][627]LogShaderCompilers: Display: Worker (12/17): shaders left to compile 55
[2021.02.19-18.40.19:420][627]LogShaderCompilers: Display: Worker (13/17): shaders left to compile 54
[2021.02.19-18.40.19:420][627]LogShaderCompilers: Display: Worker (14/17): shaders left to compile 53
[2021.02.19-18.40.19:421][627]LogShaderCompilers: Display: Worker (15/17): shaders left to compile 52
[2021.02.19-18.40.19:421][627]LogShaderCompilers: Display: Worker (16/17): shaders left to compile 51
[2021.02.19-18.40.19:421][627]LogMaterial: Display: Missing cached shader map for material FMatExpressionPreview MaterialExpressionTextureSampleParameter2D_0, compiling. 
[2021.02.19-18.40.19:425][627]LogMaterial: Display: Missing cached shader map for material FMatExpressionPreview MaterialExpressionTextureSample_4, compiling. 
[2021.02.19-18.40.19:428][627]LogMaterial: Display: Missing cached shader map for material FMatExpressionPreview MaterialExpressionVectorParameter_3, compiling. 
[2021.02.19-18.40.19:622][630]LogShaderCompilers: Display: Worker (5/17): shaders left to compile 62
[2021.02.19-18.40.19:622][630]LogShaderCompilers: Display: Worker (8/17): shaders left to compile 61
[2021.02.19-18.40.19:672][633]LogShaderCompilers: Display: Worker (2/17): shaders left to compile 60
[2021.02.19-18.40.19:681][633]LogShaderCompilers: Display: Worker (14/17): shaders left to compile 59
[2021.02.19-18.40.19:699][634]LogShaderCompilers: Display: Worker (4/17): shaders left to compile 58
[2021.02.19-18.40.19:700][634]LogShaderCompilers: Display: Worker (3/17): shaders left to compile 57
[2021.02.19-18.40.19:737][635]LogShaderCompilers: Display: Worker (6/17): shaders left to compile 56
[2021.02.19-18.40.19:744][635]LogShaderCompilers: Display: Worker (15/17): shaders left to compile 55
[2021.02.19-18.40.19:821][640]LogShaderCompilers: Display: Worker (9/17): shaders left to compile 54
[2021.02.19-18.40.19:868][642]LogShaderCompilers: Display: Worker (12/17): shaders left to compile 53
[2021.02.19-18.40.19:919][645]LogShaderCompilers: Display: Worker (5/17): shaders left to compile 52
[2021.02.19-18.40.19:994][650]LogShaderCompilers: Display: Worker (1/17): shaders left to compile 51
[2021.02.19-18.40.19:994][650]LogShaderCompilers: Display: Worker (7/17): shaders left to compile 50
[2021.02.19-18.40.19:995][650]LogShaderCompilers: Display: Worker (8/17): shaders left to compile 49
[2021.02.19-18.40.20:020][652]LogShaderCompilers: Display: Worker (10/17): shaders left to compile 48
[2021.02.19-18.40.20:020][652]LogShaderCompilers: Display: Worker (13/17): shaders left to compile 47
[2021.02.19-18.40.20:020][652]LogShaderCompilers: Display: Worker (3/17): shaders left to compile 46
[2021.02.19-18.40.20:020][652]LogShaderCompilers: Display: Worker (15/17): shaders left to compile 45
[2021.02.19-18.40.20:072][656]LogShaderCompilers: Display: Worker (2/17): shaders left to compile 44
[2021.02.19-18.40.20:072][656]LogShaderCompilers: Display: Worker (16/17): shaders left to compile 43
[2021.02.19-18.40.20:085][657]LogShaderCompilers: Display: Worker (5/17): shaders left to compile 42
[2021.02.19-18.40.20:086][657]LogShaderCompilers: Display: Worker (9/17): shaders left to compile 41
[2021.02.19-18.40.20:117][658]LogShaderCompilers: Display: Worker (11/17): shaders left to compile 40
[2021.02.19-18.40.20:118][658]LogShaderCompilers: Display: Worker (12/17): shaders left to compile 39
[2021.02.19-18.40.20:149][660]LogShaderCompilers: Display: Worker (14/17): shaders left to compile 38
[2021.02.19-18.40.20:178][662]LogShaderCompilers: Display: Worker (8/17): shaders left to compile 37
[2021.02.19-18.40.20:247][666]LogShaderCompilers: Display: Worker (1/17): shaders left to compile 36
[2021.02.19-18.40.20:311][669]LogShaderCompilers: Display: Worker (16/17): shaders left to compile 35
[2021.02.19-18.40.20:335][670]LogShaderCompilers: Display: Worker (10/17): shaders left to compile 34
[2021.02.19-18.40.20:371][671]LogShaderCompilers: Display: Worker (11/17): shaders left to compile 33
[2021.02.19-18.40.20:371][671]LogShaderCompilers: Display: Worker (5/17): shaders left to compile 32
[2021.02.19-18.40.20:371][671]LogShaderCompilers: Display: Worker (6/17): shaders left to compile 31
[2021.02.19-18.40.20:371][671]LogShaderCompilers: Display: Worker (15/17): shaders left to compile 30
[2021.02.19-18.40.20:417][674]LogShaderCompilers: Display: Worker (12/17): shaders left to compile 29
[2021.02.19-18.40.20:481][679]LogShaderCompilers: Display: Worker (14/17): shaders left to compile 28
[2021.02.19-18.40.20:492][680]LogShaderCompilers: Display: Worker (4/17): shaders left to compile 27
[2021.02.19-18.40.20:506][681]LogShaderCompilers: Display: Worker (7/17): shaders left to compile 26
[2021.02.19-18.40.20:564][685]LogShaderCompilers: Display: Worker (16/17): shaders left to compile 25
[2021.02.19-18.40.20:564][685]LogShaderCompilers: Display: Worker (15/17): shaders left to compile 24
[2021.02.19-18.40.20:636][686]LogShaderCompilers: Display: Worker (13/17): shaders left to compile 11
[2021.02.19-18.40.20:636][686]LogShaderCompilers: Display: Worker (8/17): shaders left to compile 10
[2021.02.19-18.40.20:637][686]LogShaderCompilers: Display: Worker (9/17): shaders left to compile 9
[2021.02.19-18.40.20:637][686]LogShaderCompilers: Display: Worker (3/17): shaders left to compile 8
[2021.02.19-18.40.20:637][686]LogWorld: UWorld::CleanupWorld for World_12, bSessionEnded=true, bCleanupResources=true
[2021.02.19-18.40.20:637][686]LogSlate: InvalidateAllWidgets triggered.  All widgets were invalidated
[2021.02.19-18.40.20:647][686]LogShaderCompilers: Display: Worker (2/17): shaders left to compile 7
[2021.02.19-18.40.20:652][686]LogShaderCompilers: Display: Worker (11/17): shaders left to compile 6
[2021.02.19-18.40.20:687][687]LogShaderCompilers: Display: Worker (4/17): shaders left to compile 5
[2021.02.19-18.40.20:687][687]LogShaderCompilers: Display: Worker (6/17): shaders left to compile 4
[2021.02.19-18.40.20:687][687]LogShaderCompilers: Display: Worker (5/17): shaders left to compile 3
[2021.02.19-18.40.20:740][689]LogShaderCompilers: Display: Worker (12/17): shaders left to compile 2
[2021.02.19-18.40.20:887][695]LogShaderCompilers: Display: Worker (9/17): shaders left to compile 1
[2021.02.19-18.40.23:266][936]LogWorld: UWorld::CleanupWorld for World_10, bSessionEnded=true, bCleanupResources=true
[2021.02.19-18.40.23:266][936]LogSlate: InvalidateAllWidgets triggered.  All widgets were invalidated
[2021.02.19-18.40.29:060][566]Cmd: OBJ SAVEPACKAGE PACKAGE="/Game/Maps/AI_02" FILE="../../../../../../Users/Morgan/Desktop/UnrealAI/UnrealAI/Content/Maps/AI_02.umap" SILENT=true AUTOSAVING=false KEEPDIRTY=false
[2021.02.19-18.40.29:087][566]LogUObjectHash: Compacting FUObjectHashTables data took   2.31ms
[2021.02.19-18.40.29:131][566]LogSavePackage: Moving '../../../../../../Users/Morgan/Desktop/UnrealAI/UnrealAI/Saved/AI_0288E054F448F80BAEC78E1FB8A83F00DF.tmp' to '../../../../../../Users/Morgan/Desktop/UnrealAI/UnrealAI/Content/Maps/AI_02.umap'
[2021.02.19-18.40.29:156][566]Cmd: OBJ SAVEPACKAGE PACKAGE="/Game/Maps/AI_02_BuiltData" FILE="../../../../../../Users/Morgan/Desktop/UnrealAI/UnrealAI/Content/Maps/AI_02_BuiltData.uasset" SILENT=true
[2021.02.19-18.40.29:284][566]LogSavePackage: Moving '../../../../../../Users/Morgan/Desktop/UnrealAI/UnrealAI/Saved/AI_02_BuiltData87278EEC4FD9F60B6CFFD8A504EDB103.tmp' to '../../../../../../Users/Morgan/Desktop/UnrealAI/UnrealAI/Content/Maps/AI_02_BuiltData.uasset'
[2021.02.19-18.40.29:299][566]AssetCheck: New page: Asset Save: multiple assets
[2021.02.19-18.40.29:299][566]LogContentValidation: Display: Validating World /Game/Maps/AI_02.AI_02
[2021.02.19-18.40.29:299][566]LogContentValidation: Display: Validating MapBuildDataRegistry /Game/Maps/AI_02_BuiltData.AI_02_BuiltData
[2021.02.19-18.40.30:269][662]BlueprintLog: New page: Compile NPC0
[2021.02.19-18.40.30:323][662]LogUObjectHash: Compacting FUObjectHashTables data took   3.47ms
[2021.02.19-18.40.30:344][662]LogSlate: Took 0.000121 seconds to synchronously load lazily loaded font '../../../Engine/Content/Slate/Fonts/DroidSansMono.ttf' (77K)
[2021.02.19-18.40.31:831][833]LogTemp: Repeating last play command: Selected Viewport
[2021.02.19-18.40.31:844][833]LogPlayLevel: PlayLevel: No blueprints needed recompiling
[2021.02.19-18.40.31:845][833]PIE: New page: PIE session: AI_02 (19 Feb 2021, 18:40:31)
[2021.02.19-18.40.31:846][833]LogOnline: OSS: Creating online subsystem instance for: NULL
[2021.02.19-18.40.31:848][833]LogOnline: OSS: TryLoadSubsystemAndSetDefault: Loaded subsystem for module [NULL]
[2021.02.19-18.40.31:848][833]LogPlayLevel: Creating play world package: /Game/Maps/UEDPIE_0_AI_02
[2021.02.19-18.40.31:859][833]LogPlayLevel: PIE: StaticDuplicateObject took: (0.010825s)
[2021.02.19-18.40.31:860][833]LogAIModule: Creating AISystem for world AI_02
[2021.02.19-18.40.31:860][833]LogAISub: UAISubsystem::UAISubsystem EnvQueryManager (00000259BC917E00), frame # 9833
[2021.02.19-18.40.31:860][833]LogAISub: UAISubsystem::UAISubsystem AIPerceptionSystem (00000259BCEC1440), frame # 9833
[2021.02.19-18.40.31:860][833]LogPlayLevel: PIE: World Init took: (0.001345s)
[2021.02.19-18.40.31:861][833]LogPlayLevel: PIE: Created PIE world by copying editor world from /Game/Maps/AI_02.AI_02 to /Game/Maps/UEDPIE_0_AI_02.AI_02 (0.012631s)
[2021.02.19-18.40.31:881][833]LogUObjectHash: Compacting FUObjectHashTables data took   1.82ms
[2021.02.19-18.40.31:883][833]LogAudioMixer: Display: Audio Mixer Platform Settings:
[2021.02.19-18.40.31:883][833]LogAudioMixer: Display: 	Sample Rate:						  48000
[2021.02.19-18.40.31:883][833]LogAudioMixer: Display: 	Callback Buffer Frame Size Requested: 1024
[2021.02.19-18.40.31:883][833]LogAudioMixer: Display: 	Callback Buffer Frame Size To Use:	  1024
[2021.02.19-18.40.31:883][833]LogAudioMixer: Display: 	Number of buffers to queue:			  2
[2021.02.19-18.40.31:883][833]LogAudioMixer: Display: 	Max Channels (voices):				  32
[2021.02.19-18.40.31:883][833]LogAudioMixer: Display: 	Number of Async Source Workers:		  0
[2021.02.19-18.40.31:883][833]LogAudio: Display: AudioDevice MaxSources: 32
[2021.02.19-18.40.31:884][833]LogAudio: Display: Using built-in audio occlusion.
[2021.02.19-18.40.31:884][833]LogAudioMixer: Display: Initializing audio mixer.
[2021.02.19-18.40.31:887][833]LogAudioMixer: Display: 0: FrontLeft
[2021.02.19-18.40.31:887][833]LogAudioMixer: Display: 1: FrontRight
[2021.02.19-18.40.31:967][833]LogAudioMixer: Display: Using Audio Device Speakers (Realtek(R) Audio)
[2021.02.19-18.40.31:967][833]LogAudioMixer: Display: Initializing Sound Submixes...
[2021.02.19-18.40.31:968][833]LogAudioMixer: Display: Creating Master Submix 'MasterSubmixDefault'
[2021.02.19-18.40.31:968][833]LogAudioMixer: Display: Creating Master Submix 'MasterReverbSubmixDefault'
[2021.02.19-18.40.31:968][833]LogAudioMixer: Display: Creating Master Submix 'MasterEQSubmixDefault'
[2021.02.19-18.40.31:980][833]LogInit: FAudioDevice initialized.
[2021.02.19-18.40.31:990][833]LogLoad: Game class is 'CppGameMode_C'
[2021.02.19-18.40.31:991][833]LogWorld: Bringing World /Game/Maps/UEDPIE_0_AI_02.AI_02 up for play (max tick rate 0) at 2021.02.19-18.40.31
[2021.02.19-18.40.31:992][833]LogWorld: Bringing up level for play took: 0.001173
[2021.02.19-18.40.31:992][833]LogOnline: OSS: Creating online subsystem instance for: :Context_14
[2021.02.19-18.40.31:995][833]LogContentBrowser: Native class hierarchy updated for 'MovieSceneCapture' in 0.0004 seconds. Added 20 classes and 0 folders.
[2021.02.19-18.40.31:997][833]PIE: Server logged in
[2021.02.19-18.40.31:998][833]PIE: Play in editor total start time 0.155 seconds.
[2021.02.19-18.40.33:159][892]LogSlate: Updating window title bar state: overlay mode, drag disabled, window buttons hidden, title bar hidden
[2021.02.19-18.40.33:159][892]LogWorld: BeginTearingDown for /Game/Maps/UEDPIE_0_AI_02
[2021.02.19-18.40.33:160][892]LogWorld: UWorld::CleanupWorld for AI_02, bSessionEnded=true, bCleanupResources=true
[2021.02.19-18.40.33:161][892]LogSlate: InvalidateAllWidgets triggered.  All widgets were invalidated
[2021.02.19-18.40.33:174][892]LogPlayLevel: Display: Shutting down PIE online subsystems
[2021.02.19-18.40.33:182][892]LogSlate: InvalidateAllWidgets triggered.  All widgets were invalidated
[2021.02.19-18.40.33:273][892]LogSlate: Updating window title bar state: overlay mode, drag disabled, window buttons hidden, title bar hidden
[2021.02.19-18.40.33:308][892]LogAISub: UAISubsystem::~UAISubsystem AIPerceptionSystem (00000259BCEC1440), frame # 9892
[2021.02.19-18.40.33:308][892]LogAISub: UAISubsystem::~UAISubsystem EnvQueryManager (00000259BC917E00), frame # 9892
[2021.02.19-18.40.33:320][892]LogUObjectHash: Compacting FUObjectHashTables data took   5.95ms
[2021.02.19-18.40.33:377][893]LogPlayLevel: Display: Destroying online subsystem :Context_14
[2021.02.19-18.40.34:439][957]LogUObjectHash: Compacting FUObjectHashTables data took   5.01ms
[2021.02.19-18.40.34:482][957]Cmd: OBJ SAVEPACKAGE PACKAGE="/Game/AI/AI_02/NPC0" FILE="../../../../../../Users/Morgan/Desktop/UnrealAI/UnrealAI/Content/AI/AI_02/NPC0.uasset" SILENT=true
[2021.02.19-18.40.34:508][957]LogSavePackage: Moving '../../../../../../Users/Morgan/Desktop/UnrealAI/UnrealAI/Saved/NPC07B340596440D7936040141A47884B181.tmp' to '../../../../../../Users/Morgan/Desktop/UnrealAI/UnrealAI/Content/AI/AI_02/NPC0.uasset'
[2021.02.19-18.40.34:528][957]AssetCheck: New page: Asset Save: NPC0
[2021.02.19-18.40.34:529][957]LogContentValidation: Display: Validating Blueprint /Game/AI/AI_02/NPC0.NPC0
[2021.02.19-18.40.35:840][ 36]LogEditorViewport: Clicking on Actor (LMB): StaticMeshActor (1M_Cube_Chamfer3)
[2021.02.19-18.40.36:619][ 72]LogEditorViewport: Clicking on Actor (LMB): StaticMeshActor (Floor)
[2021.02.19-18.40.47:440][966]LogTemp: Repeating last play command: Selected Viewport
[2021.02.19-18.40.47:457][966]LogPlayLevel: PlayLevel: No blueprints needed recompiling
[2021.02.19-18.40.47:457][966]PIE: New page: PIE session: AI_02 (19 Feb 2021, 18:40:47)
[2021.02.19-18.40.47:457][966]LogPlayLevel: Creating play world package: /Game/Maps/UEDPIE_0_AI_02
[2021.02.19-18.40.47:470][966]LogPlayLevel: PIE: StaticDuplicateObject took: (0.013124s)
[2021.02.19-18.40.47:471][966]LogAIModule: Creating AISystem for world AI_02
[2021.02.19-18.40.47:471][966]LogAISub: UAISubsystem::UAISubsystem EnvQueryManager (000002598CA72200), frame # 10966
[2021.02.19-18.40.47:472][966]LogAISub: UAISubsystem::UAISubsystem AIPerceptionSystem (0000025986C75E40), frame # 10966
[2021.02.19-18.40.47:472][966]LogPlayLevel: PIE: World Init took: (0.001641s)
[2021.02.19-18.40.47:472][966]LogPlayLevel: PIE: Created PIE world by copying editor world from /Game/Maps/AI_02.AI_02 to /Game/Maps/UEDPIE_0_AI_02.AI_02 (0.015154s)
[2021.02.19-18.40.47:497][966]LogUObjectHash: Compacting FUObjectHashTables data took   2.22ms
[2021.02.19-18.40.47:522][966]LogAudioMixer: Display: Audio Mixer Platform Settings:
[2021.02.19-18.40.47:522][966]LogAudioMixer: Display: 	Sample Rate:						  48000
[2021.02.19-18.40.47:522][966]LogAudioMixer: Display: 	Callback Buffer Frame Size Requested: 1024
[2021.02.19-18.40.47:522][966]LogAudioMixer: Display: 	Callback Buffer Frame Size To Use:	  1024
[2021.02.19-18.40.47:522][966]LogAudioMixer: Display: 	Number of buffers to queue:			  2
[2021.02.19-18.40.47:522][966]LogAudioMixer: Display: 	Max Channels (voices):				  32
[2021.02.19-18.40.47:522][966]LogAudioMixer: Display: 	Number of Async Source Workers:		  0
[2021.02.19-18.40.47:522][966]LogAudio: Display: AudioDevice MaxSources: 32
[2021.02.19-18.40.47:523][966]LogAudio: Display: Using built-in audio occlusion.
[2021.02.19-18.40.47:523][966]LogAudioMixer: Display: Initializing audio mixer.
[2021.02.19-18.40.47:526][966]LogAudioMixer: Display: 0: FrontLeft
[2021.02.19-18.40.47:526][966]LogAudioMixer: Display: 1: FrontRight
[2021.02.19-18.40.47:604][966]LogAudioMixer: Display: Using Audio Device Speakers (Realtek(R) Audio)
[2021.02.19-18.40.47:604][966]LogAudioMixer: Display: Initializing Sound Submixes...
[2021.02.19-18.40.47:605][966]LogAudioMixer: Display: Creating Master Submix 'MasterSubmixDefault'
[2021.02.19-18.40.47:605][966]LogAudioMixer: Display: Creating Master Submix 'MasterReverbSubmixDefault'
[2021.02.19-18.40.47:605][966]LogAudioMixer: Display: Creating Master Submix 'MasterEQSubmixDefault'
[2021.02.19-18.40.47:617][966]LogInit: FAudioDevice initialized.
[2021.02.19-18.40.47:626][966]LogLoad: Game class is 'CppGameMode_C'
[2021.02.19-18.40.47:628][966]LogWorld: Bringing World /Game/Maps/UEDPIE_0_AI_02.AI_02 up for play (max tick rate 0) at 2021.02.19-18.40.47
[2021.02.19-18.40.47:629][966]LogWorld: Bringing up level for play took: 0.002044
[2021.02.19-18.40.47:629][966]LogOnline: OSS: Creating online subsystem instance for: :Context_15
[2021.02.19-18.40.47:632][966]PIE: Server logged in
[2021.02.19-18.40.47:633][966]PIE: Play in editor total start time 0.181 seconds.
[2021.02.19-18.40.52:319][217]LogSlate: Updating window title bar state: overlay mode, drag disabled, window buttons hidden, title bar hidden
[2021.02.19-18.40.52:319][217]LogWorld: BeginTearingDown for /Game/Maps/UEDPIE_0_AI_02
[2021.02.19-18.40.52:320][217]LogWorld: UWorld::CleanupWorld for AI_02, bSessionEnded=true, bCleanupResources=true
[2021.02.19-18.40.52:321][217]LogSlate: InvalidateAllWidgets triggered.  All widgets were invalidated
[2021.02.19-18.40.52:338][217]LogPlayLevel: Display: Shutting down PIE online subsystems
[2021.02.19-18.40.52:347][217]LogSlate: InvalidateAllWidgets triggered.  All widgets were invalidated
[2021.02.19-18.40.52:432][217]LogSlate: Updating window title bar state: overlay mode, drag disabled, window buttons hidden, title bar hidden
[2021.02.19-18.40.52:437][217]LogAISub: UAISubsystem::~UAISubsystem EnvQueryManager (000002598CA72200), frame # 11217
[2021.02.19-18.40.52:437][217]LogAISub: UAISubsystem::~UAISubsystem AIPerceptionSystem (0000025986C75E40), frame # 11217
[2021.02.19-18.40.52:444][217]LogUObjectHash: Compacting FUObjectHashTables data took   6.52ms
[2021.02.19-18.40.52:512][218]LogPlayLevel: Display: Destroying online subsystem :Context_15
[2021.02.19-18.40.53:189][258]LogEditorViewport: Clicking on Actor (LMB): NPC0_C (NPC0)
[2021.02.19-18.41.37:772][525]LogSlate: Window 'NPC0' being destroyed
[2021.02.19-18.41.37:836][525]LogActorComponent: UnregisterComponent: (/Engine/Transient.EditorFloorComp) Not registered. Aborting.
[2021.02.19-18.41.37:837][525]LogWorld: UWorld::CleanupWorld for World_1, bSessionEnded=true, bCleanupResources=true
[2021.02.19-18.41.37:837][525]LogSlate: InvalidateAllWidgets triggered.  All widgets were invalidated
[2021.02.19-18.41.40:734][858]LogAssetEditorSubsystem: Opening Asset editor for Class /Script/UnrealAI.AICpp_NPC0
