Log file open, 02/16/21 12:39:52
LogInit: Display: Running engine for game: UnrealAI
LogPlatformFile: Not using cached read wrapper
LogTaskGraph: Started task graph with 5 named threads and 59 total threads with 3 sets of task threads.
LogStats: Stats thread started at 0.182393
LogD3D11RHI: Loaded GFSDK_Aftermath_Lib.x64.dll
LogICUInternationalization: ICU TimeZone Detection - Raw Offset: +0:00, Platform Override: ''
LogPluginManager: Mounting plugin Paper2D
LogPluginManager: Mounting plugin AISupport
LogPluginManager: Mounting plugin LightPropagationVolume
LogPluginManager: Mounting plugin CameraShakePreviewer
LogPluginManager: Mounting plugin ActorLayerUtilities
LogPluginManager: Mounting plugin AnimationSharing
LogPluginManager: Mounting plugin CLionSourceCodeAccess
LogPluginManager: Mounting plugin CodeLiteSourceCodeAccess
LogPluginManager: Mounting plugin GitSourceControl
LogPluginManager: Mounting plugin KDevelopSourceCodeAccess
LogPluginManager: Mounting plugin NullSourceCodeAccess
LogPluginManager: Mounting plugin PerforceSourceControl
LogPluginManager: Mounting plugin PlasticSourceControl
LogPluginManager: Mounting plugin RiderSourceCodeAccess
LogPluginManager: Mounting plugin SubversionSourceControl
LogPluginManager: Mounting plugin UObjectPlugin
LogPluginManager: Mounting plugin VisualStudioCodeSourceCodeAccess
LogPluginManager: Mounting plugin VisualStudioSourceCodeAccess
LogPluginManager: Mounting plugin XCodeSourceCodeAccess
LogPluginManager: Mounting plugin AssetManagerEditor
LogPluginManager: Mounting plugin CryptoKeys
LogPluginManager: Mounting plugin CurveEditorTools
LogPluginManager: Mounting plugin DataValidation
LogPluginManager: Mounting plugin EditorScriptingUtilities
LogPluginManager: Mounting plugin FacialAnimation
LogPluginManager: Mounting plugin GameplayTagsEditor
LogPluginManager: Mounting plugin GeometryMode
LogPluginManager: Mounting plugin MacGraphicsSwitching
LogPluginManager: Mounting plugin MaterialAnalyzer
LogPluginManager: Mounting plugin MobileLauncherProfileWizard
LogPluginManager: Mounting plugin PluginBrowser
LogPluginManager: Mounting plugin SpeedTreeImporter
LogPluginManager: Mounting plugin DatasmithContent
LogPluginManager: Mounting plugin VariantManagerContent
LogPluginManager: Mounting plugin AlembicImporter
LogPluginManager: Mounting plugin AutomationUtils
LogPluginManager: Mounting plugin BackChannel
LogPluginManager: Mounting plugin ChaosCloth
LogPluginManager: Mounting plugin ChaosClothEditor
LogPluginManager: Mounting plugin ChaosEditor
LogPluginManager: Mounting plugin ChaosNiagara
LogPluginManager: Mounting plugin ChaosSolverPlugin
LogPluginManager: Mounting plugin CharacterAI
LogPluginManager: Mounting plugin GeometryCache
LogPluginManager: Mounting plugin GeometryCollectionPlugin
LogPluginManager: Mounting plugin GeometryProcessing
LogPluginManager: Mounting plugin PlanarCut
LogPluginManager: Mounting plugin PlatformCrypto
LogPluginManager: Mounting plugin ProxyLODPlugin
LogPluginManager: Mounting plugin SkeletalReduction
LogPluginManager: Mounting plugin Niagara
LogPluginManager: Mounting plugin MagicLeap
LogPluginManager: Mounting plugin MagicLeapLightEstimation
LogPluginManager: Mounting plugin MagicLeapMedia
LogPluginManager: Mounting plugin MagicLeapPassableWorld
LogPluginManager: Mounting plugin MLSDK
LogPluginManager: Mounting plugin DarkerNodes
LogPluginManager: Mounting plugin ElectronicNodes
LogPluginManager: Mounting plugin AndroidMedia
LogPluginManager: Mounting plugin AvfMedia
LogPluginManager: Mounting plugin ImgMedia
LogPluginManager: Mounting plugin MediaCompositing
LogPluginManager: Mounting plugin MediaPlayerEditor
LogPluginManager: Mounting plugin WebMMedia
LogPluginManager: Mounting plugin WmfMedia
LogPluginManager: Mounting plugin MeshPainting
LogPluginManager: Mounting plugin TcpMessaging
LogPluginManager: Mounting plugin UdpMessaging
LogPluginManager: Mounting plugin ActorSequence
LogPluginManager: Mounting plugin LevelSequenceEditor
LogPluginManager: Mounting plugin MatineeToLevelSequence
LogPluginManager: Mounting plugin MovieRenderPipeline
LogPluginManager: Mounting plugin TemplateSequence
LogPluginManager: Mounting plugin NetcodeUnitTest
LogPluginManager: Mounting plugin NUTUnrealEngine4
LogPluginManager: Mounting plugin OnlineSubsystemGooglePlay
LogPluginManager: Mounting plugin OnlineSubsystemIOS
LogPluginManager: Mounting plugin OnlineSubsystem
LogPluginManager: Mounting plugin OnlineSubsystemNull
LogPluginManager: Mounting plugin OnlineSubsystemUtils
LogPluginManager: Mounting plugin LauncherChunkInstaller
LogPluginManager: Mounting plugin AndroidDeviceProfileSelector
LogPluginManager: Mounting plugin AndroidMoviePlayer
LogPluginManager: Mounting plugin AndroidPermission
LogPluginManager: Mounting plugin AppleImageUtils
LogPluginManager: Mounting plugin AppleMoviePlayer
LogPluginManager: Mounting plugin ArchVisCharacter
LogPluginManager: Mounting plugin AssetTags
LogPluginManager: Mounting plugin AudioCapture
LogPluginManager: Mounting plugin CableComponent
LogPluginManager: Mounting plugin CustomMeshComponent
LogPluginManager: Mounting plugin EditableMesh
LogPluginManager: Mounting plugin ExampleDeviceProfileSelector
LogPluginManager: Mounting plugin GoogleCloudMessaging
LogPluginManager: Mounting plugin GooglePAD
LogPluginManager: Mounting plugin IOSDeviceProfileSelector
LogPluginManager: Mounting plugin LinuxDeviceProfileSelector
LogPluginManager: Mounting plugin LocationServicesBPLibrary
LogPluginManager: Mounting plugin MobilePatchingUtils
LogPluginManager: Mounting plugin OculusVR
LogPluginManager: Mounting plugin PhysXVehicles
LogPluginManager: Mounting plugin PostSplashScreen
LogPluginManager: Mounting plugin ProceduralMeshComponent
LogPluginManager: Mounting plugin RuntimePhysXCooking
LogPluginManager: Mounting plugin SignificanceManager
LogPluginManager: Mounting plugin SoundFields
LogPluginManager: Mounting plugin SteamVR
LogPluginManager: Mounting plugin Synthesis
LogPluginManager: Mounting plugin WebMMoviePlayer
LogPluginManager: Mounting plugin WindowsMoviePlayer
LogPluginManager: Mounting plugin ScreenshotTools
LogInit: Using libcurl 7.55.1-DEV
LogInit:  - built for x86_64-pc-win32
LogInit:  - supports SSL with OpenSSL/1.1.1
LogInit:  - supports HTTP deflate (compression) using libz 1.2.8
LogInit:  - other features:
LogInit:      CURL_VERSION_SSL
LogInit:      CURL_VERSION_LIBZ
LogInit:      CURL_VERSION_IPV6
LogInit:      CURL_VERSION_ASYNCHDNS
LogInit:      CURL_VERSION_LARGEFILE
LogInit:      CURL_VERSION_IDN
LogInit:  CurlRequestOptions (configurable via config and command line):
LogInit:  - bVerifyPeer = true  - Libcurl will verify peer certificate
LogInit:  - bUseHttpProxy = false  - Libcurl will NOT use HTTP proxy
LogInit:  - bDontReuseConnections = false  - Libcurl will reuse connections
LogInit:  - MaxHostConnections = 16  - Libcurl will limit the number of connections to a host
LogInit:  - LocalHostAddr = Default
LogInit:  - BufferSize = 65536
LogOnline: OSS: Creating online subsystem instance for: NULL
LogInit: WinSock: version 1.1 (2.2), MaxSocks=32767, MaxUdp=65467
LogOnline: OSS: TryLoadSubsystemAndSetDefault: Loaded subsystem for module [NULL]
LogInit: Build: ++UE4+Release-4.25-CL-14469661
LogInit: Engine Version: 4.25.4-14469661+++UE4+Release-4.25
LogInit: Compatible Engine Version: 4.25.0-13144385+++UE4+Release-4.25
LogInit: Net CL: 13144385
LogInit: OS: Windows 10 (Release 2009) (), CPU: Intel(R) Core(TM) i9-10850K CPU @ 3.60GHz, GPU: NVIDIA GeForce RTX 3090
LogInit: Compiled (64-bit): Oct 11 2020 08:10:49
LogInit: Compiled with Visual C++: 19.24.28315.00
LogInit: Build Configuration: Development
LogInit: Branch Name: ++UE4+Release-4.25
LogInit: Command Line: 
LogInit: Base Directory: C:/Program Files/Epic Games/UE_4.25/Engine/Binaries/Win64/
LogInit: Allocator: TBB
LogInit: Installed Engine Build: 1
LogDevObjectVersion: Number of dev versions registered: 26
LogDevObjectVersion:   Dev-Blueprints (B0D832E4-1F89-4F0D-ACCF-7EB736FD4AA2): 10
LogDevObjectVersion:   Dev-Build (E1C64328-A22C-4D53-A36C-8E866417BD8C): 0
LogDevObjectVersion:   Dev-Core (375EC13C-06E4-48FB-B500-84F0262A717E): 4
LogDevObjectVersion:   Dev-Editor (E4B068ED-F494-42E9-A231-DA0B2E46BB41): 38
LogDevObjectVersion:   Dev-Framework (CFFC743F-43B0-4480-9391-14DF171D2073): 37
LogDevObjectVersion:   Dev-Mobile (B02B49B5-BB20-44E9-A304-32B752E40360): 2
LogDevObjectVersion:   Dev-Networking (A4E4105C-59A1-49B5-A7C5-40C4547EDFEE): 0
LogDevObjectVersion:   Dev-Online (39C831C9-5AE6-47DC-9A44-9C173E1C8E7C): 0
LogDevObjectVersion:   Dev-Physics (78F01B33-EBEA-4F98-B9B4-84EACCB95AA2): 4
LogDevObjectVersion:   Dev-Platform (6631380F-2D4D-43E0-8009-CF276956A95A): 0
LogDevObjectVersion:   Dev-Rendering (12F88B9F-8875-4AFC-A67C-D90C383ABD29): 43
LogDevObjectVersion:   Dev-Sequencer (7B5AE74C-D270-4C10-A958-57980B212A5A): 12
LogDevObjectVersion:   Dev-VR (D7296918-1DD6-4BDD-9DE2-64A83CC13884): 3
LogDevObjectVersion:   Dev-LoadTimes (C2A15278-BFE7-4AFE-6C17-90FF531DF755): 1
LogDevObjectVersion:   Private-Geometry (6EACA3D4-40EC-4CC1-B786-8BED09428FC5): 3
LogDevObjectVersion:   Dev-AnimPhys (29E575DD-E0A3-4627-9D10-D276232CDCEA): 17
LogDevObjectVersion:   Dev-Anim (AF43A65D-7FD3-4947-9873-3E8ED9C1BB05): 7
LogDevObjectVersion:   Dev-ReflectionCapture (6B266CEC-1EC7-4B8F-A30B-E4D90942FC07): 1
LogDevObjectVersion:   Dev-Automation (0DF73D61-A23F-47EA-B727-89E90C41499A): 1
LogDevObjectVersion:   FortniteMain (601D1886-AC64-4F84-AA16-D3DE0DEAC7D6): 31
LogDevObjectVersion:   Dev-Enterprise (9DFFBCD6-494F-0158-E221-12823C92A888): 10
LogDevObjectVersion:   Dev-Niagara (F2AED0AC-9AFE-416F-8664-AA7FFA26D6FC): 1
LogDevObjectVersion:   Dev-Destruction (174F1F0B-B4C6-45A5-B13F-2EE8D0FB917D): 10
LogDevObjectVersion:   Dev-Physics-Ext (35F94A83-E258-406C-A318-09F59610247C): 37
LogDevObjectVersion:   Dev-PhysicsMaterial-Chaos (B68FC16E-8B1B-42E2-B453-215C058844FE): 1
LogDevObjectVersion:   Dev-CineCamera (B2E18506-4273-CFC2-A54E-F4BB758BBA07): 1
LogInit: Presizing for max 25165824 objects, including 0 objects not considered by GC, pre-allocating 0 bytes for permanent pool.
LogConfig: Applying CVar settings from Section [/Script/Engine.StreamingSettings] File [C:/Users/Morgan/Desktop/UnrealAI/UnrealAI/Saved/Config/Windows/Engine.ini]
LogConfig: Setting CVar [[s.MinBulkDataSizeForAsyncLoading:131072]]
LogConfig: Setting CVar [[s.AsyncLoadingThreadEnabled:0]]
LogConfig: Setting CVar [[s.EventDrivenLoaderEnabled:1]]
LogConfig: Setting CVar [[s.WarnIfTimeLimitExceeded:0]]
LogConfig: Setting CVar [[s.TimeLimitExceededMultiplier:1.5]]
LogConfig: Setting CVar [[s.TimeLimitExceededMinTime:0.005]]
LogConfig: Setting CVar [[s.UseBackgroundLevelStreaming:1]]
LogConfig: Setting CVar [[s.PriorityAsyncLoadingExtraTime:15.0]]
LogConfig: Setting CVar [[s.LevelStreamingActorsUpdateTimeLimit:5.0]]
LogConfig: Setting CVar [[s.PriorityLevelStreamingActorsUpdateExtraTime:5.0]]
LogConfig: Setting CVar [[s.LevelStreamingComponentsRegistrationGranularity:10]]
LogConfig: Setting CVar [[s.UnregisterComponentsTimeLimit:1.0]]
LogConfig: Setting CVar [[s.LevelStreamingComponentsUnregistrationGranularity:5]]
LogConfig: Setting CVar [[s.FlushStreamingOnExit:1]]
LogInit: Object subsystem initialized
LogConfig: Setting CVar [[con.DebugEarlyDefault:1]]
LogConfig: Setting CVar [[r.setres:1280x720]]
[2021.02.16-12.39.53:009][  0]LogConfig: Setting CVar [[r.VSync:0]]
[2021.02.16-12.39.53:009][  0]LogConfig: Setting CVar [[r.RHICmdBypass:0]]
[2021.02.16-12.39.53:009][  0]LogConfig: Applying CVar settings from Section [/Script/Engine.RendererSettings] File [C:/Users/Morgan/Desktop/UnrealAI/UnrealAI/Saved/Config/Windows/Engine.ini]
[2021.02.16-12.39.53:009][  0]LogConfig: Setting CVar [[r.GPUCrashDebugging:0]]
[2021.02.16-12.39.53:009][  0]LogConfig: Applying CVar settings from Section [/Script/Engine.RendererOverrideSettings] File [C:/Users/Morgan/Desktop/UnrealAI/UnrealAI/Saved/Config/Windows/Engine.ini]
[2021.02.16-12.39.53:009][  0]LogConfig: Applying CVar settings from Section [/Script/Engine.StreamingSettings] File [C:/Users/Morgan/Desktop/UnrealAI/UnrealAI/Saved/Config/Windows/Engine.ini]
[2021.02.16-12.39.53:009][  0]LogConfig: Setting CVar [[s.MinBulkDataSizeForAsyncLoading:131072]]
[2021.02.16-12.39.53:009][  0]LogConfig: Setting CVar [[s.AsyncLoadingThreadEnabled:0]]
[2021.02.16-12.39.53:009][  0]LogConfig: Setting CVar [[s.EventDrivenLoaderEnabled:1]]
[2021.02.16-12.39.53:009][  0]LogConfig: Setting CVar [[s.WarnIfTimeLimitExceeded:0]]
[2021.02.16-12.39.53:009][  0]LogConfig: Setting CVar [[s.TimeLimitExceededMultiplier:1.5]]
[2021.02.16-12.39.53:009][  0]LogConfig: Setting CVar [[s.TimeLimitExceededMinTime:0.005]]
[2021.02.16-12.39.53:009][  0]LogConfig: Setting CVar [[s.UseBackgroundLevelStreaming:1]]
[2021.02.16-12.39.53:009][  0]LogConfig: Setting CVar [[s.PriorityAsyncLoadingExtraTime:15.0]]
[2021.02.16-12.39.53:009][  0]LogConfig: Setting CVar [[s.LevelStreamingActorsUpdateTimeLimit:5.0]]
[2021.02.16-12.39.53:009][  0]LogConfig: Setting CVar [[s.PriorityLevelStreamingActorsUpdateExtraTime:5.0]]
[2021.02.16-12.39.53:009][  0]LogConfig: Setting CVar [[s.LevelStreamingComponentsRegistrationGranularity:10]]
[2021.02.16-12.39.53:009][  0]LogConfig: Setting CVar [[s.UnregisterComponentsTimeLimit:1.0]]
[2021.02.16-12.39.53:009][  0]LogConfig: Setting CVar [[s.LevelStreamingComponentsUnregistrationGranularity:5]]
[2021.02.16-12.39.53:009][  0]LogConfig: Setting CVar [[s.FlushStreamingOnExit:1]]
[2021.02.16-12.39.53:009][  0]LogConfig: Applying CVar settings from Section [/Script/Engine.GarbageCollectionSettings] File [C:/Users/Morgan/Desktop/UnrealAI/UnrealAI/Saved/Config/Windows/Engine.ini]
[2021.02.16-12.39.53:009][  0]LogConfig: Setting CVar [[gc.MaxObjectsNotConsideredByGC:1]]
[2021.02.16-12.39.53:009][  0]LogConfig: Setting CVar [[gc.SizeOfPermanentObjectPool:0]]
[2021.02.16-12.39.53:009][  0]LogConfig: Setting CVar [[gc.FlushStreamingOnGC:0]]
[2021.02.16-12.39.53:009][  0]LogConfig: Setting CVar [[gc.NumRetriesBeforeForcingGC:10]]
[2021.02.16-12.39.53:009][  0]LogConfig: Setting CVar [[gc.AllowParallelGC:1]]
[2021.02.16-12.39.53:009][  0]LogConfig: Setting CVar [[gc.TimeBetweenPurgingPendingKillObjects:61.1]]
[2021.02.16-12.39.53:009][  0]LogConfig: Setting CVar [[gc.MaxObjectsInEditor:25165824]]
[2021.02.16-12.39.53:009][  0]LogConfig: Setting CVar [[gc.IncrementalBeginDestroyEnabled:1]]
[2021.02.16-12.39.53:009][  0]LogConfig: Setting CVar [[gc.CreateGCClusters:1]]
[2021.02.16-12.39.53:009][  0]LogConfig: Setting CVar [[gc.MinGCClusterSize:5]]
[2021.02.16-12.39.53:009][  0]LogConfig: Setting CVar [[gc.ActorClusteringEnabled:0]]
[2021.02.16-12.39.53:009][  0]LogConfig: Setting CVar [[gc.BlueprintClusteringEnabled:0]]
[2021.02.16-12.39.53:009][  0]LogConfig: Setting CVar [[gc.UseDisregardForGCOnDedicatedServers:0]]
[2021.02.16-12.39.53:009][  0]LogConfig: Applying CVar settings from Section [/Script/Engine.NetworkSettings] File [C:/Users/Morgan/Desktop/UnrealAI/UnrealAI/Saved/Config/Windows/Engine.ini]
[2021.02.16-12.39.53:009][  0]LogConfig: Applying CVar settings from Section [/Script/UnrealEd.CookerSettings] File [C:/Users/Morgan/Desktop/UnrealAI/UnrealAI/Saved/Config/Windows/Engine.ini]
[2021.02.16-12.39.53:014][  0]LogConfig: Applying CVar settings from Section [ViewDistanceQuality@3] File [C:/Users/Morgan/Desktop/UnrealAI/UnrealAI/Saved/Config/Windows/Scalability.ini]
[2021.02.16-12.39.53:014][  0]LogConfig: Setting CVar [[r.SkeletalMeshLODBias:0]]
[2021.02.16-12.39.53:014][  0]LogConfig: Setting CVar [[r.ViewDistanceScale:1.0]]
[2021.02.16-12.39.53:014][  0]LogConfig: Applying CVar settings from Section [AntiAliasingQuality@3] File [C:/Users/Morgan/Desktop/UnrealAI/UnrealAI/Saved/Config/Windows/Scalability.ini]
[2021.02.16-12.39.53:014][  0]LogConfig: Setting CVar [[r.PostProcessAAQuality:4]]
[2021.02.16-12.39.53:014][  0]LogConfig: Applying CVar settings from Section [ShadowQuality@3] File [C:/Users/Morgan/Desktop/UnrealAI/UnrealAI/Saved/Config/Windows/Scalability.ini]
[2021.02.16-12.39.53:014][  0]LogConfig: Setting CVar [[r.LightFunctionQuality:1]]
[2021.02.16-12.39.53:014][  0]LogConfig: Setting CVar [[r.ShadowQuality:5]]
[2021.02.16-12.39.53:014][  0]LogConfig: Setting CVar [[r.Shadow.CSM.MaxCascades:10]]
[2021.02.16-12.39.53:014][  0]LogConfig: Setting CVar [[r.Shadow.MaxResolution:2048]]
[2021.02.16-12.39.53:014][  0]LogConfig: Setting CVar [[r.Shadow.MaxCSMResolution:2048]]
[2021.02.16-12.39.53:014][  0]LogConfig: Setting CVar [[r.Shadow.RadiusThreshold:0.01]]
[2021.02.16-12.39.53:014][  0]LogConfig: Setting CVar [[r.Shadow.DistanceScale:1.0]]
[2021.02.16-12.39.53:014][  0]LogConfig: Setting CVar [[r.Shadow.CSM.TransitionScale:1.0]]
[2021.02.16-12.39.53:014][  0]LogConfig: Setting CVar [[r.Shadow.PreShadowResolutionFactor:1.0]]
[2021.02.16-12.39.53:014][  0]LogConfig: Setting CVar [[r.DistanceFieldShadowing:1]]
[2021.02.16-12.39.53:014][  0]LogConfig: Setting CVar [[r.DistanceFieldAO:1]]
[2021.02.16-12.39.53:014][  0]LogConfig: Setting CVar [[r.AOQuality:2]]
[2021.02.16-12.39.53:014][  0]LogConfig: Setting CVar [[r.VolumetricFog:1]]
[2021.02.16-12.39.53:014][  0]LogConfig: Setting CVar [[r.VolumetricFog.GridPixelSize:8]]
[2021.02.16-12.39.53:014][  0]LogConfig: Setting CVar [[r.VolumetricFog.GridSizeZ:128]]
[2021.02.16-12.39.53:014][  0]LogConfig: Setting CVar [[r.VolumetricFog.HistoryMissSupersampleCount:4]]
[2021.02.16-12.39.53:014][  0]LogConfig: Setting CVar [[r.LightMaxDrawDistanceScale:1]]
[2021.02.16-12.39.53:014][  0]LogConfig: Setting CVar [[r.CapsuleShadows:1]]
[2021.02.16-12.39.53:014][  0]LogConfig: Applying CVar settings from Section [PostProcessQuality@3] File [C:/Users/Morgan/Desktop/UnrealAI/UnrealAI/Saved/Config/Windows/Scalability.ini]
[2021.02.16-12.39.53:014][  0]LogConfig: Setting CVar [[r.MotionBlurQuality:4]]
[2021.02.16-12.39.53:014][  0]LogConfig: Setting CVar [[r.AmbientOcclusionMipLevelFactor:0.4]]
[2021.02.16-12.39.53:014][  0]LogConfig: Setting CVar [[r.AmbientOcclusionMaxQuality:100]]
[2021.02.16-12.39.53:014][  0]LogConfig: Setting CVar [[r.AmbientOcclusionLevels:-1]]
[2021.02.16-12.39.53:014][  0]LogConfig: Setting CVar [[r.AmbientOcclusionRadiusScale:1.0]]
[2021.02.16-12.39.53:014][  0]LogConfig: Setting CVar [[r.DepthOfFieldQuality:2]]
[2021.02.16-12.39.53:014][  0]LogConfig: Setting CVar [[r.RenderTargetPoolMin:400]]
[2021.02.16-12.39.53:014][  0]LogConfig: Setting CVar [[r.LensFlareQuality:2]]
[2021.02.16-12.39.53:014][  0]LogConfig: Setting CVar [[r.SceneColorFringeQuality:1]]
[2021.02.16-12.39.53:014][  0]LogConfig: Setting CVar [[r.EyeAdaptationQuality:2]]
[2021.02.16-12.39.53:014][  0]LogConfig: Setting CVar [[r.BloomQuality:5]]
[2021.02.16-12.39.53:014][  0]LogConfig: Setting CVar [[r.FastBlurThreshold:100]]
[2021.02.16-12.39.53:014][  0]LogConfig: Setting CVar [[r.Upscale.Quality:3]]
[2021.02.16-12.39.53:014][  0]LogConfig: Setting CVar [[r.Tonemapper.GrainQuantization:1]]
[2021.02.16-12.39.53:014][  0]LogConfig: Setting CVar [[r.LightShaftQuality:1]]
[2021.02.16-12.39.53:014][  0]LogConfig: Setting CVar [[r.Filter.SizeScale:1]]
[2021.02.16-12.39.53:014][  0]LogConfig: Setting CVar [[r.Tonemapper.Quality:5]]
[2021.02.16-12.39.53:014][  0]LogConfig: Setting CVar [[r.DOF.Gather.AccumulatorQuality:1        ; higher gathering accumulator quality]]
[2021.02.16-12.39.53:014][  0]LogConfig: Setting CVar [[r.DOF.Gather.PostfilterMethod:1          ; Median3x3 postfilering method]]
[2021.02.16-12.39.53:014][  0]LogConfig: Setting CVar [[r.DOF.Gather.EnableBokehSettings:0       ; no bokeh simulation when gathering]]
[2021.02.16-12.39.53:014][  0]LogConfig: Setting CVar [[r.DOF.Gather.RingCount:4                 ; medium number of samples when gathering]]
[2021.02.16-12.39.53:014][  0]LogConfig: Setting CVar [[r.DOF.Scatter.ForegroundCompositing:1    ; additive foreground scattering]]
[2021.02.16-12.39.53:014][  0]LogConfig: Setting CVar [[r.DOF.Scatter.BackgroundCompositing:2    ; additive background scattering]]
[2021.02.16-12.39.53:014][  0]LogConfig: Setting CVar [[r.DOF.Scatter.EnableBokehSettings:1      ; bokeh simulation when scattering]]
[2021.02.16-12.39.53:014][  0]LogConfig: Setting CVar [[r.DOF.Scatter.MaxSpriteRatio:0.1         ; only a maximum of 10% of scattered bokeh]]
[2021.02.16-12.39.53:014][  0]LogConfig: Setting CVar [[r.DOF.Recombine.Quality:1                ; cheap slight out of focus]]
[2021.02.16-12.39.53:014][  0]LogConfig: Setting CVar [[r.DOF.Recombine.EnableBokehSettings:0    ; no bokeh simulation on slight out of focus]]
[2021.02.16-12.39.53:014][  0]LogConfig: Setting CVar [[r.DOF.TemporalAAQuality:1                ; more stable temporal accumulation]]
[2021.02.16-12.39.53:014][  0]LogConfig: Setting CVar [[r.DOF.Kernel.MaxForegroundRadius:0.025]]
[2021.02.16-12.39.53:014][  0]LogConfig: Setting CVar [[r.DOF.Kernel.MaxBackgroundRadius:0.025]]
[2021.02.16-12.39.53:014][  0]LogConfig: Applying CVar settings from Section [TextureQuality@3] File [C:/Users/Morgan/Desktop/UnrealAI/UnrealAI/Saved/Config/Windows/Scalability.ini]
[2021.02.16-12.39.53:014][  0]LogConfig: Setting CVar [[r.Streaming.MipBias:0]]
[2021.02.16-12.39.53:014][  0]LogConfig: Setting CVar [[r.Streaming.AmortizeCPUToGPUCopy:0]]
[2021.02.16-12.39.53:014][  0]LogConfig: Setting CVar [[r.Streaming.MaxNumTexturesToStreamPerFrame:0]]
[2021.02.16-12.39.53:014][  0]LogConfig: Setting CVar [[r.Streaming.Boost:1]]
[2021.02.16-12.39.53:014][  0]LogConfig: Setting CVar [[r.MaxAnisotropy:8]]
[2021.02.16-12.39.53:014][  0]LogConfig: Setting CVar [[r.VT.MaxAnisotropy:8]]
[2021.02.16-12.39.53:014][  0]LogConfig: Setting CVar [[r.Streaming.LimitPoolSizeToVRAM:0]]
[2021.02.16-12.39.53:014][  0]LogConfig: Setting CVar [[r.Streaming.PoolSize:1000]]
[2021.02.16-12.39.53:014][  0]LogConfig: Setting CVar [[r.Streaming.MaxEffectiveScreenSize:0]]
[2021.02.16-12.39.53:014][  0]LogConfig: Applying CVar settings from Section [EffectsQuality@3] File [C:/Users/Morgan/Desktop/UnrealAI/UnrealAI/Saved/Config/Windows/Scalability.ini]
[2021.02.16-12.39.53:014][  0]LogConfig: Setting CVar [[r.TranslucencyLightingVolumeDim:64]]
[2021.02.16-12.39.53:014][  0]LogConfig: Setting CVar [[r.RefractionQuality:2]]
[2021.02.16-12.39.53:014][  0]LogConfig: Setting CVar [[r.SSR.Quality:3]]
[2021.02.16-12.39.53:014][  0]LogConfig: Setting CVar [[r.SSR.HalfResSceneColor:0]]
[2021.02.16-12.39.53:014][  0]LogConfig: Setting CVar [[r.SceneColorFormat:4]]
[2021.02.16-12.39.53:014][  0]LogConfig: Setting CVar [[r.DetailMode:2]]
[2021.02.16-12.39.53:014][  0]LogConfig: Setting CVar [[r.TranslucencyVolumeBlur:1]]
[2021.02.16-12.39.53:014][  0]LogConfig: Setting CVar [[r.MaterialQualityLevel:1 ; High quality]]
[2021.02.16-12.39.53:014][  0]LogConfig: Setting CVar [[r.SSS.Scale:1]]
[2021.02.16-12.39.53:014][  0]LogConfig: Setting CVar [[r.SSS.SampleSet:2]]
[2021.02.16-12.39.53:014][  0]LogConfig: Setting CVar [[r.SSS.Quality:1]]
[2021.02.16-12.39.53:014][  0]LogConfig: Setting CVar [[r.SSS.HalfRes:0]]
[2021.02.16-12.39.53:014][  0]LogConfig: Setting CVar [[r.SSGI.Quality:3]]
[2021.02.16-12.39.53:014][  0]LogConfig: Setting CVar [[r.EmitterSpawnRateScale:1.0]]
[2021.02.16-12.39.53:014][  0]LogConfig: Setting CVar [[r.ParticleLightQuality:2]]
[2021.02.16-12.39.53:014][  0]LogConfig: Setting CVar [[r.SkyAtmosphere.AerialPerspectiveLUT.FastApplyOnOpaque:1 ; Always have FastSkyLUT 1 in this case to avoid wrong sky]]
[2021.02.16-12.39.53:014][  0]LogConfig: Setting CVar [[r.SkyAtmosphere.AerialPerspectiveLUT.SampleCountPerSlice:1]]
[2021.02.16-12.39.53:014][  0]LogConfig: Setting CVar [[r.SkyAtmosphere.AerialPerspectiveLUT.DepthResolution:16.0]]
[2021.02.16-12.39.53:014][  0]LogConfig: Setting CVar [[r.SkyAtmosphere.FastSkyLUT:1]]
[2021.02.16-12.39.53:014][  0]LogConfig: Setting CVar [[r.SkyAtmosphere.FastSkyLUT.SampleCountMin:4.0]]
[2021.02.16-12.39.53:014][  0]LogConfig: Setting CVar [[r.SkyAtmosphere.FastSkyLUT.SampleCountMax:32.0]]
[2021.02.16-12.39.53:015][  0]LogConfig: Setting CVar [[r.SkyAtmosphere.SampleCountMin:4.0]]
[2021.02.16-12.39.53:015][  0]LogConfig: Setting CVar [[r.SkyAtmosphere.SampleCountMax:32.0]]
[2021.02.16-12.39.53:015][  0]LogConfig: Setting CVar [[r.SkyAtmosphere.TransmittanceLUT.UseSmallFormat:0]]
[2021.02.16-12.39.53:015][  0]LogConfig: Setting CVar [[r.SkyAtmosphere.TransmittanceLUT.SampleCount:10.0]]
[2021.02.16-12.39.53:015][  0]LogConfig: Setting CVar [[r.SkyAtmosphere.MultiScatteringLUT.SampleCount:15.0]]
[2021.02.16-12.39.53:015][  0]LogConfig: Applying CVar settings from Section [FoliageQuality@3] File [C:/Users/Morgan/Desktop/UnrealAI/UnrealAI/Saved/Config/Windows/Scalability.ini]
[2021.02.16-12.39.53:015][  0]LogConfig: Setting CVar [[foliage.DensityScale:1.0]]
[2021.02.16-12.39.53:015][  0]LogConfig: Setting CVar [[grass.DensityScale:1.0]]
[2021.02.16-12.39.53:015][  0]LogConfig: Applying CVar settings from Section [ShadingQuality@3] File [C:/Users/Morgan/Desktop/UnrealAI/UnrealAI/Saved/Config/Windows/Scalability.ini]
[2021.02.16-12.39.53:015][  0]LogConfig: Setting CVar [[r.HairStrands.SkyLighting.SampleCount:16]]
[2021.02.16-12.39.53:015][  0]LogConfig: Setting CVar [[r.HairStrands.SkyLighting.JitterIntegration:0]]
[2021.02.16-12.39.53:015][  0]LogConfig: Setting CVar [[r.HairStrands.SkyAO.SampleCount:16]]
[2021.02.16-12.39.53:015][  0]LogConfig: Setting CVar [[r.HairStrands.DeepShadow.SuperSampling:0]]
[2021.02.16-12.39.53:015][  0]LogConfig: Setting CVar [[r.HairStrands.VisibilityPPLL:0]]
[2021.02.16-12.39.53:015][  0]LogConfig: Setting CVar [[r.HairStrands.RasterizationScale:0.5]]
[2021.02.16-12.39.53:015][  0]LogConfig: Setting CVar [[r.HairStrands.VelocityRasterizationScale:1]]
[2021.02.16-12.39.53:015][  0]LogInit: Selected Device Profile: [Windows]
[2021.02.16-12.39.53:015][  0]LogInit: Applying CVar settings loaded from the selected device profile: [Windows]
[2021.02.16-12.39.53:015][  0]LogHAL: Display: Platform has ~ 32 GB [34252365824 / 34359738368 / 32], which maps to Largest [LargestMinGB=32, LargerMinGB=12, DefaultMinGB=8, SmallerMinGB=6, SmallestMinGB=0)
[2021.02.16-12.39.53:015][  0]LogInit: Going up to parent DeviceProfile []
[2021.02.16-12.39.53:015][  0]LogConfig: Applying CVar settings from Section [ViewDistanceQuality@3] File [C:/Users/Morgan/Desktop/UnrealAI/UnrealAI/Saved/Config/Windows/Scalability.ini]
[2021.02.16-12.39.53:015][  0]LogConfig: Setting CVar [[r.SkeletalMeshLODBias:0]]
[2021.02.16-12.39.53:015][  0]LogConfig: Setting CVar [[r.ViewDistanceScale:1.0]]
[2021.02.16-12.39.53:015][  0]LogConfig: Applying CVar settings from Section [AntiAliasingQuality@3] File [C:/Users/Morgan/Desktop/UnrealAI/UnrealAI/Saved/Config/Windows/Scalability.ini]
[2021.02.16-12.39.53:015][  0]LogConfig: Setting CVar [[r.PostProcessAAQuality:4]]
[2021.02.16-12.39.53:015][  0]LogConfig: Applying CVar settings from Section [ShadowQuality@3] File [C:/Users/Morgan/Desktop/UnrealAI/UnrealAI/Saved/Config/Windows/Scalability.ini]
[2021.02.16-12.39.53:015][  0]LogConfig: Setting CVar [[r.LightFunctionQuality:1]]
[2021.02.16-12.39.53:015][  0]LogConfig: Setting CVar [[r.ShadowQuality:5]]
[2021.02.16-12.39.53:015][  0]LogConfig: Setting CVar [[r.Shadow.CSM.MaxCascades:10]]
[2021.02.16-12.39.53:015][  0]LogConfig: Setting CVar [[r.Shadow.MaxResolution:2048]]
[2021.02.16-12.39.53:015][  0]LogConfig: Setting CVar [[r.Shadow.MaxCSMResolution:2048]]
[2021.02.16-12.39.53:015][  0]LogConfig: Setting CVar [[r.Shadow.RadiusThreshold:0.01]]
[2021.02.16-12.39.53:015][  0]LogConfig: Setting CVar [[r.Shadow.DistanceScale:1.0]]
[2021.02.16-12.39.53:015][  0]LogConfig: Setting CVar [[r.Shadow.CSM.TransitionScale:1.0]]
[2021.02.16-12.39.53:015][  0]LogConfig: Setting CVar [[r.Shadow.PreShadowResolutionFactor:1.0]]
[2021.02.16-12.39.53:015][  0]LogConfig: Setting CVar [[r.DistanceFieldShadowing:1]]
[2021.02.16-12.39.53:015][  0]LogConfig: Setting CVar [[r.DistanceFieldAO:1]]
[2021.02.16-12.39.53:015][  0]LogConfig: Setting CVar [[r.AOQuality:2]]
[2021.02.16-12.39.53:015][  0]LogConfig: Setting CVar [[r.VolumetricFog:1]]
[2021.02.16-12.39.53:015][  0]LogConfig: Setting CVar [[r.VolumetricFog.GridPixelSize:8]]
[2021.02.16-12.39.53:015][  0]LogConfig: Setting CVar [[r.VolumetricFog.GridSizeZ:128]]
[2021.02.16-12.39.53:015][  0]LogConfig: Setting CVar [[r.VolumetricFog.HistoryMissSupersampleCount:4]]
[2021.02.16-12.39.53:015][  0]LogConfig: Setting CVar [[r.LightMaxDrawDistanceScale:1]]
[2021.02.16-12.39.53:015][  0]LogConfig: Setting CVar [[r.CapsuleShadows:1]]
[2021.02.16-12.39.53:015][  0]LogConfig: Applying CVar settings from Section [PostProcessQuality@3] File [C:/Users/Morgan/Desktop/UnrealAI/UnrealAI/Saved/Config/Windows/Scalability.ini]
[2021.02.16-12.39.53:015][  0]LogConfig: Setting CVar [[r.MotionBlurQuality:4]]
[2021.02.16-12.39.53:015][  0]LogConfig: Setting CVar [[r.AmbientOcclusionMipLevelFactor:0.4]]
[2021.02.16-12.39.53:015][  0]LogConfig: Setting CVar [[r.AmbientOcclusionMaxQuality:100]]
[2021.02.16-12.39.53:015][  0]LogConfig: Setting CVar [[r.AmbientOcclusionLevels:-1]]
[2021.02.16-12.39.53:015][  0]LogConfig: Setting CVar [[r.AmbientOcclusionRadiusScale:1.0]]
[2021.02.16-12.39.53:015][  0]LogConfig: Setting CVar [[r.DepthOfFieldQuality:2]]
[2021.02.16-12.39.53:015][  0]LogConfig: Setting CVar [[r.RenderTargetPoolMin:400]]
[2021.02.16-12.39.53:015][  0]LogConfig: Setting CVar [[r.LensFlareQuality:2]]
[2021.02.16-12.39.53:015][  0]LogConfig: Setting CVar [[r.SceneColorFringeQuality:1]]
[2021.02.16-12.39.53:015][  0]LogConfig: Setting CVar [[r.EyeAdaptationQuality:2]]
[2021.02.16-12.39.53:015][  0]LogConfig: Setting CVar [[r.BloomQuality:5]]
[2021.02.16-12.39.53:015][  0]LogConfig: Setting CVar [[r.FastBlurThreshold:100]]
[2021.02.16-12.39.53:015][  0]LogConfig: Setting CVar [[r.Upscale.Quality:3]]
[2021.02.16-12.39.53:015][  0]LogConfig: Setting CVar [[r.Tonemapper.GrainQuantization:1]]
[2021.02.16-12.39.53:015][  0]LogConfig: Setting CVar [[r.LightShaftQuality:1]]
[2021.02.16-12.39.53:015][  0]LogConfig: Setting CVar [[r.Filter.SizeScale:1]]
[2021.02.16-12.39.53:015][  0]LogConfig: Setting CVar [[r.Tonemapper.Quality:5]]
[2021.02.16-12.39.53:015][  0]LogConfig: Setting CVar [[r.DOF.Gather.AccumulatorQuality:1        ; higher gathering accumulator quality]]
[2021.02.16-12.39.53:015][  0]LogConfig: Setting CVar [[r.DOF.Gather.PostfilterMethod:1          ; Median3x3 postfilering method]]
[2021.02.16-12.39.53:015][  0]LogConfig: Setting CVar [[r.DOF.Gather.EnableBokehSettings:0       ; no bokeh simulation when gathering]]
[2021.02.16-12.39.53:015][  0]LogConfig: Setting CVar [[r.DOF.Gather.RingCount:4                 ; medium number of samples when gathering]]
[2021.02.16-12.39.53:015][  0]LogConfig: Setting CVar [[r.DOF.Scatter.ForegroundCompositing:1    ; additive foreground scattering]]
[2021.02.16-12.39.53:015][  0]LogConfig: Setting CVar [[r.DOF.Scatter.BackgroundCompositing:2    ; additive background scattering]]
[2021.02.16-12.39.53:015][  0]LogConfig: Setting CVar [[r.DOF.Scatter.EnableBokehSettings:1      ; bokeh simulation when scattering]]
[2021.02.16-12.39.53:015][  0]LogConfig: Setting CVar [[r.DOF.Scatter.MaxSpriteRatio:0.1         ; only a maximum of 10% of scattered bokeh]]
[2021.02.16-12.39.53:015][  0]LogConfig: Setting CVar [[r.DOF.Recombine.Quality:1                ; cheap slight out of focus]]
[2021.02.16-12.39.53:015][  0]LogConfig: Setting CVar [[r.DOF.Recombine.EnableBokehSettings:0    ; no bokeh simulation on slight out of focus]]
[2021.02.16-12.39.53:015][  0]LogConfig: Setting CVar [[r.DOF.TemporalAAQuality:1                ; more stable temporal accumulation]]
[2021.02.16-12.39.53:015][  0]LogConfig: Setting CVar [[r.DOF.Kernel.MaxForegroundRadius:0.025]]
[2021.02.16-12.39.53:015][  0]LogConfig: Setting CVar [[r.DOF.Kernel.MaxBackgroundRadius:0.025]]
[2021.02.16-12.39.53:015][  0]LogConfig: Applying CVar settings from Section [TextureQuality@3] File [C:/Users/Morgan/Desktop/UnrealAI/UnrealAI/Saved/Config/Windows/Scalability.ini]
[2021.02.16-12.39.53:015][  0]LogConfig: Setting CVar [[r.Streaming.MipBias:0]]
[2021.02.16-12.39.53:015][  0]LogConfig: Setting CVar [[r.Streaming.AmortizeCPUToGPUCopy:0]]
[2021.02.16-12.39.53:015][  0]LogConfig: Setting CVar [[r.Streaming.MaxNumTexturesToStreamPerFrame:0]]
[2021.02.16-12.39.53:015][  0]LogConfig: Setting CVar [[r.Streaming.Boost:1]]
[2021.02.16-12.39.53:015][  0]LogConfig: Setting CVar [[r.MaxAnisotropy:8]]
[2021.02.16-12.39.53:015][  0]LogConfig: Setting CVar [[r.VT.MaxAnisotropy:8]]
[2021.02.16-12.39.53:015][  0]LogConfig: Setting CVar [[r.Streaming.LimitPoolSizeToVRAM:0]]
[2021.02.16-12.39.53:015][  0]LogConfig: Setting CVar [[r.Streaming.PoolSize:1000]]
[2021.02.16-12.39.53:015][  0]LogConfig: Setting CVar [[r.Streaming.MaxEffectiveScreenSize:0]]
[2021.02.16-12.39.53:016][  0]LogConfig: Applying CVar settings from Section [EffectsQuality@3] File [C:/Users/Morgan/Desktop/UnrealAI/UnrealAI/Saved/Config/Windows/Scalability.ini]
[2021.02.16-12.39.53:016][  0]LogConfig: Setting CVar [[r.TranslucencyLightingVolumeDim:64]]
[2021.02.16-12.39.53:016][  0]LogConfig: Setting CVar [[r.RefractionQuality:2]]
[2021.02.16-12.39.53:016][  0]LogConfig: Setting CVar [[r.SSR.Quality:3]]
[2021.02.16-12.39.53:016][  0]LogConfig: Setting CVar [[r.SSR.HalfResSceneColor:0]]
[2021.02.16-12.39.53:016][  0]LogConfig: Setting CVar [[r.SceneColorFormat:4]]
[2021.02.16-12.39.53:016][  0]LogConfig: Setting CVar [[r.DetailMode:2]]
[2021.02.16-12.39.53:016][  0]LogConfig: Setting CVar [[r.TranslucencyVolumeBlur:1]]
[2021.02.16-12.39.53:016][  0]LogConfig: Setting CVar [[r.MaterialQualityLevel:1 ; High quality]]
[2021.02.16-12.39.53:016][  0]LogConfig: Setting CVar [[r.SSS.Scale:1]]
[2021.02.16-12.39.53:016][  0]LogConfig: Setting CVar [[r.SSS.SampleSet:2]]
[2021.02.16-12.39.53:016][  0]LogConfig: Setting CVar [[r.SSS.Quality:1]]
[2021.02.16-12.39.53:016][  0]LogConfig: Setting CVar [[r.SSS.HalfRes:0]]
[2021.02.16-12.39.53:016][  0]LogConfig: Setting CVar [[r.SSGI.Quality:3]]
[2021.02.16-12.39.53:016][  0]LogConfig: Setting CVar [[r.EmitterSpawnRateScale:1.0]]
[2021.02.16-12.39.53:016][  0]LogConfig: Setting CVar [[r.ParticleLightQuality:2]]
[2021.02.16-12.39.53:016][  0]LogConfig: Setting CVar [[r.SkyAtmosphere.AerialPerspectiveLUT.FastApplyOnOpaque:1 ; Always have FastSkyLUT 1 in this case to avoid wrong sky]]
[2021.02.16-12.39.53:016][  0]LogConfig: Setting CVar [[r.SkyAtmosphere.AerialPerspectiveLUT.SampleCountPerSlice:1]]
[2021.02.16-12.39.53:016][  0]LogConfig: Setting CVar [[r.SkyAtmosphere.AerialPerspectiveLUT.DepthResolution:16.0]]
[2021.02.16-12.39.53:016][  0]LogConfig: Setting CVar [[r.SkyAtmosphere.FastSkyLUT:1]]
[2021.02.16-12.39.53:016][  0]LogConfig: Setting CVar [[r.SkyAtmosphere.FastSkyLUT.SampleCountMin:4.0]]
[2021.02.16-12.39.53:016][  0]LogConfig: Setting CVar [[r.SkyAtmosphere.FastSkyLUT.SampleCountMax:32.0]]
[2021.02.16-12.39.53:016][  0]LogConfig: Setting CVar [[r.SkyAtmosphere.SampleCountMin:4.0]]
[2021.02.16-12.39.53:016][  0]LogConfig: Setting CVar [[r.SkyAtmosphere.SampleCountMax:32.0]]
[2021.02.16-12.39.53:016][  0]LogConfig: Setting CVar [[r.SkyAtmosphere.TransmittanceLUT.UseSmallFormat:0]]
[2021.02.16-12.39.53:016][  0]LogConfig: Setting CVar [[r.SkyAtmosphere.TransmittanceLUT.SampleCount:10.0]]
[2021.02.16-12.39.53:016][  0]LogConfig: Setting CVar [[r.SkyAtmosphere.MultiScatteringLUT.SampleCount:15.0]]
[2021.02.16-12.39.53:016][  0]LogConfig: Applying CVar settings from Section [FoliageQuality@3] File [C:/Users/Morgan/Desktop/UnrealAI/UnrealAI/Saved/Config/Windows/Scalability.ini]
[2021.02.16-12.39.53:016][  0]LogConfig: Setting CVar [[foliage.DensityScale:1.0]]
[2021.02.16-12.39.53:016][  0]LogConfig: Setting CVar [[grass.DensityScale:1.0]]
[2021.02.16-12.39.53:016][  0]LogConfig: Applying CVar settings from Section [ShadingQuality@3] File [C:/Users/Morgan/Desktop/UnrealAI/UnrealAI/Saved/Config/Windows/Scalability.ini]
[2021.02.16-12.39.53:016][  0]LogConfig: Setting CVar [[r.HairStrands.SkyLighting.SampleCount:16]]
[2021.02.16-12.39.53:016][  0]LogConfig: Setting CVar [[r.HairStrands.SkyLighting.JitterIntegration:0]]
[2021.02.16-12.39.53:016][  0]LogConfig: Setting CVar [[r.HairStrands.SkyAO.SampleCount:16]]
[2021.02.16-12.39.53:016][  0]LogConfig: Setting CVar [[r.HairStrands.DeepShadow.SuperSampling:0]]
[2021.02.16-12.39.53:016][  0]LogConfig: Setting CVar [[r.HairStrands.VisibilityPPLL:0]]
[2021.02.16-12.39.53:016][  0]LogConfig: Setting CVar [[r.HairStrands.RasterizationScale:0.5]]
[2021.02.16-12.39.53:016][  0]LogConfig: Setting CVar [[r.HairStrands.VelocityRasterizationScale:1]]
[2021.02.16-12.39.53:016][  0]LogConfig: Applying CVar settings from Section [Startup] File [../../../Engine/Config/ConsoleVariables.ini]
[2021.02.16-12.39.53:016][  0]LogConfig: Setting CVar [[net.UseAdaptiveNetUpdateFrequency:0]]
[2021.02.16-12.39.53:016][  0]LogConfig: Setting CVar [[p.chaos.AllowCreatePhysxBodies:1]]
[2021.02.16-12.39.53:016][  0]LogConfig: Setting CVar [[fx.SkipVectorVMBackendOptimizations:1]]
[2021.02.16-12.39.53:016][  0]LogConfig: Applying CVar settings from Section [ConsoleVariables] File [C:/Users/Morgan/Desktop/UnrealAI/UnrealAI/Saved/Config/Windows/Engine.ini]
[2021.02.16-12.39.53:016][  0]LogInit: Computer: DESKTOP-A1LV5LA
[2021.02.16-12.39.53:016][  0]LogInit: User: Morgan
[2021.02.16-12.39.53:016][  0]LogInit: CPU Page size=4096, Cores=10
[2021.02.16-12.39.53:016][  0]LogInit: High frequency timer resolution =10.000000 MHz
[2021.02.16-12.39.53:016][  0]LogMemory: Memory total: Physical=31.9GB (32GB approx)
[2021.02.16-12.39.53:016][  0]LogMemory: Platform Memory Stats for Windows
[2021.02.16-12.39.53:016][  0]LogMemory: Process Physical Memory: 120.45 MB used, 120.46 MB peak
[2021.02.16-12.39.53:016][  0]LogMemory: Process Virtual Memory: 110.38 MB used, 110.38 MB peak
[2021.02.16-12.39.53:016][  0]LogMemory: Physical Memory: 7791.57 MB used,  24874.03 MB free, 32665.60 MB total
[2021.02.16-12.39.53:016][  0]LogMemory: Virtual Memory: 5202.94 MB used,  134212528.00 MB free, 134217728.00 MB total
[2021.02.16-12.39.53:021][  0]LogWindows: WindowsPlatformFeatures enabled
[2021.02.16-12.39.53:073][  0]LogInit: Physics initialised using underlying interface: PhysX
[2021.02.16-12.39.53:073][  0]LogInit: Using OS detected language (en-GB).
[2021.02.16-12.39.53:073][  0]LogInit: Using OS detected locale (en-GB).
[2021.02.16-12.39.53:077][  0]LogTextLocalizationManager: No specific localization for 'en-GB' exists, so the 'en' localization will be used.
[2021.02.16-12.39.53:224][  0]LogInit: Setting process to per monitor DPI aware
[2021.02.16-12.39.53:251][  0]LogSlate: New Slate User Created.  User Index 0, Is Virtual User: 0
[2021.02.16-12.39.53:251][  0]LogSlate: Slate User Registered.  User Index 0, Is Virtual User: 0
[2021.02.16-12.39.53:391][  0]LogHMD: Failed to initialize OpenVR with code 110
[2021.02.16-12.39.53:391][  0]LogD3D11RHI: D3D11 min allowed feature level: 11_0
[2021.02.16-12.39.53:391][  0]LogD3D11RHI: D3D11 max allowed feature level: 11_0
[2021.02.16-12.39.53:391][  0]LogD3D11RHI: D3D11 adapters:
[2021.02.16-12.39.53:489][  0]LogD3D11RHI:    0. 'NVIDIA GeForce RTX 3090' (Feature Level 11_0)
[2021.02.16-12.39.53:489][  0]LogD3D11RHI:       24348/0/16332 MB DedicatedVideo/DedicatedSystem/SharedSystem, Outputs:2, VendorId:0x10de
[2021.02.16-12.39.53:491][  0]LogD3D11RHI:    1. 'Microsoft Basic Render Driver' (Feature Level 11_0)
[2021.02.16-12.39.53:491][  0]LogD3D11RHI:       0/0/16332 MB DedicatedVideo/DedicatedSystem/SharedSystem, Outputs:0, VendorId:0x1414
[2021.02.16-12.39.53:491][  0]LogD3D11RHI: Chosen D3D11 Adapter: 0
[2021.02.16-12.39.53:497][  0]LogD3D11RHI: Creating new Direct3DDevice
[2021.02.16-12.39.53:497][  0]LogD3D11RHI:     GPU DeviceId: 0x2204 (for the marketing name, search the web for "GPU Device Id")
[2021.02.16-12.39.53:497][  0]LogWindows: EnumDisplayDevices:
[2021.02.16-12.39.53:497][  0]LogWindows:    0. 'NVIDIA GeForce RTX 3090' (P:1 D:1)
[2021.02.16-12.39.53:497][  0]LogWindows:    1. 'NVIDIA GeForce RTX 3090' (P:0 D:1)
[2021.02.16-12.39.53:498][  0]LogWindows:    2. 'NVIDIA GeForce RTX 3090' (P:0 D:0)
[2021.02.16-12.39.53:498][  0]LogWindows:    3. 'NVIDIA GeForce RTX 3090' (P:0 D:0)
[2021.02.16-12.39.53:498][  0]LogWindows: DebugString: FoundDriverCount:4 
[2021.02.16-12.39.53:498][  0]LogD3D11RHI:     Adapter Name: NVIDIA GeForce RTX 3090
[2021.02.16-12.39.53:498][  0]LogD3D11RHI:   Driver Version: 460.89 (internal:27.21.14.6089, unified:460.89)
[2021.02.16-12.39.53:498][  0]LogD3D11RHI:      Driver Date: 12-11-2020
[2021.02.16-12.39.53:498][  0]LogRHI: Texture pool is 17043 MB (70% of 24348 MB)
[2021.02.16-12.39.53:568][  0]LogD3D11RHI: RHI has support for 64 bit atomics
[2021.02.16-12.39.53:568][  0]LogD3D11RHI: Async texture creation enabled
[2021.02.16-12.39.53:568][  0]LogD3D11RHI: Array index from any shader is supported
[2021.02.16-12.39.53:582][  0]LogD3D11RHI: GPU Timing Frequency: 1000.000000 (Debug: 2 1)
[2021.02.16-12.39.53:887][  0]LogTargetPlatformManager: Display: Loaded TargetPlatform 'AllDesktop'
[2021.02.16-12.39.53:907][  0]LogTargetPlatformManager: Display: Loaded TargetPlatform 'Android'
[2021.02.16-12.39.53:907][  0]LogTargetPlatformManager: Display: Loaded TargetPlatform 'Android_ASTC'
[2021.02.16-12.39.53:907][  0]LogTargetPlatformManager: Display: Loaded TargetPlatform 'Android_DXT'
[2021.02.16-12.39.53:907][  0]LogTargetPlatformManager: Display: Loaded TargetPlatform 'Android_ETC2'
[2021.02.16-12.39.53:907][  0]LogTargetPlatformManager: Display: Loaded TargetPlatform 'AndroidClient'
[2021.02.16-12.39.53:907][  0]LogTargetPlatformManager: Display: Loaded TargetPlatform 'Android_ASTCClient'
[2021.02.16-12.39.53:907][  0]LogTargetPlatformManager: Display: Loaded TargetPlatform 'Android_DXTClient'
[2021.02.16-12.39.53:907][  0]LogTargetPlatformManager: Display: Loaded TargetPlatform 'Android_ETC2Client'
[2021.02.16-12.39.53:907][  0]LogTargetPlatformManager: Display: Loaded TargetPlatform 'Android_Multi'
[2021.02.16-12.39.53:907][  0]LogTargetPlatformManager: Display: Loaded TargetPlatform 'Android_MultiClient'
[2021.02.16-12.39.53:929][  0]LogTargetPlatformManager: Display: Loaded TargetPlatform 'IOSClient'
[2021.02.16-12.39.53:929][  0]LogTargetPlatformManager: Display: Loaded TargetPlatform 'IOS'
[2021.02.16-12.39.53:939][  0]LogTargetPlatformManager: Display: Loaded TargetPlatform 'Linux'
[2021.02.16-12.39.53:947][  0]LogTargetPlatformManager: Display: Loaded TargetPlatform 'LinuxNoEditor'
[2021.02.16-12.39.53:956][  0]LogTargetPlatformManager: Display: Loaded TargetPlatform 'LinuxClient'
[2021.02.16-12.39.53:965][  0]LogTargetPlatformManager: Display: Loaded TargetPlatform 'LinuxServer'
[2021.02.16-12.39.53:974][  0]LogTargetPlatformManager: Display: Loaded TargetPlatform 'LinuxAArch64NoEditor'
[2021.02.16-12.39.53:983][  0]LogTargetPlatformManager: Display: Loaded TargetPlatform 'LinuxAArch64Client'
[2021.02.16-12.39.53:992][  0]LogTargetPlatformManager: Display: Loaded TargetPlatform 'LinuxAArch64Server'
[2021.02.16-12.39.54:017][  0]LogTargetPlatformManager: Display: Loaded TargetPlatform 'Lumin'
[2021.02.16-12.39.54:017][  0]LogTargetPlatformManager: Display: Loaded TargetPlatform 'LuminClient'
[2021.02.16-12.39.54:032][  0]LogTargetPlatformManager: Display: Loaded TargetPlatform 'TVOSClient'
[2021.02.16-12.39.54:032][  0]LogTargetPlatformManager: Display: Loaded TargetPlatform 'TVOS'
[2021.02.16-12.39.54:041][  0]LogTargetPlatformManager: Display: Loaded TargetPlatform 'WindowsNoEditor'
[2021.02.16-12.39.54:050][  0]LogTargetPlatformManager: Display: Loaded TargetPlatform 'Windows'
[2021.02.16-12.39.54:058][  0]LogTargetPlatformManager: Display: Loaded TargetPlatform 'WindowsClient'
[2021.02.16-12.39.54:066][  0]LogTargetPlatformManager: Display: Loaded TargetPlatform 'WindowsServer'
[2021.02.16-12.39.54:066][  0]LogTargetPlatformManager: Display: Building Assets For Windows
[2021.02.16-12.39.54:074][  0]LogAudioDebug: Display: Lib vorbis DLL was dynamically loaded.
[2021.02.16-12.39.54:133][  0]LogShaderCompilers: Guid format shader working directory is -9 characters bigger than the processId version (../../../../../../Users/Morgan/Desktop/UnrealAI/UnrealAI/Intermediate/Shaders/WorkingDirectory/4224/).
[2021.02.16-12.39.54:133][  0]LogShaderCompilers: Cleaned the shader compiler working directory 'C:/Users/Morgan/AppData/Local/Temp/UnrealShaderWorkingDir/07C09B56402BD94BA0FA5BAF67DEF1FD/'.
[2021.02.16-12.39.54:133][  0]LogXGEController: Cannot use XGE Controller as Incredibuild is not installed on this machine.
[2021.02.16-12.39.54:133][  0]LogShaderCompilers: Cannot use XGE Shader Compiler as Incredibuild is not installed on this machine.
[2021.02.16-12.39.54:133][  0]LogShaderCompilers: Display: Using Local Shader Compiler.
[2021.02.16-12.39.54:865][  0]LogDerivedDataCache: Display: Max Cache Size: 512 MB
[2021.02.16-12.39.54:909][  0]LogDerivedDataCache: Loaded boot cache 0.04s 79MB C:/Users/Morgan/AppData/Local/UnrealEngine/4.25/DerivedDataCache/Boot.ddc.
[2021.02.16-12.39.54:909][  0]LogDerivedDataCache: Display: Loaded Boot cache: C:/Users/Morgan/AppData/Local/UnrealEngine/4.25/DerivedDataCache/Boot.ddc
[2021.02.16-12.39.54:909][  0]LogDerivedDataCache: FDerivedDataBackendGraph:  Pak pak cache file ../../../../../../Users/Morgan/Desktop/UnrealAI/UnrealAI/DerivedDataCache/DDC.ddp not found, will not use a pak cache.
[2021.02.16-12.39.54:910][  0]LogDerivedDataCache: Unable to find inner node Pak for hierarchical cache Hierarchy.
[2021.02.16-12.39.54:910][  0]LogDerivedDataCache: FDerivedDataBackendGraph:  CompressedPak pak cache file ../../../../../../Users/Morgan/Desktop/UnrealAI/UnrealAI/DerivedDataCache/Compressed.ddp not found, will not use a pak cache.
[2021.02.16-12.39.54:910][  0]LogDerivedDataCache: Unable to find inner node CompressedPak for hierarchical cache Hierarchy.
[2021.02.16-12.39.54:919][  0]LogDerivedDataCache: Display: Pak cache opened for reading ../../../Engine/DerivedDataCache/Compressed.ddp.
[2021.02.16-12.39.54:919][  0]LogDerivedDataCache: FDerivedDataBackendGraph:  EnterprisePak pak cache file ../../../Enterprise/DerivedDataCache/Compressed.ddp not found, will not use a pak cache.
[2021.02.16-12.39.54:919][  0]LogDerivedDataCache: Unable to find inner node EnterprisePak for hierarchical cache Hierarchy.
[2021.02.16-12.39.54:920][  0]LogDerivedDataCache: Using Local data cache path C:/Users/Morgan/AppData/Local/UnrealEngine/Common/DerivedDataCache: Writable
[2021.02.16-12.39.54:920][  0]LogDerivedDataCache: Shared data cache path not found in *engine.ini, will not use an Shared cache.
[2021.02.16-12.39.54:920][  0]LogDerivedDataCache: Unable to find inner node Shared for hierarchical cache Hierarchy.
[2021.02.16-12.39.54:967][  0]LogSlate: Using FreeType 2.10.0
[2021.02.16-12.39.54:968][  0]LogSlate: SlateFontServices - WITH_FREETYPE: 1, WITH_HARFBUZZ: 1
[2021.02.16-12.39.54:988][  0]LogAssetRegistry: FAssetRegistry took 0.0023 seconds to start up
[2021.02.16-12.39.55:190][  0]LogInit: Selected Device Profile: [Windows]
[2021.02.16-12.39.55:296][  0]LogMeshReduction: Using QuadricMeshReduction for automatic static mesh reduction
[2021.02.16-12.39.55:296][  0]LogMeshReduction: Using SimplygonMeshReduction for automatic skeletal mesh reduction
[2021.02.16-12.39.55:296][  0]LogMeshReduction: Using ProxyLODMeshReduction for automatic mesh merging
[2021.02.16-12.39.55:296][  0]LogMeshReduction: No distributed automatic mesh merging module available
[2021.02.16-12.39.55:296][  0]LogMeshMerging: No distributed automatic mesh merging module available
[2021.02.16-12.39.55:311][  0]LogNetVersion: UnrealAI 1.0.0, NetCL: 13144385, EngineNetVer: 14, GameNetVer: 0 (Checksum: 2221238871)
[2021.02.16-12.39.55:670][  0]LogAISub: UAISubsystem::UAISubsystem AISubsystem (000002BBB4124280), frame # 0
[2021.02.16-12.39.55:670][  0]LogAISub: UAISubsystem::UAISubsystem AIPerceptionSystem (000002BBB4066AC0), frame # 0
[2021.02.16-12.39.55:671][  0]LogAISub: UAISubsystem::UAISubsystem EnvQueryManager (000002BBB40B2000), frame # 0
[2021.02.16-12.39.55:728][  0]LogPackageLocalizationCache: Processed 20 localized package path(s) for 1 prioritized culture(s) in 0.052413 seconds
[2021.02.16-12.39.55:733][  0]LogUObjectArray: 15917 objects as part of root set at end of initial load.
[2021.02.16-12.39.55:733][  0]LogUObjectAllocator: 3965568 out of 0 bytes used by permanent object pool.
[2021.02.16-12.39.55:733][  0]LogUObjectArray: CloseDisregardForGC: 0/0 objects in disregard for GC pool
[2021.02.16-12.39.56:048][  0]LogTcpMessaging: Initializing TcpMessaging bridge
[2021.02.16-12.39.56:052][  0]LogUdpMessaging: Initializing bridge on interface 0.0.0.0:0 to multicast group 230.0.0.1:6666.
[2021.02.16-12.39.56:255][  0]SourceControl: Source control is disabled
[2021.02.16-12.39.56:255][  0]SourceControl: Source control is disabled
[2021.02.16-12.39.56:258][  0]SourceControl: Source control is disabled
[2021.02.16-12.39.56:261][  0]SourceControl: Source control is disabled
[2021.02.16-12.39.56:268][  0]SourceControl: Source control is disabled
[2021.02.16-12.39.56:515][  0]LogAndroidPermission: UAndroidPermissionCallbackProxy::GetInstance
[2021.02.16-12.39.56:534][  0]LogAudioCaptureCore: Display: No Audio Capture implementations found. Audio input will be silent.
[2021.02.16-12.39.56:534][  0]LogAudioCaptureCore: Display: No Audio Capture implementations found. Audio input will be silent.
[2021.02.16-12.39.56:582][  0]LogOcInput: OculusInput pre-init called
[2021.02.16-12.39.56:593][  0]LogWindows: Failed to load 'OVRPlugin.dll' (GetLastError=126)
[2021.02.16-12.39.56:593][  0]LogWindows: File 'OVRPlugin.dll' does not exist
[2021.02.16-12.39.56:823][  0]LogEngine: Initializing Engine...
[2021.02.16-12.39.56:824][  0]LogHMD: Failed to initialize OpenVR with code 110
[2021.02.16-12.39.56:824][  0]LogMagicLeap: Warning: VR disabled because ZI is not enabled.  To enable, in the editor, Edit -> Project Settings -> Plugins -> Magic Leap Plugin -> Enable Zero Iteration
[2021.02.16-12.39.56:825][  0]LogStats: UGameplayTagsManager::InitializeManager -  0.000 s
[2021.02.16-12.39.56:934][  0]LogInit: Initializing FReadOnlyCVARCache
[2021.02.16-12.39.56:940][  0]LogAIModule: Creating AISystem for world Untitled
[2021.02.16-12.39.56:940][  0]LogAISub: UAISubsystem::UAISubsystem EnvQueryManager (000002BBADBFD200), frame # 0
[2021.02.16-12.39.56:940][  0]LogAISub: UAISubsystem::UAISubsystem AIPerceptionSystem (000002BBADC0E480), frame # 0
[2021.02.16-12.39.56:954][  0]LogAudioMixer: Display: Audio Mixer Platform Settings:
[2021.02.16-12.39.56:954][  0]LogAudioMixer: Display: 	Sample Rate:						  48000
[2021.02.16-12.39.56:954][  0]LogAudioMixer: Display: 	Callback Buffer Frame Size Requested: 1024
[2021.02.16-12.39.56:954][  0]LogAudioMixer: Display: 	Callback Buffer Frame Size To Use:	  1024
[2021.02.16-12.39.56:954][  0]LogAudioMixer: Display: 	Number of buffers to queue:			  2
[2021.02.16-12.39.56:954][  0]LogAudioMixer: Display: 	Max Channels (voices):				  32
[2021.02.16-12.39.56:954][  0]LogAudioMixer: Display: 	Number of Async Source Workers:		  0
[2021.02.16-12.39.56:954][  0]LogAudio: Display: AudioDevice MaxSources: 32
[2021.02.16-12.39.56:954][  0]LogAudio: Display: Using built-in audio occlusion.
[2021.02.16-12.39.56:955][  0]LogAudioMixer: Display: Initializing audio mixer.
[2021.02.16-12.39.56:966][  0]LogAudioMixer: Display: 0: FrontLeft
[2021.02.16-12.39.56:966][  0]LogAudioMixer: Display: 1: FrontRight
[2021.02.16-12.39.57:024][  0]LogAudioMixer: Display: Using Audio Device Speakers (Realtek(R) Audio)
[2021.02.16-12.39.57:024][  0]LogAudioMixer: Display: Initializing Sound Submixes...
[2021.02.16-12.39.57:026][  0]LogAudioMixer: Display: Creating Master Submix 'MasterSubmixDefault'
[2021.02.16-12.39.57:026][  0]LogAudioMixer: Display: Creating Master Submix 'MasterReverbSubmixDefault'
[2021.02.16-12.39.57:027][  0]LogAudioMixer: Display: Creating Master Submix 'MasterEQSubmixDefault'
[2021.02.16-12.39.57:027][  0]LogInit: FAudioDevice initialized.
[2021.02.16-12.39.57:028][  0]LogNetVersion: Set ProjectVersion to 1.0.0.0. Version Checksum will be recalculated on next use.
[2021.02.16-12.39.57:065][  0]LogDerivedDataCache: Saved boot cache 0.04s 79MB C:/Users/Morgan/AppData/Local/UnrealEngine/4.25/DerivedDataCache/Boot.ddc.
[2021.02.16-12.39.57:068][  0]LogInit: Texture streaming: Enabled
[2021.02.16-12.39.57:084][  0]LogEngineSessionManager: EngineSessionManager initialized
[2021.02.16-12.39.57:084][  0]LogEngineSessionManager: EngineSessionManager sent abnormal shutdown report. Type=Crashed, SessionId={5B437AC8-46B7-0CCC-E78C-569037D0B415}
[2021.02.16-12.39.57:084][  0]LogEditorSessionSummary: Verbose: Initializing EditorSessionSummaryWriter for editor session tracking
[2021.02.16-12.39.57:086][  0]LogEditorSessionSummary: EditorSessionSummaryWriter initialized
[2021.02.16-12.39.57:102][  0]LogInit: Transaction tracking system initialized
[2021.02.16-12.39.57:121][  0]BlueprintLog: New page: Editor Load
[2021.02.16-12.39.57:183][  0]LocalizationService: Localization service is disabled
[2021.02.16-12.39.57:321][  0]LogCook: Display: Max memory allowance for cook 16384mb min free memory 0mb
[2021.02.16-12.39.57:321][  0]LogCook: Display: Mobile HDR setting 1
[2021.02.16-12.39.57:435][  0]LogFileCache: Scanning file cache for directory 'C:/Users/Morgan/Desktop/UnrealAI/UnrealAI/Content/' took 0.00s
[2021.02.16-12.39.57:585][  0]SourceControl: Source control is disabled
[2021.02.16-12.39.57:585][  0]LogUnrealEdMisc: Loading editor; pre map load, took 6.209
[2021.02.16-12.39.57:585][  0]Cmd: MAP LOAD FILE="../../../../../../Users/Morgan/Desktop/UnrealAI/UnrealAI/Content/ThirdPersonCPP/Maps/ThirdPersonExampleMap.umap" TEMPLATE=0 SHOWPROGRESS=1 FEATURELEVEL=3
[2021.02.16-12.39.57:585][  0]LogEditorServer: Warning: Can't find file '../../../../../../Users/Morgan/Desktop/UnrealAI/UnrealAI/Content/ThirdPersonCPP/Maps/ThirdPersonExampleMap.umap'
[2021.02.16-12.39.57:585][  0]Cmd: MAP CHECKDEP NOCLEARLOG
[2021.02.16-12.39.57:585][  0]MapCheck: Map check complete: 0 Error(s), 0 Warning(s), took 0.16ms to complete.
[2021.02.16-12.39.57:585][  0]LogFileHelpers: Loading map 'ThirdPersonExampleMap' took 0.001
[2021.02.16-12.39.57:587][  0]LogUnrealEdMisc: Total Editor Startup Time, took 6.211
[2021.02.16-12.39.57:722][  0]LogSlate: Updating window title bar state: overlay mode, drag disabled, window buttons hidden, title bar hidden
[2021.02.16-12.39.57:727][  0]LogSlate: Updating window title bar state: overlay mode, drag disabled, window buttons hidden, title bar hidden
[2021.02.16-12.39.57:734][  0]LogSlate: Updating window title bar state: overlay mode, drag disabled, window buttons hidden, title bar hidden
[2021.02.16-12.39.57:740][  0]LogSlate: Updating window title bar state: overlay mode, drag disabled, window buttons hidden, title bar hidden
[2021.02.16-12.39.57:746][  0]LogCollectionManager: Loaded 0 collections in 0.001422 seconds
[2021.02.16-12.39.57:759][  0]LogFileCache: Scanning file cache for directory 'C:/Users/Morgan/Desktop/UnrealAI/UnrealAI/Saved/Collections/' took 0.00s
[2021.02.16-12.39.57:759][  0]LogFileCache: Scanning file cache for directory 'C:/Users/Morgan/Desktop/UnrealAI/UnrealAI/Content/Developers/Morgan/Collections/' took 0.00s
[2021.02.16-12.39.57:759][  0]LogFileCache: Scanning file cache for directory 'C:/Users/Morgan/Desktop/UnrealAI/UnrealAI/Content/Collections/' took 0.00s
[2021.02.16-12.39.57:759][  0]LogContentBrowser: Native class hierarchy populated in 0.0081 seconds. Added 3436 classes and 832 folders.
[2021.02.16-12.39.57:762][  0]LogContentBrowser: Native class hierarchy updated for 'WidgetCarousel' in 0.0003 seconds. Added 0 classes and 0 folders.
[2021.02.16-12.39.57:815][  0]LogContentBrowser: Native class hierarchy updated for 'AddContentDialog' in 0.0003 seconds. Added 0 classes and 0 folders.
[2021.02.16-12.39.57:818][  0]LogContentBrowser: Native class hierarchy updated for 'SceneOutliner' in 0.0003 seconds. Added 2 classes and 0 folders.
[2021.02.16-12.39.57:857][  0]LogSlate: Took 0.000142 seconds to synchronously load lazily loaded font '../../../Engine/Content/Slate/Fonts/Roboto-Regular.ttf' (155K)
[2021.02.16-12.39.57:861][  0]LogSlate: Took 0.000117 seconds to synchronously load lazily loaded font '../../../Engine/Content/Editor/Slate/Fonts/FontAwesome.ttf' (139K)
[2021.02.16-12.39.57:917][  0]LogRenderer: Reallocating scene render targets to support 2040x804 Format 10 NumSamples 1 (Frame:1).
[2021.02.16-12.39.57:980][  0]LogContentBrowser: Native class hierarchy updated for 'HierarchicalLODOutliner' in 0.0003 seconds. Added 0 classes and 0 folders.
[2021.02.16-12.39.57:980][  0]LogLoad: (Engine Initialization) Total time: 6.60 seconds
[2021.02.16-12.39.57:980][  0]LogLoad: (Engine Initialization) Total Blueprint compile time: 0.00 seconds
[2021.02.16-12.39.58:105][  0]LogAssetRegistry: Asset discovery search completed in 3.1175 seconds
[2021.02.16-12.39.58:109][  0]LogCollectionManager: Fixed up redirectors for 0 collections in 0.000002 seconds (updated 0 objects)
[2021.02.16-12.39.58:109][  0]LogContentStreaming: Texture pool size now 1000 MB
[2021.02.16-12.42.19:644][760]LogSlate: Took 0.000168 seconds to synchronously load lazily loaded font '../../../Engine/Content/Slate/Fonts/Roboto-Light.ttf' (167K)
[2021.02.16-12.42.19:767][760]LogAssetEditorSubsystem: Opening Asset editor for World /Game/Maps/AI_Fundamentals.AI_Fundamentals
[2021.02.16-12.42.19:784][760]LogUObjectHash: Compacting FUObjectHashTables data took   0.91ms
[2021.02.16-12.42.19:785][760]Cmd: MAP LOAD FILE="../../../../../../Users/Morgan/Desktop/UnrealAI/UnrealAI/Content/Maps/AI_Fundamentals.umap" TEMPLATE=0 SHOWPROGRESS=1 FEATURELEVEL=3
[2021.02.16-12.42.19:785][760]LightingResults: New page: Lighting Build
[2021.02.16-12.42.19:786][760]LogContentBrowser: Native class hierarchy updated for 'StatsViewer' in 0.0004 seconds. Added 6 classes and 0 folders.
[2021.02.16-12.42.19:786][760]LoadErrors: New page: Loading map: AI_Fundamentals.umap
[2021.02.16-12.42.19:786][760]LogWorld: UWorld::CleanupWorld for Untitled, bSessionEnded=true, bCleanupResources=true
[2021.02.16-12.42.19:786][760]LogSlate: InvalidateAllWidgets triggered.  All widgets were invalidated
[2021.02.16-12.42.19:786][760]MapCheck: New page: Map Check
[2021.02.16-12.42.19:786][760]LightingResults: New page: Lighting Build
[2021.02.16-12.42.19:799][760]LogAISub: UAISubsystem::~UAISubsystem EnvQueryManager (000002BBADBFD200), frame # 760
[2021.02.16-12.42.19:799][760]LogAISub: UAISubsystem::~UAISubsystem AIPerceptionSystem (000002BBADC0E480), frame # 760
[2021.02.16-12.42.19:800][760]LogUObjectHash: Compacting FUObjectHashTables data took   0.56ms
[2021.02.16-12.42.19:804][760]LogEditorServer: Finished looking for orphan Actors (0.000 secs)
[2021.02.16-12.42.19:804][760]LogAIModule: Creating AISystem for world AI_Fundamentals
[2021.02.16-12.42.19:804][760]LogAISub: UAISubsystem::UAISubsystem EnvQueryManager (000002BBB95DDE00), frame # 760
[2021.02.16-12.42.19:804][760]LogAISub: UAISubsystem::UAISubsystem AIPerceptionSystem (000002BBC736CA40), frame # 760
[2021.02.16-12.42.19:819][760]LogUObjectHash: Compacting FUObjectHashTables data took   0.58ms
[2021.02.16-12.42.19:842][760]Cmd: MAP CHECKDEP NOCLEARLOG
[2021.02.16-12.42.19:842][760]MapCheck: Map check complete: 0 Error(s), 0 Warning(s), took 0.122ms to complete.
[2021.02.16-12.42.19:842][760]LogFileHelpers: Loading map 'AI_Fundamentals' took 0.057
[2021.02.16-12.42.21:619][862]Cmd: OBJ SAVEPACKAGE PACKAGE="/Game/Maps/AI_Fundamentals" FILE="../../../../../../Users/Morgan/Desktop/UnrealAI/UnrealAI/Content/Maps/AI_Fundamentals.umap" SILENT=true AUTOSAVING=false KEEPDIRTY=false
[2021.02.16-12.42.21:637][862]LogUObjectHash: Compacting FUObjectHashTables data took   0.22ms
[2021.02.16-12.42.21:675][862]LogSavePackage: Moving '../../../../../../Users/Morgan/Desktop/UnrealAI/UnrealAI/Saved/AI_Fundamentals1D759146415BCDCE0B2737AB99A59958.tmp' to '../../../../../../Users/Morgan/Desktop/UnrealAI/UnrealAI/Content/Maps/AI_Fundamentals.umap'
[2021.02.16-12.42.21:701][862]Cmd: OBJ SAVEPACKAGE PACKAGE="/Game/Maps/AI_Fundamentals_BuiltData" FILE="../../../../../../Users/Morgan/Desktop/UnrealAI/UnrealAI/Content/Maps/AI_Fundamentals_BuiltData.uasset" SILENT=true
[2021.02.16-12.42.21:788][862]LogSavePackage: Moving '../../../../../../Users/Morgan/Desktop/UnrealAI/UnrealAI/Saved/AI_Fundamentals_BuiltDataFA3BF84A4068E663D445D59449BBAF6C.tmp' to '../../../../../../Users/Morgan/Desktop/UnrealAI/UnrealAI/Content/Maps/AI_Fundamentals_BuiltData.uasset'
[2021.02.16-12.42.21:799][862]AssetCheck: New page: Asset Save: multiple assets
[2021.02.16-12.42.21:799][862]LogContentValidation: Display: Validating World /Game/Maps/AI_Fundamentals.AI_Fundamentals
[2021.02.16-12.42.21:799][862]LogContentValidation: Display: Validating MapBuildDataRegistry /Game/Maps/AI_Fundamentals_BuiltData.AI_Fundamentals_BuiltData
[2021.02.16-12.42.26:865][139]LogSlate: Window 'Editor Preferences' being destroyed
[2021.02.16-12.42.26:886][139]LogSlate: Window 'Editor Preferences' being destroyed
[2021.02.16-12.42.32:206][431]LogSlate: Window 'Project Settings' being destroyed
[2021.02.16-12.42.53:554][634]LogSlate: Window 'Project Settings' being destroyed
[2021.02.16-12.42.53:577][634]LogSlate: Window 'Project Settings' being destroyed
[2021.02.16-12.42.55:374][743]LogEditorViewport: Clicking on Actor (LMB): ThirdPersonCharacter_C (ThirdPersonCharacter)
[2021.02.16-12.42.56:562][807]Cmd: OBJ SAVEPACKAGE PACKAGE="/Game/Maps/AI_Fundamentals" FILE="../../../../../../Users/Morgan/Desktop/UnrealAI/UnrealAI/Content/Maps/AI_Fundamentals.umap" SILENT=true AUTOSAVING=false KEEPDIRTY=false
[2021.02.16-12.42.56:577][807]LogUObjectHash: Compacting FUObjectHashTables data took   0.57ms
[2021.02.16-12.42.56:607][807]LogSavePackage: Moving '../../../../../../Users/Morgan/Desktop/UnrealAI/UnrealAI/Saved/AI_Fundamentals57C3949B487204B0F65E5DA21F577C9B.tmp' to '../../../../../../Users/Morgan/Desktop/UnrealAI/UnrealAI/Content/Maps/AI_Fundamentals.umap'
[2021.02.16-12.42.56:630][807]Cmd: OBJ SAVEPACKAGE PACKAGE="/Game/Maps/AI_Fundamentals_BuiltData" FILE="../../../../../../Users/Morgan/Desktop/UnrealAI/UnrealAI/Content/Maps/AI_Fundamentals_BuiltData.uasset" SILENT=true
[2021.02.16-12.42.56:677][807]LogSavePackage: Moving '../../../../../../Users/Morgan/Desktop/UnrealAI/UnrealAI/Saved/AI_Fundamentals_BuiltDataB6364E524454558A0EB89E8926130C30.tmp' to '../../../../../../Users/Morgan/Desktop/UnrealAI/UnrealAI/Content/Maps/AI_Fundamentals_BuiltData.uasset'
[2021.02.16-12.42.56:688][807]AssetCheck: New page: Asset Save: multiple assets
[2021.02.16-12.42.56:688][807]LogContentValidation: Display: Validating World /Game/Maps/AI_Fundamentals.AI_Fundamentals
[2021.02.16-12.42.56:688][807]LogContentValidation: Display: Validating MapBuildDataRegistry /Game/Maps/AI_Fundamentals_BuiltData.AI_Fundamentals_BuiltData
[2021.02.16-12.43.11:060][534]LogAssetEditorSubsystem: Opening Asset editor for Class /Script/UnrealAI.AIFundamentals_BTService
[2021.02.16-12.44.15:902][700]LogHotReload: New module detected: UE4Editor-UnrealAI-0005.dll
[2021.02.16-12.44.41:292][776]LogHotReload: New module detected: UE4Editor-UnrealAI-0006.dll
[2021.02.16-12.44.41:984][779]LogHotReload: Starting Hot-Reload from IDE
[2021.02.16-12.44.42:005][779]LogClass: Could not find existing class AIFundamentals_BTService in package /Script/UnrealAI for HotReload, assuming new class
[2021.02.16-12.44.42:009][779]LogHotReload: Re-instancing AIFundamentals_BTService after hot-reload.
[2021.02.16-12.44.42:019][779]LogContentBrowser: Native class hierarchy updated for 'UnrealAI' in 0.0005 seconds. Added 6 classes and 3 folders.
[2021.02.16-12.44.42:020][779]Display: HotReload successful (0 functions remapped  0 scriptstructs remapped)
[2021.02.16-12.44.42:068][779]LogContentBrowser: Native class hierarchy populated in 0.0084 seconds. Added 3436 classes and 832 folders.
[2021.02.16-12.44.42:076][779]Display: HotReload took  0.1s.
[2021.02.16-12.44.50:398][803]LogHotReload: New module detected: UE4Editor-UnrealAI-0007.dll
[2021.02.16-12.44.51:087][806]LogHotReload: Starting Hot-Reload from IDE
[2021.02.16-12.44.51:118][806]LogContentBrowser: Native class hierarchy updated for 'UnrealAI' in 0.0004 seconds. Added 6 classes and 3 folders.
[2021.02.16-12.44.51:119][806]Display: HotReload successful (0 functions remapped  0 scriptstructs remapped)
[2021.02.16-12.44.51:159][806]LogContentBrowser: Native class hierarchy populated in 0.0098 seconds. Added 3436 classes and 832 folders.
[2021.02.16-12.44.51:167][806]Display: HotReload took  0.1s.
[2021.02.16-12.45.46:283][970]LogHotReload: New module detected: UE4Editor-UnrealAI-0008.dll
[2021.02.16-12.45.46:975][973]LogHotReload: Starting Hot-Reload from IDE
[2021.02.16-12.45.46:999][973]LogContentBrowser: Native class hierarchy updated for 'UnrealAI' in 0.0004 seconds. Added 6 classes and 3 folders.
[2021.02.16-12.45.47:000][973]Display: HotReload successful (0 functions remapped  0 scriptstructs remapped)
[2021.02.16-12.45.47:036][973]LogContentBrowser: Native class hierarchy populated in 0.0082 seconds. Added 3436 classes and 832 folders.
[2021.02.16-12.45.47:043][973]Display: HotReload took  0.1s.
[2021.02.16-12.47.00:017][832]LogAssetEditorSubsystem: Opening Asset editor for BehaviorTree /Game/AI/AI_Fundamentals/AIFundamentalBehaviourTree.AIFundamentalBehaviourTree
[2021.02.16-12.47.00:133][832]LogSlate: Took 0.000157 seconds to synchronously load lazily loaded font '../../../Engine/Content/Slate/Fonts/Roboto-BoldCondensed.ttf' (158K)
[2021.02.16-12.47.08:851][305]LogSavePackage: Moving '../../../../../../Users/Morgan/Desktop/UnrealAI/UnrealAI/Saved/AIFundamentalBehaviourTree5B7B3490403C6F31B71D658B1B443F9C.tmp' to '../../../../../../Users/Morgan/Desktop/UnrealAI/UnrealAI/Content/AI/AI_Fundamentals/AIFundamentalBehaviourTree.uasset'
[2021.02.16-12.47.08:906][305]AssetCheck: New page: Asset Save: AIFundamentalBehaviourTree
[2021.02.16-12.47.08:906][305]LogContentValidation: Display: Validating BehaviorTree /Game/AI/AI_Fundamentals/AIFundamentalBehaviourTree.AIFundamentalBehaviourTree
[2021.02.16-12.47.13:204][505]LogSlate: Prevented a slow task dialog from being summoned while a context menu was open
[2021.02.16-12.47.14:793][597]LogAssetEditorSubsystem: Opening Asset editor for Blueprint /Game/AI/AI_Fundamentals/AI_FunamentalsBTService0.AI_FunamentalsBTService0
[2021.02.16-12.47.14:970][597]LogContentBrowser: Native class hierarchy updated for 'BlueprintGraph' in 0.0005 seconds. Added 125 classes and 0 folders.
[2021.02.16-12.47.35:005][657]LogSavePackage: Moving '../../../../../../Users/Morgan/Desktop/UnrealAI/UnrealAI/Saved/AIFundamentalBehaviourTree6997F2B14CAC91039DF7C5BD879B98F8.tmp' to '../../../../../../Users/Morgan/Desktop/UnrealAI/UnrealAI/Content/AI/AI_Fundamentals/AIFundamentalBehaviourTree.uasset'
[2021.02.16-12.47.35:064][657]AssetCheck: New page: Asset Save: AIFundamentalBehaviourTree
[2021.02.16-12.47.35:064][657]LogContentValidation: Display: Validating BehaviorTree /Game/AI/AI_Fundamentals/AIFundamentalBehaviourTree.AIFundamentalBehaviourTree
[2021.02.16-12.47.38:793][882]LogSlate: Window 'AI_FunamentalsBTService0' being destroyed
[2021.02.16-12.47.38:827][882]LogWorld: UWorld::CleanupWorld for World_2, bSessionEnded=true, bCleanupResources=true
[2021.02.16-12.47.38:827][882]LogSlate: InvalidateAllWidgets triggered.  All widgets were invalidated
[2021.02.16-12.47.40:249][964]Cmd: OBJ SAVEPACKAGE PACKAGE="/Game/Maps/AI_Fundamentals" FILE="../../../../../../Users/Morgan/Desktop/UnrealAI/UnrealAI/Content/Maps/AI_Fundamentals.umap" SILENT=true AUTOSAVING=false KEEPDIRTY=false
[2021.02.16-12.47.40:272][964]LogUObjectHash: Compacting FUObjectHashTables data took   1.84ms
[2021.02.16-12.47.40:309][964]LogSavePackage: Moving '../../../../../../Users/Morgan/Desktop/UnrealAI/UnrealAI/Saved/AI_Fundamentals5B9D7BDE4DFA93C9344A1B9276280B61.tmp' to '../../../../../../Users/Morgan/Desktop/UnrealAI/UnrealAI/Content/Maps/AI_Fundamentals.umap'
[2021.02.16-12.47.40:335][964]Cmd: OBJ SAVEPACKAGE PACKAGE="/Game/Maps/AI_Fundamentals_BuiltData" FILE="../../../../../../Users/Morgan/Desktop/UnrealAI/UnrealAI/Content/Maps/AI_Fundamentals_BuiltData.uasset" SILENT=true
[2021.02.16-12.47.40:385][964]LogSavePackage: Moving '../../../../../../Users/Morgan/Desktop/UnrealAI/UnrealAI/Saved/AI_Fundamentals_BuiltData420B129B478230E9E1FB95A27F837908.tmp' to '../../../../../../Users/Morgan/Desktop/UnrealAI/UnrealAI/Content/Maps/AI_Fundamentals_BuiltData.uasset'
[2021.02.16-12.47.40:397][964]AssetCheck: New page: Asset Save: multiple assets
[2021.02.16-12.47.40:397][964]LogContentValidation: Display: Validating World /Game/Maps/AI_Fundamentals.AI_Fundamentals
[2021.02.16-12.47.40:397][964]LogContentValidation: Display: Validating MapBuildDataRegistry /Game/Maps/AI_Fundamentals_BuiltData.AI_Fundamentals_BuiltData
[2021.02.16-12.47.43:706][134]Running C:/Program Files/Epic Games/UE_4.25/Engine/Binaries/DotNET/UnrealBuildTool.exe  -projectfiles -project="C:/Users/Morgan/Desktop/UnrealAI/UnrealAI/UnrealAI.uproject" -game -rocket -progress
[2021.02.16-12.47.44:043][134]Discovering modules, targets and source code for project...
[2021.02.16-12.47.45:546][134]Binding IntelliSense data...
[2021.02.16-12.47.47:369][134]Binding IntelliSense data... 100%
[2021.02.16-12.47.47:369][134]Writing project files...
[2021.02.16-12.47.51:179][134]Writing project files... 100%
[2021.02.16-12.47.54:511][310]Cmd: OBJ SAVEPACKAGE PACKAGE="/Game/Maps/AI_Fundamentals" FILE="../../../../../../Users/Morgan/Desktop/UnrealAI/UnrealAI/Content/Maps/AI_Fundamentals.umap" SILENT=true AUTOSAVING=false KEEPDIRTY=false
[2021.02.16-12.47.54:530][310]LogUObjectHash: Compacting FUObjectHashTables data took   1.58ms
[2021.02.16-12.47.54:560][310]LogSavePackage: Moving '../../../../../../Users/Morgan/Desktop/UnrealAI/UnrealAI/Saved/AI_FundamentalsDA956F9F405006EA8482F1852C06CDBE.tmp' to '../../../../../../Users/Morgan/Desktop/UnrealAI/UnrealAI/Content/Maps/AI_Fundamentals.umap'
[2021.02.16-12.47.54:582][310]Cmd: OBJ SAVEPACKAGE PACKAGE="/Game/Maps/AI_Fundamentals_BuiltData" FILE="../../../../../../Users/Morgan/Desktop/UnrealAI/UnrealAI/Content/Maps/AI_Fundamentals_BuiltData.uasset" SILENT=true
[2021.02.16-12.47.54:628][310]LogSavePackage: Moving '../../../../../../Users/Morgan/Desktop/UnrealAI/UnrealAI/Saved/AI_Fundamentals_BuiltDataE1524F6441FF9403207030A5B01C3199.tmp' to '../../../../../../Users/Morgan/Desktop/UnrealAI/UnrealAI/Content/Maps/AI_Fundamentals_BuiltData.uasset'
[2021.02.16-12.47.54:642][310]AssetCheck: New page: Asset Save: multiple assets
[2021.02.16-12.47.54:642][310]LogContentValidation: Display: Validating World /Game/Maps/AI_Fundamentals.AI_Fundamentals
[2021.02.16-12.47.54:642][310]LogContentValidation: Display: Validating MapBuildDataRegistry /Game/Maps/AI_Fundamentals_BuiltData.AI_Fundamentals_BuiltData
[2021.02.16-12.47.56:495][421]LogAssetEditorSubsystem: Opening Asset editor for BehaviorTree /Game/AI/AI_Fundamentals/AIFundamentalBehaviourTree.AIFundamentalBehaviourTree
[2021.02.16-12.47.57:510][473]LogRHI: Error: Present Fail Count 1
[2021.02.16-12.47.57:510][473]LogRHI: Error: SyncInterval 0
[2021.02.16-12.47.57:510][473]LogRHI: Error: SwapChainDesc.BufferDesc.Width 284
[2021.02.16-12.47.57:510][473]LogRHI: Error: SwapChainDesc.BufferDesc.Height 72
[2021.02.16-12.47.57:510][473]LogRHI: Error: SwapChainDesc.BufferDesc.RefreshRate.Numerator 0
[2021.02.16-12.47.57:510][473]LogRHI: Error: SwapChainDesc.BufferDesc.RefreshRate.Denominator 0
[2021.02.16-12.47.57:510][473]LogRHI: Error: SwapChainDesc.BufferDesc.Format 24
[2021.02.16-12.47.57:510][473]LogRHI: Error: SwapChainDesc.BufferDesc.ScanlineOrdering 0
[2021.02.16-12.47.57:510][473]LogRHI: Error: SwapChainDesc.BufferDesc.Scaling 0
[2021.02.16-12.47.57:510][473]LogRHI: Error: SwapChainDesc.SampleDesc.Count 1
[2021.02.16-12.47.57:510][473]LogRHI: Error: SwapChainDesc.SampleDesc.Quality 0
[2021.02.16-12.47.57:510][473]LogRHI: Error: SwapChainDesc.BufferUsage 48
[2021.02.16-12.47.57:510][473]LogRHI: Error: SwapChainDesc.BufferCount 2
[2021.02.16-12.47.57:510][473]LogRHI: Error: SwapChainDesc.OutputWindow 00000000002403D0
[2021.02.16-12.47.57:510][473]LogRHI: Error: SwapChainDesc.Windowed true
[2021.02.16-12.47.57:510][473]LogRHI: Error: SwapChainDesc.SwapEffect 4
[2021.02.16-12.47.57:510][473]LogRHI: Error: SwapChainDesc.Flags 2050
[2021.02.16-12.47.57:510][473]LogD3D11RHI: Error: Result failed 
 at D:/Build/++UE4/Sync/Engine/Source/Runtime/Windows/D3D11RHI/Private/D3D11Query.cpp:348 
 with error DXGI_ERROR_DEVICE_REMOVED DXGI_ERROR_DRIVER_INTERNAL_ERROR
[2021.02.16-12.47.57:510][473]LogD3D11RHI: [Aftermath] GDynamicRHI=000002BBFB35C0C0, GDX11NVAfterMathEnabled=0, Result=0xFFFFFFFF, bDeviceActive=0
[2021.02.16-12.47.57:510][473]LogWindows: Windows GetLastError: The operation completed successfully. (0)
[2021.02.16-12.47.59:066][473]LogWindows: FPlatformMisc::RequestExit(0)
[2021.02.16-12.47.59:066][473]LogCore: Engine exit requested (reason: Win RequestExit)
[2021.02.16-12.47.59:066][473]LogWindows: FPlatformMisc::RequestExit(1)
[2021.02.16-12.47.59:066][473]LogCore: Engine exit requested (reason: Win RequestExit; note: exit was already requested)
[2021.02.16-12.47.59:076][473]Log file closed, 02/16/21 12:47:59
