Log file open, 02/23/21 11:49:23
LogInit: Display: Running engine for game: UnrealAI
LogPlatformFile: Not using cached read wrapper
LogTaskGraph: Started task graph with 5 named threads and 59 total threads with 3 sets of task threads.
LogStats: Stats thread started at 0.275210
LogD3D11RHI: Loaded GFSDK_Aftermath_Lib.x64.dll
LogICUInternationalization: ICU TimeZone Detection - Raw Offset: +0:00, Platform Override: ''
LogPluginManager: Mounting plugin Paper2D
LogPluginManager: Mounting plugin AISupport
LogPluginManager: Mounting plugin LightPropagationVolume
LogPluginManager: Mounting plugin CameraShakePreviewer
LogPluginManager: Mounting plugin ActorLayerUtilities
LogPluginManager: Mounting plugin AnimationSharing
LogPluginManager: Mounting plugin CLionSourceCodeAccess
LogPluginManager: Mounting plugin CodeLiteSourceCodeAccess
LogPluginManager: Mounting plugin GitSourceControl
LogPluginManager: Mounting plugin KDevelopSourceCodeAccess
LogPluginManager: Mounting plugin NullSourceCodeAccess
LogPluginManager: Mounting plugin PerforceSourceControl
LogPluginManager: Mounting plugin PlasticSourceControl
LogPluginManager: Mounting plugin RiderSourceCodeAccess
LogPluginManager: Mounting plugin SubversionSourceControl
LogPluginManager: Mounting plugin UObjectPlugin
LogPluginManager: Mounting plugin VisualStudioCodeSourceCodeAccess
LogPluginManager: Mounting plugin VisualStudioSourceCodeAccess
LogPluginManager: Mounting plugin XCodeSourceCodeAccess
LogPluginManager: Mounting plugin AssetManagerEditor
LogPluginManager: Mounting plugin CryptoKeys
LogPluginManager: Mounting plugin CurveEditorTools
LogPluginManager: Mounting plugin DataValidation
LogPluginManager: Mounting plugin EditorScriptingUtilities
LogPluginManager: Mounting plugin FacialAnimation
LogPluginManager: Mounting plugin GameplayTagsEditor
LogPluginManager: Mounting plugin GeometryMode
LogPluginManager: Mounting plugin MacGraphicsSwitching
LogPluginManager: Mounting plugin MaterialAnalyzer
LogPluginManager: Mounting plugin MobileLauncherProfileWizard
LogPluginManager: Mounting plugin PluginBrowser
LogPluginManager: Mounting plugin SpeedTreeImporter
LogPluginManager: Mounting plugin DatasmithContent
LogPluginManager: Mounting plugin VariantManagerContent
LogPluginManager: Mounting plugin AlembicImporter
LogPluginManager: Mounting plugin AutomationUtils
LogPluginManager: Mounting plugin BackChannel
LogPluginManager: Mounting plugin ChaosCloth
LogPluginManager: Mounting plugin ChaosClothEditor
LogPluginManager: Mounting plugin ChaosEditor
LogPluginManager: Mounting plugin ChaosNiagara
LogPluginManager: Mounting plugin ChaosSolverPlugin
LogPluginManager: Mounting plugin CharacterAI
LogPluginManager: Mounting plugin GeometryCache
LogPluginManager: Mounting plugin GeometryCollectionPlugin
LogPluginManager: Mounting plugin GeometryProcessing
LogPluginManager: Mounting plugin PlanarCut
LogPluginManager: Mounting plugin PlatformCrypto
LogPluginManager: Mounting plugin ProxyLODPlugin
LogPluginManager: Mounting plugin SkeletalReduction
LogPluginManager: Mounting plugin Niagara
LogPluginManager: Mounting plugin MagicLeap
LogPluginManager: Mounting plugin MagicLeapLightEstimation
LogPluginManager: Mounting plugin MagicLeapMedia
LogPluginManager: Mounting plugin MagicLeapPassableWorld
LogPluginManager: Mounting plugin MLSDK
LogPluginManager: Mounting plugin DarkerNodes
LogPluginManager: Mounting plugin ElectronicNodes
LogPluginManager: Mounting plugin AndroidMedia
LogPluginManager: Mounting plugin AvfMedia
LogPluginManager: Mounting plugin ImgMedia
LogPluginManager: Mounting plugin MediaCompositing
LogPluginManager: Mounting plugin MediaPlayerEditor
LogPluginManager: Mounting plugin WebMMedia
LogPluginManager: Mounting plugin WmfMedia
LogPluginManager: Mounting plugin MeshPainting
LogPluginManager: Mounting plugin TcpMessaging
LogPluginManager: Mounting plugin UdpMessaging
LogPluginManager: Mounting plugin ActorSequence
LogPluginManager: Mounting plugin LevelSequenceEditor
LogPluginManager: Mounting plugin MatineeToLevelSequence
LogPluginManager: Mounting plugin MovieRenderPipeline
LogPluginManager: Mounting plugin TemplateSequence
LogPluginManager: Mounting plugin NetcodeUnitTest
LogPluginManager: Mounting plugin NUTUnrealEngine4
LogPluginManager: Mounting plugin OnlineSubsystemGooglePlay
LogPluginManager: Mounting plugin OnlineSubsystemIOS
LogPluginManager: Mounting plugin OnlineSubsystem
LogPluginManager: Mounting plugin OnlineSubsystemNull
LogPluginManager: Mounting plugin OnlineSubsystemUtils
LogPluginManager: Mounting plugin LauncherChunkInstaller
LogPluginManager: Mounting plugin AndroidDeviceProfileSelector
LogPluginManager: Mounting plugin AndroidMoviePlayer
LogPluginManager: Mounting plugin AndroidPermission
LogPluginManager: Mounting plugin AppleImageUtils
LogPluginManager: Mounting plugin AppleMoviePlayer
LogPluginManager: Mounting plugin ArchVisCharacter
LogPluginManager: Mounting plugin AssetTags
LogPluginManager: Mounting plugin AudioCapture
LogPluginManager: Mounting plugin CableComponent
LogPluginManager: Mounting plugin CustomMeshComponent
LogPluginManager: Mounting plugin EditableMesh
LogPluginManager: Mounting plugin ExampleDeviceProfileSelector
LogPluginManager: Mounting plugin GoogleCloudMessaging
LogPluginManager: Mounting plugin GooglePAD
LogPluginManager: Mounting plugin IOSDeviceProfileSelector
LogPluginManager: Mounting plugin LinuxDeviceProfileSelector
LogPluginManager: Mounting plugin LocationServicesBPLibrary
LogPluginManager: Mounting plugin MobilePatchingUtils
LogPluginManager: Mounting plugin OculusVR
LogPluginManager: Mounting plugin PhysXVehicles
LogPluginManager: Mounting plugin PostSplashScreen
LogPluginManager: Mounting plugin ProceduralMeshComponent
LogPluginManager: Mounting plugin RuntimePhysXCooking
LogPluginManager: Mounting plugin SignificanceManager
LogPluginManager: Mounting plugin SoundFields
LogPluginManager: Mounting plugin SteamVR
LogPluginManager: Mounting plugin Synthesis
LogPluginManager: Mounting plugin WebMMoviePlayer
LogPluginManager: Mounting plugin WindowsMoviePlayer
LogPluginManager: Mounting plugin ScreenshotTools
LogInit: Using libcurl 7.55.1-DEV
LogInit:  - built for x86_64-pc-win32
LogInit:  - supports SSL with OpenSSL/1.1.1
LogInit:  - supports HTTP deflate (compression) using libz 1.2.8
LogInit:  - other features:
LogInit:      CURL_VERSION_SSL
LogInit:      CURL_VERSION_LIBZ
LogInit:      CURL_VERSION_IPV6
LogInit:      CURL_VERSION_ASYNCHDNS
LogInit:      CURL_VERSION_LARGEFILE
LogInit:      CURL_VERSION_IDN
LogInit:  CurlRequestOptions (configurable via config and command line):
LogInit:  - bVerifyPeer = true  - Libcurl will verify peer certificate
LogInit:  - bUseHttpProxy = false  - Libcurl will NOT use HTTP proxy
LogInit:  - bDontReuseConnections = false  - Libcurl will reuse connections
LogInit:  - MaxHostConnections = 16  - Libcurl will limit the number of connections to a host
LogInit:  - LocalHostAddr = Default
LogInit:  - BufferSize = 65536
LogOnline: OSS: Creating online subsystem instance for: NULL
LogInit: WinSock: version 1.1 (2.2), MaxSocks=32767, MaxUdp=65467
LogOnline: OSS: TryLoadSubsystemAndSetDefault: Loaded subsystem for module [NULL]
LogInit: Build: ++UE4+Release-4.25-CL-14469661
LogInit: Engine Version: 4.25.4-14469661+++UE4+Release-4.25
LogInit: Compatible Engine Version: 4.25.0-13144385+++UE4+Release-4.25
LogInit: Net CL: 13144385
LogInit: OS: Windows 10 (Release 2009) (), CPU: Intel(R) Core(TM) i9-10850K CPU @ 3.60GHz, GPU: NVIDIA GeForce RTX 3090
LogInit: Compiled (64-bit): Oct 11 2020 08:10:49
LogInit: Compiled with Visual C++: 19.24.28315.00
LogInit: Build Configuration: Development
LogInit: Branch Name: ++UE4+Release-4.25
LogInit: Command Line:  -skipcompile
LogInit: Base Directory: C:/Program Files/Epic Games/UE_4.25/Engine/Binaries/Win64/
LogInit: Allocator: TBB
LogInit: Installed Engine Build: 1
LogDevObjectVersion: Number of dev versions registered: 26
LogDevObjectVersion:   Dev-Blueprints (B0D832E4-1F89-4F0D-ACCF-7EB736FD4AA2): 10
LogDevObjectVersion:   Dev-Build (E1C64328-A22C-4D53-A36C-8E866417BD8C): 0
LogDevObjectVersion:   Dev-Core (375EC13C-06E4-48FB-B500-84F0262A717E): 4
LogDevObjectVersion:   Dev-Editor (E4B068ED-F494-42E9-A231-DA0B2E46BB41): 38
LogDevObjectVersion:   Dev-Framework (CFFC743F-43B0-4480-9391-14DF171D2073): 37
LogDevObjectVersion:   Dev-Mobile (B02B49B5-BB20-44E9-A304-32B752E40360): 2
LogDevObjectVersion:   Dev-Networking (A4E4105C-59A1-49B5-A7C5-40C4547EDFEE): 0
LogDevObjectVersion:   Dev-Online (39C831C9-5AE6-47DC-9A44-9C173E1C8E7C): 0
LogDevObjectVersion:   Dev-Physics (78F01B33-EBEA-4F98-B9B4-84EACCB95AA2): 4
LogDevObjectVersion:   Dev-Platform (6631380F-2D4D-43E0-8009-CF276956A95A): 0
LogDevObjectVersion:   Dev-Rendering (12F88B9F-8875-4AFC-A67C-D90C383ABD29): 43
LogDevObjectVersion:   Dev-Sequencer (7B5AE74C-D270-4C10-A958-57980B212A5A): 12
LogDevObjectVersion:   Dev-VR (D7296918-1DD6-4BDD-9DE2-64A83CC13884): 3
LogDevObjectVersion:   Dev-LoadTimes (C2A15278-BFE7-4AFE-6C17-90FF531DF755): 1
LogDevObjectVersion:   Private-Geometry (6EACA3D4-40EC-4CC1-B786-8BED09428FC5): 3
LogDevObjectVersion:   Dev-AnimPhys (29E575DD-E0A3-4627-9D10-D276232CDCEA): 17
LogDevObjectVersion:   Dev-Anim (AF43A65D-7FD3-4947-9873-3E8ED9C1BB05): 7
LogDevObjectVersion:   Dev-ReflectionCapture (6B266CEC-1EC7-4B8F-A30B-E4D90942FC07): 1
LogDevObjectVersion:   Dev-Automation (0DF73D61-A23F-47EA-B727-89E90C41499A): 1
LogDevObjectVersion:   FortniteMain (601D1886-AC64-4F84-AA16-D3DE0DEAC7D6): 31
LogDevObjectVersion:   Dev-Enterprise (9DFFBCD6-494F-0158-E221-12823C92A888): 10
LogDevObjectVersion:   Dev-Niagara (F2AED0AC-9AFE-416F-8664-AA7FFA26D6FC): 1
LogDevObjectVersion:   Dev-Destruction (174F1F0B-B4C6-45A5-B13F-2EE8D0FB917D): 10
LogDevObjectVersion:   Dev-Physics-Ext (35F94A83-E258-406C-A318-09F59610247C): 37
LogDevObjectVersion:   Dev-PhysicsMaterial-Chaos (B68FC16E-8B1B-42E2-B453-215C058844FE): 1
LogDevObjectVersion:   Dev-CineCamera (B2E18506-4273-CFC2-A54E-F4BB758BBA07): 1
LogInit: Presizing for max 25165824 objects, including 0 objects not considered by GC, pre-allocating 0 bytes for permanent pool.
LogConfig: Applying CVar settings from Section [/Script/Engine.StreamingSettings] File [C:/Users/Morgan/Desktop/UnrealAI/UnrealAI/Saved/Config/Windows/Engine.ini]
LogConfig: Setting CVar [[s.MinBulkDataSizeForAsyncLoading:131072]]
LogConfig: Setting CVar [[s.AsyncLoadingThreadEnabled:0]]
LogConfig: Setting CVar [[s.EventDrivenLoaderEnabled:1]]
LogConfig: Setting CVar [[s.WarnIfTimeLimitExceeded:0]]
LogConfig: Setting CVar [[s.TimeLimitExceededMultiplier:1.5]]
LogConfig: Setting CVar [[s.TimeLimitExceededMinTime:0.005]]
LogConfig: Setting CVar [[s.UseBackgroundLevelStreaming:1]]
LogConfig: Setting CVar [[s.PriorityAsyncLoadingExtraTime:15.0]]
LogConfig: Setting CVar [[s.LevelStreamingActorsUpdateTimeLimit:5.0]]
LogConfig: Setting CVar [[s.PriorityLevelStreamingActorsUpdateExtraTime:5.0]]
LogConfig: Setting CVar [[s.LevelStreamingComponentsRegistrationGranularity:10]]
LogConfig: Setting CVar [[s.UnregisterComponentsTimeLimit:1.0]]
LogConfig: Setting CVar [[s.LevelStreamingComponentsUnregistrationGranularity:5]]
LogConfig: Setting CVar [[s.FlushStreamingOnExit:1]]
LogInit: Object subsystem initialized
LogConfig: Setting CVar [[con.DebugEarlyDefault:1]]
LogConfig: Setting CVar [[r.setres:1280x720]]
[2021.02.23-11.49.23:565][  0]LogConfig: Setting CVar [[r.VSync:0]]
[2021.02.23-11.49.23:565][  0]LogConfig: Setting CVar [[r.RHICmdBypass:0]]
[2021.02.23-11.49.23:565][  0]LogConfig: Applying CVar settings from Section [/Script/Engine.RendererSettings] File [C:/Users/Morgan/Desktop/UnrealAI/UnrealAI/Saved/Config/Windows/Engine.ini]
[2021.02.23-11.49.23:565][  0]LogConfig: Setting CVar [[r.GPUCrashDebugging:0]]
[2021.02.23-11.49.23:565][  0]LogConfig: Applying CVar settings from Section [/Script/Engine.RendererOverrideSettings] File [C:/Users/Morgan/Desktop/UnrealAI/UnrealAI/Saved/Config/Windows/Engine.ini]
[2021.02.23-11.49.23:565][  0]LogConfig: Applying CVar settings from Section [/Script/Engine.StreamingSettings] File [C:/Users/Morgan/Desktop/UnrealAI/UnrealAI/Saved/Config/Windows/Engine.ini]
[2021.02.23-11.49.23:565][  0]LogConfig: Setting CVar [[s.MinBulkDataSizeForAsyncLoading:131072]]
[2021.02.23-11.49.23:565][  0]LogConfig: Setting CVar [[s.AsyncLoadingThreadEnabled:0]]
[2021.02.23-11.49.23:565][  0]LogConfig: Setting CVar [[s.EventDrivenLoaderEnabled:1]]
[2021.02.23-11.49.23:565][  0]LogConfig: Setting CVar [[s.WarnIfTimeLimitExceeded:0]]
[2021.02.23-11.49.23:565][  0]LogConfig: Setting CVar [[s.TimeLimitExceededMultiplier:1.5]]
[2021.02.23-11.49.23:565][  0]LogConfig: Setting CVar [[s.TimeLimitExceededMinTime:0.005]]
[2021.02.23-11.49.23:565][  0]LogConfig: Setting CVar [[s.UseBackgroundLevelStreaming:1]]
[2021.02.23-11.49.23:565][  0]LogConfig: Setting CVar [[s.PriorityAsyncLoadingExtraTime:15.0]]
[2021.02.23-11.49.23:565][  0]LogConfig: Setting CVar [[s.LevelStreamingActorsUpdateTimeLimit:5.0]]
[2021.02.23-11.49.23:565][  0]LogConfig: Setting CVar [[s.PriorityLevelStreamingActorsUpdateExtraTime:5.0]]
[2021.02.23-11.49.23:566][  0]LogConfig: Setting CVar [[s.LevelStreamingComponentsRegistrationGranularity:10]]
[2021.02.23-11.49.23:566][  0]LogConfig: Setting CVar [[s.UnregisterComponentsTimeLimit:1.0]]
[2021.02.23-11.49.23:566][  0]LogConfig: Setting CVar [[s.LevelStreamingComponentsUnregistrationGranularity:5]]
[2021.02.23-11.49.23:566][  0]LogConfig: Setting CVar [[s.FlushStreamingOnExit:1]]
[2021.02.23-11.49.23:566][  0]LogConfig: Applying CVar settings from Section [/Script/Engine.GarbageCollectionSettings] File [C:/Users/Morgan/Desktop/UnrealAI/UnrealAI/Saved/Config/Windows/Engine.ini]
[2021.02.23-11.49.23:566][  0]LogConfig: Setting CVar [[gc.MaxObjectsNotConsideredByGC:1]]
[2021.02.23-11.49.23:566][  0]LogConfig: Setting CVar [[gc.SizeOfPermanentObjectPool:0]]
[2021.02.23-11.49.23:566][  0]LogConfig: Setting CVar [[gc.FlushStreamingOnGC:0]]
[2021.02.23-11.49.23:566][  0]LogConfig: Setting CVar [[gc.NumRetriesBeforeForcingGC:10]]
[2021.02.23-11.49.23:566][  0]LogConfig: Setting CVar [[gc.AllowParallelGC:1]]
[2021.02.23-11.49.23:566][  0]LogConfig: Setting CVar [[gc.TimeBetweenPurgingPendingKillObjects:61.1]]
[2021.02.23-11.49.23:566][  0]LogConfig: Setting CVar [[gc.MaxObjectsInEditor:25165824]]
[2021.02.23-11.49.23:566][  0]LogConfig: Setting CVar [[gc.IncrementalBeginDestroyEnabled:1]]
[2021.02.23-11.49.23:566][  0]LogConfig: Setting CVar [[gc.CreateGCClusters:1]]
[2021.02.23-11.49.23:566][  0]LogConfig: Setting CVar [[gc.MinGCClusterSize:5]]
[2021.02.23-11.49.23:566][  0]LogConfig: Setting CVar [[gc.ActorClusteringEnabled:0]]
[2021.02.23-11.49.23:566][  0]LogConfig: Setting CVar [[gc.BlueprintClusteringEnabled:0]]
[2021.02.23-11.49.23:566][  0]LogConfig: Setting CVar [[gc.UseDisregardForGCOnDedicatedServers:0]]
[2021.02.23-11.49.23:566][  0]LogConfig: Applying CVar settings from Section [/Script/Engine.NetworkSettings] File [C:/Users/Morgan/Desktop/UnrealAI/UnrealAI/Saved/Config/Windows/Engine.ini]
[2021.02.23-11.49.23:566][  0]LogConfig: Applying CVar settings from Section [/Script/UnrealEd.CookerSettings] File [C:/Users/Morgan/Desktop/UnrealAI/UnrealAI/Saved/Config/Windows/Engine.ini]
[2021.02.23-11.49.23:572][  0]LogConfig: Applying CVar settings from Section [ViewDistanceQuality@3] File [C:/Users/Morgan/Desktop/UnrealAI/UnrealAI/Saved/Config/Windows/Scalability.ini]
[2021.02.23-11.49.23:572][  0]LogConfig: Setting CVar [[r.SkeletalMeshLODBias:0]]
[2021.02.23-11.49.23:572][  0]LogConfig: Setting CVar [[r.ViewDistanceScale:1.0]]
[2021.02.23-11.49.23:572][  0]LogConfig: Applying CVar settings from Section [AntiAliasingQuality@3] File [C:/Users/Morgan/Desktop/UnrealAI/UnrealAI/Saved/Config/Windows/Scalability.ini]
[2021.02.23-11.49.23:573][  0]LogConfig: Setting CVar [[r.PostProcessAAQuality:4]]
[2021.02.23-11.49.23:573][  0]LogConfig: Applying CVar settings from Section [ShadowQuality@3] File [C:/Users/Morgan/Desktop/UnrealAI/UnrealAI/Saved/Config/Windows/Scalability.ini]
[2021.02.23-11.49.23:573][  0]LogConfig: Setting CVar [[r.LightFunctionQuality:1]]
[2021.02.23-11.49.23:573][  0]LogConfig: Setting CVar [[r.ShadowQuality:5]]
[2021.02.23-11.49.23:573][  0]LogConfig: Setting CVar [[r.Shadow.CSM.MaxCascades:10]]
[2021.02.23-11.49.23:573][  0]LogConfig: Setting CVar [[r.Shadow.MaxResolution:2048]]
[2021.02.23-11.49.23:573][  0]LogConfig: Setting CVar [[r.Shadow.MaxCSMResolution:2048]]
[2021.02.23-11.49.23:573][  0]LogConfig: Setting CVar [[r.Shadow.RadiusThreshold:0.01]]
[2021.02.23-11.49.23:573][  0]LogConfig: Setting CVar [[r.Shadow.DistanceScale:1.0]]
[2021.02.23-11.49.23:573][  0]LogConfig: Setting CVar [[r.Shadow.CSM.TransitionScale:1.0]]
[2021.02.23-11.49.23:573][  0]LogConfig: Setting CVar [[r.Shadow.PreShadowResolutionFactor:1.0]]
[2021.02.23-11.49.23:573][  0]LogConfig: Setting CVar [[r.DistanceFieldShadowing:1]]
[2021.02.23-11.49.23:573][  0]LogConfig: Setting CVar [[r.DistanceFieldAO:1]]
[2021.02.23-11.49.23:573][  0]LogConfig: Setting CVar [[r.AOQuality:2]]
[2021.02.23-11.49.23:573][  0]LogConfig: Setting CVar [[r.VolumetricFog:1]]
[2021.02.23-11.49.23:573][  0]LogConfig: Setting CVar [[r.VolumetricFog.GridPixelSize:8]]
[2021.02.23-11.49.23:573][  0]LogConfig: Setting CVar [[r.VolumetricFog.GridSizeZ:128]]
[2021.02.23-11.49.23:573][  0]LogConfig: Setting CVar [[r.VolumetricFog.HistoryMissSupersampleCount:4]]
[2021.02.23-11.49.23:573][  0]LogConfig: Setting CVar [[r.LightMaxDrawDistanceScale:1]]
[2021.02.23-11.49.23:573][  0]LogConfig: Setting CVar [[r.CapsuleShadows:1]]
[2021.02.23-11.49.23:573][  0]LogConfig: Applying CVar settings from Section [PostProcessQuality@3] File [C:/Users/Morgan/Desktop/UnrealAI/UnrealAI/Saved/Config/Windows/Scalability.ini]
[2021.02.23-11.49.23:573][  0]LogConfig: Setting CVar [[r.MotionBlurQuality:4]]
[2021.02.23-11.49.23:574][  0]LogConfig: Setting CVar [[r.AmbientOcclusionMipLevelFactor:0.4]]
[2021.02.23-11.49.23:574][  0]LogConfig: Setting CVar [[r.AmbientOcclusionMaxQuality:100]]
[2021.02.23-11.49.23:574][  0]LogConfig: Setting CVar [[r.AmbientOcclusionLevels:-1]]
[2021.02.23-11.49.23:574][  0]LogConfig: Setting CVar [[r.AmbientOcclusionRadiusScale:1.0]]
[2021.02.23-11.49.23:574][  0]LogConfig: Setting CVar [[r.DepthOfFieldQuality:2]]
[2021.02.23-11.49.23:574][  0]LogConfig: Setting CVar [[r.RenderTargetPoolMin:400]]
[2021.02.23-11.49.23:574][  0]LogConfig: Setting CVar [[r.LensFlareQuality:2]]
[2021.02.23-11.49.23:574][  0]LogConfig: Setting CVar [[r.SceneColorFringeQuality:1]]
[2021.02.23-11.49.23:574][  0]LogConfig: Setting CVar [[r.EyeAdaptationQuality:2]]
[2021.02.23-11.49.23:574][  0]LogConfig: Setting CVar [[r.BloomQuality:5]]
[2021.02.23-11.49.23:574][  0]LogConfig: Setting CVar [[r.FastBlurThreshold:100]]
[2021.02.23-11.49.23:574][  0]LogConfig: Setting CVar [[r.Upscale.Quality:3]]
[2021.02.23-11.49.23:574][  0]LogConfig: Setting CVar [[r.Tonemapper.GrainQuantization:1]]
[2021.02.23-11.49.23:574][  0]LogConfig: Setting CVar [[r.LightShaftQuality:1]]
[2021.02.23-11.49.23:574][  0]LogConfig: Setting CVar [[r.Filter.SizeScale:1]]
[2021.02.23-11.49.23:574][  0]LogConfig: Setting CVar [[r.Tonemapper.Quality:5]]
[2021.02.23-11.49.23:574][  0]LogConfig: Setting CVar [[r.DOF.Gather.AccumulatorQuality:1        ; higher gathering accumulator quality]]
[2021.02.23-11.49.23:574][  0]LogConfig: Setting CVar [[r.DOF.Gather.PostfilterMethod:1          ; Median3x3 postfilering method]]
[2021.02.23-11.49.23:574][  0]LogConfig: Setting CVar [[r.DOF.Gather.EnableBokehSettings:0       ; no bokeh simulation when gathering]]
[2021.02.23-11.49.23:574][  0]LogConfig: Setting CVar [[r.DOF.Gather.RingCount:4                 ; medium number of samples when gathering]]
[2021.02.23-11.49.23:574][  0]LogConfig: Setting CVar [[r.DOF.Scatter.ForegroundCompositing:1    ; additive foreground scattering]]
[2021.02.23-11.49.23:575][  0]LogConfig: Setting CVar [[r.DOF.Scatter.BackgroundCompositing:2    ; additive background scattering]]
[2021.02.23-11.49.23:575][  0]LogConfig: Setting CVar [[r.DOF.Scatter.EnableBokehSettings:1      ; bokeh simulation when scattering]]
[2021.02.23-11.49.23:575][  0]LogConfig: Setting CVar [[r.DOF.Scatter.MaxSpriteRatio:0.1         ; only a maximum of 10% of scattered bokeh]]
[2021.02.23-11.49.23:575][  0]LogConfig: Setting CVar [[r.DOF.Recombine.Quality:1                ; cheap slight out of focus]]
[2021.02.23-11.49.23:575][  0]LogConfig: Setting CVar [[r.DOF.Recombine.EnableBokehSettings:0    ; no bokeh simulation on slight out of focus]]
[2021.02.23-11.49.23:575][  0]LogConfig: Setting CVar [[r.DOF.TemporalAAQuality:1                ; more stable temporal accumulation]]
[2021.02.23-11.49.23:575][  0]LogConfig: Setting CVar [[r.DOF.Kernel.MaxForegroundRadius:0.025]]
[2021.02.23-11.49.23:575][  0]LogConfig: Setting CVar [[r.DOF.Kernel.MaxBackgroundRadius:0.025]]
[2021.02.23-11.49.23:575][  0]LogConfig: Applying CVar settings from Section [TextureQuality@3] File [C:/Users/Morgan/Desktop/UnrealAI/UnrealAI/Saved/Config/Windows/Scalability.ini]
[2021.02.23-11.49.23:575][  0]LogConfig: Setting CVar [[r.Streaming.MipBias:0]]
[2021.02.23-11.49.23:575][  0]LogConfig: Setting CVar [[r.Streaming.AmortizeCPUToGPUCopy:0]]
[2021.02.23-11.49.23:575][  0]LogConfig: Setting CVar [[r.Streaming.MaxNumTexturesToStreamPerFrame:0]]
[2021.02.23-11.49.23:575][  0]LogConfig: Setting CVar [[r.Streaming.Boost:1]]
[2021.02.23-11.49.23:575][  0]LogConfig: Setting CVar [[r.MaxAnisotropy:8]]
[2021.02.23-11.49.23:575][  0]LogConfig: Setting CVar [[r.VT.MaxAnisotropy:8]]
[2021.02.23-11.49.23:575][  0]LogConfig: Setting CVar [[r.Streaming.LimitPoolSizeToVRAM:0]]
[2021.02.23-11.49.23:575][  0]LogConfig: Setting CVar [[r.Streaming.PoolSize:1000]]
[2021.02.23-11.49.23:575][  0]LogConfig: Setting CVar [[r.Streaming.MaxEffectiveScreenSize:0]]
[2021.02.23-11.49.23:575][  0]LogConfig: Applying CVar settings from Section [EffectsQuality@3] File [C:/Users/Morgan/Desktop/UnrealAI/UnrealAI/Saved/Config/Windows/Scalability.ini]
[2021.02.23-11.49.23:575][  0]LogConfig: Setting CVar [[r.TranslucencyLightingVolumeDim:64]]
[2021.02.23-11.49.23:575][  0]LogConfig: Setting CVar [[r.RefractionQuality:2]]
[2021.02.23-11.49.23:575][  0]LogConfig: Setting CVar [[r.SSR.Quality:3]]
[2021.02.23-11.49.23:576][  0]LogConfig: Setting CVar [[r.SSR.HalfResSceneColor:0]]
[2021.02.23-11.49.23:576][  0]LogConfig: Setting CVar [[r.SceneColorFormat:4]]
[2021.02.23-11.49.23:576][  0]LogConfig: Setting CVar [[r.DetailMode:2]]
[2021.02.23-11.49.23:576][  0]LogConfig: Setting CVar [[r.TranslucencyVolumeBlur:1]]
[2021.02.23-11.49.23:576][  0]LogConfig: Setting CVar [[r.MaterialQualityLevel:1 ; High quality]]
[2021.02.23-11.49.23:576][  0]LogConfig: Setting CVar [[r.SSS.Scale:1]]
[2021.02.23-11.49.23:576][  0]LogConfig: Setting CVar [[r.SSS.SampleSet:2]]
[2021.02.23-11.49.23:576][  0]LogConfig: Setting CVar [[r.SSS.Quality:1]]
[2021.02.23-11.49.23:576][  0]LogConfig: Setting CVar [[r.SSS.HalfRes:0]]
[2021.02.23-11.49.23:576][  0]LogConfig: Setting CVar [[r.SSGI.Quality:3]]
[2021.02.23-11.49.23:576][  0]LogConfig: Setting CVar [[r.EmitterSpawnRateScale:1.0]]
[2021.02.23-11.49.23:576][  0]LogConfig: Setting CVar [[r.ParticleLightQuality:2]]
[2021.02.23-11.49.23:576][  0]LogConfig: Setting CVar [[r.SkyAtmosphere.AerialPerspectiveLUT.FastApplyOnOpaque:1 ; Always have FastSkyLUT 1 in this case to avoid wrong sky]]
[2021.02.23-11.49.23:576][  0]LogConfig: Setting CVar [[r.SkyAtmosphere.AerialPerspectiveLUT.SampleCountPerSlice:1]]
[2021.02.23-11.49.23:576][  0]LogConfig: Setting CVar [[r.SkyAtmosphere.AerialPerspectiveLUT.DepthResolution:16.0]]
[2021.02.23-11.49.23:576][  0]LogConfig: Setting CVar [[r.SkyAtmosphere.FastSkyLUT:1]]
[2021.02.23-11.49.23:576][  0]LogConfig: Setting CVar [[r.SkyAtmosphere.FastSkyLUT.SampleCountMin:4.0]]
[2021.02.23-11.49.23:576][  0]LogConfig: Setting CVar [[r.SkyAtmosphere.FastSkyLUT.SampleCountMax:32.0]]
[2021.02.23-11.49.23:576][  0]LogConfig: Setting CVar [[r.SkyAtmosphere.SampleCountMin:4.0]]
[2021.02.23-11.49.23:576][  0]LogConfig: Setting CVar [[r.SkyAtmosphere.SampleCountMax:32.0]]
[2021.02.23-11.49.23:576][  0]LogConfig: Setting CVar [[r.SkyAtmosphere.TransmittanceLUT.UseSmallFormat:0]]
[2021.02.23-11.49.23:576][  0]LogConfig: Setting CVar [[r.SkyAtmosphere.TransmittanceLUT.SampleCount:10.0]]
[2021.02.23-11.49.23:576][  0]LogConfig: Setting CVar [[r.SkyAtmosphere.MultiScatteringLUT.SampleCount:15.0]]
[2021.02.23-11.49.23:576][  0]LogConfig: Applying CVar settings from Section [FoliageQuality@3] File [C:/Users/Morgan/Desktop/UnrealAI/UnrealAI/Saved/Config/Windows/Scalability.ini]
[2021.02.23-11.49.23:576][  0]LogConfig: Setting CVar [[foliage.DensityScale:1.0]]
[2021.02.23-11.49.23:577][  0]LogConfig: Setting CVar [[grass.DensityScale:1.0]]
[2021.02.23-11.49.23:577][  0]LogConfig: Applying CVar settings from Section [ShadingQuality@3] File [C:/Users/Morgan/Desktop/UnrealAI/UnrealAI/Saved/Config/Windows/Scalability.ini]
[2021.02.23-11.49.23:577][  0]LogConfig: Setting CVar [[r.HairStrands.SkyLighting.SampleCount:16]]
[2021.02.23-11.49.23:577][  0]LogConfig: Setting CVar [[r.HairStrands.SkyLighting.JitterIntegration:0]]
[2021.02.23-11.49.23:577][  0]LogConfig: Setting CVar [[r.HairStrands.SkyAO.SampleCount:16]]
[2021.02.23-11.49.23:577][  0]LogConfig: Setting CVar [[r.HairStrands.DeepShadow.SuperSampling:0]]
[2021.02.23-11.49.23:577][  0]LogConfig: Setting CVar [[r.HairStrands.VisibilityPPLL:0]]
[2021.02.23-11.49.23:577][  0]LogConfig: Setting CVar [[r.HairStrands.RasterizationScale:0.5]]
[2021.02.23-11.49.23:577][  0]LogConfig: Setting CVar [[r.HairStrands.VelocityRasterizationScale:1]]
[2021.02.23-11.49.23:577][  0]LogInit: Selected Device Profile: [Windows]
[2021.02.23-11.49.23:577][  0]LogInit: Applying CVar settings loaded from the selected device profile: [Windows]
[2021.02.23-11.49.23:577][  0]LogHAL: Display: Platform has ~ 32 GB [34252365824 / 34359738368 / 32], which maps to Largest [LargestMinGB=32, LargerMinGB=12, DefaultMinGB=8, SmallerMinGB=6, SmallestMinGB=0)
[2021.02.23-11.49.23:577][  0]LogInit: Going up to parent DeviceProfile []
[2021.02.23-11.49.23:577][  0]LogConfig: Applying CVar settings from Section [ViewDistanceQuality@3] File [C:/Users/Morgan/Desktop/UnrealAI/UnrealAI/Saved/Config/Windows/Scalability.ini]
[2021.02.23-11.49.23:577][  0]LogConfig: Setting CVar [[r.SkeletalMeshLODBias:0]]
[2021.02.23-11.49.23:577][  0]LogConfig: Setting CVar [[r.ViewDistanceScale:1.0]]
[2021.02.23-11.49.23:577][  0]LogConfig: Applying CVar settings from Section [AntiAliasingQuality@3] File [C:/Users/Morgan/Desktop/UnrealAI/UnrealAI/Saved/Config/Windows/Scalability.ini]
[2021.02.23-11.49.23:577][  0]LogConfig: Setting CVar [[r.PostProcessAAQuality:4]]
[2021.02.23-11.49.23:577][  0]LogConfig: Applying CVar settings from Section [ShadowQuality@3] File [C:/Users/Morgan/Desktop/UnrealAI/UnrealAI/Saved/Config/Windows/Scalability.ini]
[2021.02.23-11.49.23:577][  0]LogConfig: Setting CVar [[r.LightFunctionQuality:1]]
[2021.02.23-11.49.23:578][  0]LogConfig: Setting CVar [[r.ShadowQuality:5]]
[2021.02.23-11.49.23:578][  0]LogConfig: Setting CVar [[r.Shadow.CSM.MaxCascades:10]]
[2021.02.23-11.49.23:578][  0]LogConfig: Setting CVar [[r.Shadow.MaxResolution:2048]]
[2021.02.23-11.49.23:578][  0]LogConfig: Setting CVar [[r.Shadow.MaxCSMResolution:2048]]
[2021.02.23-11.49.23:578][  0]LogConfig: Setting CVar [[r.Shadow.RadiusThreshold:0.01]]
[2021.02.23-11.49.23:578][  0]LogConfig: Setting CVar [[r.Shadow.DistanceScale:1.0]]
[2021.02.23-11.49.23:578][  0]LogConfig: Setting CVar [[r.Shadow.CSM.TransitionScale:1.0]]
[2021.02.23-11.49.23:578][  0]LogConfig: Setting CVar [[r.Shadow.PreShadowResolutionFactor:1.0]]
[2021.02.23-11.49.23:578][  0]LogConfig: Setting CVar [[r.DistanceFieldShadowing:1]]
[2021.02.23-11.49.23:578][  0]LogConfig: Setting CVar [[r.DistanceFieldAO:1]]
[2021.02.23-11.49.23:578][  0]LogConfig: Setting CVar [[r.AOQuality:2]]
[2021.02.23-11.49.23:578][  0]LogConfig: Setting CVar [[r.VolumetricFog:1]]
[2021.02.23-11.49.23:578][  0]LogConfig: Setting CVar [[r.VolumetricFog.GridPixelSize:8]]
[2021.02.23-11.49.23:578][  0]LogConfig: Setting CVar [[r.VolumetricFog.GridSizeZ:128]]
[2021.02.23-11.49.23:578][  0]LogConfig: Setting CVar [[r.VolumetricFog.HistoryMissSupersampleCount:4]]
[2021.02.23-11.49.23:578][  0]LogConfig: Setting CVar [[r.LightMaxDrawDistanceScale:1]]
[2021.02.23-11.49.23:578][  0]LogConfig: Setting CVar [[r.CapsuleShadows:1]]
[2021.02.23-11.49.23:578][  0]LogConfig: Applying CVar settings from Section [PostProcessQuality@3] File [C:/Users/Morgan/Desktop/UnrealAI/UnrealAI/Saved/Config/Windows/Scalability.ini]
[2021.02.23-11.49.23:578][  0]LogConfig: Setting CVar [[r.MotionBlurQuality:4]]
[2021.02.23-11.49.23:578][  0]LogConfig: Setting CVar [[r.AmbientOcclusionMipLevelFactor:0.4]]
[2021.02.23-11.49.23:578][  0]LogConfig: Setting CVar [[r.AmbientOcclusionMaxQuality:100]]
[2021.02.23-11.49.23:578][  0]LogConfig: Setting CVar [[r.AmbientOcclusionLevels:-1]]
[2021.02.23-11.49.23:578][  0]LogConfig: Setting CVar [[r.AmbientOcclusionRadiusScale:1.0]]
[2021.02.23-11.49.23:578][  0]LogConfig: Setting CVar [[r.DepthOfFieldQuality:2]]
[2021.02.23-11.49.23:579][  0]LogConfig: Setting CVar [[r.RenderTargetPoolMin:400]]
[2021.02.23-11.49.23:579][  0]LogConfig: Setting CVar [[r.LensFlareQuality:2]]
[2021.02.23-11.49.23:579][  0]LogConfig: Setting CVar [[r.SceneColorFringeQuality:1]]
[2021.02.23-11.49.23:579][  0]LogConfig: Setting CVar [[r.EyeAdaptationQuality:2]]
[2021.02.23-11.49.23:579][  0]LogConfig: Setting CVar [[r.BloomQuality:5]]
[2021.02.23-11.49.23:579][  0]LogConfig: Setting CVar [[r.FastBlurThreshold:100]]
[2021.02.23-11.49.23:579][  0]LogConfig: Setting CVar [[r.Upscale.Quality:3]]
[2021.02.23-11.49.23:579][  0]LogConfig: Setting CVar [[r.Tonemapper.GrainQuantization:1]]
[2021.02.23-11.49.23:579][  0]LogConfig: Setting CVar [[r.LightShaftQuality:1]]
[2021.02.23-11.49.23:579][  0]LogConfig: Setting CVar [[r.Filter.SizeScale:1]]
[2021.02.23-11.49.23:579][  0]LogConfig: Setting CVar [[r.Tonemapper.Quality:5]]
[2021.02.23-11.49.23:579][  0]LogConfig: Setting CVar [[r.DOF.Gather.AccumulatorQuality:1        ; higher gathering accumulator quality]]
[2021.02.23-11.49.23:579][  0]LogConfig: Setting CVar [[r.DOF.Gather.PostfilterMethod:1          ; Median3x3 postfilering method]]
[2021.02.23-11.49.23:579][  0]LogConfig: Setting CVar [[r.DOF.Gather.EnableBokehSettings:0       ; no bokeh simulation when gathering]]
[2021.02.23-11.49.23:579][  0]LogConfig: Setting CVar [[r.DOF.Gather.RingCount:4                 ; medium number of samples when gathering]]
[2021.02.23-11.49.23:579][  0]LogConfig: Setting CVar [[r.DOF.Scatter.ForegroundCompositing:1    ; additive foreground scattering]]
[2021.02.23-11.49.23:579][  0]LogConfig: Setting CVar [[r.DOF.Scatter.BackgroundCompositing:2    ; additive background scattering]]
[2021.02.23-11.49.23:579][  0]LogConfig: Setting CVar [[r.DOF.Scatter.EnableBokehSettings:1      ; bokeh simulation when scattering]]
[2021.02.23-11.49.23:579][  0]LogConfig: Setting CVar [[r.DOF.Scatter.MaxSpriteRatio:0.1         ; only a maximum of 10% of scattered bokeh]]
[2021.02.23-11.49.23:579][  0]LogConfig: Setting CVar [[r.DOF.Recombine.Quality:1                ; cheap slight out of focus]]
[2021.02.23-11.49.23:579][  0]LogConfig: Setting CVar [[r.DOF.Recombine.EnableBokehSettings:0    ; no bokeh simulation on slight out of focus]]
[2021.02.23-11.49.23:579][  0]LogConfig: Setting CVar [[r.DOF.TemporalAAQuality:1                ; more stable temporal accumulation]]
[2021.02.23-11.49.23:579][  0]LogConfig: Setting CVar [[r.DOF.Kernel.MaxForegroundRadius:0.025]]
[2021.02.23-11.49.23:579][  0]LogConfig: Setting CVar [[r.DOF.Kernel.MaxBackgroundRadius:0.025]]
[2021.02.23-11.49.23:580][  0]LogConfig: Applying CVar settings from Section [TextureQuality@3] File [C:/Users/Morgan/Desktop/UnrealAI/UnrealAI/Saved/Config/Windows/Scalability.ini]
[2021.02.23-11.49.23:580][  0]LogConfig: Setting CVar [[r.Streaming.MipBias:0]]
[2021.02.23-11.49.23:580][  0]LogConfig: Setting CVar [[r.Streaming.AmortizeCPUToGPUCopy:0]]
[2021.02.23-11.49.23:580][  0]LogConfig: Setting CVar [[r.Streaming.MaxNumTexturesToStreamPerFrame:0]]
[2021.02.23-11.49.23:580][  0]LogConfig: Setting CVar [[r.Streaming.Boost:1]]
[2021.02.23-11.49.23:580][  0]LogConfig: Setting CVar [[r.MaxAnisotropy:8]]
[2021.02.23-11.49.23:580][  0]LogConfig: Setting CVar [[r.VT.MaxAnisotropy:8]]
[2021.02.23-11.49.23:580][  0]LogConfig: Setting CVar [[r.Streaming.LimitPoolSizeToVRAM:0]]
[2021.02.23-11.49.23:580][  0]LogConfig: Setting CVar [[r.Streaming.PoolSize:1000]]
[2021.02.23-11.49.23:580][  0]LogConfig: Setting CVar [[r.Streaming.MaxEffectiveScreenSize:0]]
[2021.02.23-11.49.23:580][  0]LogConfig: Applying CVar settings from Section [EffectsQuality@3] File [C:/Users/Morgan/Desktop/UnrealAI/UnrealAI/Saved/Config/Windows/Scalability.ini]
[2021.02.23-11.49.23:580][  0]LogConfig: Setting CVar [[r.TranslucencyLightingVolumeDim:64]]
[2021.02.23-11.49.23:580][  0]LogConfig: Setting CVar [[r.RefractionQuality:2]]
[2021.02.23-11.49.23:580][  0]LogConfig: Setting CVar [[r.SSR.Quality:3]]
[2021.02.23-11.49.23:580][  0]LogConfig: Setting CVar [[r.SSR.HalfResSceneColor:0]]
[2021.02.23-11.49.23:580][  0]LogConfig: Setting CVar [[r.SceneColorFormat:4]]
[2021.02.23-11.49.23:580][  0]LogConfig: Setting CVar [[r.DetailMode:2]]
[2021.02.23-11.49.23:580][  0]LogConfig: Setting CVar [[r.TranslucencyVolumeBlur:1]]
[2021.02.23-11.49.23:580][  0]LogConfig: Setting CVar [[r.MaterialQualityLevel:1 ; High quality]]
[2021.02.23-11.49.23:580][  0]LogConfig: Setting CVar [[r.SSS.Scale:1]]
[2021.02.23-11.49.23:580][  0]LogConfig: Setting CVar [[r.SSS.SampleSet:2]]
[2021.02.23-11.49.23:580][  0]LogConfig: Setting CVar [[r.SSS.Quality:1]]
[2021.02.23-11.49.23:580][  0]LogConfig: Setting CVar [[r.SSS.HalfRes:0]]
[2021.02.23-11.49.23:580][  0]LogConfig: Setting CVar [[r.SSGI.Quality:3]]
[2021.02.23-11.49.23:581][  0]LogConfig: Setting CVar [[r.EmitterSpawnRateScale:1.0]]
[2021.02.23-11.49.23:581][  0]LogConfig: Setting CVar [[r.ParticleLightQuality:2]]
[2021.02.23-11.49.23:581][  0]LogConfig: Setting CVar [[r.SkyAtmosphere.AerialPerspectiveLUT.FastApplyOnOpaque:1 ; Always have FastSkyLUT 1 in this case to avoid wrong sky]]
[2021.02.23-11.49.23:581][  0]LogConfig: Setting CVar [[r.SkyAtmosphere.AerialPerspectiveLUT.SampleCountPerSlice:1]]
[2021.02.23-11.49.23:581][  0]LogConfig: Setting CVar [[r.SkyAtmosphere.AerialPerspectiveLUT.DepthResolution:16.0]]
[2021.02.23-11.49.23:581][  0]LogConfig: Setting CVar [[r.SkyAtmosphere.FastSkyLUT:1]]
[2021.02.23-11.49.23:581][  0]LogConfig: Setting CVar [[r.SkyAtmosphere.FastSkyLUT.SampleCountMin:4.0]]
[2021.02.23-11.49.23:581][  0]LogConfig: Setting CVar [[r.SkyAtmosphere.FastSkyLUT.SampleCountMax:32.0]]
[2021.02.23-11.49.23:581][  0]LogConfig: Setting CVar [[r.SkyAtmosphere.SampleCountMin:4.0]]
[2021.02.23-11.49.23:581][  0]LogConfig: Setting CVar [[r.SkyAtmosphere.SampleCountMax:32.0]]
[2021.02.23-11.49.23:581][  0]LogConfig: Setting CVar [[r.SkyAtmosphere.TransmittanceLUT.UseSmallFormat:0]]
[2021.02.23-11.49.23:581][  0]LogConfig: Setting CVar [[r.SkyAtmosphere.TransmittanceLUT.SampleCount:10.0]]
[2021.02.23-11.49.23:581][  0]LogConfig: Setting CVar [[r.SkyAtmosphere.MultiScatteringLUT.SampleCount:15.0]]
[2021.02.23-11.49.23:581][  0]LogConfig: Applying CVar settings from Section [FoliageQuality@3] File [C:/Users/Morgan/Desktop/UnrealAI/UnrealAI/Saved/Config/Windows/Scalability.ini]
[2021.02.23-11.49.23:581][  0]LogConfig: Setting CVar [[foliage.DensityScale:1.0]]
[2021.02.23-11.49.23:581][  0]LogConfig: Setting CVar [[grass.DensityScale:1.0]]
[2021.02.23-11.49.23:581][  0]LogConfig: Applying CVar settings from Section [ShadingQuality@3] File [C:/Users/Morgan/Desktop/UnrealAI/UnrealAI/Saved/Config/Windows/Scalability.ini]
[2021.02.23-11.49.23:581][  0]LogConfig: Setting CVar [[r.HairStrands.SkyLighting.SampleCount:16]]
[2021.02.23-11.49.23:581][  0]LogConfig: Setting CVar [[r.HairStrands.SkyLighting.JitterIntegration:0]]
[2021.02.23-11.49.23:581][  0]LogConfig: Setting CVar [[r.HairStrands.SkyAO.SampleCount:16]]
[2021.02.23-11.49.23:581][  0]LogConfig: Setting CVar [[r.HairStrands.DeepShadow.SuperSampling:0]]
[2021.02.23-11.49.23:581][  0]LogConfig: Setting CVar [[r.HairStrands.VisibilityPPLL:0]]
[2021.02.23-11.49.23:581][  0]LogConfig: Setting CVar [[r.HairStrands.RasterizationScale:0.5]]
[2021.02.23-11.49.23:581][  0]LogConfig: Setting CVar [[r.HairStrands.VelocityRasterizationScale:1]]
[2021.02.23-11.49.23:582][  0]LogConfig: Applying CVar settings from Section [Startup] File [../../../Engine/Config/ConsoleVariables.ini]
[2021.02.23-11.49.23:582][  0]LogConfig: Setting CVar [[net.UseAdaptiveNetUpdateFrequency:0]]
[2021.02.23-11.49.23:582][  0]LogConfig: Setting CVar [[p.chaos.AllowCreatePhysxBodies:1]]
[2021.02.23-11.49.23:582][  0]LogConfig: Setting CVar [[fx.SkipVectorVMBackendOptimizations:1]]
[2021.02.23-11.49.23:582][  0]LogConfig: Applying CVar settings from Section [ConsoleVariables] File [C:/Users/Morgan/Desktop/UnrealAI/UnrealAI/Saved/Config/Windows/Engine.ini]
[2021.02.23-11.49.23:582][  0]LogInit: Computer: DESKTOP-A1LV5LA
[2021.02.23-11.49.23:582][  0]LogInit: User: Morgan
[2021.02.23-11.49.23:582][  0]LogInit: CPU Page size=4096, Cores=10
[2021.02.23-11.49.23:582][  0]LogInit: High frequency timer resolution =10.000000 MHz
[2021.02.23-11.49.23:582][  0]LogMemory: Memory total: Physical=31.9GB (32GB approx)
[2021.02.23-11.49.23:582][  0]LogMemory: Platform Memory Stats for Windows
[2021.02.23-11.49.23:582][  0]LogMemory: Process Physical Memory: 118.27 MB used, 118.27 MB peak
[2021.02.23-11.49.23:582][  0]LogMemory: Process Virtual Memory: 113.26 MB used, 113.26 MB peak
[2021.02.23-11.49.23:583][  0]LogMemory: Physical Memory: 11388.32 MB used,  21277.29 MB free, 32665.60 MB total
[2021.02.23-11.49.23:583][  0]LogMemory: Virtual Memory: 5223.32 MB used,  134212504.00 MB free, 134217728.00 MB total
[2021.02.23-11.49.23:590][  0]LogWindows: WindowsPlatformFeatures enabled
[2021.02.23-11.49.23:771][  0]LogInit: Physics initialised using underlying interface: PhysX
[2021.02.23-11.49.23:772][  0]LogInit: Using OS detected language (en-GB).
[2021.02.23-11.49.23:772][  0]LogInit: Using OS detected locale (en-GB).
[2021.02.23-11.49.23:775][  0]LogTextLocalizationManager: No specific localization for 'en-GB' exists, so the 'en' localization will be used.
[2021.02.23-11.49.23:932][  0]LogInit: Setting process to per monitor DPI aware
[2021.02.23-11.49.23:977][  0]LogSlate: New Slate User Created.  User Index 0, Is Virtual User: 0
[2021.02.23-11.49.23:977][  0]LogSlate: Slate User Registered.  User Index 0, Is Virtual User: 0
[2021.02.23-11.49.24:111][  0]LogHMD: Failed to initialize OpenVR with code 110
[2021.02.23-11.49.24:111][  0]LogD3D11RHI: D3D11 min allowed feature level: 11_0
[2021.02.23-11.49.24:111][  0]LogD3D11RHI: D3D11 max allowed feature level: 11_0
[2021.02.23-11.49.24:111][  0]LogD3D11RHI: D3D11 adapters:
[2021.02.23-11.49.24:228][  0]LogD3D11RHI:    0. 'NVIDIA GeForce RTX 3090' (Feature Level 11_0)
[2021.02.23-11.49.24:229][  0]LogD3D11RHI:       24348/0/16332 MB DedicatedVideo/DedicatedSystem/SharedSystem, Outputs:2, VendorId:0x10de
[2021.02.23-11.49.24:233][  0]LogD3D11RHI:    1. 'Microsoft Basic Render Driver' (Feature Level 11_0)
[2021.02.23-11.49.24:233][  0]LogD3D11RHI:       0/0/16332 MB DedicatedVideo/DedicatedSystem/SharedSystem, Outputs:0, VendorId:0x1414
[2021.02.23-11.49.24:233][  0]LogD3D11RHI: Chosen D3D11 Adapter: 0
[2021.02.23-11.49.24:239][  0]LogD3D11RHI: Creating new Direct3DDevice
[2021.02.23-11.49.24:239][  0]LogD3D11RHI:     GPU DeviceId: 0x2204 (for the marketing name, search the web for "GPU Device Id")
[2021.02.23-11.49.24:240][  0]LogWindows: EnumDisplayDevices:
[2021.02.23-11.49.24:240][  0]LogWindows:    0. 'NVIDIA GeForce RTX 3090' (P:1 D:1)
[2021.02.23-11.49.24:240][  0]LogWindows:    1. 'NVIDIA GeForce RTX 3090' (P:0 D:1)
[2021.02.23-11.49.24:240][  0]LogWindows:    2. 'NVIDIA GeForce RTX 3090' (P:0 D:0)
[2021.02.23-11.49.24:241][  0]LogWindows:    3. 'NVIDIA GeForce RTX 3090' (P:0 D:0)
[2021.02.23-11.49.24:241][  0]LogWindows: DebugString: FoundDriverCount:4 
[2021.02.23-11.49.24:241][  0]LogD3D11RHI:     Adapter Name: NVIDIA GeForce RTX 3090
[2021.02.23-11.49.24:241][  0]LogD3D11RHI:   Driver Version: 461.40 (internal:27.21.14.6140, unified:461.40)
[2021.02.23-11.49.24:241][  0]LogD3D11RHI:      Driver Date: 1-22-2021
[2021.02.23-11.49.24:241][  0]LogRHI: Texture pool is 17043 MB (70% of 24348 MB)
[2021.02.23-11.49.24:325][  0]LogD3D11RHI: RHI has support for 64 bit atomics
[2021.02.23-11.49.24:325][  0]LogD3D11RHI: Async texture creation enabled
[2021.02.23-11.49.24:325][  0]LogD3D11RHI: Array index from any shader is supported
[2021.02.23-11.49.24:340][  0]LogD3D11RHI: GPU Timing Frequency: 1000.000000 (Debug: 2 1)
[2021.02.23-11.49.24:647][  0]LogTargetPlatformManager: Display: Loaded TargetPlatform 'AllDesktop'
[2021.02.23-11.49.24:671][  0]LogTargetPlatformManager: Display: Loaded TargetPlatform 'Android'
[2021.02.23-11.49.24:671][  0]LogTargetPlatformManager: Display: Loaded TargetPlatform 'Android_ASTC'
[2021.02.23-11.49.24:671][  0]LogTargetPlatformManager: Display: Loaded TargetPlatform 'Android_DXT'
[2021.02.23-11.49.24:671][  0]LogTargetPlatformManager: Display: Loaded TargetPlatform 'Android_ETC2'
[2021.02.23-11.49.24:671][  0]LogTargetPlatformManager: Display: Loaded TargetPlatform 'AndroidClient'
[2021.02.23-11.49.24:671][  0]LogTargetPlatformManager: Display: Loaded TargetPlatform 'Android_ASTCClient'
[2021.02.23-11.49.24:671][  0]LogTargetPlatformManager: Display: Loaded TargetPlatform 'Android_DXTClient'
[2021.02.23-11.49.24:671][  0]LogTargetPlatformManager: Display: Loaded TargetPlatform 'Android_ETC2Client'
[2021.02.23-11.49.24:671][  0]LogTargetPlatformManager: Display: Loaded TargetPlatform 'Android_Multi'
[2021.02.23-11.49.24:671][  0]LogTargetPlatformManager: Display: Loaded TargetPlatform 'Android_MultiClient'
[2021.02.23-11.49.24:701][  0]LogTargetPlatformManager: Display: Loaded TargetPlatform 'IOSClient'
[2021.02.23-11.49.24:701][  0]LogTargetPlatformManager: Display: Loaded TargetPlatform 'IOS'
[2021.02.23-11.49.24:713][  0]LogTargetPlatformManager: Display: Loaded TargetPlatform 'Linux'
[2021.02.23-11.49.24:723][  0]LogTargetPlatformManager: Display: Loaded TargetPlatform 'LinuxNoEditor'
[2021.02.23-11.49.24:734][  0]LogTargetPlatformManager: Display: Loaded TargetPlatform 'LinuxClient'
[2021.02.23-11.49.24:745][  0]LogTargetPlatformManager: Display: Loaded TargetPlatform 'LinuxServer'
[2021.02.23-11.49.24:757][  0]LogTargetPlatformManager: Display: Loaded TargetPlatform 'LinuxAArch64NoEditor'
[2021.02.23-11.49.24:768][  0]LogTargetPlatformManager: Display: Loaded TargetPlatform 'LinuxAArch64Client'
[2021.02.23-11.49.24:779][  0]LogTargetPlatformManager: Display: Loaded TargetPlatform 'LinuxAArch64Server'
[2021.02.23-11.49.24:809][  0]LogTargetPlatformManager: Display: Loaded TargetPlatform 'Lumin'
[2021.02.23-11.49.24:809][  0]LogTargetPlatformManager: Display: Loaded TargetPlatform 'LuminClient'
[2021.02.23-11.49.24:827][  0]LogTargetPlatformManager: Display: Loaded TargetPlatform 'TVOSClient'
[2021.02.23-11.49.24:827][  0]LogTargetPlatformManager: Display: Loaded TargetPlatform 'TVOS'
[2021.02.23-11.49.24:838][  0]LogTargetPlatformManager: Display: Loaded TargetPlatform 'WindowsNoEditor'
[2021.02.23-11.49.24:849][  0]LogTargetPlatformManager: Display: Loaded TargetPlatform 'Windows'
[2021.02.23-11.49.24:860][  0]LogTargetPlatformManager: Display: Loaded TargetPlatform 'WindowsClient'
[2021.02.23-11.49.24:870][  0]LogTargetPlatformManager: Display: Loaded TargetPlatform 'WindowsServer'
[2021.02.23-11.49.24:870][  0]LogTargetPlatformManager: Display: Building Assets For Windows
[2021.02.23-11.49.24:886][  0]LogAudioDebug: Display: Lib vorbis DLL was dynamically loaded.
[2021.02.23-11.49.24:981][  0]LogShaderCompilers: Guid format shader working directory is -10 characters bigger than the processId version (../../../../../../Users/Morgan/Desktop/UnrealAI/UnrealAI/Intermediate/Shaders/WorkingDirectory/24924/).
[2021.02.23-11.49.24:982][  0]LogShaderCompilers: Cleaned the shader compiler working directory 'C:/Users/Morgan/AppData/Local/Temp/UnrealShaderWorkingDir/ADDE855043759DCCFBF063B3A5F393BD/'.
[2021.02.23-11.49.24:982][  0]LogXGEController: Cleaning working directory: C:/Users/Morgan/AppData/Local/Temp/UnrealXGEWorkingDir/
[2021.02.23-11.49.24:982][  0]LogXGEController: Cannot use XGE Controller as Incredibuild is not installed on this machine.
[2021.02.23-11.49.24:982][  0]LogShaderCompilers: Cannot use XGE Shader Compiler as Incredibuild is not installed on this machine.
[2021.02.23-11.49.24:982][  0]LogShaderCompilers: Display: Using Local Shader Compiler.
[2021.02.23-11.49.25:718][  0]LogDerivedDataCache: Display: Max Cache Size: 512 MB
[2021.02.23-11.49.25:765][  0]LogDerivedDataCache: Loaded boot cache 0.05s 87MB C:/Users/Morgan/AppData/Local/UnrealEngine/4.25/DerivedDataCache/Boot.ddc.
[2021.02.23-11.49.25:766][  0]LogDerivedDataCache: Display: Loaded Boot cache: C:/Users/Morgan/AppData/Local/UnrealEngine/4.25/DerivedDataCache/Boot.ddc
[2021.02.23-11.49.25:766][  0]LogDerivedDataCache: FDerivedDataBackendGraph:  Pak pak cache file ../../../../../../Users/Morgan/Desktop/UnrealAI/UnrealAI/DerivedDataCache/DDC.ddp not found, will not use a pak cache.
[2021.02.23-11.49.25:766][  0]LogDerivedDataCache: Unable to find inner node Pak for hierarchical cache Hierarchy.
[2021.02.23-11.49.25:766][  0]LogDerivedDataCache: FDerivedDataBackendGraph:  CompressedPak pak cache file ../../../../../../Users/Morgan/Desktop/UnrealAI/UnrealAI/DerivedDataCache/Compressed.ddp not found, will not use a pak cache.
[2021.02.23-11.49.25:766][  0]LogDerivedDataCache: Unable to find inner node CompressedPak for hierarchical cache Hierarchy.
[2021.02.23-11.49.25:775][  0]LogDerivedDataCache: Display: Pak cache opened for reading ../../../Engine/DerivedDataCache/Compressed.ddp.
[2021.02.23-11.49.25:776][  0]LogDerivedDataCache: FDerivedDataBackendGraph:  EnterprisePak pak cache file ../../../Enterprise/DerivedDataCache/Compressed.ddp not found, will not use a pak cache.
[2021.02.23-11.49.25:776][  0]LogDerivedDataCache: Unable to find inner node EnterprisePak for hierarchical cache Hierarchy.
[2021.02.23-11.49.25:777][  0]LogDerivedDataCache: Using Local data cache path C:/Users/Morgan/AppData/Local/UnrealEngine/Common/DerivedDataCache: Writable
[2021.02.23-11.49.25:777][  0]LogDerivedDataCache: Shared data cache path not found in *engine.ini, will not use an Shared cache.
[2021.02.23-11.49.25:777][  0]LogDerivedDataCache: Unable to find inner node Shared for hierarchical cache Hierarchy.
[2021.02.23-11.49.25:828][  0]LogSlate: Using FreeType 2.10.0
[2021.02.23-11.49.25:828][  0]LogSlate: SlateFontServices - WITH_FREETYPE: 1, WITH_HARFBUZZ: 1
[2021.02.23-11.49.25:853][  0]LogAssetRegistry: FAssetRegistry took 0.0041 seconds to start up
[2021.02.23-11.49.26:067][  0]LogInit: Selected Device Profile: [Windows]
[2021.02.23-11.49.26:192][  0]LogMeshReduction: Using QuadricMeshReduction for automatic static mesh reduction
[2021.02.23-11.49.26:192][  0]LogMeshReduction: Using SimplygonMeshReduction for automatic skeletal mesh reduction
[2021.02.23-11.49.26:192][  0]LogMeshReduction: Using ProxyLODMeshReduction for automatic mesh merging
[2021.02.23-11.49.26:192][  0]LogMeshReduction: No distributed automatic mesh merging module available
[2021.02.23-11.49.26:192][  0]LogMeshMerging: No distributed automatic mesh merging module available
[2021.02.23-11.49.26:207][  0]LogNetVersion: UnrealAI 1.0.0, NetCL: 13144385, EngineNetVer: 14, GameNetVer: 0 (Checksum: 2221238871)
[2021.02.23-11.49.26:568][  0]LogAISub: UAISubsystem::UAISubsystem AISubsystem (00000261631C3880), frame # 0
[2021.02.23-11.49.26:568][  0]LogAISub: UAISubsystem::UAISubsystem AIPerceptionSystem (00000261631BEAC0), frame # 0
[2021.02.23-11.49.26:569][  0]LogAISub: UAISubsystem::UAISubsystem EnvQueryManager (000002616320DE00), frame # 0
[2021.02.23-11.49.26:629][  0]LogPackageLocalizationCache: Processed 20 localized package path(s) for 1 prioritized culture(s) in 0.054588 seconds
[2021.02.23-11.49.26:633][  0]LogUObjectArray: 15917 objects as part of root set at end of initial load.
[2021.02.23-11.49.26:633][  0]LogUObjectAllocator: 3965568 out of 0 bytes used by permanent object pool.
[2021.02.23-11.49.26:633][  0]LogUObjectArray: CloseDisregardForGC: 0/0 objects in disregard for GC pool
[2021.02.23-11.49.27:077][  0]LogTcpMessaging: Initializing TcpMessaging bridge
[2021.02.23-11.49.27:083][  0]LogUdpMessaging: Initializing bridge on interface 0.0.0.0:0 to multicast group 230.0.0.1:6666.
[2021.02.23-11.49.27:139][  0]LogLinker: Warning: CreateExport: Failed to load Parent for BlueprintGeneratedClass /Game/AI/AI_02/AI_0/Task/BTTask_FindRandomLocation_BP.BTTask_FindRandomLocation_BP_C
[2021.02.23-11.49.27:139][  0]LogLinker: Warning: CreateExport: Failed to load Parent for BlueprintGeneratedClass /Game/AI/AI_02/AI_0/Task/BTTask_FindRandomLocation_BP.BTTask_FindRandomLocation_BP_C
[2021.02.23-11.49.27:139][  0]LogLinker: Warning: Unable to load Default__BTTask_FindRandomLocation_BP_C with outer Package /Game/AI/AI_02/AI_0/Task/BTTask_FindRandomLocation_BP because its class does not exist
[2021.02.23-11.49.27:140][  0]LogLinker: Warning: CreateExport: Failed to load Parent for BlueprintGeneratedClass /Game/AI/AI_02/AI_0/Task/BTTask_FindRandomLocation_BP.BTTask_FindRandomLocation_BP_C
[2021.02.23-11.49.27:140][  0]LogLinker: Warning: CreateExport: Failed to load Parent for BlueprintGeneratedClass /Game/AI/AI_02/AI_0/Task/BTTask_FindRandomLocation_BP.BTTask_FindRandomLocation_BP_C
[2021.02.23-11.49.27:140][  0]LogLinker: Warning: CreateExport: Failed to load Parent for BlueprintGeneratedClass /Game/AI/AI_02/AI_0/Task/BTTask_FindRandomLocation_BP.BTTask_FindRandomLocation_BP_C
[2021.02.23-11.49.27:356][  0]SourceControl: Source control is disabled
[2021.02.23-11.49.27:356][  0]SourceControl: Source control is disabled
[2021.02.23-11.49.27:361][  0]SourceControl: Source control is disabled
[2021.02.23-11.49.27:365][  0]SourceControl: Source control is disabled
[2021.02.23-11.49.27:375][  0]SourceControl: Source control is disabled
[2021.02.23-11.49.27:738][  0]LogAndroidPermission: UAndroidPermissionCallbackProxy::GetInstance
[2021.02.23-11.49.27:767][  0]LogAudioCaptureCore: Display: No Audio Capture implementations found. Audio input will be silent.
[2021.02.23-11.49.27:768][  0]LogAudioCaptureCore: Display: No Audio Capture implementations found. Audio input will be silent.
[2021.02.23-11.49.27:828][  0]LogOcInput: OculusInput pre-init called
[2021.02.23-11.49.27:842][  0]LogWindows: Failed to load 'OVRPlugin.dll' (GetLastError=126)
[2021.02.23-11.49.27:842][  0]LogWindows: File 'OVRPlugin.dll' does not exist
[2021.02.23-11.49.28:102][  0]LogEngine: Initializing Engine...
[2021.02.23-11.49.28:103][  0]LogHMD: Failed to initialize OpenVR with code 110
[2021.02.23-11.49.28:103][  0]LogMagicLeap: Warning: VR disabled because ZI is not enabled.  To enable, in the editor, Edit -> Project Settings -> Plugins -> Magic Leap Plugin -> Enable Zero Iteration
[2021.02.23-11.49.28:104][  0]LogStats: UGameplayTagsManager::InitializeManager -  0.000 s
[2021.02.23-11.49.28:207][  0]LogInit: Initializing FReadOnlyCVARCache
[2021.02.23-11.49.28:215][  0]LogAIModule: Creating AISystem for world Untitled
[2021.02.23-11.49.28:215][  0]LogAISub: UAISubsystem::UAISubsystem EnvQueryManager (000002616E477C00), frame # 0
[2021.02.23-11.49.28:215][  0]LogAISub: UAISubsystem::UAISubsystem AIPerceptionSystem (000002616E4D5800), frame # 0
[2021.02.23-11.49.28:231][  0]LogAudioMixer: Display: Audio Mixer Platform Settings:
[2021.02.23-11.49.28:231][  0]LogAudioMixer: Display: 	Sample Rate:						  48000
[2021.02.23-11.49.28:231][  0]LogAudioMixer: Display: 	Callback Buffer Frame Size Requested: 1024
[2021.02.23-11.49.28:231][  0]LogAudioMixer: Display: 	Callback Buffer Frame Size To Use:	  1024
[2021.02.23-11.49.28:231][  0]LogAudioMixer: Display: 	Number of buffers to queue:			  2
[2021.02.23-11.49.28:232][  0]LogAudioMixer: Display: 	Max Channels (voices):				  32
[2021.02.23-11.49.28:232][  0]LogAudioMixer: Display: 	Number of Async Source Workers:		  0
[2021.02.23-11.49.28:232][  0]LogAudio: Display: AudioDevice MaxSources: 32
[2021.02.23-11.49.28:232][  0]LogAudio: Display: Using built-in audio occlusion.
[2021.02.23-11.49.28:232][  0]LogAudioMixer: Display: Initializing audio mixer.
[2021.02.23-11.49.28:248][  0]LogAudioMixer: Display: 0: FrontLeft
[2021.02.23-11.49.28:249][  0]LogAudioMixer: Display: 1: FrontRight
[2021.02.23-11.49.28:488][  0]LogAudioMixer: Display: Using Audio Device Speakers (Realtek(R) Audio)
[2021.02.23-11.49.28:488][  0]LogAudioMixer: Display: Initializing Sound Submixes...
[2021.02.23-11.49.28:490][  0]LogAudioMixer: Display: Creating Master Submix 'MasterSubmixDefault'
[2021.02.23-11.49.28:490][  0]LogAudioMixer: Display: Creating Master Submix 'MasterReverbSubmixDefault'
[2021.02.23-11.49.28:491][  0]LogAudioMixer: Display: Creating Master Submix 'MasterEQSubmixDefault'
[2021.02.23-11.49.28:492][  0]LogInit: FAudioDevice initialized.
[2021.02.23-11.49.28:493][  0]LogNetVersion: Set ProjectVersion to 1.0.0.0. Version Checksum will be recalculated on next use.
[2021.02.23-11.49.28:533][  0]LogDerivedDataCache: Saved boot cache 0.04s 79MB C:/Users/Morgan/AppData/Local/UnrealEngine/4.25/DerivedDataCache/Boot.ddc.
[2021.02.23-11.49.28:535][  0]LogInit: Texture streaming: Enabled
[2021.02.23-11.49.28:556][  0]LogEngineSessionManager: EngineSessionManager initialized
[2021.02.23-11.49.28:556][  0]LogEngineSessionManager: EngineSessionManager sent abnormal shutdown report. Type=Debugger, SessionId={7315EDFE-4070-B171-5E39-739BF09DF1D1}
[2021.02.23-11.49.28:557][  0]LogEditorSessionSummary: Verbose: Initializing EditorSessionSummaryWriter for editor session tracking
[2021.02.23-11.49.28:559][  0]LogEditorSessionSummary: EditorSessionSummaryWriter initialized
[2021.02.23-11.49.28:575][  0]LogInit: Transaction tracking system initialized
[2021.02.23-11.49.28:606][  0]BlueprintLog: New page: Editor Load
[2021.02.23-11.49.28:702][  0]LocalizationService: Localization service is disabled
[2021.02.23-11.49.28:873][  0]LogCook: Display: Max memory allowance for cook 16384mb min free memory 0mb
[2021.02.23-11.49.28:874][  0]LogCook: Display: Mobile HDR setting 1
[2021.02.23-11.49.28:890][  0]LogFileCache: Scanning file cache for directory 'C:/Users/Morgan/Desktop/UnrealAI/UnrealAI/Content/' took 0.01s
[2021.02.23-11.49.29:198][  0]SourceControl: Source control is disabled
[2021.02.23-11.49.29:199][  0]LogUnrealEdMisc: Loading editor; pre map load, took 7.424
[2021.02.23-11.49.29:199][  0]Cmd: MAP LOAD FILE="../../../../../../Users/Morgan/Desktop/UnrealAI/UnrealAI/Content/Maps/AI_02.umap" TEMPLATE=0 SHOWPROGRESS=1 FEATURELEVEL=3
[2021.02.23-11.49.29:199][  0]LightingResults: New page: Lighting Build
[2021.02.23-11.49.29:200][  0]LogWorld: UWorld::CleanupWorld for Untitled, bSessionEnded=true, bCleanupResources=true
[2021.02.23-11.49.29:200][  0]LogSlate: InvalidateAllWidgets triggered.  All widgets were invalidated
[2021.02.23-11.49.29:200][  0]MapCheck: New page: Map Check
[2021.02.23-11.49.29:200][  0]LightingResults: New page: Lighting Build
[2021.02.23-11.49.29:219][  0]LogAISub: UAISubsystem::~UAISubsystem EnvQueryManager (000002616E477C00), frame # 0
[2021.02.23-11.49.29:220][  0]LogAISub: UAISubsystem::~UAISubsystem AIPerceptionSystem (000002616E4D5800), frame # 0
[2021.02.23-11.49.29:221][  0]LogUObjectHash: Compacting FUObjectHashTables data took   0.73ms
[2021.02.23-11.49.29:322][  0]LogAIModule: Creating AISystem for world AI_02
[2021.02.23-11.49.29:323][  0]LogAISub: UAISubsystem::UAISubsystem EnvQueryManager (000002617A7B8C00), frame # 0
[2021.02.23-11.49.29:323][  0]LogAISub: UAISubsystem::UAISubsystem AIPerceptionSystem (0000026165A779C0), frame # 0
[2021.02.23-11.49.29:331][  0]LogEditorServer: Finished looking for orphan Actors (0.000 secs)
[2021.02.23-11.49.29:347][  0]LogUObjectHash: Compacting FUObjectHashTables data took   0.79ms
[2021.02.23-11.49.29:348][  0]Cmd: MAP CHECKDEP NOCLEARLOG
[2021.02.23-11.49.29:348][  0]MapCheck: Map check complete: 0 Error(s), 0 Warning(s), took 0.165ms to complete.
[2021.02.23-11.49.29:348][  0]LogFileHelpers: Loading map 'AI_02' took 0.150
[2021.02.23-11.49.29:351][  0]LogUnrealEdMisc: Total Editor Startup Time, took 7.576
[2021.02.23-11.49.29:476][  0]LogSlate: Updating window title bar state: overlay mode, drag disabled, window buttons hidden, title bar hidden
[2021.02.23-11.49.29:483][  0]LogSlate: Updating window title bar state: overlay mode, drag disabled, window buttons hidden, title bar hidden
[2021.02.23-11.49.29:489][  0]LogSlate: Updating window title bar state: overlay mode, drag disabled, window buttons hidden, title bar hidden
[2021.02.23-11.49.29:494][  0]LogSlate: Updating window title bar state: overlay mode, drag disabled, window buttons hidden, title bar hidden
[2021.02.23-11.49.29:502][  0]LogCollectionManager: Loaded 0 collections in 0.001469 seconds
[2021.02.23-11.49.29:520][  0]LogFileCache: Scanning file cache for directory 'C:/Users/Morgan/Desktop/UnrealAI/UnrealAI/Saved/Collections/' took 0.00s
[2021.02.23-11.49.29:520][  0]LogFileCache: Scanning file cache for directory 'C:/Users/Morgan/Desktop/UnrealAI/UnrealAI/Content/Developers/Morgan/Collections/' took 0.00s
[2021.02.23-11.49.29:520][  0]LogFileCache: Scanning file cache for directory 'C:/Users/Morgan/Desktop/UnrealAI/UnrealAI/Content/Collections/' took 0.00s
[2021.02.23-11.49.29:520][  0]LogContentBrowser: Native class hierarchy populated in 0.0087 seconds. Added 3438 classes and 833 folders.
[2021.02.23-11.49.29:523][  0]LogContentBrowser: Native class hierarchy updated for 'WidgetCarousel' in 0.0003 seconds. Added 0 classes and 0 folders.
[2021.02.23-11.49.29:574][  0]LogContentBrowser: Native class hierarchy updated for 'AddContentDialog' in 0.0003 seconds. Added 0 classes and 0 folders.
[2021.02.23-11.49.29:584][  0]LogContentBrowser: Native class hierarchy updated for 'SceneOutliner' in 0.0003 seconds. Added 2 classes and 0 folders.
[2021.02.23-11.49.29:624][  0]LogSlate: Took 0.000173 seconds to synchronously load lazily loaded font '../../../Engine/Content/Slate/Fonts/Roboto-Regular.ttf' (155K)
[2021.02.23-11.49.29:628][  0]LogSlate: Took 0.000150 seconds to synchronously load lazily loaded font '../../../Engine/Content/Editor/Slate/Fonts/FontAwesome.ttf' (139K)
[2021.02.23-11.49.29:684][  0]LogRenderer: Reallocating scene render targets to support 2040x840 Format 10 NumSamples 1 (Frame:1).
[2021.02.23-11.49.29:756][  0]LogContentBrowser: Native class hierarchy updated for 'HierarchicalLODOutliner' in 0.0003 seconds. Added 0 classes and 0 folders.
[2021.02.23-11.49.29:757][  0]LogLoad: (Engine Initialization) Total time: 7.98 seconds
[2021.02.23-11.49.29:757][  0]LogLoad: (Engine Initialization) Total Blueprint compile time: 0.00 seconds
[2021.02.23-11.49.29:789][  0]LogAssetRegistry: Asset discovery search completed in 3.9382 seconds
[2021.02.23-11.49.29:792][  0]LogCollectionManager: Fixed up redirectors for 0 collections in 0.000002 seconds (updated 0 objects)
[2021.02.23-11.49.29:794][  0]LogContentStreaming: Texture pool size now 1000 MB
[2021.02.23-11.49.31:371][167]LogTemp: Repeating last play command: Selected Viewport
[2021.02.23-11.49.31:386][167]LogPlayLevel: PlayLevel: No blueprints needed recompiling
[2021.02.23-11.49.31:389][167]PIE: New page: PIE session: AI_02 (23 Feb 2021, 11:49:31)
[2021.02.23-11.49.31:391][167]LogOnline: OSS: Creating online subsystem instance for: NULL
[2021.02.23-11.49.31:393][167]LogOnline: OSS: TryLoadSubsystemAndSetDefault: Loaded subsystem for module [NULL]
[2021.02.23-11.49.31:393][167]LogPlayLevel: Creating play world package: /Game/Maps/UEDPIE_0_AI_02
[2021.02.23-11.49.31:407][167]LogPlayLevel: PIE: StaticDuplicateObject took: (0.013859s)
[2021.02.23-11.49.31:408][167]LogAIModule: Creating AISystem for world AI_02
[2021.02.23-11.49.31:408][167]LogAISub: UAISubsystem::UAISubsystem EnvQueryManager (000002618326E200), frame # 167
[2021.02.23-11.49.31:408][167]LogAISub: UAISubsystem::UAISubsystem AIPerceptionSystem (0000026183263D80), frame # 167
[2021.02.23-11.49.31:409][167]LogPlayLevel: PIE: World Init took: (0.001377s)
[2021.02.23-11.49.31:409][167]LogPlayLevel: PIE: Created PIE world by copying editor world from /Game/Maps/AI_02.AI_02 to /Game/Maps/UEDPIE_0_AI_02.AI_02 (0.015677s)
[2021.02.23-11.49.31:424][167]LogUObjectHash: Compacting FUObjectHashTables data took   0.57ms
[2021.02.23-11.49.31:425][167]LogAudioMixer: Display: Audio Mixer Platform Settings:
[2021.02.23-11.49.31:425][167]LogAudioMixer: Display: 	Sample Rate:						  48000
[2021.02.23-11.49.31:425][167]LogAudioMixer: Display: 	Callback Buffer Frame Size Requested: 1024
[2021.02.23-11.49.31:425][167]LogAudioMixer: Display: 	Callback Buffer Frame Size To Use:	  1024
[2021.02.23-11.49.31:425][167]LogAudioMixer: Display: 	Number of buffers to queue:			  2
[2021.02.23-11.49.31:425][167]LogAudioMixer: Display: 	Max Channels (voices):				  32
[2021.02.23-11.49.31:425][167]LogAudioMixer: Display: 	Number of Async Source Workers:		  0
[2021.02.23-11.49.31:425][167]LogAudio: Display: AudioDevice MaxSources: 32
[2021.02.23-11.49.31:426][167]LogAudio: Display: Using built-in audio occlusion.
[2021.02.23-11.49.31:426][167]LogAudioMixer: Display: Initializing audio mixer.
[2021.02.23-11.49.31:429][167]LogAudioMixer: Display: 0: FrontLeft
[2021.02.23-11.49.31:429][167]LogAudioMixer: Display: 1: FrontRight
[2021.02.23-11.49.31:505][167]LogAudioMixer: Display: Using Audio Device Speakers (Realtek(R) Audio)
[2021.02.23-11.49.31:505][167]LogAudioMixer: Display: Initializing Sound Submixes...
[2021.02.23-11.49.31:505][167]LogAudioMixer: Display: Creating Master Submix 'MasterSubmixDefault'
[2021.02.23-11.49.31:505][167]LogAudioMixer: Display: Creating Master Submix 'MasterReverbSubmixDefault'
[2021.02.23-11.49.31:505][167]LogAudioMixer: Display: Creating Master Submix 'MasterEQSubmixDefault'
[2021.02.23-11.49.31:518][167]LogInit: FAudioDevice initialized.
[2021.02.23-11.49.31:529][167]LogLoad: Game class is 'UnrealAIGameMode'
[2021.02.23-11.49.31:532][167]LogWorld: Bringing World /Game/Maps/UEDPIE_0_AI_02.AI_02 up for play (max tick rate 0) at 2021.02.23-11.49.31
[2021.02.23-11.49.31:534][167]LogWorld: Bringing up level for play took: 0.003241
[2021.02.23-11.49.31:534][167]LogOnline: OSS: Creating online subsystem instance for: :Context_1
[2021.02.23-11.49.31:539][167]LogContentBrowser: Native class hierarchy updated for 'MovieSceneCapture' in 0.0004 seconds. Added 20 classes and 0 folders.
[2021.02.23-11.49.31:542][167]PIE: Server logged in
[2021.02.23-11.49.31:543][167]PIE: Play in editor total start time 0.157 seconds.
[2021.02.23-11.49.35:582][481]LogSlate: Updating window title bar state: overlay mode, drag disabled, window buttons hidden, title bar hidden
[2021.02.23-11.49.35:582][481]LogWorld: BeginTearingDown for /Game/Maps/UEDPIE_0_AI_02
[2021.02.23-11.49.35:583][481]LogWorld: UWorld::CleanupWorld for AI_02, bSessionEnded=true, bCleanupResources=true
[2021.02.23-11.49.35:584][481]LogSlate: InvalidateAllWidgets triggered.  All widgets were invalidated
[2021.02.23-11.49.35:608][481]LogPlayLevel: Display: Shutting down PIE online subsystems
[2021.02.23-11.49.35:616][481]LogSlate: InvalidateAllWidgets triggered.  All widgets were invalidated
[2021.02.23-11.49.35:704][481]LogSlate: Updating window title bar state: overlay mode, drag disabled, window buttons hidden, title bar hidden
[2021.02.23-11.49.35:708][481]LogAISub: UAISubsystem::~UAISubsystem EnvQueryManager (000002618326E200), frame # 481
[2021.02.23-11.49.35:708][481]LogAISub: UAISubsystem::~UAISubsystem AIPerceptionSystem (0000026183263D80), frame # 481
[2021.02.23-11.49.35:714][481]LogUObjectHash: Compacting FUObjectHashTables data took   4.97ms
[2021.02.23-11.49.35:796][482]LogPlayLevel: Display: Destroying online subsystem :Context_1
[2021.02.23-11.49.36:422][529]LogEditorViewport: Clicking on Actor (LMB): NPC0_C (NPC0)
[2021.02.23-11.49.37:258][558]LogSlate: Took 0.000477 seconds to synchronously load lazily loaded font '../../../Engine/Content/Slate/Fonts/Roboto-Light.ttf' (167K)
[2021.02.23-11.49.37:275][558]LogAssetEditorSubsystem: Opening Asset editor for Blueprint /Game/AI/AI_02/AI_0/NPC0.NPC0
[2021.02.23-11.49.37:540][558]LogContentBrowser: Native class hierarchy updated for 'BlueprintGraph' in 0.0015 seconds. Added 125 classes and 0 folders.
[2021.02.23-11.49.43:673][747]BlueprintLog: New page: Compile NPC0
[2021.02.23-11.49.43:882][747]LogUObjectHash: Compacting FUObjectHashTables data took   2.52ms
[2021.02.23-11.49.45:717][905]LogUObjectHash: Compacting FUObjectHashTables data took   1.72ms
[2021.02.23-11.49.45:748][905]Cmd: OBJ SAVEPACKAGE PACKAGE="/Game/Maps/AI_02" FILE="../../../../../../Users/Morgan/Desktop/UnrealAI/UnrealAI/Content/Maps/AI_02.umap" SILENT=true AUTOSAVING=false KEEPDIRTY=false
[2021.02.23-11.49.45:771][905]LogUObjectHash: Compacting FUObjectHashTables data took   0.43ms
[2021.02.23-11.49.45:822][905]LogSavePackage: Moving '../../../../../../Users/Morgan/Desktop/UnrealAI/UnrealAI/Saved/AI_025F40CB454D3B6EDC401DA0AC353B76E6.tmp' to '../../../../../../Users/Morgan/Desktop/UnrealAI/UnrealAI/Content/Maps/AI_02.umap'
[2021.02.23-11.49.45:854][905]LogFileHelpers: Saving map 'AI_02' took 0.106
[2021.02.23-11.49.45:854][905]Cmd: OBJ SAVEPACKAGE PACKAGE="/Game/Maps/AI_02_BuiltData" FILE="../../../../../../Users/Morgan/Desktop/UnrealAI/UnrealAI/Content/Maps/AI_02_BuiltData.uasset" SILENT=true
[2021.02.23-11.49.45:992][905]LogSavePackage: Moving '../../../../../../Users/Morgan/Desktop/UnrealAI/UnrealAI/Saved/AI_02_BuiltData7B0F0CA349F96A476B16FD85DCEBBF64.tmp' to '../../../../../../Users/Morgan/Desktop/UnrealAI/UnrealAI/Content/Maps/AI_02_BuiltData.uasset'
[2021.02.23-11.49.46:012][905]Cmd: OBJ SAVEPACKAGE PACKAGE="/Game/AI/AI_02/AI_0/NPC0" FILE="../../../../../../Users/Morgan/Desktop/UnrealAI/UnrealAI/Content/AI/AI_02/AI_0/NPC0.uasset" SILENT=true
[2021.02.23-11.49.46:029][905]LogSavePackage: Moving '../../../../../../Users/Morgan/Desktop/UnrealAI/UnrealAI/Saved/NPC01E2F2A234A5C2B68B2ED7A9D4B78852A.tmp' to '../../../../../../Users/Morgan/Desktop/UnrealAI/UnrealAI/Content/AI/AI_02/AI_0/NPC0.uasset'
[2021.02.23-11.49.46:047][905]AssetCheck: New page: Asset Save: multiple assets
[2021.02.23-11.49.46:047][905]LogContentValidation: Display: Validating World /Game/Maps/AI_02.AI_02
[2021.02.23-11.49.46:047][905]LogContentValidation: Display: Validating MapBuildDataRegistry /Game/Maps/AI_02_BuiltData.AI_02_BuiltData
[2021.02.23-11.49.46:047][905]LogContentValidation: Display: Validating Blueprint /Game/AI/AI_02/AI_0/NPC0.NPC0
[2021.02.23-11.49.46:479][937]LogTemp: Repeating last play command: Selected Viewport
[2021.02.23-11.49.46:497][937]LogPlayLevel: PlayLevel: No blueprints needed recompiling
[2021.02.23-11.49.46:498][937]PIE: New page: PIE session: AI_02 (23 Feb 2021, 11:49:46)
[2021.02.23-11.49.46:537][937]LogPlayLevel: Creating play world package: /Game/Maps/UEDPIE_0_AI_02
[2021.02.23-11.49.46:548][937]LogPlayLevel: PIE: StaticDuplicateObject took: (0.010854s)
[2021.02.23-11.49.46:549][937]LogAIModule: Creating AISystem for world AI_02
[2021.02.23-11.49.46:549][937]LogAISub: UAISubsystem::UAISubsystem EnvQueryManager (0000026183096400), frame # 937
[2021.02.23-11.49.46:549][937]LogAISub: UAISubsystem::UAISubsystem AIPerceptionSystem (0000026182972C00), frame # 937
[2021.02.23-11.49.46:549][937]LogPlayLevel: PIE: World Init took: (0.001231s)
[2021.02.23-11.49.46:550][937]LogPlayLevel: PIE: Created PIE world by copying editor world from /Game/Maps/AI_02.AI_02 to /Game/Maps/UEDPIE_0_AI_02.AI_02 (0.012667s)
[2021.02.23-11.49.46:570][937]LogUObjectHash: Compacting FUObjectHashTables data took   1.54ms
[2021.02.23-11.49.46:571][937]LogAudioMixer: Display: Audio Mixer Platform Settings:
[2021.02.23-11.49.46:571][937]LogAudioMixer: Display: 	Sample Rate:						  48000
[2021.02.23-11.49.46:571][937]LogAudioMixer: Display: 	Callback Buffer Frame Size Requested: 1024
[2021.02.23-11.49.46:571][937]LogAudioMixer: Display: 	Callback Buffer Frame Size To Use:	  1024
[2021.02.23-11.49.46:571][937]LogAudioMixer: Display: 	Number of buffers to queue:			  2
[2021.02.23-11.49.46:571][937]LogAudioMixer: Display: 	Max Channels (voices):				  32
[2021.02.23-11.49.46:571][937]LogAudioMixer: Display: 	Number of Async Source Workers:		  0
[2021.02.23-11.49.46:571][937]LogAudio: Display: AudioDevice MaxSources: 32
[2021.02.23-11.49.46:572][937]LogAudio: Display: Using built-in audio occlusion.
[2021.02.23-11.49.46:572][937]LogAudioMixer: Display: Initializing audio mixer.
[2021.02.23-11.49.46:575][937]LogAudioMixer: Display: 0: FrontLeft
[2021.02.23-11.49.46:575][937]LogAudioMixer: Display: 1: FrontRight
[2021.02.23-11.49.46:649][937]LogAudioMixer: Display: Using Audio Device Speakers (Realtek(R) Audio)
[2021.02.23-11.49.46:649][937]LogAudioMixer: Display: Initializing Sound Submixes...
[2021.02.23-11.49.46:649][937]LogAudioMixer: Display: Creating Master Submix 'MasterSubmixDefault'
[2021.02.23-11.49.46:649][937]LogAudioMixer: Display: Creating Master Submix 'MasterReverbSubmixDefault'
[2021.02.23-11.49.46:649][937]LogAudioMixer: Display: Creating Master Submix 'MasterEQSubmixDefault'
[2021.02.23-11.49.46:661][937]LogInit: FAudioDevice initialized.
[2021.02.23-11.49.46:667][937]LogLoad: Game class is 'UnrealAIGameMode'
[2021.02.23-11.49.46:669][937]LogWorld: Bringing World /Game/Maps/UEDPIE_0_AI_02.AI_02 up for play (max tick rate 0) at 2021.02.23-11.49.46
[2021.02.23-11.49.46:670][937]LogWorld: Bringing up level for play took: 0.002453
[2021.02.23-11.49.46:670][937]LogOnline: OSS: Creating online subsystem instance for: :Context_6
[2021.02.23-11.49.46:674][937]PIE: Server logged in
[2021.02.23-11.49.46:674][937]PIE: Play in editor total start time 0.18 seconds.
[2021.02.23-11.49.49:931][ 65]LogSlate: Updating window title bar state: overlay mode, drag disabled, window buttons hidden, title bar hidden
[2021.02.23-11.49.49:931][ 65]LogWorld: BeginTearingDown for /Game/Maps/UEDPIE_0_AI_02
[2021.02.23-11.49.49:932][ 65]LogWorld: UWorld::CleanupWorld for AI_02, bSessionEnded=true, bCleanupResources=true
[2021.02.23-11.49.49:934][ 65]LogSlate: InvalidateAllWidgets triggered.  All widgets were invalidated
[2021.02.23-11.49.49:959][ 65]LogPlayLevel: Display: Shutting down PIE online subsystems
[2021.02.23-11.49.49:965][ 65]LogSlate: InvalidateAllWidgets triggered.  All widgets were invalidated
[2021.02.23-11.49.49:998][ 65]LogSlate: Updating window title bar state: overlay mode, drag disabled, window buttons hidden, title bar hidden
[2021.02.23-11.49.50:070][ 65]LogAISub: UAISubsystem::~UAISubsystem AIPerceptionSystem (0000026182972C00), frame # 1065
[2021.02.23-11.49.50:071][ 65]LogAISub: UAISubsystem::~UAISubsystem EnvQueryManager (0000026183096400), frame # 1065
[2021.02.23-11.49.50:080][ 65]LogUObjectHash: Compacting FUObjectHashTables data took   7.42ms
[2021.02.23-11.49.50:169][ 66]LogPlayLevel: Display: Destroying online subsystem :Context_6
[2021.02.23-11.54.06:740][994]Candidate modules for hot reload:
[2021.02.23-11.54.06:740][994]  UnrealAI
[2021.02.23-11.54.06:741][994]Launching UnrealBuildTool... [C:/Program Files/Epic Games/UE_4.25/Engine/Binaries/DotNET/UnrealBuildTool.exe  -ModuleWithSuffix=UnrealAI,5943 UnrealAIEditor Win64 Development -Project="C:/Users/Morgan/Desktop/UnrealAI/UnrealAI/UnrealAI.uproject" "C:/Users/Morgan/Desktop/UnrealAI/UnrealAI/UnrealAI.uproject"  -IgnoreJunk]
[2021.02.23-11.54.06:789][994]Warning: Starting HotReload took  0.1s.
[2021.02.23-11.54.10:500][328]LogWorld: UWorld::CleanupWorld for World_2, bSessionEnded=true, bCleanupResources=true
[2021.02.23-11.54.10:500][328]LogSlate: InvalidateAllWidgets triggered.  All widgets were invalidated
[2021.02.23-11.54.10:545][328]LogAssetEditorSubsystem: Opening Asset editor for Blueprint /Game/AI/AI_02/AI_0/NPC0.NPC0
[2021.02.23-11.54.10:862][328]LogSlate: Took 0.000174 seconds to synchronously load lazily loaded font '../../../Engine/Content/Slate/Fonts/Roboto-BoldCondensed.ttf' (158K)
[2021.02.23-11.54.14:879][738]LogWorld: UWorld::CleanupWorld for World_4, bSessionEnded=true, bCleanupResources=true
[2021.02.23-11.54.14:880][738]LogSlate: InvalidateAllWidgets triggered.  All widgets were invalidated
[2021.02.23-11.54.15:718][820]CompilerResultsLog: New page: Compilation - 23 Feb 2021, 11:54:15
[2021.02.23-11.54.15:719][820]CompilerResultsLog: Using 'git status' to determine working set for adaptive non-unity build (C:\Users\Morgan\Desktop\UnrealAI).
[2021.02.23-11.54.15:719][820]CompilerResultsLog: Building UnrealAIEditor...
[2021.02.23-11.54.15:719][820]CompilerResultsLog: Using Visual Studio 2019 14.28.29337 toolchain (C:\Program Files (x86)\Microsoft Visual Studio\2019\Community\VC\Tools\MSVC\14.28.29333) and Windows 10.0.18362.0 SDK (C:\Program Files (x86)\Windows Kits\10).
[2021.02.23-11.54.15:719][820]CompilerResultsLog: Building 4 actions with 20 processes...
[2021.02.23-11.54.15:719][820]CompilerResultsLog:   [1/4] AICpp_AIController0.cpp
[2021.02.23-11.54.15:719][820]CompilerResultsLog:   [2/4] UE4Editor-UnrealAI-5943.lib
[2021.02.23-11.54.15:719][820]CompilerResultsLog:      Creating library C:\Users\Morgan\Desktop\UnrealAI\UnrealAI\Intermediate\Build\Win64\UE4Editor\Development\UnrealAI\UE4Editor-UnrealAI-5943.lib and object C:\Users\Morgan\Desktop\UnrealAI\UnrealAI\Intermediate\Build\Win64\UE4Editor\Development\UnrealAI\UE4Editor-UnrealAI-5943.exp
[2021.02.23-11.54.15:719][820]CompilerResultsLog:   [3/4] UE4Editor-UnrealAI-5943.dll
[2021.02.23-11.54.15:719][820]CompilerResultsLog:      Creating library C:\Users\Morgan\Desktop\UnrealAI\UnrealAI\Intermediate\Build\Win64\UE4Editor\Development\UnrealAI\UE4Editor-UnrealAI-5943.suppressed.lib and object C:\Users\Morgan\Desktop\UnrealAI\UnrealAI\Intermediate\Build\Win64\UE4Editor\Development\UnrealAI\UE4Editor-UnrealAI-5943.suppressed.exp
[2021.02.23-11.54.15:719][820]CompilerResultsLog:   [4/4] UnrealAIEditor.target
[2021.02.23-11.54.15:719][820]CompilerResultsLog: Total time in Parallel executor: 8.30 seconds
[2021.02.23-11.54.15:719][820]CompilerResultsLog: Total execution time: 8.84 seconds
[2021.02.23-11.54.15:720][820]LogMainFrame: MainFrame: Module compiling took 8.982 seconds
[2021.02.23-11.54.15:753][820]LogContentBrowser: Native class hierarchy updated for 'UnrealAI' in 0.0004 seconds. Added 8 classes and 4 folders.
[2021.02.23-11.54.15:755][820]Display: HotReload successful (0 functions remapped  0 scriptstructs remapped)
[2021.02.23-11.54.15:861][820]LogContentBrowser: Native class hierarchy populated in 0.0120 seconds. Added 3438 classes and 833 folders.
[2021.02.23-11.54.15:862][820]Display: HotReload took  9.1s.
[2021.02.23-11.54.21:759][263]LogAssetEditorSubsystem: Opening Asset editor for Blueprint /Game/AI/AI_02/Cpp_Character.Cpp_Character
[2021.02.23-11.54.24:989][525]LogSlate: Window 'Cpp_Character' being destroyed
[2021.02.23-11.54.25:040][525]LogWorld: UWorld::CleanupWorld for World_6, bSessionEnded=true, bCleanupResources=true
[2021.02.23-11.54.25:040][525]LogSlate: InvalidateAllWidgets triggered.  All widgets were invalidated
[2021.02.23-11.54.25:092][525]LogAssetEditorSubsystem: Opening Asset editor for Blueprint /Game/AI/AI_02/Cpp_Character.Cpp_Character
[2021.02.23-11.54.26:987][680]Cmd: OBJ SAVEPACKAGE PACKAGE="/Game/AI/AI_02/Cpp_Character" FILE="../../../../../../Users/Morgan/Desktop/UnrealAI/UnrealAI/Content/AI/AI_02/Cpp_Character.uasset" SILENT=true
[2021.02.23-11.54.27:006][680]LogSavePackage: Moving '../../../../../../Users/Morgan/Desktop/UnrealAI/UnrealAI/Saved/Cpp_Character79DFFC41457E782B25B9849FE8AFBE97.tmp' to '../../../../../../Users/Morgan/Desktop/UnrealAI/UnrealAI/Content/AI/AI_02/Cpp_Character.uasset'
[2021.02.23-11.54.27:017][680]AssetCheck: New page: Asset Save: Cpp_Character
[2021.02.23-11.54.27:017][680]LogContentValidation: Display: Validating Blueprint /Game/AI/AI_02/Cpp_Character.Cpp_Character
[2021.02.23-11.54.28:381][837]LogSlate: Window 'Cpp_Character' being destroyed
[2021.02.23-11.54.28:385][837]LogSlate: Window 'Cpp_Character' being destroyed
[2021.02.23-11.54.28:417][837]LogWorld: UWorld::CleanupWorld for World_8, bSessionEnded=true, bCleanupResources=true
[2021.02.23-11.54.28:417][837]LogSlate: InvalidateAllWidgets triggered.  All widgets were invalidated
[2021.02.23-11.54.32:652][255]LogAssetEditorSubsystem: Opening Asset editor for Blueprint /Game/AI/AI_02/AI_0/NPC0.NPC0
[2021.02.23-11.54.39:537][977]LogAssetEditorSubsystem: Opening Asset editor for Blueprint /Game/AI/AI_02/AI_0/AICpp_AIController.AICpp_AIController
[2021.02.23-11.54.41:670][170]LogSlate: Window 'AICpp_AIController' being destroyed
[2021.02.23-11.54.41:736][170]LogWorld: UWorld::CleanupWorld for World_10, bSessionEnded=true, bCleanupResources=true
[2021.02.23-11.54.41:736][170]LogSlate: InvalidateAllWidgets triggered.  All widgets were invalidated
[2021.02.23-11.54.41:788][170]LogAssetEditorSubsystem: Opening Asset editor for Blueprint /Game/AI/AI_02/AI_0/AICpp_AIController.AICpp_AIController
[2021.02.23-11.55.07:993][854]BlueprintLog: New page: Compile NPC0
[2021.02.23-11.55.08:097][854]LogUObjectHash: Compacting FUObjectHashTables data took   3.47ms
[2021.02.23-11.55.08:135][854]LogSlate: Took 0.000766 seconds to synchronously load lazily loaded font '../../../Engine/Content/Slate/Fonts/DroidSansMono.ttf' (77K)
[2021.02.23-11.55.10:678][ 29]LogUObjectHash: Compacting FUObjectHashTables data took   2.51ms
[2021.02.23-11.55.10:697][ 29]Cmd: OBJ SAVEPACKAGE PACKAGE="/Game/Maps/AI_02" FILE="../../../../../../Users/Morgan/Desktop/UnrealAI/UnrealAI/Content/Maps/AI_02.umap" SILENT=true AUTOSAVING=false KEEPDIRTY=false
[2021.02.23-11.55.10:720][ 29]LogUObjectHash: Compacting FUObjectHashTables data took   0.43ms
[2021.02.23-11.55.10:763][ 29]LogSavePackage: Moving '../../../../../../Users/Morgan/Desktop/UnrealAI/UnrealAI/Saved/AI_02B87C483340F46B92D990B4BC169FF705.tmp' to '../../../../../../Users/Morgan/Desktop/UnrealAI/UnrealAI/Content/Maps/AI_02.umap'
[2021.02.23-11.55.10:794][ 29]LogFileHelpers: Saving map 'AI_02' took 0.097
[2021.02.23-11.55.10:794][ 29]Cmd: OBJ SAVEPACKAGE PACKAGE="/Game/Maps/AI_02_BuiltData" FILE="../../../../../../Users/Morgan/Desktop/UnrealAI/UnrealAI/Content/Maps/AI_02_BuiltData.uasset" SILENT=true
[2021.02.23-11.55.10:862][ 29]LogSavePackage: Moving '../../../../../../Users/Morgan/Desktop/UnrealAI/UnrealAI/Saved/AI_02_BuiltDataBFA9440143BC1C189B0686BE860E0A65.tmp' to '../../../../../../Users/Morgan/Desktop/UnrealAI/UnrealAI/Content/Maps/AI_02_BuiltData.uasset'
[2021.02.23-11.55.10:872][ 29]Cmd: OBJ SAVEPACKAGE PACKAGE="/Game/AI/AI_02/AI_0/NPC0" FILE="../../../../../../Users/Morgan/Desktop/UnrealAI/UnrealAI/Content/AI/AI_02/AI_0/NPC0.uasset" SILENT=true
[2021.02.23-11.55.10:890][ 29]LogSavePackage: Moving '../../../../../../Users/Morgan/Desktop/UnrealAI/UnrealAI/Saved/NPC08E1D07DC40AFFD90BAE32CBB5C3783A8.tmp' to '../../../../../../Users/Morgan/Desktop/UnrealAI/UnrealAI/Content/AI/AI_02/AI_0/NPC0.uasset'
[2021.02.23-11.55.10:906][ 29]AssetCheck: New page: Asset Save: multiple assets
[2021.02.23-11.55.10:906][ 29]LogContentValidation: Display: Validating World /Game/Maps/AI_02.AI_02
[2021.02.23-11.55.10:906][ 29]LogContentValidation: Display: Validating MapBuildDataRegistry /Game/Maps/AI_02_BuiltData.AI_02_BuiltData
[2021.02.23-11.55.10:906][ 29]LogContentValidation: Display: Validating Blueprint /Game/AI/AI_02/AI_0/NPC0.NPC0
[2021.02.23-11.55.12:235][140]LogSlate: Took 0.000860 seconds to synchronously load lazily loaded font '../../../Engine/Content/Slate/Fonts/Roboto-Italic.ttf' (157K)
[2021.02.23-11.55.24:002][443]BlueprintLog: New page: Compile NPC0
[2021.02.23-11.55.24:059][443]LogUObjectHash: Compacting FUObjectHashTables data took   1.92ms
[2021.02.23-11.55.25:319][518]LogSlate: Window 'NPC0' being destroyed
[2021.02.23-11.55.25:357][518]LogWorld: UWorld::CleanupWorld for World_9, bSessionEnded=true, bCleanupResources=true
[2021.02.23-11.55.25:357][518]LogSlate: InvalidateAllWidgets triggered.  All widgets were invalidated
[2021.02.23-11.55.32:270][265]LogSlate: Window 'AICpp_AIController' being destroyed
[2021.02.23-11.55.32:273][265]LogSlate: Window 'AICpp_AIController' being destroyed
[2021.02.23-11.55.32:307][265]LogActorComponent: UnregisterComponent: (/Engine/Transient.EditorFloorComp) Not registered. Aborting.
[2021.02.23-11.55.32:307][265]LogWorld: UWorld::CleanupWorld for World_11, bSessionEnded=true, bCleanupResources=true
[2021.02.23-11.55.32:307][265]LogSlate: InvalidateAllWidgets triggered.  All widgets were invalidated
[2021.02.23-11.55.41:705][234]LogSlate: WidgetSwitcher ('None') active index changed to -1
[2021.02.23-11.55.41:706][234]LogSlate: WidgetSwitcher ('None') active index changed to 0
[2021.02.23-11.55.43:326][396]LogSlate: Warning: Slate: Had to block on waiting for a draw buffer
[2021.02.23-11.55.57:343][905]LogSlate: WidgetSwitcher ('None') active index changed to 1
[2021.02.23-11.56.19:978][ 30]Running C:/Program Files/Epic Games/UE_4.25/Engine/Binaries/DotNET/UnrealBuildTool.exe  -projectfiles -project="C:/Users/Morgan/Desktop/UnrealAI/UnrealAI/UnrealAI.uproject" -game -rocket -progress
[2021.02.23-11.56.20:326][ 30]Discovering modules, targets and source code for project...
[2021.02.23-11.56.21:829][ 30]Binding IntelliSense data...
[2021.02.23-11.56.23:655][ 30]Binding IntelliSense data... 100%
[2021.02.23-11.56.23:656][ 30]Writing project files...
[2021.02.23-11.56.27:465][ 30]Writing project files... 100%
[2021.02.23-11.56.27:676][ 30]Candidate modules for hot reload:
[2021.02.23-11.56.27:676][ 30]  UnrealAI
[2021.02.23-11.56.27:676][ 30]Launching UnrealBuildTool... [C:/Program Files/Epic Games/UE_4.25/Engine/Binaries/DotNET/UnrealBuildTool.exe  -ModuleWithSuffix=UnrealAI,7873 UnrealAIEditor Win64 Development -Project="C:/Users/Morgan/Desktop/UnrealAI/UnrealAI/UnrealAI.uproject" "C:/Users/Morgan/Desktop/UnrealAI/UnrealAI/UnrealAI.uproject"  -IgnoreJunk]
[2021.02.23-11.56.36:453][ 30]CompilerResultsLog: New page: Compilation - 23 Feb 2021, 11:56:36
[2021.02.23-11.56.36:453][ 30]CompilerResultsLog: Using 'git status' to determine working set for adaptive non-unity build (C:\Users\Morgan\Desktop\UnrealAI).
[2021.02.23-11.56.36:453][ 30]CompilerResultsLog: Creating makefile for UnrealAIEditor (no existing makefile)
[2021.02.23-11.56.36:453][ 30]CompilerResultsLog: Parsing headers for UnrealAIEditor
[2021.02.23-11.56.36:453][ 30]CompilerResultsLog:   Running UnrealHeaderTool "C:\Users\Morgan\Desktop\UnrealAI\UnrealAI\UnrealAI.uproject" "C:\Users\Morgan\Desktop\UnrealAI\UnrealAI\Intermediate\Build\Win64\UnrealAIEditor\Development\UnrealAIEditor.uhtmanifest" -LogCmds="loginit warning, logexit warning, logdatabase error" -Unattended -WarningsAsErrors -abslog="C:\Users\Morgan\AppData\Local\UnrealBuildTool\Log_UHT.txt" -installed
[2021.02.23-11.56.36:453][ 30]CompilerResultsLog: Reflection code generated for UnrealAIEditor in 5.0611594 seconds
[2021.02.23-11.56.36:454][ 30]CompilerResultsLog: Error: C:\Users\Morgan\Desktop\UnrealAI\UnrealAI\Source\UnrealAI\UnrealAI C++\AICpp_AIController0.cpp(1) : error: Expected AICpp_AIController0.h to be first header included.
[2021.02.23-11.56.36:454][ 30]CompilerResultsLog: Building UnrealAIEditor...
[2021.02.23-11.56.36:454][ 30]CompilerResultsLog: Using Visual Studio 2019 14.28.29337 toolchain (C:\Program Files (x86)\Microsoft Visual Studio\2019\Community\VC\Tools\MSVC\14.28.29333) and Windows 10.0.18362.0 SDK (C:\Program Files (x86)\Windows Kits\10).
[2021.02.23-11.56.36:454][ 30]CompilerResultsLog: Building 6 actions with 20 processes...
[2021.02.23-11.56.36:454][ 30]CompilerResultsLog:   [1/6] UnrealAI.init.gen.cpp
[2021.02.23-11.56.36:454][ 30]CompilerResultsLog:   [2/6] BTService_CheckForPlayer.cpp
[2021.02.23-11.56.36:454][ 30]CompilerResultsLog:   [3/6] BTService_CheckForPlayer.gen.cpp
[2021.02.23-11.56.36:454][ 30]CompilerResultsLog:   [4/6] UE4Editor-UnrealAI-7873.lib
[2021.02.23-11.56.36:454][ 30]CompilerResultsLog:      Creating library C:\Users\Morgan\Desktop\UnrealAI\UnrealAI\Intermediate\Build\Win64\UE4Editor\Development\UnrealAI\UE4Editor-UnrealAI-7873.lib and object C:\Users\Morgan\Desktop\UnrealAI\UnrealAI\Intermediate\Build\Win64\UE4Editor\Development\UnrealAI\UE4Editor-UnrealAI-7873.exp
[2021.02.23-11.56.36:454][ 30]CompilerResultsLog:   [5/6] UE4Editor-UnrealAI-7873.dll
[2021.02.23-11.56.36:454][ 30]CompilerResultsLog:      Creating library C:\Users\Morgan\Desktop\UnrealAI\UnrealAI\Intermediate\Build\Win64\UE4Editor\Development\UnrealAI\UE4Editor-UnrealAI-7873.suppressed.lib and object C:\Users\Morgan\Desktop\UnrealAI\UnrealAI\Intermediate\Build\Win64\UE4Editor\Development\UnrealAI\UE4Editor-UnrealAI-7873.suppressed.exp
[2021.02.23-11.56.36:454][ 30]CompilerResultsLog:   [6/6] UnrealAIEditor.target
[2021.02.23-11.56.36:454][ 30]CompilerResultsLog: Total time in Parallel executor: 1.76 seconds
[2021.02.23-11.56.36:454][ 30]CompilerResultsLog: Total execution time: 8.65 seconds
[2021.02.23-11.56.36:455][ 30]LogMainFrame: MainFrame: Module compiling took 8.781 seconds
[2021.02.23-11.56.36:474][ 30]LogClass: Could not find existing class BTService_CheckForPlayer in package /Script/UnrealAI for HotReload, assuming new class
[2021.02.23-11.56.36:490][ 30]LogContentBrowser: Native class hierarchy updated for 'UnrealAI' in 0.0004 seconds. Added 9 classes and 4 folders.
[2021.02.23-11.56.36:493][ 30]Display: HotReload successful (0 functions remapped  0 scriptstructs remapped)
[2021.02.23-11.56.36:566][ 30]LogContentBrowser: Native class hierarchy populated in 0.0090 seconds. Added 3439 classes and 833 folders.
[2021.02.23-11.56.36:566][ 30]Display: HotReload took  8.9s.
[2021.02.23-11.56.36:566][ 30]Warning: HotReload operation took  8.9s.
[2021.02.23-11.56.36:788][ 30]LogVSAccessor: Warning: Couldn't goto line number '1' in 'C:/Users/Morgan/Desktop/UnrealAI/UnrealAI/Source/UnrealAI/UnrealAI C++/BTService_CheckForPlayer.h'
[2021.02.23-11.56.36:911][ 30]LogSlate: Window 'Add C++ Class' being destroyed
[2021.02.23-11.56.37:265][ 31]LogHotReload: New module detected: UE4Editor-UnrealAI-7873.dll
[2021.02.23-11.56.37:280][ 32]LogHotReload: Starting Hot-Reload from IDE
[2021.02.23-11.56.37:308][ 32]LogContentBrowser: Native class hierarchy updated for 'UnrealAI' in 0.0004 seconds. Added 9 classes and 4 folders.
[2021.02.23-11.56.37:311][ 32]Display: HotReload successful (0 functions remapped  0 scriptstructs remapped)
[2021.02.23-11.56.37:326][ 32]LogContentBrowser: Native class hierarchy populated in 0.0084 seconds. Added 3439 classes and 833 folders.
[2021.02.23-11.56.37:329][ 32]Display: HotReload took  0.0s.
