Log file open, 02/16/21 11:14:13
LogInit: Display: Running engine for game: UnrealAI
LogPlatformFile: Not using cached read wrapper
LogTaskGraph: Started task graph with 5 named threads and 59 total threads with 3 sets of task threads.
LogStats: Stats thread started at 0.613751
LogD3D11RHI: Loaded GFSDK_Aftermath_Lib.x64.dll
LogICUInternationalization: ICU TimeZone Detection - Raw Offset: +0:00, Platform Override: ''
LogPluginManager: Mounting plugin Paper2D
LogPluginManager: Mounting plugin AISupport
LogPluginManager: Mounting plugin LightPropagationVolume
LogPluginManager: Mounting plugin CameraShakePreviewer
LogPluginManager: Mounting plugin ActorLayerUtilities
LogPluginManager: Mounting plugin AnimationSharing
LogPluginManager: Mounting plugin CLionSourceCodeAccess
LogPluginManager: Mounting plugin CodeLiteSourceCodeAccess
LogPluginManager: Mounting plugin GitSourceControl
LogPluginManager: Mounting plugin KDevelopSourceCodeAccess
LogPluginManager: Mounting plugin NullSourceCodeAccess
LogPluginManager: Mounting plugin PerforceSourceControl
LogPluginManager: Mounting plugin PlasticSourceControl
LogPluginManager: Mounting plugin RiderSourceCodeAccess
LogPluginManager: Mounting plugin SubversionSourceControl
LogPluginManager: Mounting plugin UObjectPlugin
LogPluginManager: Mounting plugin VisualStudioCodeSourceCodeAccess
LogPluginManager: Mounting plugin VisualStudioSourceCodeAccess
LogPluginManager: Mounting plugin XCodeSourceCodeAccess
LogPluginManager: Mounting plugin AssetManagerEditor
LogPluginManager: Mounting plugin CryptoKeys
LogPluginManager: Mounting plugin CurveEditorTools
LogPluginManager: Mounting plugin DataValidation
LogPluginManager: Mounting plugin EditorScriptingUtilities
LogPluginManager: Mounting plugin FacialAnimation
LogPluginManager: Mounting plugin GameplayTagsEditor
LogPluginManager: Mounting plugin GeometryMode
LogPluginManager: Mounting plugin MacGraphicsSwitching
LogPluginManager: Mounting plugin MaterialAnalyzer
LogPluginManager: Mounting plugin MobileLauncherProfileWizard
LogPluginManager: Mounting plugin PluginBrowser
LogPluginManager: Mounting plugin SpeedTreeImporter
LogPluginManager: Mounting plugin DatasmithContent
LogPluginManager: Mounting plugin VariantManagerContent
LogPluginManager: Mounting plugin AlembicImporter
LogPluginManager: Mounting plugin AutomationUtils
LogPluginManager: Mounting plugin BackChannel
LogPluginManager: Mounting plugin ChaosCloth
LogPluginManager: Mounting plugin ChaosClothEditor
LogPluginManager: Mounting plugin ChaosEditor
LogPluginManager: Mounting plugin ChaosNiagara
LogPluginManager: Mounting plugin ChaosSolverPlugin
LogPluginManager: Mounting plugin CharacterAI
LogPluginManager: Mounting plugin GeometryCache
LogPluginManager: Mounting plugin GeometryCollectionPlugin
LogPluginManager: Mounting plugin GeometryProcessing
LogPluginManager: Mounting plugin PlanarCut
LogPluginManager: Mounting plugin PlatformCrypto
LogPluginManager: Mounting plugin ProxyLODPlugin
LogPluginManager: Mounting plugin SkeletalReduction
LogPluginManager: Mounting plugin Niagara
LogPluginManager: Mounting plugin MagicLeap
LogPluginManager: Mounting plugin MagicLeapLightEstimation
LogPluginManager: Mounting plugin MagicLeapMedia
LogPluginManager: Mounting plugin MagicLeapPassableWorld
LogPluginManager: Mounting plugin MLSDK
LogPluginManager: Mounting plugin DarkerNodes
LogPluginManager: Mounting plugin ElectronicNodes
LogPluginManager: Mounting plugin AndroidMedia
LogPluginManager: Mounting plugin AvfMedia
LogPluginManager: Mounting plugin ImgMedia
LogPluginManager: Mounting plugin MediaCompositing
LogPluginManager: Mounting plugin MediaPlayerEditor
LogPluginManager: Mounting plugin WebMMedia
LogPluginManager: Mounting plugin WmfMedia
LogPluginManager: Mounting plugin MeshPainting
LogPluginManager: Mounting plugin TcpMessaging
LogPluginManager: Mounting plugin UdpMessaging
LogPluginManager: Mounting plugin ActorSequence
LogPluginManager: Mounting plugin LevelSequenceEditor
LogPluginManager: Mounting plugin MatineeToLevelSequence
LogPluginManager: Mounting plugin MovieRenderPipeline
LogPluginManager: Mounting plugin TemplateSequence
LogPluginManager: Mounting plugin NetcodeUnitTest
LogPluginManager: Mounting plugin NUTUnrealEngine4
LogPluginManager: Mounting plugin OnlineSubsystemGooglePlay
LogPluginManager: Mounting plugin OnlineSubsystemIOS
LogPluginManager: Mounting plugin OnlineSubsystem
LogPluginManager: Mounting plugin OnlineSubsystemNull
LogPluginManager: Mounting plugin OnlineSubsystemUtils
LogPluginManager: Mounting plugin LauncherChunkInstaller
LogPluginManager: Mounting plugin AndroidDeviceProfileSelector
LogPluginManager: Mounting plugin AndroidMoviePlayer
LogPluginManager: Mounting plugin AndroidPermission
LogPluginManager: Mounting plugin AppleImageUtils
LogPluginManager: Mounting plugin AppleMoviePlayer
LogPluginManager: Mounting plugin ArchVisCharacter
LogPluginManager: Mounting plugin AssetTags
LogPluginManager: Mounting plugin AudioCapture
LogPluginManager: Mounting plugin CableComponent
LogPluginManager: Mounting plugin CustomMeshComponent
LogPluginManager: Mounting plugin EditableMesh
LogPluginManager: Mounting plugin ExampleDeviceProfileSelector
LogPluginManager: Mounting plugin GoogleCloudMessaging
LogPluginManager: Mounting plugin GooglePAD
LogPluginManager: Mounting plugin IOSDeviceProfileSelector
LogPluginManager: Mounting plugin LinuxDeviceProfileSelector
LogPluginManager: Mounting plugin LocationServicesBPLibrary
LogPluginManager: Mounting plugin MobilePatchingUtils
LogPluginManager: Mounting plugin OculusVR
LogPluginManager: Mounting plugin PhysXVehicles
LogPluginManager: Mounting plugin PostSplashScreen
LogPluginManager: Mounting plugin ProceduralMeshComponent
LogPluginManager: Mounting plugin RuntimePhysXCooking
LogPluginManager: Mounting plugin SignificanceManager
LogPluginManager: Mounting plugin SoundFields
LogPluginManager: Mounting plugin SteamVR
LogPluginManager: Mounting plugin Synthesis
LogPluginManager: Mounting plugin WebMMoviePlayer
LogPluginManager: Mounting plugin WindowsMoviePlayer
LogPluginManager: Mounting plugin ScreenshotTools
LogInit: Using libcurl 7.55.1-DEV
LogInit:  - built for x86_64-pc-win32
LogInit:  - supports SSL with OpenSSL/1.1.1
LogInit:  - supports HTTP deflate (compression) using libz 1.2.8
LogInit:  - other features:
LogInit:      CURL_VERSION_SSL
LogInit:      CURL_VERSION_LIBZ
LogInit:      CURL_VERSION_IPV6
LogInit:      CURL_VERSION_ASYNCHDNS
LogInit:      CURL_VERSION_LARGEFILE
LogInit:      CURL_VERSION_IDN
LogInit:  CurlRequestOptions (configurable via config and command line):
LogInit:  - bVerifyPeer = true  - Libcurl will verify peer certificate
LogInit:  - bUseHttpProxy = false  - Libcurl will NOT use HTTP proxy
LogInit:  - bDontReuseConnections = false  - Libcurl will reuse connections
LogInit:  - MaxHostConnections = 16  - Libcurl will limit the number of connections to a host
LogInit:  - LocalHostAddr = Default
LogInit:  - BufferSize = 65536
LogOnline: OSS: Creating online subsystem instance for: NULL
LogInit: WinSock: version 1.1 (2.2), MaxSocks=32767, MaxUdp=65467
LogOnline: OSS: TryLoadSubsystemAndSetDefault: Loaded subsystem for module [NULL]
LogInit: Build: ++UE4+Release-4.25-CL-14469661
LogInit: Engine Version: 4.25.4-14469661+++UE4+Release-4.25
LogInit: Compatible Engine Version: 4.25.0-13144385+++UE4+Release-4.25
LogInit: Net CL: 13144385
LogInit: OS: Windows 10 (Release 2009) (), CPU: Intel(R) Core(TM) i9-10850K CPU @ 3.60GHz, GPU: NVIDIA GeForce RTX 3090
LogInit: Compiled (64-bit): Oct 11 2020 08:10:49
LogInit: Compiled with Visual C++: 19.24.28315.00
LogInit: Build Configuration: Development
LogInit: Branch Name: ++UE4+Release-4.25
LogInit: Command Line:  -skipcompile
LogInit: Base Directory: C:/Program Files/Epic Games/UE_4.25/Engine/Binaries/Win64/
LogInit: Allocator: TBB
LogInit: Installed Engine Build: 1
LogDevObjectVersion: Number of dev versions registered: 26
LogDevObjectVersion:   Dev-Blueprints (B0D832E4-1F89-4F0D-ACCF-7EB736FD4AA2): 10
LogDevObjectVersion:   Dev-Build (E1C64328-A22C-4D53-A36C-8E866417BD8C): 0
LogDevObjectVersion:   Dev-Core (375EC13C-06E4-48FB-B500-84F0262A717E): 4
LogDevObjectVersion:   Dev-Editor (E4B068ED-F494-42E9-A231-DA0B2E46BB41): 38
LogDevObjectVersion:   Dev-Framework (CFFC743F-43B0-4480-9391-14DF171D2073): 37
LogDevObjectVersion:   Dev-Mobile (B02B49B5-BB20-44E9-A304-32B752E40360): 2
LogDevObjectVersion:   Dev-Networking (A4E4105C-59A1-49B5-A7C5-40C4547EDFEE): 0
LogDevObjectVersion:   Dev-Online (39C831C9-5AE6-47DC-9A44-9C173E1C8E7C): 0
LogDevObjectVersion:   Dev-Physics (78F01B33-EBEA-4F98-B9B4-84EACCB95AA2): 4
LogDevObjectVersion:   Dev-Platform (6631380F-2D4D-43E0-8009-CF276956A95A): 0
LogDevObjectVersion:   Dev-Rendering (12F88B9F-8875-4AFC-A67C-D90C383ABD29): 43
LogDevObjectVersion:   Dev-Sequencer (7B5AE74C-D270-4C10-A958-57980B212A5A): 12
LogDevObjectVersion:   Dev-VR (D7296918-1DD6-4BDD-9DE2-64A83CC13884): 3
LogDevObjectVersion:   Dev-LoadTimes (C2A15278-BFE7-4AFE-6C17-90FF531DF755): 1
LogDevObjectVersion:   Private-Geometry (6EACA3D4-40EC-4CC1-B786-8BED09428FC5): 3
LogDevObjectVersion:   Dev-AnimPhys (29E575DD-E0A3-4627-9D10-D276232CDCEA): 17
LogDevObjectVersion:   Dev-Anim (AF43A65D-7FD3-4947-9873-3E8ED9C1BB05): 7
LogDevObjectVersion:   Dev-ReflectionCapture (6B266CEC-1EC7-4B8F-A30B-E4D90942FC07): 1
LogDevObjectVersion:   Dev-Automation (0DF73D61-A23F-47EA-B727-89E90C41499A): 1
LogDevObjectVersion:   FortniteMain (601D1886-AC64-4F84-AA16-D3DE0DEAC7D6): 31
LogDevObjectVersion:   Dev-Enterprise (9DFFBCD6-494F-0158-E221-12823C92A888): 10
LogDevObjectVersion:   Dev-Niagara (F2AED0AC-9AFE-416F-8664-AA7FFA26D6FC): 1
LogDevObjectVersion:   Dev-Destruction (174F1F0B-B4C6-45A5-B13F-2EE8D0FB917D): 10
LogDevObjectVersion:   Dev-Physics-Ext (35F94A83-E258-406C-A318-09F59610247C): 37
LogDevObjectVersion:   Dev-PhysicsMaterial-Chaos (B68FC16E-8B1B-42E2-B453-215C058844FE): 1
LogDevObjectVersion:   Dev-CineCamera (B2E18506-4273-CFC2-A54E-F4BB758BBA07): 1
LogInit: Presizing for max 25165824 objects, including 0 objects not considered by GC, pre-allocating 0 bytes for permanent pool.
LogConfig: Applying CVar settings from Section [/Script/Engine.StreamingSettings] File [C:/Users/Morgan/Desktop/UnrealAI/UnrealAI/Saved/Config/Windows/Engine.ini]
LogConfig: Setting CVar [[s.MinBulkDataSizeForAsyncLoading:131072]]
LogConfig: Setting CVar [[s.AsyncLoadingThreadEnabled:0]]
LogConfig: Setting CVar [[s.EventDrivenLoaderEnabled:1]]
LogConfig: Setting CVar [[s.WarnIfTimeLimitExceeded:0]]
LogConfig: Setting CVar [[s.TimeLimitExceededMultiplier:1.5]]
LogConfig: Setting CVar [[s.TimeLimitExceededMinTime:0.005]]
LogConfig: Setting CVar [[s.UseBackgroundLevelStreaming:1]]
LogConfig: Setting CVar [[s.PriorityAsyncLoadingExtraTime:15.0]]
LogConfig: Setting CVar [[s.LevelStreamingActorsUpdateTimeLimit:5.0]]
LogConfig: Setting CVar [[s.PriorityLevelStreamingActorsUpdateExtraTime:5.0]]
LogConfig: Setting CVar [[s.LevelStreamingComponentsRegistrationGranularity:10]]
LogConfig: Setting CVar [[s.UnregisterComponentsTimeLimit:1.0]]
LogConfig: Setting CVar [[s.LevelStreamingComponentsUnregistrationGranularity:5]]
LogConfig: Setting CVar [[s.FlushStreamingOnExit:1]]
LogInit: Object subsystem initialized
LogConfig: Setting CVar [[con.DebugEarlyDefault:1]]
LogConfig: Setting CVar [[r.setres:1280x720]]
[2021.02.16-11.14.14:549][  0]LogConfig: Setting CVar [[r.VSync:0]]
[2021.02.16-11.14.14:549][  0]LogConfig: Setting CVar [[r.RHICmdBypass:0]]
[2021.02.16-11.14.14:549][  0]LogConfig: Applying CVar settings from Section [/Script/Engine.RendererSettings] File [C:/Users/Morgan/Desktop/UnrealAI/UnrealAI/Saved/Config/Windows/Engine.ini]
[2021.02.16-11.14.14:549][  0]LogConfig: Setting CVar [[r.GPUCrashDebugging:0]]
[2021.02.16-11.14.14:549][  0]LogConfig: Applying CVar settings from Section [/Script/Engine.RendererOverrideSettings] File [C:/Users/Morgan/Desktop/UnrealAI/UnrealAI/Saved/Config/Windows/Engine.ini]
[2021.02.16-11.14.14:549][  0]LogConfig: Applying CVar settings from Section [/Script/Engine.StreamingSettings] File [C:/Users/Morgan/Desktop/UnrealAI/UnrealAI/Saved/Config/Windows/Engine.ini]
[2021.02.16-11.14.14:550][  0]LogConfig: Setting CVar [[s.MinBulkDataSizeForAsyncLoading:131072]]
[2021.02.16-11.14.14:550][  0]LogConfig: Setting CVar [[s.AsyncLoadingThreadEnabled:0]]
[2021.02.16-11.14.14:550][  0]LogConfig: Setting CVar [[s.EventDrivenLoaderEnabled:1]]
[2021.02.16-11.14.14:550][  0]LogConfig: Setting CVar [[s.WarnIfTimeLimitExceeded:0]]
[2021.02.16-11.14.14:550][  0]LogConfig: Setting CVar [[s.TimeLimitExceededMultiplier:1.5]]
[2021.02.16-11.14.14:550][  0]LogConfig: Setting CVar [[s.TimeLimitExceededMinTime:0.005]]
[2021.02.16-11.14.14:550][  0]LogConfig: Setting CVar [[s.UseBackgroundLevelStreaming:1]]
[2021.02.16-11.14.14:550][  0]LogConfig: Setting CVar [[s.PriorityAsyncLoadingExtraTime:15.0]]
[2021.02.16-11.14.14:550][  0]LogConfig: Setting CVar [[s.LevelStreamingActorsUpdateTimeLimit:5.0]]
[2021.02.16-11.14.14:550][  0]LogConfig: Setting CVar [[s.PriorityLevelStreamingActorsUpdateExtraTime:5.0]]
[2021.02.16-11.14.14:550][  0]LogConfig: Setting CVar [[s.LevelStreamingComponentsRegistrationGranularity:10]]
[2021.02.16-11.14.14:550][  0]LogConfig: Setting CVar [[s.UnregisterComponentsTimeLimit:1.0]]
[2021.02.16-11.14.14:550][  0]LogConfig: Setting CVar [[s.LevelStreamingComponentsUnregistrationGranularity:5]]
[2021.02.16-11.14.14:550][  0]LogConfig: Setting CVar [[s.FlushStreamingOnExit:1]]
[2021.02.16-11.14.14:550][  0]LogConfig: Applying CVar settings from Section [/Script/Engine.GarbageCollectionSettings] File [C:/Users/Morgan/Desktop/UnrealAI/UnrealAI/Saved/Config/Windows/Engine.ini]
[2021.02.16-11.14.14:550][  0]LogConfig: Setting CVar [[gc.MaxObjectsNotConsideredByGC:1]]
[2021.02.16-11.14.14:550][  0]LogConfig: Setting CVar [[gc.SizeOfPermanentObjectPool:0]]
[2021.02.16-11.14.14:550][  0]LogConfig: Setting CVar [[gc.FlushStreamingOnGC:0]]
[2021.02.16-11.14.14:550][  0]LogConfig: Setting CVar [[gc.NumRetriesBeforeForcingGC:10]]
[2021.02.16-11.14.14:550][  0]LogConfig: Setting CVar [[gc.AllowParallelGC:1]]
[2021.02.16-11.14.14:550][  0]LogConfig: Setting CVar [[gc.TimeBetweenPurgingPendingKillObjects:61.1]]
[2021.02.16-11.14.14:551][  0]LogConfig: Setting CVar [[gc.MaxObjectsInEditor:25165824]]
[2021.02.16-11.14.14:551][  0]LogConfig: Setting CVar [[gc.IncrementalBeginDestroyEnabled:1]]
[2021.02.16-11.14.14:551][  0]LogConfig: Setting CVar [[gc.CreateGCClusters:1]]
[2021.02.16-11.14.14:551][  0]LogConfig: Setting CVar [[gc.MinGCClusterSize:5]]
[2021.02.16-11.14.14:551][  0]LogConfig: Setting CVar [[gc.ActorClusteringEnabled:0]]
[2021.02.16-11.14.14:551][  0]LogConfig: Setting CVar [[gc.BlueprintClusteringEnabled:0]]
[2021.02.16-11.14.14:551][  0]LogConfig: Setting CVar [[gc.UseDisregardForGCOnDedicatedServers:0]]
[2021.02.16-11.14.14:551][  0]LogConfig: Applying CVar settings from Section [/Script/Engine.NetworkSettings] File [C:/Users/Morgan/Desktop/UnrealAI/UnrealAI/Saved/Config/Windows/Engine.ini]
[2021.02.16-11.14.14:551][  0]LogConfig: Applying CVar settings from Section [/Script/UnrealEd.CookerSettings] File [C:/Users/Morgan/Desktop/UnrealAI/UnrealAI/Saved/Config/Windows/Engine.ini]
[2021.02.16-11.14.14:559][  0]LogConfig: Applying CVar settings from Section [ViewDistanceQuality@3] File [C:/Users/Morgan/Desktop/UnrealAI/UnrealAI/Saved/Config/Windows/Scalability.ini]
[2021.02.16-11.14.14:559][  0]LogConfig: Setting CVar [[r.SkeletalMeshLODBias:0]]
[2021.02.16-11.14.14:559][  0]LogConfig: Setting CVar [[r.ViewDistanceScale:1.0]]
[2021.02.16-11.14.14:560][  0]LogConfig: Applying CVar settings from Section [AntiAliasingQuality@3] File [C:/Users/Morgan/Desktop/UnrealAI/UnrealAI/Saved/Config/Windows/Scalability.ini]
[2021.02.16-11.14.14:560][  0]LogConfig: Setting CVar [[r.PostProcessAAQuality:4]]
[2021.02.16-11.14.14:560][  0]LogConfig: Applying CVar settings from Section [ShadowQuality@3] File [C:/Users/Morgan/Desktop/UnrealAI/UnrealAI/Saved/Config/Windows/Scalability.ini]
[2021.02.16-11.14.14:560][  0]LogConfig: Setting CVar [[r.LightFunctionQuality:1]]
[2021.02.16-11.14.14:560][  0]LogConfig: Setting CVar [[r.ShadowQuality:5]]
[2021.02.16-11.14.14:560][  0]LogConfig: Setting CVar [[r.Shadow.CSM.MaxCascades:10]]
[2021.02.16-11.14.14:560][  0]LogConfig: Setting CVar [[r.Shadow.MaxResolution:2048]]
[2021.02.16-11.14.14:560][  0]LogConfig: Setting CVar [[r.Shadow.MaxCSMResolution:2048]]
[2021.02.16-11.14.14:560][  0]LogConfig: Setting CVar [[r.Shadow.RadiusThreshold:0.01]]
[2021.02.16-11.14.14:560][  0]LogConfig: Setting CVar [[r.Shadow.DistanceScale:1.0]]
[2021.02.16-11.14.14:560][  0]LogConfig: Setting CVar [[r.Shadow.CSM.TransitionScale:1.0]]
[2021.02.16-11.14.14:560][  0]LogConfig: Setting CVar [[r.Shadow.PreShadowResolutionFactor:1.0]]
[2021.02.16-11.14.14:560][  0]LogConfig: Setting CVar [[r.DistanceFieldShadowing:1]]
[2021.02.16-11.14.14:560][  0]LogConfig: Setting CVar [[r.DistanceFieldAO:1]]
[2021.02.16-11.14.14:560][  0]LogConfig: Setting CVar [[r.AOQuality:2]]
[2021.02.16-11.14.14:560][  0]LogConfig: Setting CVar [[r.VolumetricFog:1]]
[2021.02.16-11.14.14:560][  0]LogConfig: Setting CVar [[r.VolumetricFog.GridPixelSize:8]]
[2021.02.16-11.14.14:560][  0]LogConfig: Setting CVar [[r.VolumetricFog.GridSizeZ:128]]
[2021.02.16-11.14.14:560][  0]LogConfig: Setting CVar [[r.VolumetricFog.HistoryMissSupersampleCount:4]]
[2021.02.16-11.14.14:560][  0]LogConfig: Setting CVar [[r.LightMaxDrawDistanceScale:1]]
[2021.02.16-11.14.14:561][  0]LogConfig: Setting CVar [[r.CapsuleShadows:1]]
[2021.02.16-11.14.14:561][  0]LogConfig: Applying CVar settings from Section [PostProcessQuality@3] File [C:/Users/Morgan/Desktop/UnrealAI/UnrealAI/Saved/Config/Windows/Scalability.ini]
[2021.02.16-11.14.14:561][  0]LogConfig: Setting CVar [[r.MotionBlurQuality:4]]
[2021.02.16-11.14.14:561][  0]LogConfig: Setting CVar [[r.AmbientOcclusionMipLevelFactor:0.4]]
[2021.02.16-11.14.14:561][  0]LogConfig: Setting CVar [[r.AmbientOcclusionMaxQuality:100]]
[2021.02.16-11.14.14:561][  0]LogConfig: Setting CVar [[r.AmbientOcclusionLevels:-1]]
[2021.02.16-11.14.14:561][  0]LogConfig: Setting CVar [[r.AmbientOcclusionRadiusScale:1.0]]
[2021.02.16-11.14.14:561][  0]LogConfig: Setting CVar [[r.DepthOfFieldQuality:2]]
[2021.02.16-11.14.14:561][  0]LogConfig: Setting CVar [[r.RenderTargetPoolMin:400]]
[2021.02.16-11.14.14:561][  0]LogConfig: Setting CVar [[r.LensFlareQuality:2]]
[2021.02.16-11.14.14:561][  0]LogConfig: Setting CVar [[r.SceneColorFringeQuality:1]]
[2021.02.16-11.14.14:561][  0]LogConfig: Setting CVar [[r.EyeAdaptationQuality:2]]
[2021.02.16-11.14.14:561][  0]LogConfig: Setting CVar [[r.BloomQuality:5]]
[2021.02.16-11.14.14:561][  0]LogConfig: Setting CVar [[r.FastBlurThreshold:100]]
[2021.02.16-11.14.14:561][  0]LogConfig: Setting CVar [[r.Upscale.Quality:3]]
[2021.02.16-11.14.14:561][  0]LogConfig: Setting CVar [[r.Tonemapper.GrainQuantization:1]]
[2021.02.16-11.14.14:561][  0]LogConfig: Setting CVar [[r.LightShaftQuality:1]]
[2021.02.16-11.14.14:561][  0]LogConfig: Setting CVar [[r.Filter.SizeScale:1]]
[2021.02.16-11.14.14:561][  0]LogConfig: Setting CVar [[r.Tonemapper.Quality:5]]
[2021.02.16-11.14.14:561][  0]LogConfig: Setting CVar [[r.DOF.Gather.AccumulatorQuality:1        ; higher gathering accumulator quality]]
[2021.02.16-11.14.14:561][  0]LogConfig: Setting CVar [[r.DOF.Gather.PostfilterMethod:1          ; Median3x3 postfilering method]]
[2021.02.16-11.14.14:562][  0]LogConfig: Setting CVar [[r.DOF.Gather.EnableBokehSettings:0       ; no bokeh simulation when gathering]]
[2021.02.16-11.14.14:562][  0]LogConfig: Setting CVar [[r.DOF.Gather.RingCount:4                 ; medium number of samples when gathering]]
[2021.02.16-11.14.14:562][  0]LogConfig: Setting CVar [[r.DOF.Scatter.ForegroundCompositing:1    ; additive foreground scattering]]
[2021.02.16-11.14.14:562][  0]LogConfig: Setting CVar [[r.DOF.Scatter.BackgroundCompositing:2    ; additive background scattering]]
[2021.02.16-11.14.14:562][  0]LogConfig: Setting CVar [[r.DOF.Scatter.EnableBokehSettings:1      ; bokeh simulation when scattering]]
[2021.02.16-11.14.14:562][  0]LogConfig: Setting CVar [[r.DOF.Scatter.MaxSpriteRatio:0.1         ; only a maximum of 10% of scattered bokeh]]
[2021.02.16-11.14.14:562][  0]LogConfig: Setting CVar [[r.DOF.Recombine.Quality:1                ; cheap slight out of focus]]
[2021.02.16-11.14.14:562][  0]LogConfig: Setting CVar [[r.DOF.Recombine.EnableBokehSettings:0    ; no bokeh simulation on slight out of focus]]
[2021.02.16-11.14.14:562][  0]LogConfig: Setting CVar [[r.DOF.TemporalAAQuality:1                ; more stable temporal accumulation]]
[2021.02.16-11.14.14:562][  0]LogConfig: Setting CVar [[r.DOF.Kernel.MaxForegroundRadius:0.025]]
[2021.02.16-11.14.14:562][  0]LogConfig: Setting CVar [[r.DOF.Kernel.MaxBackgroundRadius:0.025]]
[2021.02.16-11.14.14:562][  0]LogConfig: Applying CVar settings from Section [TextureQuality@3] File [C:/Users/Morgan/Desktop/UnrealAI/UnrealAI/Saved/Config/Windows/Scalability.ini]
[2021.02.16-11.14.14:562][  0]LogConfig: Setting CVar [[r.Streaming.MipBias:0]]
[2021.02.16-11.14.14:562][  0]LogConfig: Setting CVar [[r.Streaming.AmortizeCPUToGPUCopy:0]]
[2021.02.16-11.14.14:562][  0]LogConfig: Setting CVar [[r.Streaming.MaxNumTexturesToStreamPerFrame:0]]
[2021.02.16-11.14.14:562][  0]LogConfig: Setting CVar [[r.Streaming.Boost:1]]
[2021.02.16-11.14.14:562][  0]LogConfig: Setting CVar [[r.MaxAnisotropy:8]]
[2021.02.16-11.14.14:562][  0]LogConfig: Setting CVar [[r.VT.MaxAnisotropy:8]]
[2021.02.16-11.14.14:562][  0]LogConfig: Setting CVar [[r.Streaming.LimitPoolSizeToVRAM:0]]
[2021.02.16-11.14.14:562][  0]LogConfig: Setting CVar [[r.Streaming.PoolSize:1000]]
[2021.02.16-11.14.14:563][  0]LogConfig: Setting CVar [[r.Streaming.MaxEffectiveScreenSize:0]]
[2021.02.16-11.14.14:563][  0]LogConfig: Applying CVar settings from Section [EffectsQuality@3] File [C:/Users/Morgan/Desktop/UnrealAI/UnrealAI/Saved/Config/Windows/Scalability.ini]
[2021.02.16-11.14.14:563][  0]LogConfig: Setting CVar [[r.TranslucencyLightingVolumeDim:64]]
[2021.02.16-11.14.14:563][  0]LogConfig: Setting CVar [[r.RefractionQuality:2]]
[2021.02.16-11.14.14:563][  0]LogConfig: Setting CVar [[r.SSR.Quality:3]]
[2021.02.16-11.14.14:563][  0]LogConfig: Setting CVar [[r.SSR.HalfResSceneColor:0]]
[2021.02.16-11.14.14:563][  0]LogConfig: Setting CVar [[r.SceneColorFormat:4]]
[2021.02.16-11.14.14:563][  0]LogConfig: Setting CVar [[r.DetailMode:2]]
[2021.02.16-11.14.14:563][  0]LogConfig: Setting CVar [[r.TranslucencyVolumeBlur:1]]
[2021.02.16-11.14.14:563][  0]LogConfig: Setting CVar [[r.MaterialQualityLevel:1 ; High quality]]
[2021.02.16-11.14.14:563][  0]LogConfig: Setting CVar [[r.SSS.Scale:1]]
[2021.02.16-11.14.14:563][  0]LogConfig: Setting CVar [[r.SSS.SampleSet:2]]
[2021.02.16-11.14.14:563][  0]LogConfig: Setting CVar [[r.SSS.Quality:1]]
[2021.02.16-11.14.14:563][  0]LogConfig: Setting CVar [[r.SSS.HalfRes:0]]
[2021.02.16-11.14.14:563][  0]LogConfig: Setting CVar [[r.SSGI.Quality:3]]
[2021.02.16-11.14.14:563][  0]LogConfig: Setting CVar [[r.EmitterSpawnRateScale:1.0]]
[2021.02.16-11.14.14:563][  0]LogConfig: Setting CVar [[r.ParticleLightQuality:2]]
[2021.02.16-11.14.14:563][  0]LogConfig: Setting CVar [[r.SkyAtmosphere.AerialPerspectiveLUT.FastApplyOnOpaque:1 ; Always have FastSkyLUT 1 in this case to avoid wrong sky]]
[2021.02.16-11.14.14:563][  0]LogConfig: Setting CVar [[r.SkyAtmosphere.AerialPerspectiveLUT.SampleCountPerSlice:1]]
[2021.02.16-11.14.14:563][  0]LogConfig: Setting CVar [[r.SkyAtmosphere.AerialPerspectiveLUT.DepthResolution:16.0]]
[2021.02.16-11.14.14:563][  0]LogConfig: Setting CVar [[r.SkyAtmosphere.FastSkyLUT:1]]
[2021.02.16-11.14.14:564][  0]LogConfig: Setting CVar [[r.SkyAtmosphere.FastSkyLUT.SampleCountMin:4.0]]
[2021.02.16-11.14.14:564][  0]LogConfig: Setting CVar [[r.SkyAtmosphere.FastSkyLUT.SampleCountMax:32.0]]
[2021.02.16-11.14.14:564][  0]LogConfig: Setting CVar [[r.SkyAtmosphere.SampleCountMin:4.0]]
[2021.02.16-11.14.14:564][  0]LogConfig: Setting CVar [[r.SkyAtmosphere.SampleCountMax:32.0]]
[2021.02.16-11.14.14:564][  0]LogConfig: Setting CVar [[r.SkyAtmosphere.TransmittanceLUT.UseSmallFormat:0]]
[2021.02.16-11.14.14:564][  0]LogConfig: Setting CVar [[r.SkyAtmosphere.TransmittanceLUT.SampleCount:10.0]]
[2021.02.16-11.14.14:564][  0]LogConfig: Setting CVar [[r.SkyAtmosphere.MultiScatteringLUT.SampleCount:15.0]]
[2021.02.16-11.14.14:564][  0]LogConfig: Applying CVar settings from Section [FoliageQuality@3] File [C:/Users/Morgan/Desktop/UnrealAI/UnrealAI/Saved/Config/Windows/Scalability.ini]
[2021.02.16-11.14.14:564][  0]LogConfig: Setting CVar [[foliage.DensityScale:1.0]]
[2021.02.16-11.14.14:564][  0]LogConfig: Setting CVar [[grass.DensityScale:1.0]]
[2021.02.16-11.14.14:564][  0]LogConfig: Applying CVar settings from Section [ShadingQuality@3] File [C:/Users/Morgan/Desktop/UnrealAI/UnrealAI/Saved/Config/Windows/Scalability.ini]
[2021.02.16-11.14.14:564][  0]LogConfig: Setting CVar [[r.HairStrands.SkyLighting.SampleCount:16]]
[2021.02.16-11.14.14:564][  0]LogConfig: Setting CVar [[r.HairStrands.SkyLighting.JitterIntegration:0]]
[2021.02.16-11.14.14:564][  0]LogConfig: Setting CVar [[r.HairStrands.SkyAO.SampleCount:16]]
[2021.02.16-11.14.14:564][  0]LogConfig: Setting CVar [[r.HairStrands.DeepShadow.SuperSampling:0]]
[2021.02.16-11.14.14:564][  0]LogConfig: Setting CVar [[r.HairStrands.VisibilityPPLL:0]]
[2021.02.16-11.14.14:564][  0]LogConfig: Setting CVar [[r.HairStrands.RasterizationScale:0.5]]
[2021.02.16-11.14.14:564][  0]LogConfig: Setting CVar [[r.HairStrands.VelocityRasterizationScale:1]]
[2021.02.16-11.14.14:564][  0]LogInit: Selected Device Profile: [Windows]
[2021.02.16-11.14.14:565][  0]LogInit: Applying CVar settings loaded from the selected device profile: [Windows]
[2021.02.16-11.14.14:565][  0]LogHAL: Display: Platform has ~ 32 GB [34252365824 / 34359738368 / 32], which maps to Largest [LargestMinGB=32, LargerMinGB=12, DefaultMinGB=8, SmallerMinGB=6, SmallestMinGB=0)
[2021.02.16-11.14.14:565][  0]LogInit: Going up to parent DeviceProfile []
[2021.02.16-11.14.14:565][  0]LogConfig: Applying CVar settings from Section [ViewDistanceQuality@3] File [C:/Users/Morgan/Desktop/UnrealAI/UnrealAI/Saved/Config/Windows/Scalability.ini]
[2021.02.16-11.14.14:565][  0]LogConfig: Setting CVar [[r.SkeletalMeshLODBias:0]]
[2021.02.16-11.14.14:565][  0]LogConfig: Setting CVar [[r.ViewDistanceScale:1.0]]
[2021.02.16-11.14.14:565][  0]LogConfig: Applying CVar settings from Section [AntiAliasingQuality@3] File [C:/Users/Morgan/Desktop/UnrealAI/UnrealAI/Saved/Config/Windows/Scalability.ini]
[2021.02.16-11.14.14:565][  0]LogConfig: Setting CVar [[r.PostProcessAAQuality:4]]
[2021.02.16-11.14.14:565][  0]LogConfig: Applying CVar settings from Section [ShadowQuality@3] File [C:/Users/Morgan/Desktop/UnrealAI/UnrealAI/Saved/Config/Windows/Scalability.ini]
[2021.02.16-11.14.14:565][  0]LogConfig: Setting CVar [[r.LightFunctionQuality:1]]
[2021.02.16-11.14.14:565][  0]LogConfig: Setting CVar [[r.ShadowQuality:5]]
[2021.02.16-11.14.14:565][  0]LogConfig: Setting CVar [[r.Shadow.CSM.MaxCascades:10]]
[2021.02.16-11.14.14:565][  0]LogConfig: Setting CVar [[r.Shadow.MaxResolution:2048]]
[2021.02.16-11.14.14:565][  0]LogConfig: Setting CVar [[r.Shadow.MaxCSMResolution:2048]]
[2021.02.16-11.14.14:565][  0]LogConfig: Setting CVar [[r.Shadow.RadiusThreshold:0.01]]
[2021.02.16-11.14.14:565][  0]LogConfig: Setting CVar [[r.Shadow.DistanceScale:1.0]]
[2021.02.16-11.14.14:565][  0]LogConfig: Setting CVar [[r.Shadow.CSM.TransitionScale:1.0]]
[2021.02.16-11.14.14:565][  0]LogConfig: Setting CVar [[r.Shadow.PreShadowResolutionFactor:1.0]]
[2021.02.16-11.14.14:566][  0]LogConfig: Setting CVar [[r.DistanceFieldShadowing:1]]
[2021.02.16-11.14.14:566][  0]LogConfig: Setting CVar [[r.DistanceFieldAO:1]]
[2021.02.16-11.14.14:566][  0]LogConfig: Setting CVar [[r.AOQuality:2]]
[2021.02.16-11.14.14:566][  0]LogConfig: Setting CVar [[r.VolumetricFog:1]]
[2021.02.16-11.14.14:566][  0]LogConfig: Setting CVar [[r.VolumetricFog.GridPixelSize:8]]
[2021.02.16-11.14.14:566][  0]LogConfig: Setting CVar [[r.VolumetricFog.GridSizeZ:128]]
[2021.02.16-11.14.14:566][  0]LogConfig: Setting CVar [[r.VolumetricFog.HistoryMissSupersampleCount:4]]
[2021.02.16-11.14.14:566][  0]LogConfig: Setting CVar [[r.LightMaxDrawDistanceScale:1]]
[2021.02.16-11.14.14:566][  0]LogConfig: Setting CVar [[r.CapsuleShadows:1]]
[2021.02.16-11.14.14:566][  0]LogConfig: Applying CVar settings from Section [PostProcessQuality@3] File [C:/Users/Morgan/Desktop/UnrealAI/UnrealAI/Saved/Config/Windows/Scalability.ini]
[2021.02.16-11.14.14:566][  0]LogConfig: Setting CVar [[r.MotionBlurQuality:4]]
[2021.02.16-11.14.14:566][  0]LogConfig: Setting CVar [[r.AmbientOcclusionMipLevelFactor:0.4]]
[2021.02.16-11.14.14:566][  0]LogConfig: Setting CVar [[r.AmbientOcclusionMaxQuality:100]]
[2021.02.16-11.14.14:566][  0]LogConfig: Setting CVar [[r.AmbientOcclusionLevels:-1]]
[2021.02.16-11.14.14:566][  0]LogConfig: Setting CVar [[r.AmbientOcclusionRadiusScale:1.0]]
[2021.02.16-11.14.14:566][  0]LogConfig: Setting CVar [[r.DepthOfFieldQuality:2]]
[2021.02.16-11.14.14:566][  0]LogConfig: Setting CVar [[r.RenderTargetPoolMin:400]]
[2021.02.16-11.14.14:566][  0]LogConfig: Setting CVar [[r.LensFlareQuality:2]]
[2021.02.16-11.14.14:566][  0]LogConfig: Setting CVar [[r.SceneColorFringeQuality:1]]
[2021.02.16-11.14.14:566][  0]LogConfig: Setting CVar [[r.EyeAdaptationQuality:2]]
[2021.02.16-11.14.14:566][  0]LogConfig: Setting CVar [[r.BloomQuality:5]]
[2021.02.16-11.14.14:567][  0]LogConfig: Setting CVar [[r.FastBlurThreshold:100]]
[2021.02.16-11.14.14:567][  0]LogConfig: Setting CVar [[r.Upscale.Quality:3]]
[2021.02.16-11.14.14:567][  0]LogConfig: Setting CVar [[r.Tonemapper.GrainQuantization:1]]
[2021.02.16-11.14.14:567][  0]LogConfig: Setting CVar [[r.LightShaftQuality:1]]
[2021.02.16-11.14.14:567][  0]LogConfig: Setting CVar [[r.Filter.SizeScale:1]]
[2021.02.16-11.14.14:567][  0]LogConfig: Setting CVar [[r.Tonemapper.Quality:5]]
[2021.02.16-11.14.14:567][  0]LogConfig: Setting CVar [[r.DOF.Gather.AccumulatorQuality:1        ; higher gathering accumulator quality]]
[2021.02.16-11.14.14:567][  0]LogConfig: Setting CVar [[r.DOF.Gather.PostfilterMethod:1          ; Median3x3 postfilering method]]
[2021.02.16-11.14.14:567][  0]LogConfig: Setting CVar [[r.DOF.Gather.EnableBokehSettings:0       ; no bokeh simulation when gathering]]
[2021.02.16-11.14.14:567][  0]LogConfig: Setting CVar [[r.DOF.Gather.RingCount:4                 ; medium number of samples when gathering]]
[2021.02.16-11.14.14:567][  0]LogConfig: Setting CVar [[r.DOF.Scatter.ForegroundCompositing:1    ; additive foreground scattering]]
[2021.02.16-11.14.14:567][  0]LogConfig: Setting CVar [[r.DOF.Scatter.BackgroundCompositing:2    ; additive background scattering]]
[2021.02.16-11.14.14:567][  0]LogConfig: Setting CVar [[r.DOF.Scatter.EnableBokehSettings:1      ; bokeh simulation when scattering]]
[2021.02.16-11.14.14:567][  0]LogConfig: Setting CVar [[r.DOF.Scatter.MaxSpriteRatio:0.1         ; only a maximum of 10% of scattered bokeh]]
[2021.02.16-11.14.14:567][  0]LogConfig: Setting CVar [[r.DOF.Recombine.Quality:1                ; cheap slight out of focus]]
[2021.02.16-11.14.14:567][  0]LogConfig: Setting CVar [[r.DOF.Recombine.EnableBokehSettings:0    ; no bokeh simulation on slight out of focus]]
[2021.02.16-11.14.14:567][  0]LogConfig: Setting CVar [[r.DOF.TemporalAAQuality:1                ; more stable temporal accumulation]]
[2021.02.16-11.14.14:567][  0]LogConfig: Setting CVar [[r.DOF.Kernel.MaxForegroundRadius:0.025]]
[2021.02.16-11.14.14:567][  0]LogConfig: Setting CVar [[r.DOF.Kernel.MaxBackgroundRadius:0.025]]
[2021.02.16-11.14.14:567][  0]LogConfig: Applying CVar settings from Section [TextureQuality@3] File [C:/Users/Morgan/Desktop/UnrealAI/UnrealAI/Saved/Config/Windows/Scalability.ini]
[2021.02.16-11.14.14:567][  0]LogConfig: Setting CVar [[r.Streaming.MipBias:0]]
[2021.02.16-11.14.14:568][  0]LogConfig: Setting CVar [[r.Streaming.AmortizeCPUToGPUCopy:0]]
[2021.02.16-11.14.14:568][  0]LogConfig: Setting CVar [[r.Streaming.MaxNumTexturesToStreamPerFrame:0]]
[2021.02.16-11.14.14:568][  0]LogConfig: Setting CVar [[r.Streaming.Boost:1]]
[2021.02.16-11.14.14:568][  0]LogConfig: Setting CVar [[r.MaxAnisotropy:8]]
[2021.02.16-11.14.14:568][  0]LogConfig: Setting CVar [[r.VT.MaxAnisotropy:8]]
[2021.02.16-11.14.14:568][  0]LogConfig: Setting CVar [[r.Streaming.LimitPoolSizeToVRAM:0]]
[2021.02.16-11.14.14:568][  0]LogConfig: Setting CVar [[r.Streaming.PoolSize:1000]]
[2021.02.16-11.14.14:568][  0]LogConfig: Setting CVar [[r.Streaming.MaxEffectiveScreenSize:0]]
[2021.02.16-11.14.14:568][  0]LogConfig: Applying CVar settings from Section [EffectsQuality@3] File [C:/Users/Morgan/Desktop/UnrealAI/UnrealAI/Saved/Config/Windows/Scalability.ini]
[2021.02.16-11.14.14:568][  0]LogConfig: Setting CVar [[r.TranslucencyLightingVolumeDim:64]]
[2021.02.16-11.14.14:568][  0]LogConfig: Setting CVar [[r.RefractionQuality:2]]
[2021.02.16-11.14.14:568][  0]LogConfig: Setting CVar [[r.SSR.Quality:3]]
[2021.02.16-11.14.14:568][  0]LogConfig: Setting CVar [[r.SSR.HalfResSceneColor:0]]
[2021.02.16-11.14.14:568][  0]LogConfig: Setting CVar [[r.SceneColorFormat:4]]
[2021.02.16-11.14.14:568][  0]LogConfig: Setting CVar [[r.DetailMode:2]]
[2021.02.16-11.14.14:568][  0]LogConfig: Setting CVar [[r.TranslucencyVolumeBlur:1]]
[2021.02.16-11.14.14:568][  0]LogConfig: Setting CVar [[r.MaterialQualityLevel:1 ; High quality]]
[2021.02.16-11.14.14:568][  0]LogConfig: Setting CVar [[r.SSS.Scale:1]]
[2021.02.16-11.14.14:568][  0]LogConfig: Setting CVar [[r.SSS.SampleSet:2]]
[2021.02.16-11.14.14:568][  0]LogConfig: Setting CVar [[r.SSS.Quality:1]]
[2021.02.16-11.14.14:568][  0]LogConfig: Setting CVar [[r.SSS.HalfRes:0]]
[2021.02.16-11.14.14:569][  0]LogConfig: Setting CVar [[r.SSGI.Quality:3]]
[2021.02.16-11.14.14:569][  0]LogConfig: Setting CVar [[r.EmitterSpawnRateScale:1.0]]
[2021.02.16-11.14.14:569][  0]LogConfig: Setting CVar [[r.ParticleLightQuality:2]]
[2021.02.16-11.14.14:569][  0]LogConfig: Setting CVar [[r.SkyAtmosphere.AerialPerspectiveLUT.FastApplyOnOpaque:1 ; Always have FastSkyLUT 1 in this case to avoid wrong sky]]
[2021.02.16-11.14.14:569][  0]LogConfig: Setting CVar [[r.SkyAtmosphere.AerialPerspectiveLUT.SampleCountPerSlice:1]]
[2021.02.16-11.14.14:569][  0]LogConfig: Setting CVar [[r.SkyAtmosphere.AerialPerspectiveLUT.DepthResolution:16.0]]
[2021.02.16-11.14.14:569][  0]LogConfig: Setting CVar [[r.SkyAtmosphere.FastSkyLUT:1]]
[2021.02.16-11.14.14:569][  0]LogConfig: Setting CVar [[r.SkyAtmosphere.FastSkyLUT.SampleCountMin:4.0]]
[2021.02.16-11.14.14:569][  0]LogConfig: Setting CVar [[r.SkyAtmosphere.FastSkyLUT.SampleCountMax:32.0]]
[2021.02.16-11.14.14:569][  0]LogConfig: Setting CVar [[r.SkyAtmosphere.SampleCountMin:4.0]]
[2021.02.16-11.14.14:569][  0]LogConfig: Setting CVar [[r.SkyAtmosphere.SampleCountMax:32.0]]
[2021.02.16-11.14.14:569][  0]LogConfig: Setting CVar [[r.SkyAtmosphere.TransmittanceLUT.UseSmallFormat:0]]
[2021.02.16-11.14.14:569][  0]LogConfig: Setting CVar [[r.SkyAtmosphere.TransmittanceLUT.SampleCount:10.0]]
[2021.02.16-11.14.14:569][  0]LogConfig: Setting CVar [[r.SkyAtmosphere.MultiScatteringLUT.SampleCount:15.0]]
[2021.02.16-11.14.14:569][  0]LogConfig: Applying CVar settings from Section [FoliageQuality@3] File [C:/Users/Morgan/Desktop/UnrealAI/UnrealAI/Saved/Config/Windows/Scalability.ini]
[2021.02.16-11.14.14:569][  0]LogConfig: Setting CVar [[foliage.DensityScale:1.0]]
[2021.02.16-11.14.14:569][  0]LogConfig: Setting CVar [[grass.DensityScale:1.0]]
[2021.02.16-11.14.14:569][  0]LogConfig: Applying CVar settings from Section [ShadingQuality@3] File [C:/Users/Morgan/Desktop/UnrealAI/UnrealAI/Saved/Config/Windows/Scalability.ini]
[2021.02.16-11.14.14:569][  0]LogConfig: Setting CVar [[r.HairStrands.SkyLighting.SampleCount:16]]
[2021.02.16-11.14.14:569][  0]LogConfig: Setting CVar [[r.HairStrands.SkyLighting.JitterIntegration:0]]
[2021.02.16-11.14.14:569][  0]LogConfig: Setting CVar [[r.HairStrands.SkyAO.SampleCount:16]]
[2021.02.16-11.14.14:569][  0]LogConfig: Setting CVar [[r.HairStrands.DeepShadow.SuperSampling:0]]
[2021.02.16-11.14.14:569][  0]LogConfig: Setting CVar [[r.HairStrands.VisibilityPPLL:0]]
[2021.02.16-11.14.14:570][  0]LogConfig: Setting CVar [[r.HairStrands.RasterizationScale:0.5]]
[2021.02.16-11.14.14:570][  0]LogConfig: Setting CVar [[r.HairStrands.VelocityRasterizationScale:1]]
[2021.02.16-11.14.14:570][  0]LogConfig: Applying CVar settings from Section [Startup] File [../../../Engine/Config/ConsoleVariables.ini]
[2021.02.16-11.14.14:570][  0]LogConfig: Setting CVar [[net.UseAdaptiveNetUpdateFrequency:0]]
[2021.02.16-11.14.14:570][  0]LogConfig: Setting CVar [[p.chaos.AllowCreatePhysxBodies:1]]
[2021.02.16-11.14.14:570][  0]LogConfig: Setting CVar [[fx.SkipVectorVMBackendOptimizations:1]]
[2021.02.16-11.14.14:570][  0]LogConfig: Applying CVar settings from Section [ConsoleVariables] File [C:/Users/Morgan/Desktop/UnrealAI/UnrealAI/Saved/Config/Windows/Engine.ini]
[2021.02.16-11.14.14:570][  0]LogInit: Computer: DESKTOP-A1LV5LA
[2021.02.16-11.14.14:570][  0]LogInit: User: Morgan
[2021.02.16-11.14.14:570][  0]LogInit: CPU Page size=4096, Cores=10
[2021.02.16-11.14.14:570][  0]LogInit: High frequency timer resolution =10.000000 MHz
[2021.02.16-11.14.14:570][  0]LogMemory: Memory total: Physical=31.9GB (32GB approx)
[2021.02.16-11.14.14:571][  0]LogMemory: Platform Memory Stats for Windows
[2021.02.16-11.14.14:571][  0]LogMemory: Process Physical Memory: 118.25 MB used, 118.25 MB peak
[2021.02.16-11.14.14:571][  0]LogMemory: Process Virtual Memory: 106.93 MB used, 106.93 MB peak
[2021.02.16-11.14.14:571][  0]LogMemory: Physical Memory: 10713.82 MB used,  21951.78 MB free, 32665.60 MB total
[2021.02.16-11.14.14:571][  0]LogMemory: Virtual Memory: 5217.39 MB used,  134212512.00 MB free, 134217728.00 MB total
[2021.02.16-11.14.14:580][  0]LogWindows: WindowsPlatformFeatures enabled
[2021.02.16-11.14.14:992][  0]LogInit: Physics initialised using underlying interface: PhysX
[2021.02.16-11.14.14:993][  0]LogInit: Using OS detected language (en-GB).
[2021.02.16-11.14.14:994][  0]LogInit: Using OS detected locale (en-GB).
[2021.02.16-11.14.15:007][  0]LogTextLocalizationManager: No specific localization for 'en-GB' exists, so the 'en' localization will be used.
[2021.02.16-11.14.15:269][  0]LogInit: Setting process to per monitor DPI aware
[2021.02.16-11.14.15:331][  0]LogSlate: New Slate User Created.  User Index 0, Is Virtual User: 0
[2021.02.16-11.14.15:331][  0]LogSlate: Slate User Registered.  User Index 0, Is Virtual User: 0
[2021.02.16-11.14.16:190][  0]LogHMD: Failed to initialize OpenVR with code 110
[2021.02.16-11.14.16:190][  0]LogD3D11RHI: D3D11 min allowed feature level: 11_0
[2021.02.16-11.14.16:190][  0]LogD3D11RHI: D3D11 max allowed feature level: 11_0
[2021.02.16-11.14.16:190][  0]LogD3D11RHI: D3D11 adapters:
[2021.02.16-11.14.16:312][  0]LogD3D11RHI:    0. 'NVIDIA GeForce RTX 3090' (Feature Level 11_0)
[2021.02.16-11.14.16:312][  0]LogD3D11RHI:       24348/0/16332 MB DedicatedVideo/DedicatedSystem/SharedSystem, Outputs:2, VendorId:0x10de
[2021.02.16-11.14.16:318][  0]LogD3D11RHI:    1. 'Microsoft Basic Render Driver' (Feature Level 11_0)
[2021.02.16-11.14.16:318][  0]LogD3D11RHI:       0/0/16332 MB DedicatedVideo/DedicatedSystem/SharedSystem, Outputs:0, VendorId:0x1414
[2021.02.16-11.14.16:318][  0]LogD3D11RHI: Chosen D3D11 Adapter: 0
[2021.02.16-11.14.16:325][  0]LogD3D11RHI: Creating new Direct3DDevice
[2021.02.16-11.14.16:325][  0]LogD3D11RHI:     GPU DeviceId: 0x2204 (for the marketing name, search the web for "GPU Device Id")
[2021.02.16-11.14.16:325][  0]LogWindows: EnumDisplayDevices:
[2021.02.16-11.14.16:325][  0]LogWindows:    0. 'NVIDIA GeForce RTX 3090' (P:1 D:1)
[2021.02.16-11.14.16:325][  0]LogWindows:    1. 'NVIDIA GeForce RTX 3090' (P:0 D:1)
[2021.02.16-11.14.16:326][  0]LogWindows:    2. 'NVIDIA GeForce RTX 3090' (P:0 D:0)
[2021.02.16-11.14.16:326][  0]LogWindows:    3. 'NVIDIA GeForce RTX 3090' (P:0 D:0)
[2021.02.16-11.14.16:326][  0]LogWindows: DebugString: FoundDriverCount:4 
[2021.02.16-11.14.16:326][  0]LogD3D11RHI:     Adapter Name: NVIDIA GeForce RTX 3090
[2021.02.16-11.14.16:326][  0]LogD3D11RHI:   Driver Version: 460.89 (internal:27.21.14.6089, unified:460.89)
[2021.02.16-11.14.16:326][  0]LogD3D11RHI:      Driver Date: 12-11-2020
[2021.02.16-11.14.16:327][  0]LogRHI: Texture pool is 17043 MB (70% of 24348 MB)
[2021.02.16-11.14.16:418][  0]LogD3D11RHI: RHI has support for 64 bit atomics
[2021.02.16-11.14.16:419][  0]LogD3D11RHI: Async texture creation enabled
[2021.02.16-11.14.16:419][  0]LogD3D11RHI: Array index from any shader is supported
[2021.02.16-11.14.16:437][  0]LogD3D11RHI: GPU Timing Frequency: 1000.000000 (Debug: 2 1)
[2021.02.16-11.14.16:732][  0]LogTargetPlatformManager: Display: Loaded TargetPlatform 'AllDesktop'
[2021.02.16-11.14.16:764][  0]LogTargetPlatformManager: Display: Loaded TargetPlatform 'Android'
[2021.02.16-11.14.16:764][  0]LogTargetPlatformManager: Display: Loaded TargetPlatform 'Android_ASTC'
[2021.02.16-11.14.16:764][  0]LogTargetPlatformManager: Display: Loaded TargetPlatform 'Android_DXT'
[2021.02.16-11.14.16:764][  0]LogTargetPlatformManager: Display: Loaded TargetPlatform 'Android_ETC2'
[2021.02.16-11.14.16:764][  0]LogTargetPlatformManager: Display: Loaded TargetPlatform 'AndroidClient'
[2021.02.16-11.14.16:764][  0]LogTargetPlatformManager: Display: Loaded TargetPlatform 'Android_ASTCClient'
[2021.02.16-11.14.16:765][  0]LogTargetPlatformManager: Display: Loaded TargetPlatform 'Android_DXTClient'
[2021.02.16-11.14.16:765][  0]LogTargetPlatformManager: Display: Loaded TargetPlatform 'Android_ETC2Client'
[2021.02.16-11.14.16:765][  0]LogTargetPlatformManager: Display: Loaded TargetPlatform 'Android_Multi'
[2021.02.16-11.14.16:765][  0]LogTargetPlatformManager: Display: Loaded TargetPlatform 'Android_MultiClient'
[2021.02.16-11.14.16:824][  0]LogTargetPlatformManager: Display: Loaded TargetPlatform 'IOSClient'
[2021.02.16-11.14.16:824][  0]LogTargetPlatformManager: Display: Loaded TargetPlatform 'IOS'
[2021.02.16-11.14.16:849][  0]LogTargetPlatformManager: Display: Loaded TargetPlatform 'Linux'
[2021.02.16-11.14.16:867][  0]LogTargetPlatformManager: Display: Loaded TargetPlatform 'LinuxNoEditor'
[2021.02.16-11.14.16:886][  0]LogTargetPlatformManager: Display: Loaded TargetPlatform 'LinuxClient'
[2021.02.16-11.14.16:906][  0]LogTargetPlatformManager: Display: Loaded TargetPlatform 'LinuxServer'
[2021.02.16-11.14.16:925][  0]LogTargetPlatformManager: Display: Loaded TargetPlatform 'LinuxAArch64NoEditor'
[2021.02.16-11.14.16:944][  0]LogTargetPlatformManager: Display: Loaded TargetPlatform 'LinuxAArch64Client'
[2021.02.16-11.14.16:963][  0]LogTargetPlatformManager: Display: Loaded TargetPlatform 'LinuxAArch64Server'
[2021.02.16-11.14.17:003][  0]LogTargetPlatformManager: Display: Loaded TargetPlatform 'Lumin'
[2021.02.16-11.14.17:003][  0]LogTargetPlatformManager: Display: Loaded TargetPlatform 'LuminClient'
[2021.02.16-11.14.17:029][  0]LogTargetPlatformManager: Display: Loaded TargetPlatform 'TVOSClient'
[2021.02.16-11.14.17:029][  0]LogTargetPlatformManager: Display: Loaded TargetPlatform 'TVOS'
[2021.02.16-11.14.17:048][  0]LogTargetPlatformManager: Display: Loaded TargetPlatform 'WindowsNoEditor'
[2021.02.16-11.14.17:069][  0]LogTargetPlatformManager: Display: Loaded TargetPlatform 'Windows'
[2021.02.16-11.14.17:089][  0]LogTargetPlatformManager: Display: Loaded TargetPlatform 'WindowsClient'
[2021.02.16-11.14.17:108][  0]LogTargetPlatformManager: Display: Loaded TargetPlatform 'WindowsServer'
[2021.02.16-11.14.17:109][  0]LogTargetPlatformManager: Display: Building Assets For Windows
[2021.02.16-11.14.17:142][  0]LogAudioDebug: Display: Lib vorbis DLL was dynamically loaded.
[2021.02.16-11.14.17:414][  0]LogShaderCompilers: Guid format shader working directory is -9 characters bigger than the processId version (../../../../../../Users/Morgan/Desktop/UnrealAI/UnrealAI/Intermediate/Shaders/WorkingDirectory/2080/).
[2021.02.16-11.14.17:414][  0]LogShaderCompilers: Cleaned the shader compiler working directory 'C:/Users/Morgan/AppData/Local/Temp/UnrealShaderWorkingDir/4472D1C348822E7D6ADC06AD717DDA11/'.
[2021.02.16-11.14.17:415][  0]LogXGEController: Cleaning working directory: C:/Users/Morgan/AppData/Local/Temp/UnrealXGEWorkingDir/
[2021.02.16-11.14.17:415][  0]LogXGEController: Cannot use XGE Controller as Incredibuild is not installed on this machine.
[2021.02.16-11.14.17:415][  0]LogShaderCompilers: Cannot use XGE Shader Compiler as Incredibuild is not installed on this machine.
[2021.02.16-11.14.17:415][  0]LogShaderCompilers: Display: Using Local Shader Compiler.
[2021.02.16-11.14.18:880][  0]LogDerivedDataCache: Display: Max Cache Size: 512 MB
[2021.02.16-11.14.18:948][  0]LogDerivedDataCache: Loaded boot cache 0.07s 79MB C:/Users/Morgan/AppData/Local/UnrealEngine/4.25/DerivedDataCache/Boot.ddc.
[2021.02.16-11.14.18:948][  0]LogDerivedDataCache: Display: Loaded Boot cache: C:/Users/Morgan/AppData/Local/UnrealEngine/4.25/DerivedDataCache/Boot.ddc
[2021.02.16-11.14.18:948][  0]LogDerivedDataCache: FDerivedDataBackendGraph:  Pak pak cache file ../../../../../../Users/Morgan/Desktop/UnrealAI/UnrealAI/DerivedDataCache/DDC.ddp not found, will not use a pak cache.
[2021.02.16-11.14.18:948][  0]LogDerivedDataCache: Unable to find inner node Pak for hierarchical cache Hierarchy.
[2021.02.16-11.14.18:948][  0]LogDerivedDataCache: FDerivedDataBackendGraph:  CompressedPak pak cache file ../../../../../../Users/Morgan/Desktop/UnrealAI/UnrealAI/DerivedDataCache/Compressed.ddp not found, will not use a pak cache.
[2021.02.16-11.14.18:949][  0]LogDerivedDataCache: Unable to find inner node CompressedPak for hierarchical cache Hierarchy.
[2021.02.16-11.14.18:961][  0]LogDerivedDataCache: Display: Pak cache opened for reading ../../../Engine/DerivedDataCache/Compressed.ddp.
[2021.02.16-11.14.18:961][  0]LogDerivedDataCache: FDerivedDataBackendGraph:  EnterprisePak pak cache file ../../../Enterprise/DerivedDataCache/Compressed.ddp not found, will not use a pak cache.
[2021.02.16-11.14.18:962][  0]LogDerivedDataCache: Unable to find inner node EnterprisePak for hierarchical cache Hierarchy.
[2021.02.16-11.14.18:964][  0]LogDerivedDataCache: Using Local data cache path C:/Users/Morgan/AppData/Local/UnrealEngine/Common/DerivedDataCache: Writable
[2021.02.16-11.14.18:964][  0]LogDerivedDataCache: Shared data cache path not found in *engine.ini, will not use an Shared cache.
[2021.02.16-11.14.18:964][  0]LogDerivedDataCache: Unable to find inner node Shared for hierarchical cache Hierarchy.
[2021.02.16-11.14.19:012][  0]LogSlate: Using FreeType 2.10.0
[2021.02.16-11.14.19:016][  0]LogSlate: SlateFontServices - WITH_FREETYPE: 1, WITH_HARFBUZZ: 1
[2021.02.16-11.14.19:056][  0]LogAssetRegistry: FAssetRegistry took 0.0037 seconds to start up
[2021.02.16-11.14.19:276][  0]LogInit: Selected Device Profile: [Windows]
[2021.02.16-11.14.19:545][  0]LogMeshReduction: Using QuadricMeshReduction for automatic static mesh reduction
[2021.02.16-11.14.19:545][  0]LogMeshReduction: Using SimplygonMeshReduction for automatic skeletal mesh reduction
[2021.02.16-11.14.19:545][  0]LogMeshReduction: Using ProxyLODMeshReduction for automatic mesh merging
[2021.02.16-11.14.19:545][  0]LogMeshReduction: No distributed automatic mesh merging module available
[2021.02.16-11.14.19:545][  0]LogMeshMerging: No distributed automatic mesh merging module available
[2021.02.16-11.14.19:583][  0]LogNetVersion: UnrealAI 1.0.0, NetCL: 13144385, EngineNetVer: 14, GameNetVer: 0 (Checksum: 2221238871)
[2021.02.16-11.14.20:215][  0]LogAISub: UAISubsystem::UAISubsystem AISubsystem (00000179682E9D00), frame # 0
[2021.02.16-11.14.20:215][  0]LogAISub: UAISubsystem::UAISubsystem AIPerceptionSystem (0000017968236AC0), frame # 0
[2021.02.16-11.14.20:216][  0]LogAISub: UAISubsystem::UAISubsystem EnvQueryManager (0000017968281E00), frame # 0
[2021.02.16-11.14.20:273][  0]LogPackageLocalizationCache: Processed 20 localized package path(s) for 1 prioritized culture(s) in 0.048633 seconds
[2021.02.16-11.14.20:277][  0]LogUObjectArray: 15917 objects as part of root set at end of initial load.
[2021.02.16-11.14.20:277][  0]LogUObjectAllocator: 3965568 out of 0 bytes used by permanent object pool.
[2021.02.16-11.14.20:277][  0]LogUObjectArray: CloseDisregardForGC: 0/0 objects in disregard for GC pool
[2021.02.16-11.14.21:640][  0]LogTcpMessaging: Initializing TcpMessaging bridge
[2021.02.16-11.14.21:657][  0]LogUdpMessaging: Initializing bridge on interface 0.0.0.0:0 to multicast group 230.0.0.1:6666.
[2021.02.16-11.14.22:173][  0]SourceControl: Source control is disabled
[2021.02.16-11.14.22:174][  0]SourceControl: Source control is disabled
[2021.02.16-11.14.22:195][  0]SourceControl: Source control is disabled
[2021.02.16-11.14.22:212][  0]SourceControl: Source control is disabled
[2021.02.16-11.14.22:241][  0]SourceControl: Source control is disabled
[2021.02.16-11.14.23:301][  0]LogAndroidPermission: UAndroidPermissionCallbackProxy::GetInstance
[2021.02.16-11.14.23:384][  0]LogAudioCaptureCore: Display: No Audio Capture implementations found. Audio input will be silent.
[2021.02.16-11.14.23:384][  0]LogAudioCaptureCore: Display: No Audio Capture implementations found. Audio input will be silent.
[2021.02.16-11.14.23:541][  0]LogOcInput: OculusInput pre-init called
[2021.02.16-11.14.23:578][  0]LogWindows: Failed to load 'OVRPlugin.dll' (GetLastError=126)
[2021.02.16-11.14.23:578][  0]LogWindows: File 'OVRPlugin.dll' does not exist
[2021.02.16-11.14.23:965][  0]LogEngine: Initializing Engine...
[2021.02.16-11.14.23:967][  0]LogHMD: Failed to initialize OpenVR with code 110
[2021.02.16-11.14.23:967][  0]LogMagicLeap: Warning: VR disabled because ZI is not enabled.  To enable, in the editor, Edit -> Project Settings -> Plugins -> Magic Leap Plugin -> Enable Zero Iteration
[2021.02.16-11.14.23:968][  0]LogStats: UGameplayTagsManager::InitializeManager -  0.000 s
[2021.02.16-11.14.24:129][  0]LogInit: Initializing FReadOnlyCVARCache
[2021.02.16-11.14.24:160][  0]LogAIModule: Creating AISystem for world Untitled
[2021.02.16-11.14.24:160][  0]LogAISub: UAISubsystem::UAISubsystem EnvQueryManager (000001796FFB1200), frame # 0
[2021.02.16-11.14.24:161][  0]LogAISub: UAISubsystem::UAISubsystem AIPerceptionSystem (000001796FFC2480), frame # 0
[2021.02.16-11.14.24:176][  0]LogAudioMixer: Display: Audio Mixer Platform Settings:
[2021.02.16-11.14.24:176][  0]LogAudioMixer: Display: 	Sample Rate:						  48000
[2021.02.16-11.14.24:176][  0]LogAudioMixer: Display: 	Callback Buffer Frame Size Requested: 1024
[2021.02.16-11.14.24:176][  0]LogAudioMixer: Display: 	Callback Buffer Frame Size To Use:	  1024
[2021.02.16-11.14.24:176][  0]LogAudioMixer: Display: 	Number of buffers to queue:			  2
[2021.02.16-11.14.24:176][  0]LogAudioMixer: Display: 	Max Channels (voices):				  32
[2021.02.16-11.14.24:176][  0]LogAudioMixer: Display: 	Number of Async Source Workers:		  0
[2021.02.16-11.14.24:176][  0]LogAudio: Display: AudioDevice MaxSources: 32
[2021.02.16-11.14.24:177][  0]LogAudio: Display: Using built-in audio occlusion.
[2021.02.16-11.14.24:177][  0]LogAudioMixer: Display: Initializing audio mixer.
[2021.02.16-11.14.24:201][  0]LogAudioMixer: Display: 0: FrontLeft
[2021.02.16-11.14.24:201][  0]LogAudioMixer: Display: 1: FrontRight
[2021.02.16-11.14.24:357][  0]LogAudioMixer: Display: Using Audio Device Speakers (Realtek(R) Audio)
[2021.02.16-11.14.24:357][  0]LogAudioMixer: Display: Initializing Sound Submixes...
[2021.02.16-11.14.24:364][  0]LogAudioMixer: Display: Creating Master Submix 'MasterSubmixDefault'
[2021.02.16-11.14.24:365][  0]LogAudioMixer: Display: Creating Master Submix 'MasterReverbSubmixDefault'
[2021.02.16-11.14.24:365][  0]LogAudioMixer: Display: Creating Master Submix 'MasterEQSubmixDefault'
[2021.02.16-11.14.24:367][  0]LogInit: FAudioDevice initialized.
[2021.02.16-11.14.24:367][  0]LogNetVersion: Set ProjectVersion to 1.0.0.0. Version Checksum will be recalculated on next use.
[2021.02.16-11.14.24:405][  0]LogDerivedDataCache: Saved boot cache 0.04s 79MB C:/Users/Morgan/AppData/Local/UnrealEngine/4.25/DerivedDataCache/Boot.ddc.
[2021.02.16-11.14.24:408][  0]LogInit: Texture streaming: Enabled
[2021.02.16-11.14.24:461][  0]LogEngineSessionManager: EngineSessionManager initialized
[2021.02.16-11.14.24:461][  0]LogEditorSessionSummary: Verbose: Initializing EditorSessionSummaryWriter for editor session tracking
[2021.02.16-11.14.24:464][  0]LogEditorSessionSummary: EditorSessionSummaryWriter initialized
[2021.02.16-11.14.24:500][  0]LogInit: Transaction tracking system initialized
[2021.02.16-11.14.24:600][  0]BlueprintLog: New page: Editor Load
[2021.02.16-11.14.24:923][  0]LocalizationService: Localization service is disabled
[2021.02.16-11.14.25:388][  0]LogCook: Display: Max memory allowance for cook 16384mb min free memory 0mb
[2021.02.16-11.14.25:388][  0]LogCook: Display: Mobile HDR setting 1
[2021.02.16-11.14.25:879][  0]LogFileCache: Scanning file cache for directory 'C:/Users/Morgan/Desktop/UnrealAI/UnrealAI/Content/' took 0.01s
[2021.02.16-11.14.26:126][  0]SourceControl: Source control is disabled
[2021.02.16-11.14.26:126][  0]LogUnrealEdMisc: Loading editor; pre map load, took 14.329
[2021.02.16-11.14.26:126][  0]Cmd: MAP LOAD FILE="../../../../../../Users/Morgan/Desktop/UnrealAI/UnrealAI/Content/ThirdPersonCPP/Maps/ThirdPersonExampleMap.umap" TEMPLATE=0 SHOWPROGRESS=1 FEATURELEVEL=3
[2021.02.16-11.14.26:126][  0]LogEditorServer: Warning: Can't find file '../../../../../../Users/Morgan/Desktop/UnrealAI/UnrealAI/Content/ThirdPersonCPP/Maps/ThirdPersonExampleMap.umap'
[2021.02.16-11.14.26:127][  0]Cmd: MAP CHECKDEP NOCLEARLOG
[2021.02.16-11.14.26:127][  0]MapCheck: Map check complete: 0 Error(s), 0 Warning(s), took 0.197ms to complete.
[2021.02.16-11.14.26:127][  0]LogFileHelpers: Loading map 'ThirdPersonExampleMap' took 0.001
[2021.02.16-11.14.26:136][  0]LogUnrealEdMisc: Total Editor Startup Time, took 14.338
[2021.02.16-11.14.26:285][  0]LogSlate: Updating window title bar state: overlay mode, drag disabled, window buttons hidden, title bar hidden
[2021.02.16-11.14.26:291][  0]LogSlate: Updating window title bar state: overlay mode, drag disabled, window buttons hidden, title bar hidden
[2021.02.16-11.14.26:297][  0]LogSlate: Updating window title bar state: overlay mode, drag disabled, window buttons hidden, title bar hidden
[2021.02.16-11.14.26:303][  0]LogSlate: Updating window title bar state: overlay mode, drag disabled, window buttons hidden, title bar hidden
[2021.02.16-11.14.26:323][  0]LogCollectionManager: Loaded 0 collections in 0.001517 seconds
[2021.02.16-11.14.26:340][  0]LogFileCache: Scanning file cache for directory 'C:/Users/Morgan/Desktop/UnrealAI/UnrealAI/Saved/Collections/' took 0.00s
[2021.02.16-11.14.26:340][  0]LogFileCache: Scanning file cache for directory 'C:/Users/Morgan/Desktop/UnrealAI/UnrealAI/Content/Developers/Morgan/Collections/' took 0.00s
[2021.02.16-11.14.26:340][  0]LogFileCache: Scanning file cache for directory 'C:/Users/Morgan/Desktop/UnrealAI/UnrealAI/Content/Collections/' took 0.00s
[2021.02.16-11.14.26:340][  0]LogContentBrowser: Native class hierarchy populated in 0.0084 seconds. Added 3435 classes and 832 folders.
[2021.02.16-11.14.26:343][  0]LogContentBrowser: Native class hierarchy updated for 'WidgetCarousel' in 0.0003 seconds. Added 0 classes and 0 folders.
[2021.02.16-11.14.26:503][  0]LogContentBrowser: Native class hierarchy updated for 'AddContentDialog' in 0.0003 seconds. Added 0 classes and 0 folders.
[2021.02.16-11.14.26:505][  0]LogContentBrowser: Native class hierarchy updated for 'SceneOutliner' in 0.0003 seconds. Added 2 classes and 0 folders.
[2021.02.16-11.14.26:550][  0]LogSlate: Took 0.001841 seconds to synchronously load lazily loaded font '../../../Engine/Content/Slate/Fonts/Roboto-Regular.ttf' (155K)
[2021.02.16-11.14.26:555][  0]LogSlate: Took 0.001384 seconds to synchronously load lazily loaded font '../../../Engine/Content/Editor/Slate/Fonts/FontAwesome.ttf' (139K)
[2021.02.16-11.14.26:622][  0]LogRenderer: Reallocating scene render targets to support 2040x928 Format 10 NumSamples 1 (Frame:1).
[2021.02.16-11.14.26:770][  0]LogContentBrowser: Native class hierarchy updated for 'HierarchicalLODOutliner' in 0.0004 seconds. Added 0 classes and 0 folders.
[2021.02.16-11.14.26:770][  0]LogLoad: (Engine Initialization) Total time: 14.97 seconds
[2021.02.16-11.14.26:770][  0]LogLoad: (Engine Initialization) Total Blueprint compile time: 0.00 seconds
[2021.02.16-11.14.26:804][  0]LogAssetRegistry: Asset discovery search completed in 7.7505 seconds
[2021.02.16-11.14.26:808][  0]LogCollectionManager: Fixed up redirectors for 0 collections in 0.000002 seconds (updated 0 objects)
[2021.02.16-11.14.26:809][  0]LogContentStreaming: Texture pool size now 1000 MB
[2021.02.16-11.14.29:089][134]LogSlate: Took 0.003071 seconds to synchronously load lazily loaded font '../../../Engine/Content/Slate/Fonts/Roboto-Light.ttf' (167K)
[2021.02.16-11.14.29:282][134]LogAssetEditorSubsystem: Opening Asset editor for World /Game/Maps/AI_Fundamentals.AI_Fundamentals
[2021.02.16-11.14.29:296][134]LogUObjectHash: Compacting FUObjectHashTables data took   0.76ms
[2021.02.16-11.14.29:298][134]Cmd: MAP LOAD FILE="../../../../../../Users/Morgan/Desktop/UnrealAI/UnrealAI/Content/Maps/AI_Fundamentals.umap" TEMPLATE=0 SHOWPROGRESS=1 FEATURELEVEL=3
[2021.02.16-11.14.29:298][134]LightingResults: New page: Lighting Build
[2021.02.16-11.14.29:299][134]LogContentBrowser: Native class hierarchy updated for 'StatsViewer' in 0.0004 seconds. Added 6 classes and 0 folders.
[2021.02.16-11.14.29:299][134]LoadErrors: New page: Loading map: AI_Fundamentals.umap
[2021.02.16-11.14.29:300][134]LogWorld: UWorld::CleanupWorld for Untitled, bSessionEnded=true, bCleanupResources=true
[2021.02.16-11.14.29:300][134]LogSlate: InvalidateAllWidgets triggered.  All widgets were invalidated
[2021.02.16-11.14.29:300][134]MapCheck: New page: Map Check
[2021.02.16-11.14.29:300][134]LightingResults: New page: Lighting Build
[2021.02.16-11.14.29:314][134]LogAISub: UAISubsystem::~UAISubsystem EnvQueryManager (000001796FFB1200), frame # 134
[2021.02.16-11.14.29:314][134]LogAISub: UAISubsystem::~UAISubsystem AIPerceptionSystem (000001796FFC2480), frame # 134
[2021.02.16-11.14.29:315][134]LogUObjectHash: Compacting FUObjectHashTables data took   0.61ms
[2021.02.16-11.14.29:324][134]LogEditorServer: Finished looking for orphan Actors (0.000 secs)
[2021.02.16-11.14.29:324][134]LogAIModule: Creating AISystem for world AI_Fundamentals
[2021.02.16-11.14.29:324][134]LogAISub: UAISubsystem::UAISubsystem EnvQueryManager (000001796C63F200), frame # 134
[2021.02.16-11.14.29:324][134]LogAISub: UAISubsystem::UAISubsystem AIPerceptionSystem (000001798527D580), frame # 134
[2021.02.16-11.14.29:343][134]LogUObjectHash: Compacting FUObjectHashTables data took   0.61ms
[2021.02.16-11.14.29:366][134]Cmd: MAP CHECKDEP NOCLEARLOG
[2021.02.16-11.14.29:367][134]MapCheck: Map check complete: 0 Error(s), 0 Warning(s), took 0.175ms to complete.
[2021.02.16-11.14.29:367][134]LogFileHelpers: Loading map 'AI_Fundamentals' took 0.068
[2021.02.16-11.14.37:213][601]LogAssetEditorSubsystem: Opening Asset editor for Blueprint /Game/AI/AI_Fundamentals/AICharacter0.AICharacter0
[2021.02.16-11.14.37:484][601]LogContentBrowser: Native class hierarchy updated for 'BlueprintGraph' in 0.0006 seconds. Added 125 classes and 0 folders.
[2021.02.16-11.14.38:317][601]LogSlate: Took 0.001644 seconds to synchronously load lazily loaded font '../../../Engine/Content/Slate/Fonts/Roboto-BoldCondensed.ttf' (158K)
[2021.02.16-11.14.38:365][602]LogSlate: Took 0.001708 seconds to synchronously load lazily loaded font '../../../Engine/Content/Slate/Fonts/Roboto-Italic.ttf' (157K)
[2021.02.16-11.14.45:164][980]BlueprintLog: New page: Compile AICharacter0
[2021.02.16-11.14.45:214][980]LogUObjectHash: Compacting FUObjectHashTables data took   1.88ms
[2021.02.16-11.14.45:242][980]LogSlate: Took 0.001011 seconds to synchronously load lazily loaded font '../../../Engine/Content/Slate/Fonts/DroidSansMono.ttf' (77K)
[2021.02.16-11.14.46:353][ 47]LogUObjectHash: Compacting FUObjectHashTables data took   1.92ms
[2021.02.16-11.15.00:825][824]LogSavePackage: Moving '../../../../../../Users/Morgan/Desktop/UnrealAI/UnrealAI/Saved/EnemyBaseMaterial_Inst215923E704D9A5A32D71B41AC03E4B7A0.tmp' to '../../../../../../Users/Morgan/Desktop/UnrealAI/UnrealAI/Content/AI/AI_Matierals/EnemyBaseMaterial_Inst2.uasset'
[2021.02.16-11.15.00:836][824]AssetCheck: New page: Asset Save: EnemyBaseMaterial_Inst2
[2021.02.16-11.15.00:836][824]LogContentValidation: Display: Validating MaterialInstanceConstant /Game/AI/AI_Matierals/EnemyBaseMaterial_Inst2.EnemyBaseMaterial_Inst2
[2021.02.16-11.15.01:400][857]LogAssetEditorSubsystem: Opening Asset editor for MaterialInstanceConstant /Game/AI/AI_Matierals/EnemyBaseMaterial_Inst2.EnemyBaseMaterial_Inst2
[2021.02.16-11.15.01:668][857]LogRenderer: Reallocating scene render targets to support 2040x956 Format 10 NumSamples 1 (Frame:1).
[2021.02.16-11.15.17:759][719]LogSlate: Window 'Color Picker' being destroyed
[2021.02.16-11.15.20:070][852]LogUObjectHash: Compacting FUObjectHashTables data took   1.58ms
[2021.02.16-11.15.20:075][852]LogMaterial: Display: Missing cached shader map for material DebugViewMode MaterialTexCoordScale, compiling. 
[2021.02.16-11.15.20:611][852]LogShaderCompilers: Display: Worker (1/17): shaders left to compile 2
[2021.02.16-11.15.20:611][852]LogShaderCompilers: Display: Worker (2/17): shaders left to compile 1
[2021.02.16-11.15.20:634][852]TextureStreamingBuild: Display: Compiling optional shaders took 0.563 seconds.
[2021.02.16-11.15.20:653][852]LogUObjectHash: Compacting FUObjectHashTables data took   0.43ms
[2021.02.16-11.15.20:674][852]LogSavePackage: Moving '../../../../../../Users/Morgan/Desktop/UnrealAI/UnrealAI/Saved/EnemyBaseMaterial_Inst288209BD849F0D7BC13F00F99DB7A5137.tmp' to '../../../../../../Users/Morgan/Desktop/UnrealAI/UnrealAI/Content/AI/AI_Matierals/EnemyBaseMaterial_Inst2.uasset'
[2021.02.16-11.15.20:718][852]AssetCheck: New page: Asset Save: EnemyBaseMaterial_Inst2
[2021.02.16-11.15.20:718][852]LogContentValidation: Display: Validating MaterialInstanceConstant /Game/AI/AI_Matierals/EnemyBaseMaterial_Inst2.EnemyBaseMaterial_Inst2
[2021.02.16-11.15.30:485][375]LogSlate: Window 'Color Picker' being destroyed
[2021.02.16-11.15.33:022][526]LogUObjectHash: Compacting FUObjectHashTables data took   0.42ms
[2021.02.16-11.15.33:098][526]LogUObjectHash: Compacting FUObjectHashTables data took   0.42ms
[2021.02.16-11.15.33:099][526]LogMaterial: Display: Missing cached shader map for material DebugViewMode MaterialTexCoordScale, compiling. 
[2021.02.16-11.15.33:291][526]LogShaderCompilers: Display: Worker (1/17): shaders left to compile 2
[2021.02.16-11.15.33:291][526]LogShaderCompilers: Display: Worker (2/17): shaders left to compile 1
[2021.02.16-11.15.33:292][526]TextureStreamingBuild: Display: Compiling optional shaders took 0.193 seconds.
[2021.02.16-11.15.33:313][526]LogUObjectHash: Compacting FUObjectHashTables data took   0.42ms
[2021.02.16-11.15.33:326][526]LogSavePackage: Moving '../../../../../../Users/Morgan/Desktop/UnrealAI/UnrealAI/Saved/EnemyBaseMaterial_Inst2729337CF490438003D836AA8B9666393.tmp' to '../../../../../../Users/Morgan/Desktop/UnrealAI/UnrealAI/Content/AI/AI_Matierals/EnemyBaseMaterial_Inst2.uasset'
[2021.02.16-11.15.33:337][526]AssetCheck: New page: Asset Save: EnemyBaseMaterial_Inst2
[2021.02.16-11.15.33:337][526]LogContentValidation: Display: Validating MaterialInstanceConstant /Game/AI/AI_Matierals/EnemyBaseMaterial_Inst2.EnemyBaseMaterial_Inst2
[2021.02.16-11.15.33:736][551]LogWorld: UWorld::CleanupWorld for World_3, bSessionEnded=true, bCleanupResources=true
[2021.02.16-11.15.33:736][551]LogSlate: InvalidateAllWidgets triggered.  All widgets were invalidated
[2021.02.16-11.15.45:451][204]LogSlate: Window 'AICharacter0' being destroyed
[2021.02.16-11.15.46:721][278]LogUObjectHash: Compacting FUObjectHashTables data took   1.56ms
[2021.02.16-11.15.46:774][278]Cmd: OBJ SAVEPACKAGE PACKAGE="/Game/AI/AI_Fundamentals/AICharacter0" FILE="../../../../../../Users/Morgan/Desktop/UnrealAI/UnrealAI/Content/AI/AI_Fundamentals/AICharacter0.uasset" SILENT=true
[2021.02.16-11.15.46:794][278]LogSavePackage: Moving '../../../../../../Users/Morgan/Desktop/UnrealAI/UnrealAI/Saved/AICharacter088A6B10542F02F27C84231A64E7C756E.tmp' to '../../../../../../Users/Morgan/Desktop/UnrealAI/UnrealAI/Content/AI/AI_Fundamentals/AICharacter0.uasset'
[2021.02.16-11.15.46:806][278]AssetCheck: New page: Asset Save: AICharacter0
[2021.02.16-11.15.46:806][278]LogContentValidation: Display: Validating Blueprint /Game/AI/AI_Fundamentals/AICharacter0.AICharacter0
[2021.02.16-11.16.45:594][553]LogTabManager: Warning: Cannot spawn tab because no spawner is registered for 'MyBlueprint'
[2021.02.16-11.16.45:594][553]LogSlate: The tab "MyBlueprint" attempted to spawn but failed for some reason. An "unrecognized tab" will be returned instead.
[2021.02.16-11.17.05:581][565]BlueprintLog: New page: Compile AICharacter0
[2021.02.16-11.17.05:621][565]LogUObjectHash: Compacting FUObjectHashTables data took   2.20ms
[2021.02.16-11.17.05:691][565]Cmd: OBJ SAVEPACKAGE PACKAGE="/Game/AI/AI_Fundamentals/AICharacter0" FILE="../../../../../../Users/Morgan/Desktop/UnrealAI/UnrealAI/Content/AI/AI_Fundamentals/AICharacter0.uasset" SILENT=true
[2021.02.16-11.17.05:711][565]LogSavePackage: Moving '../../../../../../Users/Morgan/Desktop/UnrealAI/UnrealAI/Saved/AICharacter0AFCFBCD948F0EC62213DF6ADC87973D1.tmp' to '../../../../../../Users/Morgan/Desktop/UnrealAI/UnrealAI/Content/AI/AI_Fundamentals/AICharacter0.uasset'
[2021.02.16-11.17.05:722][565]AssetCheck: New page: Asset Save: AICharacter0
[2021.02.16-11.17.05:722][565]LogContentValidation: Display: Validating Blueprint /Game/AI/AI_Fundamentals/AICharacter0.AICharacter0
[2021.02.16-11.17.56:383][391]Cmd: OBJ SAVEPACKAGE PACKAGE="/Game/AI/AI_Fundamentals/AICharacter0" FILE="../../../../../../Users/Morgan/Desktop/UnrealAI/UnrealAI/Content/AI/AI_Fundamentals/AICharacter0.uasset" SILENT=true
[2021.02.16-11.17.56:404][391]LogSavePackage: Moving '../../../../../../Users/Morgan/Desktop/UnrealAI/UnrealAI/Saved/AICharacter07607C5D54DD364A8C44D59A2DB233474.tmp' to '../../../../../../Users/Morgan/Desktop/UnrealAI/UnrealAI/Content/AI/AI_Fundamentals/AICharacter0.uasset'
[2021.02.16-11.17.56:414][391]AssetCheck: New page: Asset Save: AICharacter0
[2021.02.16-11.17.56:414][391]LogContentValidation: Display: Validating Blueprint /Game/AI/AI_Fundamentals/AICharacter0.AICharacter0
[2021.02.16-11.17.58:175][497]BlueprintLog: New page: Compile AICharacter0
[2021.02.16-11.17.58:212][497]LogUObjectHash: Compacting FUObjectHashTables data took   2.04ms
[2021.02.16-11.18.08:732][ 47]Cmd: OBJ SAVEPACKAGE PACKAGE="/Game/AI/AI_Fundamentals/AICharacter0" FILE="../../../../../../Users/Morgan/Desktop/UnrealAI/UnrealAI/Content/AI/AI_Fundamentals/AICharacter0.uasset" SILENT=true
[2021.02.16-11.18.08:752][ 47]LogSavePackage: Moving '../../../../../../Users/Morgan/Desktop/UnrealAI/UnrealAI/Saved/AICharacter063A4B8E144F03CC986117AA12A00C2F2.tmp' to '../../../../../../Users/Morgan/Desktop/UnrealAI/UnrealAI/Content/AI/AI_Fundamentals/AICharacter0.uasset'
[2021.02.16-11.18.08:762][ 47]AssetCheck: New page: Asset Save: AICharacter0
[2021.02.16-11.18.08:762][ 47]LogContentValidation: Display: Validating Blueprint /Game/AI/AI_Fundamentals/AICharacter0.AICharacter0
[2021.02.16-11.18.20:192][732]Cmd: OBJ SAVEPACKAGE PACKAGE="/Game/AI/AI_Fundamentals/AICharacter0" FILE="../../../../../../Users/Morgan/Desktop/UnrealAI/UnrealAI/Content/AI/AI_Fundamentals/AICharacter0.uasset" SILENT=true
[2021.02.16-11.18.20:210][732]LogSavePackage: Moving '../../../../../../Users/Morgan/Desktop/UnrealAI/UnrealAI/Saved/AICharacter095B6F374435587154088E588FB3AAF7F.tmp' to '../../../../../../Users/Morgan/Desktop/UnrealAI/UnrealAI/Content/AI/AI_Fundamentals/AICharacter0.uasset'
[2021.02.16-11.18.20:235][732]AssetCheck: New page: Asset Save: AICharacter0
[2021.02.16-11.18.20:235][732]LogContentValidation: Display: Validating Blueprint /Game/AI/AI_Fundamentals/AICharacter0.AICharacter0
[2021.02.16-11.19.47:647][445]LogTabManager: Warning: Cannot spawn tab because no spawner is registered for 'MyBlueprint'
[2021.02.16-11.19.47:647][445]LogSlate: The tab "MyBlueprint" attempted to spawn but failed for some reason. An "unrecognized tab" will be returned instead.
[2021.02.16-11.20.01:302][109]LogSlate: Window 'Close Asset Editors?' being destroyed
[2021.02.16-11.20.01:306][109]Message dialog closed, result: No, title: Close Asset Editors?, text: Are you sure you want to continue loading the selected layout profile?

If "Yes", all open Asset Editors will be closed. Any unsaved changes in those will also be lost.
Open Asset Editors: AICharacter0.

If "No", you can manually reload the layout from the "User Layouts" section later.
[2021.02.16-11.20.02:054][155]LogUObjectHash: Compacting FUObjectHashTables data took   2.03ms
[2021.02.16-11.20.02:121][155]Cmd: OBJ SAVEPACKAGE PACKAGE="/Game/AI/AI_Fundamentals/AICharacter0" FILE="../../../../../../Users/Morgan/Desktop/UnrealAI/UnrealAI/Content/AI/AI_Fundamentals/AICharacter0.uasset" SILENT=true
[2021.02.16-11.20.02:143][155]LogSavePackage: Moving '../../../../../../Users/Morgan/Desktop/UnrealAI/UnrealAI/Saved/AICharacter019CED90F4C0A7F5D31F2FFA152CB048E.tmp' to '../../../../../../Users/Morgan/Desktop/UnrealAI/UnrealAI/Content/AI/AI_Fundamentals/AICharacter0.uasset'
[2021.02.16-11.20.02:154][155]AssetCheck: New page: Asset Save: AICharacter0
[2021.02.16-11.20.02:154][155]LogContentValidation: Display: Validating Blueprint /Game/AI/AI_Fundamentals/AICharacter0.AICharacter0
[2021.02.16-11.20.07:469][353]LogSlate: Window 'Close Asset Editors?' being destroyed
[2021.02.16-11.20.07:473][353]Message dialog closed, result: Yes, title: Close Asset Editors?, text: Are you sure you want to continue loading the selected layout profile?

If "Yes", all open Asset Editors will be closed. Any unsaved changes in those will also be lost.
Open Asset Editors: AICharacter0.

If "No", you can manually reload the layout from the "User Layouts" section later.
[2021.02.16-11.20.07:480][353]LogWorld: UWorld::CleanupWorld for World_0, bSessionEnded=true, bCleanupResources=true
[2021.02.16-11.20.07:480][353]LogSlate: InvalidateAllWidgets triggered.  All widgets were invalidated
[2021.02.16-11.20.07:520][353]LogSlate: Window 'UnrealAI - Unreal Editor' being destroyed
[2021.02.16-11.20.07:520][353]LogWindowsTextInputMethodSystem: Display: IME system now deactivated.
[2021.02.16-11.20.07:553][353]LogWindowsTextInputMethodSystem: Display: IME system now deactivated.
[2021.02.16-11.20.07:588][353]LogToolMenus: Warning: Menu already registered : LevelEditor.MainMenu
[2021.02.16-11.20.07:588][353]LogToolMenus: Warning: Menu already registered : LevelEditor.MainMenu.File
[2021.02.16-11.20.07:588][353]LogToolMenus: Warning: Menu already registered : LevelEditor.MainMenu.Window
[2021.02.16-11.20.07:588][353]LogToolMenus: Warning: Menu already registered : LevelEditor.MainMenu.Edit
[2021.02.16-11.20.07:588][353]LogToolMenus: Warning: Menu already registered : LevelEditor.MainMenu.Help
[2021.02.16-11.20.07:588][353]LogToolMenus: Warning: Menu already registered : LevelEditor.LevelEditorToolBar.SourceControl
[2021.02.16-11.20.07:588][353]LogToolMenus: Warning: Menu already registered : LevelEditor.LevelEditorToolBar.Cinematics
[2021.02.16-11.20.07:588][353]LogToolMenus: Warning: Menu already registered : LevelEditor.LevelEditorToolBar.BuildComboButton
[2021.02.16-11.20.07:589][353]LogToolMenus: Warning: Menu already registered : LevelEditor.LevelEditorToolBar.BuildComboButton.LightingQuality
[2021.02.16-11.20.07:589][353]LogToolMenus: Warning: Menu already registered : LevelEditor.LevelEditorToolBar.BuildComboButton.LightingInfo.LightingDensity
[2021.02.16-11.20.07:589][353]LogToolMenus: Warning: Menu already registered : LevelEditor.LevelEditorToolBar.BuildComboButton.LightingInfo.LightingResolution
[2021.02.16-11.20.07:590][353]LogToolMenus: Warning: Menu already registered : LevelEditor.LevelEditorToolBar.BuildComboButton.LightingInfo
[2021.02.16-11.20.07:590][353]LogToolMenus: Warning: Menu already registered : LevelEditor.LevelEditorToolBar.EditorModes
[2021.02.16-11.20.07:590][353]LogToolMenus: Warning: Menu already registered : LevelEditor.LevelEditorToolBar.CompileComboButton
[2021.02.16-11.20.07:590][353]LogToolMenus: Warning: Menu already registered : LevelEditor.LevelEditorToolBar.LevelToolbarQuickSettings
[2021.02.16-11.20.07:590][353]LogToolMenus: Warning: Menu already registered : LevelEditor.LevelEditorToolBar.OpenBlueprint
[2021.02.16-11.20.07:590][353]LogToolMenus: Warning: Menu already registered : LevelEditor.LevelEditorToolBar
[2021.02.16-11.20.07:615][353]LogSlate: Updating window title bar state: overlay mode, drag disabled, window buttons hidden, title bar hidden
[2021.02.16-11.20.07:621][353]LogSlate: Updating window title bar state: overlay mode, drag disabled, window buttons hidden, title bar hidden
[2021.02.16-11.20.07:626][353]LogSlate: Updating window title bar state: overlay mode, drag disabled, window buttons hidden, title bar hidden
[2021.02.16-11.20.07:632][353]LogSlate: Updating window title bar state: overlay mode, drag disabled, window buttons hidden, title bar hidden
[2021.02.16-11.20.15:311][796]LogAssetEditorSubsystem: Opening Asset editor for Blueprint /Game/AI/AI_01/EnemyAI_01.EnemyAI_01
[2021.02.16-11.20.20:428][ 81]LogSlate: Window 'EnemyAI_01' being destroyed
[2021.02.16-11.20.20:448][ 81]LogSlate: Window 'EnemyAI_01' being destroyed
[2021.02.16-11.20.20:451][ 81]LogWorld: UWorld::CleanupWorld for World_5, bSessionEnded=true, bCleanupResources=true
[2021.02.16-11.20.20:451][ 81]LogSlate: InvalidateAllWidgets triggered.  All widgets were invalidated
[2021.02.16-11.20.24:287][307]LogAssetEditorSubsystem: Opening Asset editor for Blueprint /Game/AI/AI_Fundamentals/AICharacter0.AICharacter0
[2021.02.16-11.21.02:465][ 38]LogD3D11RHI: Error: Result failed 
 at D:/Build/++UE4/Sync/Engine/Source/Runtime/Windows/D3D11RHI/Private/D3D11Query.cpp:348 
 with error DXGI_ERROR_DEVICE_REMOVED DXGI_ERROR_DRIVER_INTERNAL_ERROR
[2021.02.16-11.21.02:465][ 38]LogD3D11RHI: [Aftermath] GDynamicRHI=000001794906A0C0, GDX11NVAfterMathEnabled=0, Result=0xFFFFFFFF, bDeviceActive=0
[2021.02.16-11.21.02:465][ 38]LogWindows: Windows GetLastError: The operation completed successfully. (0)
[2021.02.16-11.21.02:465][ 38]LogWindows: Error: === Critical error: ===
[2021.02.16-11.21.02:465][ 38]LogWindows: Error: 
[2021.02.16-11.21.02:465][ 38]LogWindows: Error: Fatal error: [File:D:/Build/++UE4/Sync/Engine/Source/Runtime/Windows/D3D11RHI/Private/D3D11Util.cpp] [Line: 198] 
[2021.02.16-11.21.02:465][ 38]LogWindows: Error: Unreal Engine is exiting due to D3D device being lost. (Error: 0x887A0020 - 'INTERNAL_ERROR')
[2021.02.16-11.21.02:465][ 38]LogWindows: Error: 
[2021.02.16-11.21.02:465][ 38]LogWindows: Error: 
[2021.02.16-11.21.02:465][ 38]LogWindows: Error: 
[2021.02.16-11.21.02:483][ 39]LogExit: Executing StaticShutdownAfterError
[2021.02.16-11.21.02:483][ 39]LogWindows: FPlatformMisc::RequestExit(1)
[2021.02.16-11.21.02:483][ 39]LogCore: Engine exit requested (reason: Win RequestExit)
[2021.02.16-11.21.02:484][ 39]Log file closed, 02/16/21 11:21:02
