Log file open, 02/16/21 11:31:47
LogInit: Display: Running engine for game: UnrealAI
LogPlatformFile: Not using cached read wrapper
LogTaskGraph: Started task graph with 5 named threads and 59 total threads with 3 sets of task threads.
LogStats: Stats thread started at 0.188262
LogD3D11RHI: Loaded GFSDK_Aftermath_Lib.x64.dll
LogICUInternationalization: ICU TimeZone Detection - Raw Offset: +0:00, Platform Override: ''
LogPluginManager: Mounting plugin Paper2D
LogPluginManager: Mounting plugin AISupport
LogPluginManager: Mounting plugin LightPropagationVolume
LogPluginManager: Mounting plugin CameraShakePreviewer
LogPluginManager: Mounting plugin ActorLayerUtilities
LogPluginManager: Mounting plugin AnimationSharing
LogPluginManager: Mounting plugin CLionSourceCodeAccess
LogPluginManager: Mounting plugin CodeLiteSourceCodeAccess
LogPluginManager: Mounting plugin GitSourceControl
LogPluginManager: Mounting plugin KDevelopSourceCodeAccess
LogPluginManager: Mounting plugin NullSourceCodeAccess
LogPluginManager: Mounting plugin PerforceSourceControl
LogPluginManager: Mounting plugin PlasticSourceControl
LogPluginManager: Mounting plugin RiderSourceCodeAccess
LogPluginManager: Mounting plugin SubversionSourceControl
LogPluginManager: Mounting plugin UObjectPlugin
LogPluginManager: Mounting plugin VisualStudioCodeSourceCodeAccess
LogPluginManager: Mounting plugin VisualStudioSourceCodeAccess
LogPluginManager: Mounting plugin XCodeSourceCodeAccess
LogPluginManager: Mounting plugin AssetManagerEditor
LogPluginManager: Mounting plugin CryptoKeys
LogPluginManager: Mounting plugin CurveEditorTools
LogPluginManager: Mounting plugin DataValidation
LogPluginManager: Mounting plugin EditorScriptingUtilities
LogPluginManager: Mounting plugin FacialAnimation
LogPluginManager: Mounting plugin GameplayTagsEditor
LogPluginManager: Mounting plugin GeometryMode
LogPluginManager: Mounting plugin MacGraphicsSwitching
LogPluginManager: Mounting plugin MaterialAnalyzer
LogPluginManager: Mounting plugin MobileLauncherProfileWizard
LogPluginManager: Mounting plugin PluginBrowser
LogPluginManager: Mounting plugin SpeedTreeImporter
LogPluginManager: Mounting plugin DatasmithContent
LogPluginManager: Mounting plugin VariantManagerContent
LogPluginManager: Mounting plugin AlembicImporter
LogPluginManager: Mounting plugin AutomationUtils
LogPluginManager: Mounting plugin BackChannel
LogPluginManager: Mounting plugin ChaosCloth
LogPluginManager: Mounting plugin ChaosClothEditor
LogPluginManager: Mounting plugin ChaosEditor
LogPluginManager: Mounting plugin ChaosNiagara
LogPluginManager: Mounting plugin ChaosSolverPlugin
LogPluginManager: Mounting plugin CharacterAI
LogPluginManager: Mounting plugin GeometryCache
LogPluginManager: Mounting plugin GeometryCollectionPlugin
LogPluginManager: Mounting plugin GeometryProcessing
LogPluginManager: Mounting plugin PlanarCut
LogPluginManager: Mounting plugin PlatformCrypto
LogPluginManager: Mounting plugin ProxyLODPlugin
LogPluginManager: Mounting plugin SkeletalReduction
LogPluginManager: Mounting plugin Niagara
LogPluginManager: Mounting plugin MagicLeap
LogPluginManager: Mounting plugin MagicLeapLightEstimation
LogPluginManager: Mounting plugin MagicLeapMedia
LogPluginManager: Mounting plugin MagicLeapPassableWorld
LogPluginManager: Mounting plugin MLSDK
LogPluginManager: Mounting plugin DarkerNodes
LogPluginManager: Mounting plugin ElectronicNodes
LogPluginManager: Mounting plugin AndroidMedia
LogPluginManager: Mounting plugin AvfMedia
LogPluginManager: Mounting plugin ImgMedia
LogPluginManager: Mounting plugin MediaCompositing
LogPluginManager: Mounting plugin MediaPlayerEditor
LogPluginManager: Mounting plugin WebMMedia
LogPluginManager: Mounting plugin WmfMedia
LogPluginManager: Mounting plugin MeshPainting
LogPluginManager: Mounting plugin TcpMessaging
LogPluginManager: Mounting plugin UdpMessaging
LogPluginManager: Mounting plugin ActorSequence
LogPluginManager: Mounting plugin LevelSequenceEditor
LogPluginManager: Mounting plugin MatineeToLevelSequence
LogPluginManager: Mounting plugin MovieRenderPipeline
LogPluginManager: Mounting plugin TemplateSequence
LogPluginManager: Mounting plugin NetcodeUnitTest
LogPluginManager: Mounting plugin NUTUnrealEngine4
LogPluginManager: Mounting plugin OnlineSubsystemGooglePlay
LogPluginManager: Mounting plugin OnlineSubsystemIOS
LogPluginManager: Mounting plugin OnlineSubsystem
LogPluginManager: Mounting plugin OnlineSubsystemNull
LogPluginManager: Mounting plugin OnlineSubsystemUtils
LogPluginManager: Mounting plugin LauncherChunkInstaller
LogPluginManager: Mounting plugin AndroidDeviceProfileSelector
LogPluginManager: Mounting plugin AndroidMoviePlayer
LogPluginManager: Mounting plugin AndroidPermission
LogPluginManager: Mounting plugin AppleImageUtils
LogPluginManager: Mounting plugin AppleMoviePlayer
LogPluginManager: Mounting plugin ArchVisCharacter
LogPluginManager: Mounting plugin AssetTags
LogPluginManager: Mounting plugin AudioCapture
LogPluginManager: Mounting plugin CableComponent
LogPluginManager: Mounting plugin CustomMeshComponent
LogPluginManager: Mounting plugin EditableMesh
LogPluginManager: Mounting plugin ExampleDeviceProfileSelector
LogPluginManager: Mounting plugin GoogleCloudMessaging
LogPluginManager: Mounting plugin GooglePAD
LogPluginManager: Mounting plugin IOSDeviceProfileSelector
LogPluginManager: Mounting plugin LinuxDeviceProfileSelector
LogPluginManager: Mounting plugin LocationServicesBPLibrary
LogPluginManager: Mounting plugin MobilePatchingUtils
LogPluginManager: Mounting plugin OculusVR
LogPluginManager: Mounting plugin PhysXVehicles
LogPluginManager: Mounting plugin PostSplashScreen
LogPluginManager: Mounting plugin ProceduralMeshComponent
LogPluginManager: Mounting plugin RuntimePhysXCooking
LogPluginManager: Mounting plugin SignificanceManager
LogPluginManager: Mounting plugin SoundFields
LogPluginManager: Mounting plugin SteamVR
LogPluginManager: Mounting plugin Synthesis
LogPluginManager: Mounting plugin WebMMoviePlayer
LogPluginManager: Mounting plugin WindowsMoviePlayer
LogPluginManager: Mounting plugin ScreenshotTools
LogInit: Using libcurl 7.55.1-DEV
LogInit:  - built for x86_64-pc-win32
LogInit:  - supports SSL with OpenSSL/1.1.1
LogInit:  - supports HTTP deflate (compression) using libz 1.2.8
LogInit:  - other features:
LogInit:      CURL_VERSION_SSL
LogInit:      CURL_VERSION_LIBZ
LogInit:      CURL_VERSION_IPV6
LogInit:      CURL_VERSION_ASYNCHDNS
LogInit:      CURL_VERSION_LARGEFILE
LogInit:      CURL_VERSION_IDN
LogInit:  CurlRequestOptions (configurable via config and command line):
LogInit:  - bVerifyPeer = true  - Libcurl will verify peer certificate
LogInit:  - bUseHttpProxy = false  - Libcurl will NOT use HTTP proxy
LogInit:  - bDontReuseConnections = false  - Libcurl will reuse connections
LogInit:  - MaxHostConnections = 16  - Libcurl will limit the number of connections to a host
LogInit:  - LocalHostAddr = Default
LogInit:  - BufferSize = 65536
LogOnline: OSS: Creating online subsystem instance for: NULL
LogInit: WinSock: version 1.1 (2.2), MaxSocks=32767, MaxUdp=65467
LogOnline: OSS: TryLoadSubsystemAndSetDefault: Loaded subsystem for module [NULL]
LogInit: Build: ++UE4+Release-4.25-CL-14469661
LogInit: Engine Version: 4.25.4-14469661+++UE4+Release-4.25
LogInit: Compatible Engine Version: 4.25.0-13144385+++UE4+Release-4.25
LogInit: Net CL: 13144385
LogInit: OS: Windows 10 (Release 2009) (), CPU: Intel(R) Core(TM) i9-10850K CPU @ 3.60GHz, GPU: NVIDIA GeForce RTX 3090
LogInit: Compiled (64-bit): Oct 11 2020 08:10:49
LogInit: Compiled with Visual C++: 19.24.28315.00
LogInit: Build Configuration: Development
LogInit: Branch Name: ++UE4+Release-4.25
LogInit: Command Line: 
LogInit: Base Directory: C:/Program Files/Epic Games/UE_4.25/Engine/Binaries/Win64/
LogInit: Allocator: TBB
LogInit: Installed Engine Build: 1
LogDevObjectVersion: Number of dev versions registered: 26
LogDevObjectVersion:   Dev-Blueprints (B0D832E4-1F89-4F0D-ACCF-7EB736FD4AA2): 10
LogDevObjectVersion:   Dev-Build (E1C64328-A22C-4D53-A36C-8E866417BD8C): 0
LogDevObjectVersion:   Dev-Core (375EC13C-06E4-48FB-B500-84F0262A717E): 4
LogDevObjectVersion:   Dev-Editor (E4B068ED-F494-42E9-A231-DA0B2E46BB41): 38
LogDevObjectVersion:   Dev-Framework (CFFC743F-43B0-4480-9391-14DF171D2073): 37
LogDevObjectVersion:   Dev-Mobile (B02B49B5-BB20-44E9-A304-32B752E40360): 2
LogDevObjectVersion:   Dev-Networking (A4E4105C-59A1-49B5-A7C5-40C4547EDFEE): 0
LogDevObjectVersion:   Dev-Online (39C831C9-5AE6-47DC-9A44-9C173E1C8E7C): 0
LogDevObjectVersion:   Dev-Physics (78F01B33-EBEA-4F98-B9B4-84EACCB95AA2): 4
LogDevObjectVersion:   Dev-Platform (6631380F-2D4D-43E0-8009-CF276956A95A): 0
LogDevObjectVersion:   Dev-Rendering (12F88B9F-8875-4AFC-A67C-D90C383ABD29): 43
LogDevObjectVersion:   Dev-Sequencer (7B5AE74C-D270-4C10-A958-57980B212A5A): 12
LogDevObjectVersion:   Dev-VR (D7296918-1DD6-4BDD-9DE2-64A83CC13884): 3
LogDevObjectVersion:   Dev-LoadTimes (C2A15278-BFE7-4AFE-6C17-90FF531DF755): 1
LogDevObjectVersion:   Private-Geometry (6EACA3D4-40EC-4CC1-B786-8BED09428FC5): 3
LogDevObjectVersion:   Dev-AnimPhys (29E575DD-E0A3-4627-9D10-D276232CDCEA): 17
LogDevObjectVersion:   Dev-Anim (AF43A65D-7FD3-4947-9873-3E8ED9C1BB05): 7
LogDevObjectVersion:   Dev-ReflectionCapture (6B266CEC-1EC7-4B8F-A30B-E4D90942FC07): 1
LogDevObjectVersion:   Dev-Automation (0DF73D61-A23F-47EA-B727-89E90C41499A): 1
LogDevObjectVersion:   FortniteMain (601D1886-AC64-4F84-AA16-D3DE0DEAC7D6): 31
LogDevObjectVersion:   Dev-Enterprise (9DFFBCD6-494F-0158-E221-12823C92A888): 10
LogDevObjectVersion:   Dev-Niagara (F2AED0AC-9AFE-416F-8664-AA7FFA26D6FC): 1
LogDevObjectVersion:   Dev-Destruction (174F1F0B-B4C6-45A5-B13F-2EE8D0FB917D): 10
LogDevObjectVersion:   Dev-Physics-Ext (35F94A83-E258-406C-A318-09F59610247C): 37
LogDevObjectVersion:   Dev-PhysicsMaterial-Chaos (B68FC16E-8B1B-42E2-B453-215C058844FE): 1
LogDevObjectVersion:   Dev-CineCamera (B2E18506-4273-CFC2-A54E-F4BB758BBA07): 1
LogInit: Presizing for max 25165824 objects, including 0 objects not considered by GC, pre-allocating 0 bytes for permanent pool.
LogConfig: Applying CVar settings from Section [/Script/Engine.StreamingSettings] File [C:/Users/Morgan/Desktop/UnrealAI/UnrealAI/Saved/Config/Windows/Engine.ini]
LogConfig: Setting CVar [[s.MinBulkDataSizeForAsyncLoading:131072]]
LogConfig: Setting CVar [[s.AsyncLoadingThreadEnabled:0]]
LogConfig: Setting CVar [[s.EventDrivenLoaderEnabled:1]]
LogConfig: Setting CVar [[s.WarnIfTimeLimitExceeded:0]]
LogConfig: Setting CVar [[s.TimeLimitExceededMultiplier:1.5]]
LogConfig: Setting CVar [[s.TimeLimitExceededMinTime:0.005]]
LogConfig: Setting CVar [[s.UseBackgroundLevelStreaming:1]]
LogConfig: Setting CVar [[s.PriorityAsyncLoadingExtraTime:15.0]]
LogConfig: Setting CVar [[s.LevelStreamingActorsUpdateTimeLimit:5.0]]
LogConfig: Setting CVar [[s.PriorityLevelStreamingActorsUpdateExtraTime:5.0]]
LogConfig: Setting CVar [[s.LevelStreamingComponentsRegistrationGranularity:10]]
LogConfig: Setting CVar [[s.UnregisterComponentsTimeLimit:1.0]]
LogConfig: Setting CVar [[s.LevelStreamingComponentsUnregistrationGranularity:5]]
LogConfig: Setting CVar [[s.FlushStreamingOnExit:1]]
LogInit: Object subsystem initialized
LogConfig: Setting CVar [[con.DebugEarlyDefault:1]]
LogConfig: Setting CVar [[r.setres:1280x720]]
[2021.02.16-11.31.47:595][  0]LogConfig: Setting CVar [[r.VSync:0]]
[2021.02.16-11.31.47:595][  0]LogConfig: Setting CVar [[r.RHICmdBypass:0]]
[2021.02.16-11.31.47:595][  0]LogConfig: Applying CVar settings from Section [/Script/Engine.RendererSettings] File [C:/Users/Morgan/Desktop/UnrealAI/UnrealAI/Saved/Config/Windows/Engine.ini]
[2021.02.16-11.31.47:595][  0]LogConfig: Setting CVar [[r.GPUCrashDebugging:0]]
[2021.02.16-11.31.47:596][  0]LogConfig: Applying CVar settings from Section [/Script/Engine.RendererOverrideSettings] File [C:/Users/Morgan/Desktop/UnrealAI/UnrealAI/Saved/Config/Windows/Engine.ini]
[2021.02.16-11.31.47:596][  0]LogConfig: Applying CVar settings from Section [/Script/Engine.StreamingSettings] File [C:/Users/Morgan/Desktop/UnrealAI/UnrealAI/Saved/Config/Windows/Engine.ini]
[2021.02.16-11.31.47:596][  0]LogConfig: Setting CVar [[s.MinBulkDataSizeForAsyncLoading:131072]]
[2021.02.16-11.31.47:596][  0]LogConfig: Setting CVar [[s.AsyncLoadingThreadEnabled:0]]
[2021.02.16-11.31.47:596][  0]LogConfig: Setting CVar [[s.EventDrivenLoaderEnabled:1]]
[2021.02.16-11.31.47:596][  0]LogConfig: Setting CVar [[s.WarnIfTimeLimitExceeded:0]]
[2021.02.16-11.31.47:596][  0]LogConfig: Setting CVar [[s.TimeLimitExceededMultiplier:1.5]]
[2021.02.16-11.31.47:596][  0]LogConfig: Setting CVar [[s.TimeLimitExceededMinTime:0.005]]
[2021.02.16-11.31.47:596][  0]LogConfig: Setting CVar [[s.UseBackgroundLevelStreaming:1]]
[2021.02.16-11.31.47:596][  0]LogConfig: Setting CVar [[s.PriorityAsyncLoadingExtraTime:15.0]]
[2021.02.16-11.31.47:596][  0]LogConfig: Setting CVar [[s.LevelStreamingActorsUpdateTimeLimit:5.0]]
[2021.02.16-11.31.47:596][  0]LogConfig: Setting CVar [[s.PriorityLevelStreamingActorsUpdateExtraTime:5.0]]
[2021.02.16-11.31.47:596][  0]LogConfig: Setting CVar [[s.LevelStreamingComponentsRegistrationGranularity:10]]
[2021.02.16-11.31.47:596][  0]LogConfig: Setting CVar [[s.UnregisterComponentsTimeLimit:1.0]]
[2021.02.16-11.31.47:596][  0]LogConfig: Setting CVar [[s.LevelStreamingComponentsUnregistrationGranularity:5]]
[2021.02.16-11.31.47:596][  0]LogConfig: Setting CVar [[s.FlushStreamingOnExit:1]]
[2021.02.16-11.31.47:596][  0]LogConfig: Applying CVar settings from Section [/Script/Engine.GarbageCollectionSettings] File [C:/Users/Morgan/Desktop/UnrealAI/UnrealAI/Saved/Config/Windows/Engine.ini]
[2021.02.16-11.31.47:596][  0]LogConfig: Setting CVar [[gc.MaxObjectsNotConsideredByGC:1]]
[2021.02.16-11.31.47:596][  0]LogConfig: Setting CVar [[gc.SizeOfPermanentObjectPool:0]]
[2021.02.16-11.31.47:596][  0]LogConfig: Setting CVar [[gc.FlushStreamingOnGC:0]]
[2021.02.16-11.31.47:596][  0]LogConfig: Setting CVar [[gc.NumRetriesBeforeForcingGC:10]]
[2021.02.16-11.31.47:596][  0]LogConfig: Setting CVar [[gc.AllowParallelGC:1]]
[2021.02.16-11.31.47:596][  0]LogConfig: Setting CVar [[gc.TimeBetweenPurgingPendingKillObjects:61.1]]
[2021.02.16-11.31.47:596][  0]LogConfig: Setting CVar [[gc.MaxObjectsInEditor:25165824]]
[2021.02.16-11.31.47:596][  0]LogConfig: Setting CVar [[gc.IncrementalBeginDestroyEnabled:1]]
[2021.02.16-11.31.47:596][  0]LogConfig: Setting CVar [[gc.CreateGCClusters:1]]
[2021.02.16-11.31.47:596][  0]LogConfig: Setting CVar [[gc.MinGCClusterSize:5]]
[2021.02.16-11.31.47:596][  0]LogConfig: Setting CVar [[gc.ActorClusteringEnabled:0]]
[2021.02.16-11.31.47:596][  0]LogConfig: Setting CVar [[gc.BlueprintClusteringEnabled:0]]
[2021.02.16-11.31.47:596][  0]LogConfig: Setting CVar [[gc.UseDisregardForGCOnDedicatedServers:0]]
[2021.02.16-11.31.47:596][  0]LogConfig: Applying CVar settings from Section [/Script/Engine.NetworkSettings] File [C:/Users/Morgan/Desktop/UnrealAI/UnrealAI/Saved/Config/Windows/Engine.ini]
[2021.02.16-11.31.47:596][  0]LogConfig: Applying CVar settings from Section [/Script/UnrealEd.CookerSettings] File [C:/Users/Morgan/Desktop/UnrealAI/UnrealAI/Saved/Config/Windows/Engine.ini]
[2021.02.16-11.31.47:600][  0]LogConfig: Applying CVar settings from Section [ViewDistanceQuality@3] File [C:/Users/Morgan/Desktop/UnrealAI/UnrealAI/Saved/Config/Windows/Scalability.ini]
[2021.02.16-11.31.47:600][  0]LogConfig: Setting CVar [[r.SkeletalMeshLODBias:0]]
[2021.02.16-11.31.47:600][  0]LogConfig: Setting CVar [[r.ViewDistanceScale:1.0]]
[2021.02.16-11.31.47:600][  0]LogConfig: Applying CVar settings from Section [AntiAliasingQuality@3] File [C:/Users/Morgan/Desktop/UnrealAI/UnrealAI/Saved/Config/Windows/Scalability.ini]
[2021.02.16-11.31.47:600][  0]LogConfig: Setting CVar [[r.PostProcessAAQuality:4]]
[2021.02.16-11.31.47:600][  0]LogConfig: Applying CVar settings from Section [ShadowQuality@3] File [C:/Users/Morgan/Desktop/UnrealAI/UnrealAI/Saved/Config/Windows/Scalability.ini]
[2021.02.16-11.31.47:600][  0]LogConfig: Setting CVar [[r.LightFunctionQuality:1]]
[2021.02.16-11.31.47:600][  0]LogConfig: Setting CVar [[r.ShadowQuality:5]]
[2021.02.16-11.31.47:600][  0]LogConfig: Setting CVar [[r.Shadow.CSM.MaxCascades:10]]
[2021.02.16-11.31.47:600][  0]LogConfig: Setting CVar [[r.Shadow.MaxResolution:2048]]
[2021.02.16-11.31.47:600][  0]LogConfig: Setting CVar [[r.Shadow.MaxCSMResolution:2048]]
[2021.02.16-11.31.47:600][  0]LogConfig: Setting CVar [[r.Shadow.RadiusThreshold:0.01]]
[2021.02.16-11.31.47:600][  0]LogConfig: Setting CVar [[r.Shadow.DistanceScale:1.0]]
[2021.02.16-11.31.47:600][  0]LogConfig: Setting CVar [[r.Shadow.CSM.TransitionScale:1.0]]
[2021.02.16-11.31.47:600][  0]LogConfig: Setting CVar [[r.Shadow.PreShadowResolutionFactor:1.0]]
[2021.02.16-11.31.47:600][  0]LogConfig: Setting CVar [[r.DistanceFieldShadowing:1]]
[2021.02.16-11.31.47:600][  0]LogConfig: Setting CVar [[r.DistanceFieldAO:1]]
[2021.02.16-11.31.47:600][  0]LogConfig: Setting CVar [[r.AOQuality:2]]
[2021.02.16-11.31.47:600][  0]LogConfig: Setting CVar [[r.VolumetricFog:1]]
[2021.02.16-11.31.47:600][  0]LogConfig: Setting CVar [[r.VolumetricFog.GridPixelSize:8]]
[2021.02.16-11.31.47:600][  0]LogConfig: Setting CVar [[r.VolumetricFog.GridSizeZ:128]]
[2021.02.16-11.31.47:600][  0]LogConfig: Setting CVar [[r.VolumetricFog.HistoryMissSupersampleCount:4]]
[2021.02.16-11.31.47:600][  0]LogConfig: Setting CVar [[r.LightMaxDrawDistanceScale:1]]
[2021.02.16-11.31.47:600][  0]LogConfig: Setting CVar [[r.CapsuleShadows:1]]
[2021.02.16-11.31.47:600][  0]LogConfig: Applying CVar settings from Section [PostProcessQuality@3] File [C:/Users/Morgan/Desktop/UnrealAI/UnrealAI/Saved/Config/Windows/Scalability.ini]
[2021.02.16-11.31.47:600][  0]LogConfig: Setting CVar [[r.MotionBlurQuality:4]]
[2021.02.16-11.31.47:600][  0]LogConfig: Setting CVar [[r.AmbientOcclusionMipLevelFactor:0.4]]
[2021.02.16-11.31.47:600][  0]LogConfig: Setting CVar [[r.AmbientOcclusionMaxQuality:100]]
[2021.02.16-11.31.47:600][  0]LogConfig: Setting CVar [[r.AmbientOcclusionLevels:-1]]
[2021.02.16-11.31.47:600][  0]LogConfig: Setting CVar [[r.AmbientOcclusionRadiusScale:1.0]]
[2021.02.16-11.31.47:600][  0]LogConfig: Setting CVar [[r.DepthOfFieldQuality:2]]
[2021.02.16-11.31.47:600][  0]LogConfig: Setting CVar [[r.RenderTargetPoolMin:400]]
[2021.02.16-11.31.47:600][  0]LogConfig: Setting CVar [[r.LensFlareQuality:2]]
[2021.02.16-11.31.47:600][  0]LogConfig: Setting CVar [[r.SceneColorFringeQuality:1]]
[2021.02.16-11.31.47:600][  0]LogConfig: Setting CVar [[r.EyeAdaptationQuality:2]]
[2021.02.16-11.31.47:600][  0]LogConfig: Setting CVar [[r.BloomQuality:5]]
[2021.02.16-11.31.47:600][  0]LogConfig: Setting CVar [[r.FastBlurThreshold:100]]
[2021.02.16-11.31.47:600][  0]LogConfig: Setting CVar [[r.Upscale.Quality:3]]
[2021.02.16-11.31.47:600][  0]LogConfig: Setting CVar [[r.Tonemapper.GrainQuantization:1]]
[2021.02.16-11.31.47:600][  0]LogConfig: Setting CVar [[r.LightShaftQuality:1]]
[2021.02.16-11.31.47:600][  0]LogConfig: Setting CVar [[r.Filter.SizeScale:1]]
[2021.02.16-11.31.47:600][  0]LogConfig: Setting CVar [[r.Tonemapper.Quality:5]]
[2021.02.16-11.31.47:600][  0]LogConfig: Setting CVar [[r.DOF.Gather.AccumulatorQuality:1        ; higher gathering accumulator quality]]
[2021.02.16-11.31.47:600][  0]LogConfig: Setting CVar [[r.DOF.Gather.PostfilterMethod:1          ; Median3x3 postfilering method]]
[2021.02.16-11.31.47:601][  0]LogConfig: Setting CVar [[r.DOF.Gather.EnableBokehSettings:0       ; no bokeh simulation when gathering]]
[2021.02.16-11.31.47:601][  0]LogConfig: Setting CVar [[r.DOF.Gather.RingCount:4                 ; medium number of samples when gathering]]
[2021.02.16-11.31.47:601][  0]LogConfig: Setting CVar [[r.DOF.Scatter.ForegroundCompositing:1    ; additive foreground scattering]]
[2021.02.16-11.31.47:601][  0]LogConfig: Setting CVar [[r.DOF.Scatter.BackgroundCompositing:2    ; additive background scattering]]
[2021.02.16-11.31.47:601][  0]LogConfig: Setting CVar [[r.DOF.Scatter.EnableBokehSettings:1      ; bokeh simulation when scattering]]
[2021.02.16-11.31.47:601][  0]LogConfig: Setting CVar [[r.DOF.Scatter.MaxSpriteRatio:0.1         ; only a maximum of 10% of scattered bokeh]]
[2021.02.16-11.31.47:601][  0]LogConfig: Setting CVar [[r.DOF.Recombine.Quality:1                ; cheap slight out of focus]]
[2021.02.16-11.31.47:601][  0]LogConfig: Setting CVar [[r.DOF.Recombine.EnableBokehSettings:0    ; no bokeh simulation on slight out of focus]]
[2021.02.16-11.31.47:601][  0]LogConfig: Setting CVar [[r.DOF.TemporalAAQuality:1                ; more stable temporal accumulation]]
[2021.02.16-11.31.47:601][  0]LogConfig: Setting CVar [[r.DOF.Kernel.MaxForegroundRadius:0.025]]
[2021.02.16-11.31.47:601][  0]LogConfig: Setting CVar [[r.DOF.Kernel.MaxBackgroundRadius:0.025]]
[2021.02.16-11.31.47:601][  0]LogConfig: Applying CVar settings from Section [TextureQuality@3] File [C:/Users/Morgan/Desktop/UnrealAI/UnrealAI/Saved/Config/Windows/Scalability.ini]
[2021.02.16-11.31.47:601][  0]LogConfig: Setting CVar [[r.Streaming.MipBias:0]]
[2021.02.16-11.31.47:601][  0]LogConfig: Setting CVar [[r.Streaming.AmortizeCPUToGPUCopy:0]]
[2021.02.16-11.31.47:601][  0]LogConfig: Setting CVar [[r.Streaming.MaxNumTexturesToStreamPerFrame:0]]
[2021.02.16-11.31.47:601][  0]LogConfig: Setting CVar [[r.Streaming.Boost:1]]
[2021.02.16-11.31.47:601][  0]LogConfig: Setting CVar [[r.MaxAnisotropy:8]]
[2021.02.16-11.31.47:601][  0]LogConfig: Setting CVar [[r.VT.MaxAnisotropy:8]]
[2021.02.16-11.31.47:601][  0]LogConfig: Setting CVar [[r.Streaming.LimitPoolSizeToVRAM:0]]
[2021.02.16-11.31.47:601][  0]LogConfig: Setting CVar [[r.Streaming.PoolSize:1000]]
[2021.02.16-11.31.47:601][  0]LogConfig: Setting CVar [[r.Streaming.MaxEffectiveScreenSize:0]]
[2021.02.16-11.31.47:601][  0]LogConfig: Applying CVar settings from Section [EffectsQuality@3] File [C:/Users/Morgan/Desktop/UnrealAI/UnrealAI/Saved/Config/Windows/Scalability.ini]
[2021.02.16-11.31.47:601][  0]LogConfig: Setting CVar [[r.TranslucencyLightingVolumeDim:64]]
[2021.02.16-11.31.47:601][  0]LogConfig: Setting CVar [[r.RefractionQuality:2]]
[2021.02.16-11.31.47:601][  0]LogConfig: Setting CVar [[r.SSR.Quality:3]]
[2021.02.16-11.31.47:601][  0]LogConfig: Setting CVar [[r.SSR.HalfResSceneColor:0]]
[2021.02.16-11.31.47:601][  0]LogConfig: Setting CVar [[r.SceneColorFormat:4]]
[2021.02.16-11.31.47:601][  0]LogConfig: Setting CVar [[r.DetailMode:2]]
[2021.02.16-11.31.47:601][  0]LogConfig: Setting CVar [[r.TranslucencyVolumeBlur:1]]
[2021.02.16-11.31.47:601][  0]LogConfig: Setting CVar [[r.MaterialQualityLevel:1 ; High quality]]
[2021.02.16-11.31.47:601][  0]LogConfig: Setting CVar [[r.SSS.Scale:1]]
[2021.02.16-11.31.47:601][  0]LogConfig: Setting CVar [[r.SSS.SampleSet:2]]
[2021.02.16-11.31.47:601][  0]LogConfig: Setting CVar [[r.SSS.Quality:1]]
[2021.02.16-11.31.47:601][  0]LogConfig: Setting CVar [[r.SSS.HalfRes:0]]
[2021.02.16-11.31.47:601][  0]LogConfig: Setting CVar [[r.SSGI.Quality:3]]
[2021.02.16-11.31.47:601][  0]LogConfig: Setting CVar [[r.EmitterSpawnRateScale:1.0]]
[2021.02.16-11.31.47:601][  0]LogConfig: Setting CVar [[r.ParticleLightQuality:2]]
[2021.02.16-11.31.47:601][  0]LogConfig: Setting CVar [[r.SkyAtmosphere.AerialPerspectiveLUT.FastApplyOnOpaque:1 ; Always have FastSkyLUT 1 in this case to avoid wrong sky]]
[2021.02.16-11.31.47:601][  0]LogConfig: Setting CVar [[r.SkyAtmosphere.AerialPerspectiveLUT.SampleCountPerSlice:1]]
[2021.02.16-11.31.47:601][  0]LogConfig: Setting CVar [[r.SkyAtmosphere.AerialPerspectiveLUT.DepthResolution:16.0]]
[2021.02.16-11.31.47:601][  0]LogConfig: Setting CVar [[r.SkyAtmosphere.FastSkyLUT:1]]
[2021.02.16-11.31.47:601][  0]LogConfig: Setting CVar [[r.SkyAtmosphere.FastSkyLUT.SampleCountMin:4.0]]
[2021.02.16-11.31.47:601][  0]LogConfig: Setting CVar [[r.SkyAtmosphere.FastSkyLUT.SampleCountMax:32.0]]
[2021.02.16-11.31.47:601][  0]LogConfig: Setting CVar [[r.SkyAtmosphere.SampleCountMin:4.0]]
[2021.02.16-11.31.47:601][  0]LogConfig: Setting CVar [[r.SkyAtmosphere.SampleCountMax:32.0]]
[2021.02.16-11.31.47:601][  0]LogConfig: Setting CVar [[r.SkyAtmosphere.TransmittanceLUT.UseSmallFormat:0]]
[2021.02.16-11.31.47:601][  0]LogConfig: Setting CVar [[r.SkyAtmosphere.TransmittanceLUT.SampleCount:10.0]]
[2021.02.16-11.31.47:601][  0]LogConfig: Setting CVar [[r.SkyAtmosphere.MultiScatteringLUT.SampleCount:15.0]]
[2021.02.16-11.31.47:601][  0]LogConfig: Applying CVar settings from Section [FoliageQuality@3] File [C:/Users/Morgan/Desktop/UnrealAI/UnrealAI/Saved/Config/Windows/Scalability.ini]
[2021.02.16-11.31.47:601][  0]LogConfig: Setting CVar [[foliage.DensityScale:1.0]]
[2021.02.16-11.31.47:601][  0]LogConfig: Setting CVar [[grass.DensityScale:1.0]]
[2021.02.16-11.31.47:601][  0]LogConfig: Applying CVar settings from Section [ShadingQuality@3] File [C:/Users/Morgan/Desktop/UnrealAI/UnrealAI/Saved/Config/Windows/Scalability.ini]
[2021.02.16-11.31.47:601][  0]LogConfig: Setting CVar [[r.HairStrands.SkyLighting.SampleCount:16]]
[2021.02.16-11.31.47:601][  0]LogConfig: Setting CVar [[r.HairStrands.SkyLighting.JitterIntegration:0]]
[2021.02.16-11.31.47:601][  0]LogConfig: Setting CVar [[r.HairStrands.SkyAO.SampleCount:16]]
[2021.02.16-11.31.47:601][  0]LogConfig: Setting CVar [[r.HairStrands.DeepShadow.SuperSampling:0]]
[2021.02.16-11.31.47:601][  0]LogConfig: Setting CVar [[r.HairStrands.VisibilityPPLL:0]]
[2021.02.16-11.31.47:601][  0]LogConfig: Setting CVar [[r.HairStrands.RasterizationScale:0.5]]
[2021.02.16-11.31.47:601][  0]LogConfig: Setting CVar [[r.HairStrands.VelocityRasterizationScale:1]]
[2021.02.16-11.31.47:601][  0]LogInit: Selected Device Profile: [Windows]
[2021.02.16-11.31.47:601][  0]LogInit: Applying CVar settings loaded from the selected device profile: [Windows]
[2021.02.16-11.31.47:601][  0]LogHAL: Display: Platform has ~ 32 GB [34252365824 / 34359738368 / 32], which maps to Largest [LargestMinGB=32, LargerMinGB=12, DefaultMinGB=8, SmallerMinGB=6, SmallestMinGB=0)
[2021.02.16-11.31.47:601][  0]LogInit: Going up to parent DeviceProfile []
[2021.02.16-11.31.47:601][  0]LogConfig: Applying CVar settings from Section [ViewDistanceQuality@3] File [C:/Users/Morgan/Desktop/UnrealAI/UnrealAI/Saved/Config/Windows/Scalability.ini]
[2021.02.16-11.31.47:601][  0]LogConfig: Setting CVar [[r.SkeletalMeshLODBias:0]]
[2021.02.16-11.31.47:601][  0]LogConfig: Setting CVar [[r.ViewDistanceScale:1.0]]
[2021.02.16-11.31.47:601][  0]LogConfig: Applying CVar settings from Section [AntiAliasingQuality@3] File [C:/Users/Morgan/Desktop/UnrealAI/UnrealAI/Saved/Config/Windows/Scalability.ini]
[2021.02.16-11.31.47:601][  0]LogConfig: Setting CVar [[r.PostProcessAAQuality:4]]
[2021.02.16-11.31.47:601][  0]LogConfig: Applying CVar settings from Section [ShadowQuality@3] File [C:/Users/Morgan/Desktop/UnrealAI/UnrealAI/Saved/Config/Windows/Scalability.ini]
[2021.02.16-11.31.47:601][  0]LogConfig: Setting CVar [[r.LightFunctionQuality:1]]
[2021.02.16-11.31.47:601][  0]LogConfig: Setting CVar [[r.ShadowQuality:5]]
[2021.02.16-11.31.47:601][  0]LogConfig: Setting CVar [[r.Shadow.CSM.MaxCascades:10]]
[2021.02.16-11.31.47:602][  0]LogConfig: Setting CVar [[r.Shadow.MaxResolution:2048]]
[2021.02.16-11.31.47:602][  0]LogConfig: Setting CVar [[r.Shadow.MaxCSMResolution:2048]]
[2021.02.16-11.31.47:602][  0]LogConfig: Setting CVar [[r.Shadow.RadiusThreshold:0.01]]
[2021.02.16-11.31.47:602][  0]LogConfig: Setting CVar [[r.Shadow.DistanceScale:1.0]]
[2021.02.16-11.31.47:602][  0]LogConfig: Setting CVar [[r.Shadow.CSM.TransitionScale:1.0]]
[2021.02.16-11.31.47:602][  0]LogConfig: Setting CVar [[r.Shadow.PreShadowResolutionFactor:1.0]]
[2021.02.16-11.31.47:602][  0]LogConfig: Setting CVar [[r.DistanceFieldShadowing:1]]
[2021.02.16-11.31.47:602][  0]LogConfig: Setting CVar [[r.DistanceFieldAO:1]]
[2021.02.16-11.31.47:602][  0]LogConfig: Setting CVar [[r.AOQuality:2]]
[2021.02.16-11.31.47:602][  0]LogConfig: Setting CVar [[r.VolumetricFog:1]]
[2021.02.16-11.31.47:602][  0]LogConfig: Setting CVar [[r.VolumetricFog.GridPixelSize:8]]
[2021.02.16-11.31.47:602][  0]LogConfig: Setting CVar [[r.VolumetricFog.GridSizeZ:128]]
[2021.02.16-11.31.47:602][  0]LogConfig: Setting CVar [[r.VolumetricFog.HistoryMissSupersampleCount:4]]
[2021.02.16-11.31.47:602][  0]LogConfig: Setting CVar [[r.LightMaxDrawDistanceScale:1]]
[2021.02.16-11.31.47:602][  0]LogConfig: Setting CVar [[r.CapsuleShadows:1]]
[2021.02.16-11.31.47:602][  0]LogConfig: Applying CVar settings from Section [PostProcessQuality@3] File [C:/Users/Morgan/Desktop/UnrealAI/UnrealAI/Saved/Config/Windows/Scalability.ini]
[2021.02.16-11.31.47:602][  0]LogConfig: Setting CVar [[r.MotionBlurQuality:4]]
[2021.02.16-11.31.47:602][  0]LogConfig: Setting CVar [[r.AmbientOcclusionMipLevelFactor:0.4]]
[2021.02.16-11.31.47:602][  0]LogConfig: Setting CVar [[r.AmbientOcclusionMaxQuality:100]]
[2021.02.16-11.31.47:602][  0]LogConfig: Setting CVar [[r.AmbientOcclusionLevels:-1]]
[2021.02.16-11.31.47:602][  0]LogConfig: Setting CVar [[r.AmbientOcclusionRadiusScale:1.0]]
[2021.02.16-11.31.47:602][  0]LogConfig: Setting CVar [[r.DepthOfFieldQuality:2]]
[2021.02.16-11.31.47:602][  0]LogConfig: Setting CVar [[r.RenderTargetPoolMin:400]]
[2021.02.16-11.31.47:602][  0]LogConfig: Setting CVar [[r.LensFlareQuality:2]]
[2021.02.16-11.31.47:602][  0]LogConfig: Setting CVar [[r.SceneColorFringeQuality:1]]
[2021.02.16-11.31.47:602][  0]LogConfig: Setting CVar [[r.EyeAdaptationQuality:2]]
[2021.02.16-11.31.47:602][  0]LogConfig: Setting CVar [[r.BloomQuality:5]]
[2021.02.16-11.31.47:602][  0]LogConfig: Setting CVar [[r.FastBlurThreshold:100]]
[2021.02.16-11.31.47:602][  0]LogConfig: Setting CVar [[r.Upscale.Quality:3]]
[2021.02.16-11.31.47:602][  0]LogConfig: Setting CVar [[r.Tonemapper.GrainQuantization:1]]
[2021.02.16-11.31.47:602][  0]LogConfig: Setting CVar [[r.LightShaftQuality:1]]
[2021.02.16-11.31.47:602][  0]LogConfig: Setting CVar [[r.Filter.SizeScale:1]]
[2021.02.16-11.31.47:602][  0]LogConfig: Setting CVar [[r.Tonemapper.Quality:5]]
[2021.02.16-11.31.47:602][  0]LogConfig: Setting CVar [[r.DOF.Gather.AccumulatorQuality:1        ; higher gathering accumulator quality]]
[2021.02.16-11.31.47:602][  0]LogConfig: Setting CVar [[r.DOF.Gather.PostfilterMethod:1          ; Median3x3 postfilering method]]
[2021.02.16-11.31.47:602][  0]LogConfig: Setting CVar [[r.DOF.Gather.EnableBokehSettings:0       ; no bokeh simulation when gathering]]
[2021.02.16-11.31.47:602][  0]LogConfig: Setting CVar [[r.DOF.Gather.RingCount:4                 ; medium number of samples when gathering]]
[2021.02.16-11.31.47:602][  0]LogConfig: Setting CVar [[r.DOF.Scatter.ForegroundCompositing:1    ; additive foreground scattering]]
[2021.02.16-11.31.47:602][  0]LogConfig: Setting CVar [[r.DOF.Scatter.BackgroundCompositing:2    ; additive background scattering]]
[2021.02.16-11.31.47:602][  0]LogConfig: Setting CVar [[r.DOF.Scatter.EnableBokehSettings:1      ; bokeh simulation when scattering]]
[2021.02.16-11.31.47:602][  0]LogConfig: Setting CVar [[r.DOF.Scatter.MaxSpriteRatio:0.1         ; only a maximum of 10% of scattered bokeh]]
[2021.02.16-11.31.47:602][  0]LogConfig: Setting CVar [[r.DOF.Recombine.Quality:1                ; cheap slight out of focus]]
[2021.02.16-11.31.47:602][  0]LogConfig: Setting CVar [[r.DOF.Recombine.EnableBokehSettings:0    ; no bokeh simulation on slight out of focus]]
[2021.02.16-11.31.47:602][  0]LogConfig: Setting CVar [[r.DOF.TemporalAAQuality:1                ; more stable temporal accumulation]]
[2021.02.16-11.31.47:602][  0]LogConfig: Setting CVar [[r.DOF.Kernel.MaxForegroundRadius:0.025]]
[2021.02.16-11.31.47:602][  0]LogConfig: Setting CVar [[r.DOF.Kernel.MaxBackgroundRadius:0.025]]
[2021.02.16-11.31.47:602][  0]LogConfig: Applying CVar settings from Section [TextureQuality@3] File [C:/Users/Morgan/Desktop/UnrealAI/UnrealAI/Saved/Config/Windows/Scalability.ini]
[2021.02.16-11.31.47:602][  0]LogConfig: Setting CVar [[r.Streaming.MipBias:0]]
[2021.02.16-11.31.47:602][  0]LogConfig: Setting CVar [[r.Streaming.AmortizeCPUToGPUCopy:0]]
[2021.02.16-11.31.47:602][  0]LogConfig: Setting CVar [[r.Streaming.MaxNumTexturesToStreamPerFrame:0]]
[2021.02.16-11.31.47:602][  0]LogConfig: Setting CVar [[r.Streaming.Boost:1]]
[2021.02.16-11.31.47:602][  0]LogConfig: Setting CVar [[r.MaxAnisotropy:8]]
[2021.02.16-11.31.47:602][  0]LogConfig: Setting CVar [[r.VT.MaxAnisotropy:8]]
[2021.02.16-11.31.47:602][  0]LogConfig: Setting CVar [[r.Streaming.LimitPoolSizeToVRAM:0]]
[2021.02.16-11.31.47:602][  0]LogConfig: Setting CVar [[r.Streaming.PoolSize:1000]]
[2021.02.16-11.31.47:602][  0]LogConfig: Setting CVar [[r.Streaming.MaxEffectiveScreenSize:0]]
[2021.02.16-11.31.47:602][  0]LogConfig: Applying CVar settings from Section [EffectsQuality@3] File [C:/Users/Morgan/Desktop/UnrealAI/UnrealAI/Saved/Config/Windows/Scalability.ini]
[2021.02.16-11.31.47:602][  0]LogConfig: Setting CVar [[r.TranslucencyLightingVolumeDim:64]]
[2021.02.16-11.31.47:602][  0]LogConfig: Setting CVar [[r.RefractionQuality:2]]
[2021.02.16-11.31.47:602][  0]LogConfig: Setting CVar [[r.SSR.Quality:3]]
[2021.02.16-11.31.47:602][  0]LogConfig: Setting CVar [[r.SSR.HalfResSceneColor:0]]
[2021.02.16-11.31.47:602][  0]LogConfig: Setting CVar [[r.SceneColorFormat:4]]
[2021.02.16-11.31.47:602][  0]LogConfig: Setting CVar [[r.DetailMode:2]]
[2021.02.16-11.31.47:602][  0]LogConfig: Setting CVar [[r.TranslucencyVolumeBlur:1]]
[2021.02.16-11.31.47:602][  0]LogConfig: Setting CVar [[r.MaterialQualityLevel:1 ; High quality]]
[2021.02.16-11.31.47:602][  0]LogConfig: Setting CVar [[r.SSS.Scale:1]]
[2021.02.16-11.31.47:602][  0]LogConfig: Setting CVar [[r.SSS.SampleSet:2]]
[2021.02.16-11.31.47:602][  0]LogConfig: Setting CVar [[r.SSS.Quality:1]]
[2021.02.16-11.31.47:602][  0]LogConfig: Setting CVar [[r.SSS.HalfRes:0]]
[2021.02.16-11.31.47:602][  0]LogConfig: Setting CVar [[r.SSGI.Quality:3]]
[2021.02.16-11.31.47:602][  0]LogConfig: Setting CVar [[r.EmitterSpawnRateScale:1.0]]
[2021.02.16-11.31.47:602][  0]LogConfig: Setting CVar [[r.ParticleLightQuality:2]]
[2021.02.16-11.31.47:602][  0]LogConfig: Setting CVar [[r.SkyAtmosphere.AerialPerspectiveLUT.FastApplyOnOpaque:1 ; Always have FastSkyLUT 1 in this case to avoid wrong sky]]
[2021.02.16-11.31.47:602][  0]LogConfig: Setting CVar [[r.SkyAtmosphere.AerialPerspectiveLUT.SampleCountPerSlice:1]]
[2021.02.16-11.31.47:602][  0]LogConfig: Setting CVar [[r.SkyAtmosphere.AerialPerspectiveLUT.DepthResolution:16.0]]
[2021.02.16-11.31.47:602][  0]LogConfig: Setting CVar [[r.SkyAtmosphere.FastSkyLUT:1]]
[2021.02.16-11.31.47:602][  0]LogConfig: Setting CVar [[r.SkyAtmosphere.FastSkyLUT.SampleCountMin:4.0]]
[2021.02.16-11.31.47:602][  0]LogConfig: Setting CVar [[r.SkyAtmosphere.FastSkyLUT.SampleCountMax:32.0]]
[2021.02.16-11.31.47:602][  0]LogConfig: Setting CVar [[r.SkyAtmosphere.SampleCountMin:4.0]]
[2021.02.16-11.31.47:602][  0]LogConfig: Setting CVar [[r.SkyAtmosphere.SampleCountMax:32.0]]
[2021.02.16-11.31.47:602][  0]LogConfig: Setting CVar [[r.SkyAtmosphere.TransmittanceLUT.UseSmallFormat:0]]
[2021.02.16-11.31.47:602][  0]LogConfig: Setting CVar [[r.SkyAtmosphere.TransmittanceLUT.SampleCount:10.0]]
[2021.02.16-11.31.47:602][  0]LogConfig: Setting CVar [[r.SkyAtmosphere.MultiScatteringLUT.SampleCount:15.0]]
[2021.02.16-11.31.47:602][  0]LogConfig: Applying CVar settings from Section [FoliageQuality@3] File [C:/Users/Morgan/Desktop/UnrealAI/UnrealAI/Saved/Config/Windows/Scalability.ini]
[2021.02.16-11.31.47:602][  0]LogConfig: Setting CVar [[foliage.DensityScale:1.0]]
[2021.02.16-11.31.47:602][  0]LogConfig: Setting CVar [[grass.DensityScale:1.0]]
[2021.02.16-11.31.47:602][  0]LogConfig: Applying CVar settings from Section [ShadingQuality@3] File [C:/Users/Morgan/Desktop/UnrealAI/UnrealAI/Saved/Config/Windows/Scalability.ini]
[2021.02.16-11.31.47:602][  0]LogConfig: Setting CVar [[r.HairStrands.SkyLighting.SampleCount:16]]
[2021.02.16-11.31.47:602][  0]LogConfig: Setting CVar [[r.HairStrands.SkyLighting.JitterIntegration:0]]
[2021.02.16-11.31.47:602][  0]LogConfig: Setting CVar [[r.HairStrands.SkyAO.SampleCount:16]]
[2021.02.16-11.31.47:602][  0]LogConfig: Setting CVar [[r.HairStrands.DeepShadow.SuperSampling:0]]
[2021.02.16-11.31.47:602][  0]LogConfig: Setting CVar [[r.HairStrands.VisibilityPPLL:0]]
[2021.02.16-11.31.47:603][  0]LogConfig: Setting CVar [[r.HairStrands.RasterizationScale:0.5]]
[2021.02.16-11.31.47:603][  0]LogConfig: Setting CVar [[r.HairStrands.VelocityRasterizationScale:1]]
[2021.02.16-11.31.47:603][  0]LogConfig: Applying CVar settings from Section [Startup] File [../../../Engine/Config/ConsoleVariables.ini]
[2021.02.16-11.31.47:603][  0]LogConfig: Setting CVar [[net.UseAdaptiveNetUpdateFrequency:0]]
[2021.02.16-11.31.47:603][  0]LogConfig: Setting CVar [[p.chaos.AllowCreatePhysxBodies:1]]
[2021.02.16-11.31.47:603][  0]LogConfig: Setting CVar [[fx.SkipVectorVMBackendOptimizations:1]]
[2021.02.16-11.31.47:603][  0]LogConfig: Applying CVar settings from Section [ConsoleVariables] File [C:/Users/Morgan/Desktop/UnrealAI/UnrealAI/Saved/Config/Windows/Engine.ini]
[2021.02.16-11.31.47:603][  0]LogInit: Computer: DESKTOP-A1LV5LA
[2021.02.16-11.31.47:603][  0]LogInit: User: Morgan
[2021.02.16-11.31.47:603][  0]LogInit: CPU Page size=4096, Cores=10
[2021.02.16-11.31.47:603][  0]LogInit: High frequency timer resolution =10.000000 MHz
[2021.02.16-11.31.47:603][  0]LogMemory: Memory total: Physical=31.9GB (32GB approx)
[2021.02.16-11.31.47:603][  0]LogMemory: Platform Memory Stats for Windows
[2021.02.16-11.31.47:603][  0]LogMemory: Process Physical Memory: 120.34 MB used, 120.34 MB peak
[2021.02.16-11.31.47:603][  0]LogMemory: Process Virtual Memory: 110.43 MB used, 110.43 MB peak
[2021.02.16-11.31.47:603][  0]LogMemory: Physical Memory: 9016.77 MB used,  23648.84 MB free, 32665.60 MB total
[2021.02.16-11.31.47:603][  0]LogMemory: Virtual Memory: 5202.94 MB used,  134212528.00 MB free, 134217728.00 MB total
[2021.02.16-11.31.47:609][  0]LogWindows: WindowsPlatformFeatures enabled
[2021.02.16-11.31.47:660][  0]LogInit: Physics initialised using underlying interface: PhysX
[2021.02.16-11.31.47:661][  0]LogInit: Using OS detected language (en-GB).
[2021.02.16-11.31.47:661][  0]LogInit: Using OS detected locale (en-GB).
[2021.02.16-11.31.47:664][  0]LogTextLocalizationManager: No specific localization for 'en-GB' exists, so the 'en' localization will be used.
[2021.02.16-11.31.47:811][  0]LogInit: Setting process to per monitor DPI aware
[2021.02.16-11.31.47:837][  0]LogSlate: New Slate User Created.  User Index 0, Is Virtual User: 0
[2021.02.16-11.31.47:837][  0]LogSlate: Slate User Registered.  User Index 0, Is Virtual User: 0
[2021.02.16-11.31.47:975][  0]LogHMD: Failed to initialize OpenVR with code 110
[2021.02.16-11.31.47:975][  0]LogD3D11RHI: D3D11 min allowed feature level: 11_0
[2021.02.16-11.31.47:975][  0]LogD3D11RHI: D3D11 max allowed feature level: 11_0
[2021.02.16-11.31.47:975][  0]LogD3D11RHI: D3D11 adapters:
[2021.02.16-11.31.48:077][  0]LogD3D11RHI:    0. 'NVIDIA GeForce RTX 3090' (Feature Level 11_0)
[2021.02.16-11.31.48:077][  0]LogD3D11RHI:       24348/0/16332 MB DedicatedVideo/DedicatedSystem/SharedSystem, Outputs:2, VendorId:0x10de
[2021.02.16-11.31.48:079][  0]LogD3D11RHI:    1. 'Microsoft Basic Render Driver' (Feature Level 11_0)
[2021.02.16-11.31.48:079][  0]LogD3D11RHI:       0/0/16332 MB DedicatedVideo/DedicatedSystem/SharedSystem, Outputs:0, VendorId:0x1414
[2021.02.16-11.31.48:079][  0]LogD3D11RHI: Chosen D3D11 Adapter: 0
[2021.02.16-11.31.48:085][  0]LogD3D11RHI: Creating new Direct3DDevice
[2021.02.16-11.31.48:085][  0]LogD3D11RHI:     GPU DeviceId: 0x2204 (for the marketing name, search the web for "GPU Device Id")
[2021.02.16-11.31.48:085][  0]LogWindows: EnumDisplayDevices:
[2021.02.16-11.31.48:086][  0]LogWindows:    0. 'NVIDIA GeForce RTX 3090' (P:1 D:1)
[2021.02.16-11.31.48:086][  0]LogWindows:    1. 'NVIDIA GeForce RTX 3090' (P:0 D:1)
[2021.02.16-11.31.48:086][  0]LogWindows:    2. 'NVIDIA GeForce RTX 3090' (P:0 D:0)
[2021.02.16-11.31.48:086][  0]LogWindows:    3. 'NVIDIA GeForce RTX 3090' (P:0 D:0)
[2021.02.16-11.31.48:086][  0]LogWindows: DebugString: FoundDriverCount:4 
[2021.02.16-11.31.48:086][  0]LogD3D11RHI:     Adapter Name: NVIDIA GeForce RTX 3090
[2021.02.16-11.31.48:087][  0]LogD3D11RHI:   Driver Version: 460.89 (internal:27.21.14.6089, unified:460.89)
[2021.02.16-11.31.48:087][  0]LogD3D11RHI:      Driver Date: 12-11-2020
[2021.02.16-11.31.48:087][  0]LogRHI: Texture pool is 17043 MB (70% of 24348 MB)
[2021.02.16-11.31.48:159][  0]LogD3D11RHI: RHI has support for 64 bit atomics
[2021.02.16-11.31.48:160][  0]LogD3D11RHI: Async texture creation enabled
[2021.02.16-11.31.48:160][  0]LogD3D11RHI: Array index from any shader is supported
[2021.02.16-11.31.48:174][  0]LogD3D11RHI: GPU Timing Frequency: 1000.000000 (Debug: 2 1)
[2021.02.16-11.31.48:483][  0]LogTargetPlatformManager: Display: Loaded TargetPlatform 'AllDesktop'
[2021.02.16-11.31.48:503][  0]LogTargetPlatformManager: Display: Loaded TargetPlatform 'Android'
[2021.02.16-11.31.48:503][  0]LogTargetPlatformManager: Display: Loaded TargetPlatform 'Android_ASTC'
[2021.02.16-11.31.48:503][  0]LogTargetPlatformManager: Display: Loaded TargetPlatform 'Android_DXT'
[2021.02.16-11.31.48:503][  0]LogTargetPlatformManager: Display: Loaded TargetPlatform 'Android_ETC2'
[2021.02.16-11.31.48:503][  0]LogTargetPlatformManager: Display: Loaded TargetPlatform 'AndroidClient'
[2021.02.16-11.31.48:503][  0]LogTargetPlatformManager: Display: Loaded TargetPlatform 'Android_ASTCClient'
[2021.02.16-11.31.48:503][  0]LogTargetPlatformManager: Display: Loaded TargetPlatform 'Android_DXTClient'
[2021.02.16-11.31.48:503][  0]LogTargetPlatformManager: Display: Loaded TargetPlatform 'Android_ETC2Client'
[2021.02.16-11.31.48:503][  0]LogTargetPlatformManager: Display: Loaded TargetPlatform 'Android_Multi'
[2021.02.16-11.31.48:503][  0]LogTargetPlatformManager: Display: Loaded TargetPlatform 'Android_MultiClient'
[2021.02.16-11.31.48:525][  0]LogTargetPlatformManager: Display: Loaded TargetPlatform 'IOSClient'
[2021.02.16-11.31.48:526][  0]LogTargetPlatformManager: Display: Loaded TargetPlatform 'IOS'
[2021.02.16-11.31.48:536][  0]LogTargetPlatformManager: Display: Loaded TargetPlatform 'Linux'
[2021.02.16-11.31.48:545][  0]LogTargetPlatformManager: Display: Loaded TargetPlatform 'LinuxNoEditor'
[2021.02.16-11.31.48:554][  0]LogTargetPlatformManager: Display: Loaded TargetPlatform 'LinuxClient'
[2021.02.16-11.31.48:563][  0]LogTargetPlatformManager: Display: Loaded TargetPlatform 'LinuxServer'
[2021.02.16-11.31.48:571][  0]LogTargetPlatformManager: Display: Loaded TargetPlatform 'LinuxAArch64NoEditor'
[2021.02.16-11.31.48:580][  0]LogTargetPlatformManager: Display: Loaded TargetPlatform 'LinuxAArch64Client'
[2021.02.16-11.31.48:589][  0]LogTargetPlatformManager: Display: Loaded TargetPlatform 'LinuxAArch64Server'
[2021.02.16-11.31.48:614][  0]LogTargetPlatformManager: Display: Loaded TargetPlatform 'Lumin'
[2021.02.16-11.31.48:614][  0]LogTargetPlatformManager: Display: Loaded TargetPlatform 'LuminClient'
[2021.02.16-11.31.48:631][  0]LogTargetPlatformManager: Display: Loaded TargetPlatform 'TVOSClient'
[2021.02.16-11.31.48:631][  0]LogTargetPlatformManager: Display: Loaded TargetPlatform 'TVOS'
[2021.02.16-11.31.48:640][  0]LogTargetPlatformManager: Display: Loaded TargetPlatform 'WindowsNoEditor'
[2021.02.16-11.31.48:649][  0]LogTargetPlatformManager: Display: Loaded TargetPlatform 'Windows'
[2021.02.16-11.31.48:658][  0]LogTargetPlatformManager: Display: Loaded TargetPlatform 'WindowsClient'
[2021.02.16-11.31.48:666][  0]LogTargetPlatformManager: Display: Loaded TargetPlatform 'WindowsServer'
[2021.02.16-11.31.48:666][  0]LogTargetPlatformManager: Display: Building Assets For Windows
[2021.02.16-11.31.48:674][  0]LogAudioDebug: Display: Lib vorbis DLL was dynamically loaded.
[2021.02.16-11.31.48:733][  0]LogShaderCompilers: Guid format shader working directory is -10 characters bigger than the processId version (../../../../../../Users/Morgan/Desktop/UnrealAI/UnrealAI/Intermediate/Shaders/WorkingDirectory/25036/).
[2021.02.16-11.31.48:734][  0]LogShaderCompilers: Cleaned the shader compiler working directory 'C:/Users/Morgan/AppData/Local/Temp/UnrealShaderWorkingDir/20D1907D4C906C79D4614AA58DA4B45F/'.
[2021.02.16-11.31.48:734][  0]LogXGEController: Cleaning working directory: C:/Users/Morgan/AppData/Local/Temp/UnrealXGEWorkingDir/
[2021.02.16-11.31.48:734][  0]LogXGEController: Cannot use XGE Controller as Incredibuild is not installed on this machine.
[2021.02.16-11.31.48:734][  0]LogShaderCompilers: Cannot use XGE Shader Compiler as Incredibuild is not installed on this machine.
[2021.02.16-11.31.48:734][  0]LogShaderCompilers: Display: Using Local Shader Compiler.
[2021.02.16-11.31.49:470][  0]LogDerivedDataCache: Display: Max Cache Size: 512 MB
[2021.02.16-11.31.49:513][  0]LogDerivedDataCache: Loaded boot cache 0.04s 79MB C:/Users/Morgan/AppData/Local/UnrealEngine/4.25/DerivedDataCache/Boot.ddc.
[2021.02.16-11.31.49:513][  0]LogDerivedDataCache: Display: Loaded Boot cache: C:/Users/Morgan/AppData/Local/UnrealEngine/4.25/DerivedDataCache/Boot.ddc
[2021.02.16-11.31.49:513][  0]LogDerivedDataCache: FDerivedDataBackendGraph:  Pak pak cache file ../../../../../../Users/Morgan/Desktop/UnrealAI/UnrealAI/DerivedDataCache/DDC.ddp not found, will not use a pak cache.
[2021.02.16-11.31.49:513][  0]LogDerivedDataCache: Unable to find inner node Pak for hierarchical cache Hierarchy.
[2021.02.16-11.31.49:513][  0]LogDerivedDataCache: FDerivedDataBackendGraph:  CompressedPak pak cache file ../../../../../../Users/Morgan/Desktop/UnrealAI/UnrealAI/DerivedDataCache/Compressed.ddp not found, will not use a pak cache.
[2021.02.16-11.31.49:513][  0]LogDerivedDataCache: Unable to find inner node CompressedPak for hierarchical cache Hierarchy.
[2021.02.16-11.31.49:523][  0]LogDerivedDataCache: Display: Pak cache opened for reading ../../../Engine/DerivedDataCache/Compressed.ddp.
[2021.02.16-11.31.49:523][  0]LogDerivedDataCache: FDerivedDataBackendGraph:  EnterprisePak pak cache file ../../../Enterprise/DerivedDataCache/Compressed.ddp not found, will not use a pak cache.
[2021.02.16-11.31.49:523][  0]LogDerivedDataCache: Unable to find inner node EnterprisePak for hierarchical cache Hierarchy.
[2021.02.16-11.31.49:524][  0]LogDerivedDataCache: Using Local data cache path C:/Users/Morgan/AppData/Local/UnrealEngine/Common/DerivedDataCache: Writable
[2021.02.16-11.31.49:524][  0]LogDerivedDataCache: Shared data cache path not found in *engine.ini, will not use an Shared cache.
[2021.02.16-11.31.49:524][  0]LogDerivedDataCache: Unable to find inner node Shared for hierarchical cache Hierarchy.
[2021.02.16-11.31.49:571][  0]LogSlate: Using FreeType 2.10.0
[2021.02.16-11.31.49:572][  0]LogSlate: SlateFontServices - WITH_FREETYPE: 1, WITH_HARFBUZZ: 1
[2021.02.16-11.31.49:591][  0]LogAssetRegistry: FAssetRegistry took 0.0022 seconds to start up
[2021.02.16-11.31.49:794][  0]LogInit: Selected Device Profile: [Windows]
[2021.02.16-11.31.49:902][  0]LogMeshReduction: Using QuadricMeshReduction for automatic static mesh reduction
[2021.02.16-11.31.49:902][  0]LogMeshReduction: Using SimplygonMeshReduction for automatic skeletal mesh reduction
[2021.02.16-11.31.49:902][  0]LogMeshReduction: Using ProxyLODMeshReduction for automatic mesh merging
[2021.02.16-11.31.49:902][  0]LogMeshReduction: No distributed automatic mesh merging module available
[2021.02.16-11.31.49:902][  0]LogMeshMerging: No distributed automatic mesh merging module available
[2021.02.16-11.31.49:916][  0]LogNetVersion: UnrealAI 1.0.0, NetCL: 13144385, EngineNetVer: 14, GameNetVer: 0 (Checksum: 2221238871)
[2021.02.16-11.31.50:266][  0]LogAISub: UAISubsystem::UAISubsystem AISubsystem (000001DCD2AEDD00), frame # 0
[2021.02.16-11.31.50:266][  0]LogAISub: UAISubsystem::UAISubsystem AIPerceptionSystem (000001DCD2A4AAC0), frame # 0
[2021.02.16-11.31.50:267][  0]LogAISub: UAISubsystem::UAISubsystem EnvQueryManager (000001DCD2A9A000), frame # 0
[2021.02.16-11.31.50:322][  0]LogPackageLocalizationCache: Processed 20 localized package path(s) for 1 prioritized culture(s) in 0.049599 seconds
[2021.02.16-11.31.50:326][  0]LogUObjectArray: 15917 objects as part of root set at end of initial load.
[2021.02.16-11.31.50:326][  0]LogUObjectAllocator: 3965568 out of 0 bytes used by permanent object pool.
[2021.02.16-11.31.50:326][  0]LogUObjectArray: CloseDisregardForGC: 0/0 objects in disregard for GC pool
[2021.02.16-11.31.50:635][  0]LogTcpMessaging: Initializing TcpMessaging bridge
[2021.02.16-11.31.50:639][  0]LogUdpMessaging: Initializing bridge on interface 0.0.0.0:0 to multicast group 230.0.0.1:6666.
[2021.02.16-11.31.50:839][  0]SourceControl: Source control is disabled
[2021.02.16-11.31.50:839][  0]SourceControl: Source control is disabled
[2021.02.16-11.31.50:842][  0]SourceControl: Source control is disabled
[2021.02.16-11.31.50:844][  0]SourceControl: Source control is disabled
[2021.02.16-11.31.50:851][  0]SourceControl: Source control is disabled
[2021.02.16-11.31.51:094][  0]LogAndroidPermission: UAndroidPermissionCallbackProxy::GetInstance
[2021.02.16-11.31.51:113][  0]LogAudioCaptureCore: Display: No Audio Capture implementations found. Audio input will be silent.
[2021.02.16-11.31.51:113][  0]LogAudioCaptureCore: Display: No Audio Capture implementations found. Audio input will be silent.
[2021.02.16-11.31.51:161][  0]LogOcInput: OculusInput pre-init called
[2021.02.16-11.31.51:172][  0]LogWindows: Failed to load 'OVRPlugin.dll' (GetLastError=126)
[2021.02.16-11.31.51:172][  0]LogWindows: File 'OVRPlugin.dll' does not exist
[2021.02.16-11.31.51:399][  0]LogEngine: Initializing Engine...
[2021.02.16-11.31.51:400][  0]LogHMD: Failed to initialize OpenVR with code 110
[2021.02.16-11.31.51:400][  0]LogMagicLeap: Warning: VR disabled because ZI is not enabled.  To enable, in the editor, Edit -> Project Settings -> Plugins -> Magic Leap Plugin -> Enable Zero Iteration
[2021.02.16-11.31.51:401][  0]LogStats: UGameplayTagsManager::InitializeManager -  0.000 s
[2021.02.16-11.31.51:505][  0]LogInit: Initializing FReadOnlyCVARCache
[2021.02.16-11.31.51:512][  0]LogAIModule: Creating AISystem for world Untitled
[2021.02.16-11.31.51:512][  0]LogAISub: UAISubsystem::UAISubsystem EnvQueryManager (000001DCCD1A5200), frame # 0
[2021.02.16-11.31.51:512][  0]LogAISub: UAISubsystem::UAISubsystem AIPerceptionSystem (000001DCCD1B9F80), frame # 0
[2021.02.16-11.31.51:525][  0]LogAudioMixer: Display: Audio Mixer Platform Settings:
[2021.02.16-11.31.51:525][  0]LogAudioMixer: Display: 	Sample Rate:						  48000
[2021.02.16-11.31.51:525][  0]LogAudioMixer: Display: 	Callback Buffer Frame Size Requested: 1024
[2021.02.16-11.31.51:525][  0]LogAudioMixer: Display: 	Callback Buffer Frame Size To Use:	  1024
[2021.02.16-11.31.51:525][  0]LogAudioMixer: Display: 	Number of buffers to queue:			  2
[2021.02.16-11.31.51:525][  0]LogAudioMixer: Display: 	Max Channels (voices):				  32
[2021.02.16-11.31.51:525][  0]LogAudioMixer: Display: 	Number of Async Source Workers:		  0
[2021.02.16-11.31.51:525][  0]LogAudio: Display: AudioDevice MaxSources: 32
[2021.02.16-11.31.51:526][  0]LogAudio: Display: Using built-in audio occlusion.
[2021.02.16-11.31.51:526][  0]LogAudioMixer: Display: Initializing audio mixer.
[2021.02.16-11.31.51:537][  0]LogAudioMixer: Display: 0: FrontLeft
[2021.02.16-11.31.51:537][  0]LogAudioMixer: Display: 1: FrontRight
[2021.02.16-11.31.51:594][  0]LogAudioMixer: Display: Using Audio Device Speakers (Realtek(R) Audio)
[2021.02.16-11.31.51:596][  0]LogAudioMixer: Display: Initializing Sound Submixes...
[2021.02.16-11.31.51:598][  0]LogAudioMixer: Display: Creating Master Submix 'MasterSubmixDefault'
[2021.02.16-11.31.51:598][  0]LogAudioMixer: Display: Creating Master Submix 'MasterReverbSubmixDefault'
[2021.02.16-11.31.51:599][  0]LogAudioMixer: Display: Creating Master Submix 'MasterEQSubmixDefault'
[2021.02.16-11.31.51:599][  0]LogInit: FAudioDevice initialized.
[2021.02.16-11.31.51:600][  0]LogNetVersion: Set ProjectVersion to 1.0.0.0. Version Checksum will be recalculated on next use.
[2021.02.16-11.31.51:640][  0]LogDerivedDataCache: Saved boot cache 0.04s 79MB C:/Users/Morgan/AppData/Local/UnrealEngine/4.25/DerivedDataCache/Boot.ddc.
[2021.02.16-11.31.51:641][  0]LogInit: Texture streaming: Enabled
[2021.02.16-11.31.51:657][  0]LogEngineSessionManager: EngineSessionManager initialized
[2021.02.16-11.31.51:657][  0]LogEngineSessionManager: EngineSessionManager sent abnormal shutdown report. Type=Crashed, SessionId={994435AE-4AC7-FF4E-DCC5-9EB3E732480F}
[2021.02.16-11.31.51:657][  0]LogEditorSessionSummary: Verbose: Initializing EditorSessionSummaryWriter for editor session tracking
[2021.02.16-11.31.51:660][  0]LogEditorSessionSummary: EditorSessionSummaryWriter initialized
[2021.02.16-11.31.51:676][  0]LogInit: Transaction tracking system initialized
[2021.02.16-11.31.51:696][  0]BlueprintLog: New page: Editor Load
[2021.02.16-11.31.51:759][  0]LocalizationService: Localization service is disabled
[2021.02.16-11.31.51:897][  0]LogCook: Display: Max memory allowance for cook 16384mb min free memory 0mb
[2021.02.16-11.31.51:897][  0]LogCook: Display: Mobile HDR setting 1
[2021.02.16-11.31.52:011][  0]LogFileCache: Scanning file cache for directory 'C:/Users/Morgan/Desktop/UnrealAI/UnrealAI/Content/' took 0.00s
[2021.02.16-11.31.52:161][  0]SourceControl: Source control is disabled
[2021.02.16-11.31.52:161][  0]LogUnrealEdMisc: Loading editor; pre map load, took 6.240
[2021.02.16-11.31.52:161][  0]Cmd: MAP LOAD FILE="../../../../../../Users/Morgan/Desktop/UnrealAI/UnrealAI/Content/ThirdPersonCPP/Maps/ThirdPersonExampleMap.umap" TEMPLATE=0 SHOWPROGRESS=1 FEATURELEVEL=3
[2021.02.16-11.31.52:162][  0]LogEditorServer: Warning: Can't find file '../../../../../../Users/Morgan/Desktop/UnrealAI/UnrealAI/Content/ThirdPersonCPP/Maps/ThirdPersonExampleMap.umap'
[2021.02.16-11.31.52:162][  0]Cmd: MAP CHECKDEP NOCLEARLOG
[2021.02.16-11.31.52:162][  0]MapCheck: Map check complete: 0 Error(s), 0 Warning(s), took 0.164ms to complete.
[2021.02.16-11.31.52:162][  0]LogFileHelpers: Loading map 'ThirdPersonExampleMap' took 0.001
[2021.02.16-11.31.52:164][  0]LogUnrealEdMisc: Total Editor Startup Time, took 6.242
[2021.02.16-11.31.52:286][  0]LogSlate: Updating window title bar state: overlay mode, drag disabled, window buttons hidden, title bar hidden
[2021.02.16-11.31.52:291][  0]LogSlate: Updating window title bar state: overlay mode, drag disabled, window buttons hidden, title bar hidden
[2021.02.16-11.31.52:297][  0]LogSlate: Updating window title bar state: overlay mode, drag disabled, window buttons hidden, title bar hidden
[2021.02.16-11.31.52:302][  0]LogSlate: Updating window title bar state: overlay mode, drag disabled, window buttons hidden, title bar hidden
[2021.02.16-11.31.52:309][  0]LogCollectionManager: Loaded 0 collections in 0.001446 seconds
[2021.02.16-11.31.52:322][  0]LogFileCache: Scanning file cache for directory 'C:/Users/Morgan/Desktop/UnrealAI/UnrealAI/Saved/Collections/' took 0.00s
[2021.02.16-11.31.52:322][  0]LogFileCache: Scanning file cache for directory 'C:/Users/Morgan/Desktop/UnrealAI/UnrealAI/Content/Developers/Morgan/Collections/' took 0.00s
[2021.02.16-11.31.52:322][  0]LogFileCache: Scanning file cache for directory 'C:/Users/Morgan/Desktop/UnrealAI/UnrealAI/Content/Collections/' took 0.00s
[2021.02.16-11.31.52:322][  0]LogContentBrowser: Native class hierarchy populated in 0.0082 seconds. Added 3435 classes and 832 folders.
[2021.02.16-11.31.52:324][  0]LogContentBrowser: Native class hierarchy updated for 'WidgetCarousel' in 0.0003 seconds. Added 0 classes and 0 folders.
[2021.02.16-11.31.52:376][  0]LogContentBrowser: Native class hierarchy updated for 'AddContentDialog' in 0.0004 seconds. Added 0 classes and 0 folders.
[2021.02.16-11.31.52:380][  0]LogContentBrowser: Native class hierarchy updated for 'SceneOutliner' in 0.0003 seconds. Added 2 classes and 0 folders.
[2021.02.16-11.31.52:423][  0]LogSlate: Took 0.000139 seconds to synchronously load lazily loaded font '../../../Engine/Content/Slate/Fonts/Roboto-Regular.ttf' (155K)
[2021.02.16-11.31.52:427][  0]LogSlate: Took 0.000146 seconds to synchronously load lazily loaded font '../../../Engine/Content/Editor/Slate/Fonts/FontAwesome.ttf' (139K)
[2021.02.16-11.31.52:483][  0]LogRenderer: Reallocating scene render targets to support 2040x804 Format 10 NumSamples 1 (Frame:1).
[2021.02.16-11.31.52:542][  0]LogContentBrowser: Native class hierarchy updated for 'HierarchicalLODOutliner' in 0.0003 seconds. Added 0 classes and 0 folders.
[2021.02.16-11.31.52:542][  0]LogLoad: (Engine Initialization) Total time: 6.62 seconds
[2021.02.16-11.31.52:542][  0]LogLoad: (Engine Initialization) Total Blueprint compile time: 0.00 seconds
[2021.02.16-11.31.52:583][  0]LogAssetRegistry: Asset discovery search completed in 2.9925 seconds
[2021.02.16-11.31.52:587][  0]LogCollectionManager: Fixed up redirectors for 0 collections in 0.000002 seconds (updated 0 objects)
[2021.02.16-11.31.52:588][  0]LogContentStreaming: Texture pool size now 1000 MB
[2021.02.16-11.31.53:898][  4]LogSlate: Took 0.000163 seconds to synchronously load lazily loaded font '../../../Engine/Content/Slate/Fonts/Roboto-Light.ttf' (167K)
[2021.02.16-11.32.02:715][376]LogAssetEditorSubsystem: Opening Asset editor for BehaviorTree /Game/AI/AI_Fundamentals/AIFundamentalBehaviourTree.AIFundamentalBehaviourTree
[2021.02.16-11.32.02:823][376]LogSlate: Took 0.000135 seconds to synchronously load lazily loaded font '../../../Engine/Content/Slate/Fonts/Roboto-BoldCondensed.ttf' (158K)
[2021.02.16-11.32.07:703][628]LogUObjectHash: Compacting FUObjectHashTables data took   0.74ms
[2021.02.16-11.32.14:387][951]LogAssetEditorSubsystem: Opening Asset editor for World /Game/Maps/AI_01.AI_01
[2021.02.16-11.32.14:412][951]LogUObjectHash: Compacting FUObjectHashTables data took   0.72ms
[2021.02.16-11.32.14:413][951]Cmd: MAP LOAD FILE="../../../../../../Users/Morgan/Desktop/UnrealAI/UnrealAI/Content/Maps/AI_01.umap" TEMPLATE=0 SHOWPROGRESS=1 FEATURELEVEL=3
[2021.02.16-11.32.14:413][951]LightingResults: New page: Lighting Build
[2021.02.16-11.32.14:414][951]LogContentBrowser: Native class hierarchy updated for 'StatsViewer' in 0.0004 seconds. Added 6 classes and 0 folders.
[2021.02.16-11.32.14:414][951]LoadErrors: New page: Loading map: AI_01.umap
[2021.02.16-11.32.14:414][951]LogWorld: UWorld::CleanupWorld for Untitled, bSessionEnded=true, bCleanupResources=true
[2021.02.16-11.32.14:415][951]LogSlate: InvalidateAllWidgets triggered.  All widgets were invalidated
[2021.02.16-11.32.14:415][951]MapCheck: New page: Map Check
[2021.02.16-11.32.14:415][951]LightingResults: New page: Lighting Build
[2021.02.16-11.32.14:428][951]LogAISub: UAISubsystem::~UAISubsystem EnvQueryManager (000001DCCD1A5200), frame # 951
[2021.02.16-11.32.14:428][951]LogAISub: UAISubsystem::~UAISubsystem AIPerceptionSystem (000001DCCD1B9F80), frame # 951
[2021.02.16-11.32.14:429][951]LogUObjectHash: Compacting FUObjectHashTables data took   0.56ms
[2021.02.16-11.32.14:435][951]LogEditorServer: Finished looking for orphan Actors (0.000 secs)
[2021.02.16-11.32.14:435][951]LogAIModule: Creating AISystem for world AI_01
[2021.02.16-11.32.14:435][951]LogAISub: UAISubsystem::UAISubsystem EnvQueryManager (000001DCE8CC2000), frame # 951
[2021.02.16-11.32.14:435][951]LogAISub: UAISubsystem::UAISubsystem AIPerceptionSystem (000001DCE955A980), frame # 951
[2021.02.16-11.32.14:451][951]LogUObjectHash: Compacting FUObjectHashTables data took   0.56ms
[2021.02.16-11.32.14:472][951]Cmd: MAP CHECKDEP NOCLEARLOG
[2021.02.16-11.32.14:472][951]MapCheck: Map check complete: 0 Error(s), 0 Warning(s), took 0.125ms to complete.
[2021.02.16-11.32.14:472][951]LogFileHelpers: Loading map 'AI_01' took 0.059
[2021.02.16-11.32.15:817][ 15]LogAssetEditorSubsystem: Opening Asset editor for World /Game/Maps/AI_Fundamentals.AI_Fundamentals
[2021.02.16-11.32.15:833][ 15]LogUObjectHash: Compacting FUObjectHashTables data took   0.60ms
[2021.02.16-11.32.15:835][ 15]Cmd: MAP LOAD FILE="../../../../../../Users/Morgan/Desktop/UnrealAI/UnrealAI/Content/Maps/AI_Fundamentals.umap" TEMPLATE=0 SHOWPROGRESS=1 FEATURELEVEL=3
[2021.02.16-11.32.15:835][ 15]LightingResults: New page: Lighting Build
[2021.02.16-11.32.15:835][ 15]LoadErrors: New page: Loading map: AI_Fundamentals.umap
[2021.02.16-11.32.15:836][ 15]LogWorld: UWorld::CleanupWorld for AI_01, bSessionEnded=true, bCleanupResources=true
[2021.02.16-11.32.15:836][ 15]LogSlate: InvalidateAllWidgets triggered.  All widgets were invalidated
[2021.02.16-11.32.15:836][ 15]MapCheck: New page: Map Check
[2021.02.16-11.32.15:836][ 15]LightingResults: New page: Lighting Build
[2021.02.16-11.32.15:851][ 15]LogAISub: UAISubsystem::~UAISubsystem AIPerceptionSystem (000001DCE955A980), frame # 1015
[2021.02.16-11.32.15:851][ 15]LogAISub: UAISubsystem::~UAISubsystem EnvQueryManager (000001DCE8CC2000), frame # 1015
[2021.02.16-11.32.15:852][ 15]LogUObjectHash: Compacting FUObjectHashTables data took   0.67ms
[2021.02.16-11.32.15:856][ 15]LogEditorServer: Finished looking for orphan Actors (0.000 secs)
[2021.02.16-11.32.15:856][ 15]LogAIModule: Creating AISystem for world AI_Fundamentals
[2021.02.16-11.32.15:856][ 15]LogAISub: UAISubsystem::UAISubsystem EnvQueryManager (000001DCE8859200), frame # 1015
[2021.02.16-11.32.15:856][ 15]LogAISub: UAISubsystem::UAISubsystem AIPerceptionSystem (000001DCE95587C0), frame # 1015
[2021.02.16-11.32.15:871][ 15]LogUObjectHash: Compacting FUObjectHashTables data took   0.63ms
[2021.02.16-11.32.15:890][ 15]Cmd: MAP CHECKDEP NOCLEARLOG
[2021.02.16-11.32.15:890][ 15]MapCheck: Map check complete: 0 Error(s), 0 Warning(s), took 0.122ms to complete.
[2021.02.16-11.32.15:890][ 15]LogFileHelpers: Loading map 'AI_Fundamentals' took 0.056
[2021.02.16-11.32.24:484][292]LogAssetEditorSubsystem: Opening Asset editor for Blueprint /Game/AI/AI_Fundamentals/AI_FundamentalsController.AI_FundamentalsController
[2021.02.16-11.32.24:654][292]LogContentBrowser: Native class hierarchy updated for 'BlueprintGraph' in 0.0006 seconds. Added 125 classes and 0 folders.
[2021.02.16-11.32.27:306][399]LogWorld: UWorld::CleanupWorld for World_0, bSessionEnded=true, bCleanupResources=true
[2021.02.16-11.32.27:306][399]LogSlate: InvalidateAllWidgets triggered.  All widgets were invalidated
[2021.02.16-11.32.27:356][399]LogAssetEditorSubsystem: Opening Asset editor for Blueprint /Game/AI/AI_Fundamentals/AI_FundamentalsController.AI_FundamentalsController
[2021.02.16-11.33.04:462][478]LogSlate: Took 0.000176 seconds to synchronously load lazily loaded font '../../../Engine/Content/Slate/Fonts/Roboto-Italic.ttf' (157K)
[2021.02.16-11.33.11:194][849]LogSavePackage: Moving '../../../../../../Users/Morgan/Desktop/UnrealAI/UnrealAI/Saved/AI_FundamentalsControllerCA42A6044B6F2B8BB21BD188AE1CA784.tmp' to '../../../../../../Users/Morgan/Desktop/UnrealAI/UnrealAI/Content/AI/AI_Fundamentals/AI_FundamentalsController.uasset'
[2021.02.16-11.33.11:248][849]AssetCheck: New page: Asset Save: AI_FundamentalsController
[2021.02.16-11.33.11:248][849]LogContentValidation: Display: Validating Blueprint /Game/AI/AI_Fundamentals/AI_FundamentalsController.AI_FundamentalsController
[2021.02.16-11.33.24:968][667]LogSavePackage: Moving '../../../../../../Users/Morgan/Desktop/UnrealAI/UnrealAI/Saved/AI_FundamentalsController710CD1DA4844F6E6287D16A9CEE0A804.tmp' to '../../../../../../Users/Morgan/Desktop/UnrealAI/UnrealAI/Content/AI/AI_Fundamentals/AI_FundamentalsController.uasset'
[2021.02.16-11.33.25:025][667]AssetCheck: New page: Asset Save: AI_FundamentalsController
[2021.02.16-11.33.25:025][667]LogContentValidation: Display: Validating Blueprint /Game/AI/AI_Fundamentals/AI_FundamentalsController.AI_FundamentalsController
[2021.02.16-11.42.16:228][447]LogUObjectHash: Compacting FUObjectHashTables data took   2.01ms
[2021.02.16-11.42.16:230][447]LogFileHelpers: Editor autosave (incl. sublevels) for '/Game/Maps/AI_Fundamentals' took 0.027
[2021.02.16-11.42.16:231][447]OBJ SavePackage: Generating thumbnails for [0] asset(s) in package [/Game/AI/AI_Fundamentals/AI_FundamentalsController] ([1] browsable assets)...
[2021.02.16-11.42.16:231][447]OBJ SavePackage: Finished generating thumbnails for package [/Game/AI/AI_Fundamentals/AI_FundamentalsController]
[2021.02.16-11.42.16:245][447]LogSavePackage: Moving '../../../../../../Users/Morgan/Desktop/UnrealAI/UnrealAI/Saved/AI_FundamentalsController_Auto1F870D29A4EDB32393C5D9CBEAF875B83.tmp' to '../../../../../../Users/Morgan/Desktop/UnrealAI/UnrealAI/Saved/Autosaves/Game/AI/AI_Fundamentals/AI_FundamentalsController_Auto1.uasset'
[2021.02.16-11.42.16:245][447]LogFileHelpers: Auto-saving content packages took 0.015
[2021.02.16-11.44.02:003][917]LogSavePackage: Moving '../../../../../../Users/Morgan/Desktop/UnrealAI/UnrealAI/Saved/AI_FundamentalsController754A4273412359EA1C55D2BF1CF138D5.tmp' to '../../../../../../Users/Morgan/Desktop/UnrealAI/UnrealAI/Content/AI/AI_Fundamentals/AI_FundamentalsController.uasset'
[2021.02.16-11.44.02:059][917]AssetCheck: New page: Asset Save: AI_FundamentalsController
[2021.02.16-11.44.02:059][917]LogContentValidation: Display: Validating Blueprint /Game/AI/AI_Fundamentals/AI_FundamentalsController.AI_FundamentalsController
[2021.02.16-11.44.48:110][663]LogSavePackage: Moving '../../../../../../Users/Morgan/Desktop/UnrealAI/UnrealAI/Saved/AI_FundamentalsController06494E014A459AD4E1A5749AE6419DD7.tmp' to '../../../../../../Users/Morgan/Desktop/UnrealAI/UnrealAI/Content/AI/AI_Fundamentals/AI_FundamentalsController.uasset'
[2021.02.16-11.44.48:164][663]AssetCheck: New page: Asset Save: AI_FundamentalsController
[2021.02.16-11.44.48:164][663]LogContentValidation: Display: Validating Blueprint /Game/AI/AI_Fundamentals/AI_FundamentalsController.AI_FundamentalsController
[2021.02.16-11.45.05:057][641]LogSavePackage: Moving '../../../../../../Users/Morgan/Desktop/UnrealAI/UnrealAI/Saved/AI_FundamentalsController9698D4C2462757B8FA309799034B80F4.tmp' to '../../../../../../Users/Morgan/Desktop/UnrealAI/UnrealAI/Content/AI/AI_Fundamentals/AI_FundamentalsController.uasset'
[2021.02.16-11.45.05:113][641]AssetCheck: New page: Asset Save: AI_FundamentalsController
[2021.02.16-11.45.05:113][641]LogContentValidation: Display: Validating Blueprint /Game/AI/AI_Fundamentals/AI_FundamentalsController.AI_FundamentalsController
[2021.02.16-11.45.11:578][ 27]LogSavePackage: Moving '../../../../../../Users/Morgan/Desktop/UnrealAI/UnrealAI/Saved/AI_FundamentalsController70430AF54299B959F82D6DB01444FD53.tmp' to '../../../../../../Users/Morgan/Desktop/UnrealAI/UnrealAI/Content/AI/AI_Fundamentals/AI_FundamentalsController.uasset'
[2021.02.16-11.45.11:634][ 27]AssetCheck: New page: Asset Save: AI_FundamentalsController
[2021.02.16-11.45.11:634][ 27]LogContentValidation: Display: Validating Blueprint /Game/AI/AI_Fundamentals/AI_FundamentalsController.AI_FundamentalsController
[2021.02.16-11.45.20:568][564]BlueprintLog: New page: Compile AI_FundamentalsController
[2021.02.16-11.45.20:601][564]LogUObjectHash: Compacting FUObjectHashTables data took   2.15ms
[2021.02.16-11.45.20:629][564]LogSlate: Took 0.000160 seconds to synchronously load lazily loaded font '../../../Engine/Content/Slate/Fonts/DroidSansMono.ttf' (77K)
[2021.02.16-11.45.51:475][412]LogSavePackage: Moving '../../../../../../Users/Morgan/Desktop/UnrealAI/UnrealAI/Saved/AIFundamentalBehaviourTree9D49A2E745329D371DABA69BBA1B5A01.tmp' to '../../../../../../Users/Morgan/Desktop/UnrealAI/UnrealAI/Content/AI/AI_Fundamentals/AIFundamentalBehaviourTree.uasset'
[2021.02.16-11.45.51:533][412]AssetCheck: New page: Asset Save: AIFundamentalBehaviourTree
[2021.02.16-11.45.51:533][412]LogContentValidation: Display: Validating BehaviorTree /Game/AI/AI_Fundamentals/AIFundamentalBehaviourTree.AIFundamentalBehaviourTree
[2021.02.16-11.45.53:532][532]LogAssetEditorSubsystem: Opening Asset editor for Blueprint /Game/AI/AI_Fundamentals/BTTask_BlueprintBase_New.BTTask_BlueprintBase_New
[2021.02.16-11.45.53:819][532]LogPackageName: SearchForPackageOnDisk took   0.000s, but failed to resolve /Game/AI/AI_Fundamentals/BTTask_BlueprintBase_New.
[2021.02.16-11.45.55:296][621]LogWorld: UWorld::CleanupWorld for World_2, bSessionEnded=true, bCleanupResources=true
[2021.02.16-11.45.55:296][621]LogSlate: InvalidateAllWidgets triggered.  All widgets were invalidated
[2021.02.16-11.46.00:425][905]LogUObjectHash: Compacting FUObjectHashTables data took   1.83ms
[2021.02.16-11.46.00:442][905]LogSavePackage: Moving '../../../../../../Users/Morgan/Desktop/UnrealAI/UnrealAI/Saved/BTTask_BlueprintBase_New30BA887D4458797CA96192943608AEAF.tmp' to '../../../../../../Users/Morgan/Desktop/UnrealAI/UnrealAI/Content/AI/AI_Fundamentals/BTTask_BlueprintBase_New.uasset'
[2021.02.16-11.46.00:505][905]LogPackageName: SearchForPackageOnDisk took   0.000s to resolve /Game/AI/AI_Fundamentals/BTTask_BlueprintBase_New.
[2021.02.16-11.46.00:511][905]AssetCheck: New page: Asset Save: BTTask_BlueprintBase_New
[2021.02.16-11.46.00:511][905]LogContentValidation: Display: Validating Blueprint /Game/AI/AI_Fundamentals/BTTask_BlueprintBase_New.BTTask_BlueprintBase_New
[2021.02.16-11.49.23:623][ 69]LogD3D11RHI: Error: Result failed 
 at D:/Build/++UE4/Sync/Engine/Source/Runtime/Windows/D3D11RHI/Private/D3D11Query.cpp:348 
 with error DXGI_ERROR_DEVICE_REMOVED DXGI_ERROR_DRIVER_INTERNAL_ERROR
[2021.02.16-11.49.23:623][ 69]LogD3D11RHI: [Aftermath] GDynamicRHI=000001DCB3DC80C0, GDX11NVAfterMathEnabled=0, Result=0xFFFFFFFF, bDeviceActive=0
[2021.02.16-11.49.23:623][ 69]LogWindows: Windows GetLastError: The operation completed successfully. (0)
[2021.02.16-11.49.25:068][ 69]LogWindows: FPlatformMisc::RequestExit(0)
[2021.02.16-11.49.25:068][ 69]LogCore: Engine exit requested (reason: Win RequestExit)
[2021.02.16-11.49.25:068][ 69]LogWindows: FPlatformMisc::RequestExit(1)
[2021.02.16-11.49.25:068][ 69]LogCore: Engine exit requested (reason: Win RequestExit; note: exit was already requested)
[2021.02.16-11.49.25:070][ 69]Log file closed, 02/16/21 11:49:25
