Log file open, 03/01/21 17:17:03
LogInit: Display: Running engine for game: UnrealAI
LogPlatformFile: Not using cached read wrapper
LogTaskGraph: Started task graph with 5 named threads and 59 total threads with 3 sets of task threads.
LogStats: Stats thread started at 0.274875
LogD3D11RHI: Loaded GFSDK_Aftermath_Lib.x64.dll
LogICUInternationalization: ICU TimeZone Detection - Raw Offset: +0:00, Platform Override: ''
LogPluginManager: Mounting plugin Paper2D
LogPluginManager: Mounting plugin AISupport
LogPluginManager: Mounting plugin LightPropagationVolume
LogPluginManager: Mounting plugin CameraShakePreviewer
LogPluginManager: Mounting plugin ActorLayerUtilities
LogPluginManager: Mounting plugin AnimationSharing
LogPluginManager: Mounting plugin CLionSourceCodeAccess
LogPluginManager: Mounting plugin CodeLiteSourceCodeAccess
LogPluginManager: Mounting plugin GitSourceControl
LogPluginManager: Mounting plugin KDevelopSourceCodeAccess
LogPluginManager: Mounting plugin NullSourceCodeAccess
LogPluginManager: Mounting plugin PerforceSourceControl
LogPluginManager: Mounting plugin PlasticSourceControl
LogPluginManager: Mounting plugin RiderSourceCodeAccess
LogPluginManager: Mounting plugin SubversionSourceControl
LogPluginManager: Mounting plugin UObjectPlugin
LogPluginManager: Mounting plugin VisualStudioCodeSourceCodeAccess
LogPluginManager: Mounting plugin VisualStudioSourceCodeAccess
LogPluginManager: Mounting plugin XCodeSourceCodeAccess
LogPluginManager: Mounting plugin AssetManagerEditor
LogPluginManager: Mounting plugin CryptoKeys
LogPluginManager: Mounting plugin CurveEditorTools
LogPluginManager: Mounting plugin DataValidation
LogPluginManager: Mounting plugin EditorScriptingUtilities
LogPluginManager: Mounting plugin FacialAnimation
LogPluginManager: Mounting plugin GameplayTagsEditor
LogPluginManager: Mounting plugin GeometryMode
LogPluginManager: Mounting plugin MacGraphicsSwitching
LogPluginManager: Mounting plugin MaterialAnalyzer
LogPluginManager: Mounting plugin MobileLauncherProfileWizard
LogPluginManager: Mounting plugin PluginBrowser
LogPluginManager: Mounting plugin SpeedTreeImporter
LogPluginManager: Mounting plugin DatasmithContent
LogPluginManager: Mounting plugin VariantManagerContent
LogPluginManager: Mounting plugin AlembicImporter
LogPluginManager: Mounting plugin AutomationUtils
LogPluginManager: Mounting plugin BackChannel
LogPluginManager: Mounting plugin ChaosCloth
LogPluginManager: Mounting plugin ChaosClothEditor
LogPluginManager: Mounting plugin ChaosEditor
LogPluginManager: Mounting plugin ChaosNiagara
LogPluginManager: Mounting plugin ChaosSolverPlugin
LogPluginManager: Mounting plugin CharacterAI
LogPluginManager: Mounting plugin GeometryCache
LogPluginManager: Mounting plugin GeometryCollectionPlugin
LogPluginManager: Mounting plugin GeometryProcessing
LogPluginManager: Mounting plugin PlanarCut
LogPluginManager: Mounting plugin PlatformCrypto
LogPluginManager: Mounting plugin ProxyLODPlugin
LogPluginManager: Mounting plugin SkeletalReduction
LogPluginManager: Mounting plugin Niagara
LogPluginManager: Mounting plugin MagicLeap
LogPluginManager: Mounting plugin MagicLeapLightEstimation
LogPluginManager: Mounting plugin MagicLeapMedia
LogPluginManager: Mounting plugin MagicLeapPassableWorld
LogPluginManager: Mounting plugin MLSDK
LogPluginManager: Mounting plugin DarkerNodes
LogPluginManager: Mounting plugin ElectronicNodes
LogPluginManager: Mounting plugin AndroidMedia
LogPluginManager: Mounting plugin AvfMedia
LogPluginManager: Mounting plugin ImgMedia
LogPluginManager: Mounting plugin MediaCompositing
LogPluginManager: Mounting plugin MediaPlayerEditor
LogPluginManager: Mounting plugin WebMMedia
LogPluginManager: Mounting plugin WmfMedia
LogPluginManager: Mounting plugin MeshPainting
LogPluginManager: Mounting plugin TcpMessaging
LogPluginManager: Mounting plugin UdpMessaging
LogPluginManager: Mounting plugin ActorSequence
LogPluginManager: Mounting plugin LevelSequenceEditor
LogPluginManager: Mounting plugin MatineeToLevelSequence
LogPluginManager: Mounting plugin MovieRenderPipeline
LogPluginManager: Mounting plugin TemplateSequence
LogPluginManager: Mounting plugin NetcodeUnitTest
LogPluginManager: Mounting plugin NUTUnrealEngine4
LogPluginManager: Mounting plugin OnlineSubsystemGooglePlay
LogPluginManager: Mounting plugin OnlineSubsystemIOS
LogPluginManager: Mounting plugin OnlineSubsystem
LogPluginManager: Mounting plugin OnlineSubsystemNull
LogPluginManager: Mounting plugin OnlineSubsystemUtils
LogPluginManager: Mounting plugin LauncherChunkInstaller
LogPluginManager: Mounting plugin AndroidDeviceProfileSelector
LogPluginManager: Mounting plugin AndroidMoviePlayer
LogPluginManager: Mounting plugin AndroidPermission
LogPluginManager: Mounting plugin AppleImageUtils
LogPluginManager: Mounting plugin AppleMoviePlayer
LogPluginManager: Mounting plugin ArchVisCharacter
LogPluginManager: Mounting plugin AssetTags
LogPluginManager: Mounting plugin AudioCapture
LogPluginManager: Mounting plugin CableComponent
LogPluginManager: Mounting plugin CustomMeshComponent
LogPluginManager: Mounting plugin EditableMesh
LogPluginManager: Mounting plugin ExampleDeviceProfileSelector
LogPluginManager: Mounting plugin GoogleCloudMessaging
LogPluginManager: Mounting plugin GooglePAD
LogPluginManager: Mounting plugin IOSDeviceProfileSelector
LogPluginManager: Mounting plugin LinuxDeviceProfileSelector
LogPluginManager: Mounting plugin LocationServicesBPLibrary
LogPluginManager: Mounting plugin MobilePatchingUtils
LogPluginManager: Mounting plugin OculusVR
LogPluginManager: Mounting plugin PhysXVehicles
LogPluginManager: Mounting plugin PostSplashScreen
LogPluginManager: Mounting plugin ProceduralMeshComponent
LogPluginManager: Mounting plugin RuntimePhysXCooking
LogPluginManager: Mounting plugin SignificanceManager
LogPluginManager: Mounting plugin SoundFields
LogPluginManager: Mounting plugin SteamVR
LogPluginManager: Mounting plugin Synthesis
LogPluginManager: Mounting plugin WebMMoviePlayer
LogPluginManager: Mounting plugin WindowsMoviePlayer
LogPluginManager: Mounting plugin ScreenshotTools
LogInit: Using libcurl 7.55.1-DEV
LogInit:  - built for x86_64-pc-win32
LogInit:  - supports SSL with OpenSSL/1.1.1
LogInit:  - supports HTTP deflate (compression) using libz 1.2.8
LogInit:  - other features:
LogInit:      CURL_VERSION_SSL
LogInit:      CURL_VERSION_LIBZ
LogInit:      CURL_VERSION_IPV6
LogInit:      CURL_VERSION_ASYNCHDNS
LogInit:      CURL_VERSION_LARGEFILE
LogInit:      CURL_VERSION_IDN
LogInit:  CurlRequestOptions (configurable via config and command line):
LogInit:  - bVerifyPeer = true  - Libcurl will verify peer certificate
LogInit:  - bUseHttpProxy = false  - Libcurl will NOT use HTTP proxy
LogInit:  - bDontReuseConnections = false  - Libcurl will reuse connections
LogInit:  - MaxHostConnections = 16  - Libcurl will limit the number of connections to a host
LogInit:  - LocalHostAddr = Default
LogInit:  - BufferSize = 65536
LogOnline: OSS: Creating online subsystem instance for: NULL
LogInit: WinSock: version 1.1 (2.2), MaxSocks=32767, MaxUdp=65467
LogOnline: OSS: TryLoadSubsystemAndSetDefault: Loaded subsystem for module [NULL]
LogInit: Build: ++UE4+Release-4.25-CL-14469661
LogInit: Engine Version: 4.25.4-14469661+++UE4+Release-4.25
LogInit: Compatible Engine Version: 4.25.0-13144385+++UE4+Release-4.25
LogInit: Net CL: 13144385
LogInit: OS: Windows 10 (Release 2009) (), CPU: Intel(R) Core(TM) i9-10850K CPU @ 3.60GHz, GPU: NVIDIA GeForce RTX 3090
LogInit: Compiled (64-bit): Oct 11 2020 08:10:49
LogInit: Compiled with Visual C++: 19.24.28315.00
LogInit: Build Configuration: Development
LogInit: Branch Name: ++UE4+Release-4.25
LogInit: Command Line:  -skipcompile
LogInit: Base Directory: C:/Program Files/Epic Games/UE_4.25/Engine/Binaries/Win64/
LogInit: Allocator: TBB
LogInit: Installed Engine Build: 1
LogDevObjectVersion: Number of dev versions registered: 26
LogDevObjectVersion:   Dev-Blueprints (B0D832E4-1F89-4F0D-ACCF-7EB736FD4AA2): 10
LogDevObjectVersion:   Dev-Build (E1C64328-A22C-4D53-A36C-8E866417BD8C): 0
LogDevObjectVersion:   Dev-Core (375EC13C-06E4-48FB-B500-84F0262A717E): 4
LogDevObjectVersion:   Dev-Editor (E4B068ED-F494-42E9-A231-DA0B2E46BB41): 38
LogDevObjectVersion:   Dev-Framework (CFFC743F-43B0-4480-9391-14DF171D2073): 37
LogDevObjectVersion:   Dev-Mobile (B02B49B5-BB20-44E9-A304-32B752E40360): 2
LogDevObjectVersion:   Dev-Networking (A4E4105C-59A1-49B5-A7C5-40C4547EDFEE): 0
LogDevObjectVersion:   Dev-Online (39C831C9-5AE6-47DC-9A44-9C173E1C8E7C): 0
LogDevObjectVersion:   Dev-Physics (78F01B33-EBEA-4F98-B9B4-84EACCB95AA2): 4
LogDevObjectVersion:   Dev-Platform (6631380F-2D4D-43E0-8009-CF276956A95A): 0
LogDevObjectVersion:   Dev-Rendering (12F88B9F-8875-4AFC-A67C-D90C383ABD29): 43
LogDevObjectVersion:   Dev-Sequencer (7B5AE74C-D270-4C10-A958-57980B212A5A): 12
LogDevObjectVersion:   Dev-VR (D7296918-1DD6-4BDD-9DE2-64A83CC13884): 3
LogDevObjectVersion:   Dev-LoadTimes (C2A15278-BFE7-4AFE-6C17-90FF531DF755): 1
LogDevObjectVersion:   Private-Geometry (6EACA3D4-40EC-4CC1-B786-8BED09428FC5): 3
LogDevObjectVersion:   Dev-AnimPhys (29E575DD-E0A3-4627-9D10-D276232CDCEA): 17
LogDevObjectVersion:   Dev-Anim (AF43A65D-7FD3-4947-9873-3E8ED9C1BB05): 7
LogDevObjectVersion:   Dev-ReflectionCapture (6B266CEC-1EC7-4B8F-A30B-E4D90942FC07): 1
LogDevObjectVersion:   Dev-Automation (0DF73D61-A23F-47EA-B727-89E90C41499A): 1
LogDevObjectVersion:   FortniteMain (601D1886-AC64-4F84-AA16-D3DE0DEAC7D6): 31
LogDevObjectVersion:   Dev-Enterprise (9DFFBCD6-494F-0158-E221-12823C92A888): 10
LogDevObjectVersion:   Dev-Niagara (F2AED0AC-9AFE-416F-8664-AA7FFA26D6FC): 1
LogDevObjectVersion:   Dev-Destruction (174F1F0B-B4C6-45A5-B13F-2EE8D0FB917D): 10
LogDevObjectVersion:   Dev-Physics-Ext (35F94A83-E258-406C-A318-09F59610247C): 37
LogDevObjectVersion:   Dev-PhysicsMaterial-Chaos (B68FC16E-8B1B-42E2-B453-215C058844FE): 1
LogDevObjectVersion:   Dev-CineCamera (B2E18506-4273-CFC2-A54E-F4BB758BBA07): 1
LogInit: Presizing for max 25165824 objects, including 0 objects not considered by GC, pre-allocating 0 bytes for permanent pool.
LogConfig: Applying CVar settings from Section [/Script/Engine.StreamingSettings] File [C:/Users/Morgan/Desktop/UnrealAI/UnrealAI/Saved/Config/Windows/Engine.ini]
LogConfig: Setting CVar [[s.MinBulkDataSizeForAsyncLoading:131072]]
LogConfig: Setting CVar [[s.AsyncLoadingThreadEnabled:0]]
LogConfig: Setting CVar [[s.EventDrivenLoaderEnabled:1]]
LogConfig: Setting CVar [[s.WarnIfTimeLimitExceeded:0]]
LogConfig: Setting CVar [[s.TimeLimitExceededMultiplier:1.5]]
LogConfig: Setting CVar [[s.TimeLimitExceededMinTime:0.005]]
LogConfig: Setting CVar [[s.UseBackgroundLevelStreaming:1]]
LogConfig: Setting CVar [[s.PriorityAsyncLoadingExtraTime:15.0]]
LogConfig: Setting CVar [[s.LevelStreamingActorsUpdateTimeLimit:5.0]]
LogConfig: Setting CVar [[s.PriorityLevelStreamingActorsUpdateExtraTime:5.0]]
LogConfig: Setting CVar [[s.LevelStreamingComponentsRegistrationGranularity:10]]
LogConfig: Setting CVar [[s.UnregisterComponentsTimeLimit:1.0]]
LogConfig: Setting CVar [[s.LevelStreamingComponentsUnregistrationGranularity:5]]
LogConfig: Setting CVar [[s.FlushStreamingOnExit:1]]
LogInit: Object subsystem initialized
LogConfig: Setting CVar [[con.DebugEarlyDefault:1]]
LogConfig: Setting CVar [[r.setres:1280x720]]
[2021.03.01-17.17.03:388][  0]LogConfig: Setting CVar [[r.VSync:0]]
[2021.03.01-17.17.03:388][  0]LogConfig: Setting CVar [[r.RHICmdBypass:0]]
[2021.03.01-17.17.03:388][  0]LogConfig: Applying CVar settings from Section [/Script/Engine.RendererSettings] File [C:/Users/Morgan/Desktop/UnrealAI/UnrealAI/Saved/Config/Windows/Engine.ini]
[2021.03.01-17.17.03:388][  0]LogConfig: Setting CVar [[r.GPUCrashDebugging:0]]
[2021.03.01-17.17.03:388][  0]LogConfig: Applying CVar settings from Section [/Script/Engine.RendererOverrideSettings] File [C:/Users/Morgan/Desktop/UnrealAI/UnrealAI/Saved/Config/Windows/Engine.ini]
[2021.03.01-17.17.03:388][  0]LogConfig: Applying CVar settings from Section [/Script/Engine.StreamingSettings] File [C:/Users/Morgan/Desktop/UnrealAI/UnrealAI/Saved/Config/Windows/Engine.ini]
[2021.03.01-17.17.03:388][  0]LogConfig: Setting CVar [[s.MinBulkDataSizeForAsyncLoading:131072]]
[2021.03.01-17.17.03:388][  0]LogConfig: Setting CVar [[s.AsyncLoadingThreadEnabled:0]]
[2021.03.01-17.17.03:388][  0]LogConfig: Setting CVar [[s.EventDrivenLoaderEnabled:1]]
[2021.03.01-17.17.03:388][  0]LogConfig: Setting CVar [[s.WarnIfTimeLimitExceeded:0]]
[2021.03.01-17.17.03:388][  0]LogConfig: Setting CVar [[s.TimeLimitExceededMultiplier:1.5]]
[2021.03.01-17.17.03:388][  0]LogConfig: Setting CVar [[s.TimeLimitExceededMinTime:0.005]]
[2021.03.01-17.17.03:388][  0]LogConfig: Setting CVar [[s.UseBackgroundLevelStreaming:1]]
[2021.03.01-17.17.03:388][  0]LogConfig: Setting CVar [[s.PriorityAsyncLoadingExtraTime:15.0]]
[2021.03.01-17.17.03:388][  0]LogConfig: Setting CVar [[s.LevelStreamingActorsUpdateTimeLimit:5.0]]
[2021.03.01-17.17.03:388][  0]LogConfig: Setting CVar [[s.PriorityLevelStreamingActorsUpdateExtraTime:5.0]]
[2021.03.01-17.17.03:389][  0]LogConfig: Setting CVar [[s.LevelStreamingComponentsRegistrationGranularity:10]]
[2021.03.01-17.17.03:389][  0]LogConfig: Setting CVar [[s.UnregisterComponentsTimeLimit:1.0]]
[2021.03.01-17.17.03:389][  0]LogConfig: Setting CVar [[s.LevelStreamingComponentsUnregistrationGranularity:5]]
[2021.03.01-17.17.03:389][  0]LogConfig: Setting CVar [[s.FlushStreamingOnExit:1]]
[2021.03.01-17.17.03:389][  0]LogConfig: Applying CVar settings from Section [/Script/Engine.GarbageCollectionSettings] File [C:/Users/Morgan/Desktop/UnrealAI/UnrealAI/Saved/Config/Windows/Engine.ini]
[2021.03.01-17.17.03:389][  0]LogConfig: Setting CVar [[gc.MaxObjectsNotConsideredByGC:1]]
[2021.03.01-17.17.03:389][  0]LogConfig: Setting CVar [[gc.SizeOfPermanentObjectPool:0]]
[2021.03.01-17.17.03:389][  0]LogConfig: Setting CVar [[gc.FlushStreamingOnGC:0]]
[2021.03.01-17.17.03:389][  0]LogConfig: Setting CVar [[gc.NumRetriesBeforeForcingGC:10]]
[2021.03.01-17.17.03:389][  0]LogConfig: Setting CVar [[gc.AllowParallelGC:1]]
[2021.03.01-17.17.03:389][  0]LogConfig: Setting CVar [[gc.TimeBetweenPurgingPendingKillObjects:61.1]]
[2021.03.01-17.17.03:389][  0]LogConfig: Setting CVar [[gc.MaxObjectsInEditor:25165824]]
[2021.03.01-17.17.03:389][  0]LogConfig: Setting CVar [[gc.IncrementalBeginDestroyEnabled:1]]
[2021.03.01-17.17.03:389][  0]LogConfig: Setting CVar [[gc.CreateGCClusters:1]]
[2021.03.01-17.17.03:389][  0]LogConfig: Setting CVar [[gc.MinGCClusterSize:5]]
[2021.03.01-17.17.03:389][  0]LogConfig: Setting CVar [[gc.ActorClusteringEnabled:0]]
[2021.03.01-17.17.03:389][  0]LogConfig: Setting CVar [[gc.BlueprintClusteringEnabled:0]]
[2021.03.01-17.17.03:389][  0]LogConfig: Setting CVar [[gc.UseDisregardForGCOnDedicatedServers:0]]
[2021.03.01-17.17.03:389][  0]LogConfig: Applying CVar settings from Section [/Script/Engine.NetworkSettings] File [C:/Users/Morgan/Desktop/UnrealAI/UnrealAI/Saved/Config/Windows/Engine.ini]
[2021.03.01-17.17.03:389][  0]LogConfig: Applying CVar settings from Section [/Script/UnrealEd.CookerSettings] File [C:/Users/Morgan/Desktop/UnrealAI/UnrealAI/Saved/Config/Windows/Engine.ini]
[2021.03.01-17.17.03:395][  0]LogConfig: Applying CVar settings from Section [ViewDistanceQuality@3] File [C:/Users/Morgan/Desktop/UnrealAI/UnrealAI/Saved/Config/Windows/Scalability.ini]
[2021.03.01-17.17.03:395][  0]LogConfig: Setting CVar [[r.SkeletalMeshLODBias:0]]
[2021.03.01-17.17.03:395][  0]LogConfig: Setting CVar [[r.ViewDistanceScale:1.0]]
[2021.03.01-17.17.03:395][  0]LogConfig: Applying CVar settings from Section [AntiAliasingQuality@3] File [C:/Users/Morgan/Desktop/UnrealAI/UnrealAI/Saved/Config/Windows/Scalability.ini]
[2021.03.01-17.17.03:395][  0]LogConfig: Setting CVar [[r.PostProcessAAQuality:4]]
[2021.03.01-17.17.03:396][  0]LogConfig: Applying CVar settings from Section [ShadowQuality@3] File [C:/Users/Morgan/Desktop/UnrealAI/UnrealAI/Saved/Config/Windows/Scalability.ini]
[2021.03.01-17.17.03:396][  0]LogConfig: Setting CVar [[r.LightFunctionQuality:1]]
[2021.03.01-17.17.03:396][  0]LogConfig: Setting CVar [[r.ShadowQuality:5]]
[2021.03.01-17.17.03:396][  0]LogConfig: Setting CVar [[r.Shadow.CSM.MaxCascades:10]]
[2021.03.01-17.17.03:396][  0]LogConfig: Setting CVar [[r.Shadow.MaxResolution:2048]]
[2021.03.01-17.17.03:396][  0]LogConfig: Setting CVar [[r.Shadow.MaxCSMResolution:2048]]
[2021.03.01-17.17.03:396][  0]LogConfig: Setting CVar [[r.Shadow.RadiusThreshold:0.01]]
[2021.03.01-17.17.03:396][  0]LogConfig: Setting CVar [[r.Shadow.DistanceScale:1.0]]
[2021.03.01-17.17.03:396][  0]LogConfig: Setting CVar [[r.Shadow.CSM.TransitionScale:1.0]]
[2021.03.01-17.17.03:396][  0]LogConfig: Setting CVar [[r.Shadow.PreShadowResolutionFactor:1.0]]
[2021.03.01-17.17.03:396][  0]LogConfig: Setting CVar [[r.DistanceFieldShadowing:1]]
[2021.03.01-17.17.03:396][  0]LogConfig: Setting CVar [[r.DistanceFieldAO:1]]
[2021.03.01-17.17.03:396][  0]LogConfig: Setting CVar [[r.AOQuality:2]]
[2021.03.01-17.17.03:396][  0]LogConfig: Setting CVar [[r.VolumetricFog:1]]
[2021.03.01-17.17.03:396][  0]LogConfig: Setting CVar [[r.VolumetricFog.GridPixelSize:8]]
[2021.03.01-17.17.03:396][  0]LogConfig: Setting CVar [[r.VolumetricFog.GridSizeZ:128]]
[2021.03.01-17.17.03:396][  0]LogConfig: Setting CVar [[r.VolumetricFog.HistoryMissSupersampleCount:4]]
[2021.03.01-17.17.03:396][  0]LogConfig: Setting CVar [[r.LightMaxDrawDistanceScale:1]]
[2021.03.01-17.17.03:396][  0]LogConfig: Setting CVar [[r.CapsuleShadows:1]]
[2021.03.01-17.17.03:396][  0]LogConfig: Applying CVar settings from Section [PostProcessQuality@3] File [C:/Users/Morgan/Desktop/UnrealAI/UnrealAI/Saved/Config/Windows/Scalability.ini]
[2021.03.01-17.17.03:396][  0]LogConfig: Setting CVar [[r.MotionBlurQuality:4]]
[2021.03.01-17.17.03:396][  0]LogConfig: Setting CVar [[r.AmbientOcclusionMipLevelFactor:0.4]]
[2021.03.01-17.17.03:397][  0]LogConfig: Setting CVar [[r.AmbientOcclusionMaxQuality:100]]
[2021.03.01-17.17.03:397][  0]LogConfig: Setting CVar [[r.AmbientOcclusionLevels:-1]]
[2021.03.01-17.17.03:397][  0]LogConfig: Setting CVar [[r.AmbientOcclusionRadiusScale:1.0]]
[2021.03.01-17.17.03:397][  0]LogConfig: Setting CVar [[r.DepthOfFieldQuality:2]]
[2021.03.01-17.17.03:397][  0]LogConfig: Setting CVar [[r.RenderTargetPoolMin:400]]
[2021.03.01-17.17.03:397][  0]LogConfig: Setting CVar [[r.LensFlareQuality:2]]
[2021.03.01-17.17.03:397][  0]LogConfig: Setting CVar [[r.SceneColorFringeQuality:1]]
[2021.03.01-17.17.03:397][  0]LogConfig: Setting CVar [[r.EyeAdaptationQuality:2]]
[2021.03.01-17.17.03:397][  0]LogConfig: Setting CVar [[r.BloomQuality:5]]
[2021.03.01-17.17.03:397][  0]LogConfig: Setting CVar [[r.FastBlurThreshold:100]]
[2021.03.01-17.17.03:397][  0]LogConfig: Setting CVar [[r.Upscale.Quality:3]]
[2021.03.01-17.17.03:397][  0]LogConfig: Setting CVar [[r.Tonemapper.GrainQuantization:1]]
[2021.03.01-17.17.03:397][  0]LogConfig: Setting CVar [[r.LightShaftQuality:1]]
[2021.03.01-17.17.03:397][  0]LogConfig: Setting CVar [[r.Filter.SizeScale:1]]
[2021.03.01-17.17.03:397][  0]LogConfig: Setting CVar [[r.Tonemapper.Quality:5]]
[2021.03.01-17.17.03:397][  0]LogConfig: Setting CVar [[r.DOF.Gather.AccumulatorQuality:1        ; higher gathering accumulator quality]]
[2021.03.01-17.17.03:397][  0]LogConfig: Setting CVar [[r.DOF.Gather.PostfilterMethod:1          ; Median3x3 postfilering method]]
[2021.03.01-17.17.03:397][  0]LogConfig: Setting CVar [[r.DOF.Gather.EnableBokehSettings:0       ; no bokeh simulation when gathering]]
[2021.03.01-17.17.03:397][  0]LogConfig: Setting CVar [[r.DOF.Gather.RingCount:4                 ; medium number of samples when gathering]]
[2021.03.01-17.17.03:397][  0]LogConfig: Setting CVar [[r.DOF.Scatter.ForegroundCompositing:1    ; additive foreground scattering]]
[2021.03.01-17.17.03:397][  0]LogConfig: Setting CVar [[r.DOF.Scatter.BackgroundCompositing:2    ; additive background scattering]]
[2021.03.01-17.17.03:397][  0]LogConfig: Setting CVar [[r.DOF.Scatter.EnableBokehSettings:1      ; bokeh simulation when scattering]]
[2021.03.01-17.17.03:397][  0]LogConfig: Setting CVar [[r.DOF.Scatter.MaxSpriteRatio:0.1         ; only a maximum of 10% of scattered bokeh]]
[2021.03.01-17.17.03:398][  0]LogConfig: Setting CVar [[r.DOF.Recombine.Quality:1                ; cheap slight out of focus]]
[2021.03.01-17.17.03:398][  0]LogConfig: Setting CVar [[r.DOF.Recombine.EnableBokehSettings:0    ; no bokeh simulation on slight out of focus]]
[2021.03.01-17.17.03:398][  0]LogConfig: Setting CVar [[r.DOF.TemporalAAQuality:1                ; more stable temporal accumulation]]
[2021.03.01-17.17.03:398][  0]LogConfig: Setting CVar [[r.DOF.Kernel.MaxForegroundRadius:0.025]]
[2021.03.01-17.17.03:398][  0]LogConfig: Setting CVar [[r.DOF.Kernel.MaxBackgroundRadius:0.025]]
[2021.03.01-17.17.03:398][  0]LogConfig: Applying CVar settings from Section [TextureQuality@3] File [C:/Users/Morgan/Desktop/UnrealAI/UnrealAI/Saved/Config/Windows/Scalability.ini]
[2021.03.01-17.17.03:398][  0]LogConfig: Setting CVar [[r.Streaming.MipBias:0]]
[2021.03.01-17.17.03:398][  0]LogConfig: Setting CVar [[r.Streaming.AmortizeCPUToGPUCopy:0]]
[2021.03.01-17.17.03:398][  0]LogConfig: Setting CVar [[r.Streaming.MaxNumTexturesToStreamPerFrame:0]]
[2021.03.01-17.17.03:398][  0]LogConfig: Setting CVar [[r.Streaming.Boost:1]]
[2021.03.01-17.17.03:398][  0]LogConfig: Setting CVar [[r.MaxAnisotropy:8]]
[2021.03.01-17.17.03:398][  0]LogConfig: Setting CVar [[r.VT.MaxAnisotropy:8]]
[2021.03.01-17.17.03:398][  0]LogConfig: Setting CVar [[r.Streaming.LimitPoolSizeToVRAM:0]]
[2021.03.01-17.17.03:398][  0]LogConfig: Setting CVar [[r.Streaming.PoolSize:1000]]
[2021.03.01-17.17.03:398][  0]LogConfig: Setting CVar [[r.Streaming.MaxEffectiveScreenSize:0]]
[2021.03.01-17.17.03:398][  0]LogConfig: Applying CVar settings from Section [EffectsQuality@3] File [C:/Users/Morgan/Desktop/UnrealAI/UnrealAI/Saved/Config/Windows/Scalability.ini]
[2021.03.01-17.17.03:398][  0]LogConfig: Setting CVar [[r.TranslucencyLightingVolumeDim:64]]
[2021.03.01-17.17.03:398][  0]LogConfig: Setting CVar [[r.RefractionQuality:2]]
[2021.03.01-17.17.03:398][  0]LogConfig: Setting CVar [[r.SSR.Quality:3]]
[2021.03.01-17.17.03:398][  0]LogConfig: Setting CVar [[r.SSR.HalfResSceneColor:0]]
[2021.03.01-17.17.03:398][  0]LogConfig: Setting CVar [[r.SceneColorFormat:4]]
[2021.03.01-17.17.03:398][  0]LogConfig: Setting CVar [[r.DetailMode:2]]
[2021.03.01-17.17.03:398][  0]LogConfig: Setting CVar [[r.TranslucencyVolumeBlur:1]]
[2021.03.01-17.17.03:399][  0]LogConfig: Setting CVar [[r.MaterialQualityLevel:1 ; High quality]]
[2021.03.01-17.17.03:399][  0]LogConfig: Setting CVar [[r.SSS.Scale:1]]
[2021.03.01-17.17.03:399][  0]LogConfig: Setting CVar [[r.SSS.SampleSet:2]]
[2021.03.01-17.17.03:399][  0]LogConfig: Setting CVar [[r.SSS.Quality:1]]
[2021.03.01-17.17.03:399][  0]LogConfig: Setting CVar [[r.SSS.HalfRes:0]]
[2021.03.01-17.17.03:399][  0]LogConfig: Setting CVar [[r.SSGI.Quality:3]]
[2021.03.01-17.17.03:399][  0]LogConfig: Setting CVar [[r.EmitterSpawnRateScale:1.0]]
[2021.03.01-17.17.03:399][  0]LogConfig: Setting CVar [[r.ParticleLightQuality:2]]
[2021.03.01-17.17.03:399][  0]LogConfig: Setting CVar [[r.SkyAtmosphere.AerialPerspectiveLUT.FastApplyOnOpaque:1 ; Always have FastSkyLUT 1 in this case to avoid wrong sky]]
[2021.03.01-17.17.03:399][  0]LogConfig: Setting CVar [[r.SkyAtmosphere.AerialPerspectiveLUT.SampleCountPerSlice:1]]
[2021.03.01-17.17.03:399][  0]LogConfig: Setting CVar [[r.SkyAtmosphere.AerialPerspectiveLUT.DepthResolution:16.0]]
[2021.03.01-17.17.03:399][  0]LogConfig: Setting CVar [[r.SkyAtmosphere.FastSkyLUT:1]]
[2021.03.01-17.17.03:399][  0]LogConfig: Setting CVar [[r.SkyAtmosphere.FastSkyLUT.SampleCountMin:4.0]]
[2021.03.01-17.17.03:399][  0]LogConfig: Setting CVar [[r.SkyAtmosphere.FastSkyLUT.SampleCountMax:32.0]]
[2021.03.01-17.17.03:399][  0]LogConfig: Setting CVar [[r.SkyAtmosphere.SampleCountMin:4.0]]
[2021.03.01-17.17.03:399][  0]LogConfig: Setting CVar [[r.SkyAtmosphere.SampleCountMax:32.0]]
[2021.03.01-17.17.03:399][  0]LogConfig: Setting CVar [[r.SkyAtmosphere.TransmittanceLUT.UseSmallFormat:0]]
[2021.03.01-17.17.03:399][  0]LogConfig: Setting CVar [[r.SkyAtmosphere.TransmittanceLUT.SampleCount:10.0]]
[2021.03.01-17.17.03:399][  0]LogConfig: Setting CVar [[r.SkyAtmosphere.MultiScatteringLUT.SampleCount:15.0]]
[2021.03.01-17.17.03:399][  0]LogConfig: Applying CVar settings from Section [FoliageQuality@3] File [C:/Users/Morgan/Desktop/UnrealAI/UnrealAI/Saved/Config/Windows/Scalability.ini]
[2021.03.01-17.17.03:399][  0]LogConfig: Setting CVar [[foliage.DensityScale:1.0]]
[2021.03.01-17.17.03:399][  0]LogConfig: Setting CVar [[grass.DensityScale:1.0]]
[2021.03.01-17.17.03:399][  0]LogConfig: Applying CVar settings from Section [ShadingQuality@3] File [C:/Users/Morgan/Desktop/UnrealAI/UnrealAI/Saved/Config/Windows/Scalability.ini]
[2021.03.01-17.17.03:399][  0]LogConfig: Setting CVar [[r.HairStrands.SkyLighting.SampleCount:16]]
[2021.03.01-17.17.03:400][  0]LogConfig: Setting CVar [[r.HairStrands.SkyLighting.JitterIntegration:0]]
[2021.03.01-17.17.03:400][  0]LogConfig: Setting CVar [[r.HairStrands.SkyAO.SampleCount:16]]
[2021.03.01-17.17.03:400][  0]LogConfig: Setting CVar [[r.HairStrands.DeepShadow.SuperSampling:0]]
[2021.03.01-17.17.03:400][  0]LogConfig: Setting CVar [[r.HairStrands.VisibilityPPLL:0]]
[2021.03.01-17.17.03:400][  0]LogConfig: Setting CVar [[r.HairStrands.RasterizationScale:0.5]]
[2021.03.01-17.17.03:400][  0]LogConfig: Setting CVar [[r.HairStrands.VelocityRasterizationScale:1]]
[2021.03.01-17.17.03:400][  0]LogInit: Selected Device Profile: [Windows]
[2021.03.01-17.17.03:400][  0]LogInit: Applying CVar settings loaded from the selected device profile: [Windows]
[2021.03.01-17.17.03:400][  0]LogHAL: Display: Platform has ~ 32 GB [34252365824 / 34359738368 / 32], which maps to Largest [LargestMinGB=32, LargerMinGB=12, DefaultMinGB=8, SmallerMinGB=6, SmallestMinGB=0)
[2021.03.01-17.17.03:400][  0]LogInit: Going up to parent DeviceProfile []
[2021.03.01-17.17.03:400][  0]LogConfig: Applying CVar settings from Section [ViewDistanceQuality@3] File [C:/Users/Morgan/Desktop/UnrealAI/UnrealAI/Saved/Config/Windows/Scalability.ini]
[2021.03.01-17.17.03:400][  0]LogConfig: Setting CVar [[r.SkeletalMeshLODBias:0]]
[2021.03.01-17.17.03:400][  0]LogConfig: Setting CVar [[r.ViewDistanceScale:1.0]]
[2021.03.01-17.17.03:400][  0]LogConfig: Applying CVar settings from Section [AntiAliasingQuality@3] File [C:/Users/Morgan/Desktop/UnrealAI/UnrealAI/Saved/Config/Windows/Scalability.ini]
[2021.03.01-17.17.03:400][  0]LogConfig: Setting CVar [[r.PostProcessAAQuality:4]]
[2021.03.01-17.17.03:400][  0]LogConfig: Applying CVar settings from Section [ShadowQuality@3] File [C:/Users/Morgan/Desktop/UnrealAI/UnrealAI/Saved/Config/Windows/Scalability.ini]
[2021.03.01-17.17.03:400][  0]LogConfig: Setting CVar [[r.LightFunctionQuality:1]]
[2021.03.01-17.17.03:400][  0]LogConfig: Setting CVar [[r.ShadowQuality:5]]
[2021.03.01-17.17.03:400][  0]LogConfig: Setting CVar [[r.Shadow.CSM.MaxCascades:10]]
[2021.03.01-17.17.03:400][  0]LogConfig: Setting CVar [[r.Shadow.MaxResolution:2048]]
[2021.03.01-17.17.03:400][  0]LogConfig: Setting CVar [[r.Shadow.MaxCSMResolution:2048]]
[2021.03.01-17.17.03:400][  0]LogConfig: Setting CVar [[r.Shadow.RadiusThreshold:0.01]]
[2021.03.01-17.17.03:400][  0]LogConfig: Setting CVar [[r.Shadow.DistanceScale:1.0]]
[2021.03.01-17.17.03:401][  0]LogConfig: Setting CVar [[r.Shadow.CSM.TransitionScale:1.0]]
[2021.03.01-17.17.03:401][  0]LogConfig: Setting CVar [[r.Shadow.PreShadowResolutionFactor:1.0]]
[2021.03.01-17.17.03:401][  0]LogConfig: Setting CVar [[r.DistanceFieldShadowing:1]]
[2021.03.01-17.17.03:401][  0]LogConfig: Setting CVar [[r.DistanceFieldAO:1]]
[2021.03.01-17.17.03:401][  0]LogConfig: Setting CVar [[r.AOQuality:2]]
[2021.03.01-17.17.03:401][  0]LogConfig: Setting CVar [[r.VolumetricFog:1]]
[2021.03.01-17.17.03:401][  0]LogConfig: Setting CVar [[r.VolumetricFog.GridPixelSize:8]]
[2021.03.01-17.17.03:401][  0]LogConfig: Setting CVar [[r.VolumetricFog.GridSizeZ:128]]
[2021.03.01-17.17.03:401][  0]LogConfig: Setting CVar [[r.VolumetricFog.HistoryMissSupersampleCount:4]]
[2021.03.01-17.17.03:401][  0]LogConfig: Setting CVar [[r.LightMaxDrawDistanceScale:1]]
[2021.03.01-17.17.03:401][  0]LogConfig: Setting CVar [[r.CapsuleShadows:1]]
[2021.03.01-17.17.03:401][  0]LogConfig: Applying CVar settings from Section [PostProcessQuality@3] File [C:/Users/Morgan/Desktop/UnrealAI/UnrealAI/Saved/Config/Windows/Scalability.ini]
[2021.03.01-17.17.03:401][  0]LogConfig: Setting CVar [[r.MotionBlurQuality:4]]
[2021.03.01-17.17.03:401][  0]LogConfig: Setting CVar [[r.AmbientOcclusionMipLevelFactor:0.4]]
[2021.03.01-17.17.03:401][  0]LogConfig: Setting CVar [[r.AmbientOcclusionMaxQuality:100]]
[2021.03.01-17.17.03:401][  0]LogConfig: Setting CVar [[r.AmbientOcclusionLevels:-1]]
[2021.03.01-17.17.03:401][  0]LogConfig: Setting CVar [[r.AmbientOcclusionRadiusScale:1.0]]
[2021.03.01-17.17.03:401][  0]LogConfig: Setting CVar [[r.DepthOfFieldQuality:2]]
[2021.03.01-17.17.03:401][  0]LogConfig: Setting CVar [[r.RenderTargetPoolMin:400]]
[2021.03.01-17.17.03:401][  0]LogConfig: Setting CVar [[r.LensFlareQuality:2]]
[2021.03.01-17.17.03:401][  0]LogConfig: Setting CVar [[r.SceneColorFringeQuality:1]]
[2021.03.01-17.17.03:401][  0]LogConfig: Setting CVar [[r.EyeAdaptationQuality:2]]
[2021.03.01-17.17.03:401][  0]LogConfig: Setting CVar [[r.BloomQuality:5]]
[2021.03.01-17.17.03:401][  0]LogConfig: Setting CVar [[r.FastBlurThreshold:100]]
[2021.03.01-17.17.03:402][  0]LogConfig: Setting CVar [[r.Upscale.Quality:3]]
[2021.03.01-17.17.03:402][  0]LogConfig: Setting CVar [[r.Tonemapper.GrainQuantization:1]]
[2021.03.01-17.17.03:402][  0]LogConfig: Setting CVar [[r.LightShaftQuality:1]]
[2021.03.01-17.17.03:402][  0]LogConfig: Setting CVar [[r.Filter.SizeScale:1]]
[2021.03.01-17.17.03:402][  0]LogConfig: Setting CVar [[r.Tonemapper.Quality:5]]
[2021.03.01-17.17.03:402][  0]LogConfig: Setting CVar [[r.DOF.Gather.AccumulatorQuality:1        ; higher gathering accumulator quality]]
[2021.03.01-17.17.03:402][  0]LogConfig: Setting CVar [[r.DOF.Gather.PostfilterMethod:1          ; Median3x3 postfilering method]]
[2021.03.01-17.17.03:402][  0]LogConfig: Setting CVar [[r.DOF.Gather.EnableBokehSettings:0       ; no bokeh simulation when gathering]]
[2021.03.01-17.17.03:402][  0]LogConfig: Setting CVar [[r.DOF.Gather.RingCount:4                 ; medium number of samples when gathering]]
[2021.03.01-17.17.03:402][  0]LogConfig: Setting CVar [[r.DOF.Scatter.ForegroundCompositing:1    ; additive foreground scattering]]
[2021.03.01-17.17.03:402][  0]LogConfig: Setting CVar [[r.DOF.Scatter.BackgroundCompositing:2    ; additive background scattering]]
[2021.03.01-17.17.03:402][  0]LogConfig: Setting CVar [[r.DOF.Scatter.EnableBokehSettings:1      ; bokeh simulation when scattering]]
[2021.03.01-17.17.03:402][  0]LogConfig: Setting CVar [[r.DOF.Scatter.MaxSpriteRatio:0.1         ; only a maximum of 10% of scattered bokeh]]
[2021.03.01-17.17.03:402][  0]LogConfig: Setting CVar [[r.DOF.Recombine.Quality:1                ; cheap slight out of focus]]
[2021.03.01-17.17.03:402][  0]LogConfig: Setting CVar [[r.DOF.Recombine.EnableBokehSettings:0    ; no bokeh simulation on slight out of focus]]
[2021.03.01-17.17.03:402][  0]LogConfig: Setting CVar [[r.DOF.TemporalAAQuality:1                ; more stable temporal accumulation]]
[2021.03.01-17.17.03:402][  0]LogConfig: Setting CVar [[r.DOF.Kernel.MaxForegroundRadius:0.025]]
[2021.03.01-17.17.03:402][  0]LogConfig: Setting CVar [[r.DOF.Kernel.MaxBackgroundRadius:0.025]]
[2021.03.01-17.17.03:402][  0]LogConfig: Applying CVar settings from Section [TextureQuality@3] File [C:/Users/Morgan/Desktop/UnrealAI/UnrealAI/Saved/Config/Windows/Scalability.ini]
[2021.03.01-17.17.03:402][  0]LogConfig: Setting CVar [[r.Streaming.MipBias:0]]
[2021.03.01-17.17.03:402][  0]LogConfig: Setting CVar [[r.Streaming.AmortizeCPUToGPUCopy:0]]
[2021.03.01-17.17.03:402][  0]LogConfig: Setting CVar [[r.Streaming.MaxNumTexturesToStreamPerFrame:0]]
[2021.03.01-17.17.03:402][  0]LogConfig: Setting CVar [[r.Streaming.Boost:1]]
[2021.03.01-17.17.03:402][  0]LogConfig: Setting CVar [[r.MaxAnisotropy:8]]
[2021.03.01-17.17.03:402][  0]LogConfig: Setting CVar [[r.VT.MaxAnisotropy:8]]
[2021.03.01-17.17.03:403][  0]LogConfig: Setting CVar [[r.Streaming.LimitPoolSizeToVRAM:0]]
[2021.03.01-17.17.03:403][  0]LogConfig: Setting CVar [[r.Streaming.PoolSize:1000]]
[2021.03.01-17.17.03:403][  0]LogConfig: Setting CVar [[r.Streaming.MaxEffectiveScreenSize:0]]
[2021.03.01-17.17.03:403][  0]LogConfig: Applying CVar settings from Section [EffectsQuality@3] File [C:/Users/Morgan/Desktop/UnrealAI/UnrealAI/Saved/Config/Windows/Scalability.ini]
[2021.03.01-17.17.03:403][  0]LogConfig: Setting CVar [[r.TranslucencyLightingVolumeDim:64]]
[2021.03.01-17.17.03:403][  0]LogConfig: Setting CVar [[r.RefractionQuality:2]]
[2021.03.01-17.17.03:403][  0]LogConfig: Setting CVar [[r.SSR.Quality:3]]
[2021.03.01-17.17.03:403][  0]LogConfig: Setting CVar [[r.SSR.HalfResSceneColor:0]]
[2021.03.01-17.17.03:403][  0]LogConfig: Setting CVar [[r.SceneColorFormat:4]]
[2021.03.01-17.17.03:403][  0]LogConfig: Setting CVar [[r.DetailMode:2]]
[2021.03.01-17.17.03:403][  0]LogConfig: Setting CVar [[r.TranslucencyVolumeBlur:1]]
[2021.03.01-17.17.03:403][  0]LogConfig: Setting CVar [[r.MaterialQualityLevel:1 ; High quality]]
[2021.03.01-17.17.03:403][  0]LogConfig: Setting CVar [[r.SSS.Scale:1]]
[2021.03.01-17.17.03:403][  0]LogConfig: Setting CVar [[r.SSS.SampleSet:2]]
[2021.03.01-17.17.03:403][  0]LogConfig: Setting CVar [[r.SSS.Quality:1]]
[2021.03.01-17.17.03:403][  0]LogConfig: Setting CVar [[r.SSS.HalfRes:0]]
[2021.03.01-17.17.03:403][  0]LogConfig: Setting CVar [[r.SSGI.Quality:3]]
[2021.03.01-17.17.03:403][  0]LogConfig: Setting CVar [[r.EmitterSpawnRateScale:1.0]]
[2021.03.01-17.17.03:403][  0]LogConfig: Setting CVar [[r.ParticleLightQuality:2]]
[2021.03.01-17.17.03:403][  0]LogConfig: Setting CVar [[r.SkyAtmosphere.AerialPerspectiveLUT.FastApplyOnOpaque:1 ; Always have FastSkyLUT 1 in this case to avoid wrong sky]]
[2021.03.01-17.17.03:403][  0]LogConfig: Setting CVar [[r.SkyAtmosphere.AerialPerspectiveLUT.SampleCountPerSlice:1]]
[2021.03.01-17.17.03:403][  0]LogConfig: Setting CVar [[r.SkyAtmosphere.AerialPerspectiveLUT.DepthResolution:16.0]]
[2021.03.01-17.17.03:403][  0]LogConfig: Setting CVar [[r.SkyAtmosphere.FastSkyLUT:1]]
[2021.03.01-17.17.03:403][  0]LogConfig: Setting CVar [[r.SkyAtmosphere.FastSkyLUT.SampleCountMin:4.0]]
[2021.03.01-17.17.03:403][  0]LogConfig: Setting CVar [[r.SkyAtmosphere.FastSkyLUT.SampleCountMax:32.0]]
[2021.03.01-17.17.03:404][  0]LogConfig: Setting CVar [[r.SkyAtmosphere.SampleCountMin:4.0]]
[2021.03.01-17.17.03:404][  0]LogConfig: Setting CVar [[r.SkyAtmosphere.SampleCountMax:32.0]]
[2021.03.01-17.17.03:404][  0]LogConfig: Setting CVar [[r.SkyAtmosphere.TransmittanceLUT.UseSmallFormat:0]]
[2021.03.01-17.17.03:404][  0]LogConfig: Setting CVar [[r.SkyAtmosphere.TransmittanceLUT.SampleCount:10.0]]
[2021.03.01-17.17.03:404][  0]LogConfig: Setting CVar [[r.SkyAtmosphere.MultiScatteringLUT.SampleCount:15.0]]
[2021.03.01-17.17.03:404][  0]LogConfig: Applying CVar settings from Section [FoliageQuality@3] File [C:/Users/Morgan/Desktop/UnrealAI/UnrealAI/Saved/Config/Windows/Scalability.ini]
[2021.03.01-17.17.03:404][  0]LogConfig: Setting CVar [[foliage.DensityScale:1.0]]
[2021.03.01-17.17.03:404][  0]LogConfig: Setting CVar [[grass.DensityScale:1.0]]
[2021.03.01-17.17.03:404][  0]LogConfig: Applying CVar settings from Section [ShadingQuality@3] File [C:/Users/Morgan/Desktop/UnrealAI/UnrealAI/Saved/Config/Windows/Scalability.ini]
[2021.03.01-17.17.03:404][  0]LogConfig: Setting CVar [[r.HairStrands.SkyLighting.SampleCount:16]]
[2021.03.01-17.17.03:404][  0]LogConfig: Setting CVar [[r.HairStrands.SkyLighting.JitterIntegration:0]]
[2021.03.01-17.17.03:404][  0]LogConfig: Setting CVar [[r.HairStrands.SkyAO.SampleCount:16]]
[2021.03.01-17.17.03:404][  0]LogConfig: Setting CVar [[r.HairStrands.DeepShadow.SuperSampling:0]]
[2021.03.01-17.17.03:404][  0]LogConfig: Setting CVar [[r.HairStrands.VisibilityPPLL:0]]
[2021.03.01-17.17.03:404][  0]LogConfig: Setting CVar [[r.HairStrands.RasterizationScale:0.5]]
[2021.03.01-17.17.03:404][  0]LogConfig: Setting CVar [[r.HairStrands.VelocityRasterizationScale:1]]
[2021.03.01-17.17.03:404][  0]LogConfig: Applying CVar settings from Section [Startup] File [../../../Engine/Config/ConsoleVariables.ini]
[2021.03.01-17.17.03:404][  0]LogConfig: Setting CVar [[net.UseAdaptiveNetUpdateFrequency:0]]
[2021.03.01-17.17.03:404][  0]LogConfig: Setting CVar [[p.chaos.AllowCreatePhysxBodies:1]]
[2021.03.01-17.17.03:404][  0]LogConfig: Setting CVar [[fx.SkipVectorVMBackendOptimizations:1]]
[2021.03.01-17.17.03:405][  0]LogConfig: Applying CVar settings from Section [ConsoleVariables] File [C:/Users/Morgan/Desktop/UnrealAI/UnrealAI/Saved/Config/Windows/Engine.ini]
[2021.03.01-17.17.03:405][  0]LogInit: Computer: DESKTOP-A1LV5LA
[2021.03.01-17.17.03:405][  0]LogInit: User: Morgan
[2021.03.01-17.17.03:405][  0]LogInit: CPU Page size=4096, Cores=10
[2021.03.01-17.17.03:405][  0]LogInit: High frequency timer resolution =10.000000 MHz
[2021.03.01-17.17.03:405][  0]LogMemory: Memory total: Physical=31.9GB (32GB approx)
[2021.03.01-17.17.03:405][  0]LogMemory: Platform Memory Stats for Windows
[2021.03.01-17.17.03:405][  0]LogMemory: Process Physical Memory: 118.36 MB used, 118.36 MB peak
[2021.03.01-17.17.03:405][  0]LogMemory: Process Virtual Memory: 103.88 MB used, 103.88 MB peak
[2021.03.01-17.17.03:405][  0]LogMemory: Physical Memory: 10720.41 MB used,  21945.20 MB free, 32665.60 MB total
[2021.03.01-17.17.03:405][  0]LogMemory: Virtual Memory: 5214.14 MB used,  134212512.00 MB free, 134217728.00 MB total
[2021.03.01-17.17.03:412][  0]LogWindows: WindowsPlatformFeatures enabled
[2021.03.01-17.17.03:587][  0]LogInit: Physics initialised using underlying interface: PhysX
[2021.03.01-17.17.03:588][  0]LogInit: Using OS detected language (en-GB).
[2021.03.01-17.17.03:588][  0]LogInit: Using OS detected locale (en-GB).
[2021.03.01-17.17.03:595][  0]LogTextLocalizationManager: No specific localization for 'en-GB' exists, so the 'en' localization will be used.
[2021.03.01-17.17.03:746][  0]LogInit: Setting process to per monitor DPI aware
[2021.03.01-17.17.03:797][  0]LogSlate: New Slate User Created.  User Index 0, Is Virtual User: 0
[2021.03.01-17.17.03:797][  0]LogSlate: Slate User Registered.  User Index 0, Is Virtual User: 0
[2021.03.01-17.17.03:940][  0]LogHMD: Failed to initialize OpenVR with code 110
[2021.03.01-17.17.03:940][  0]LogD3D11RHI: D3D11 min allowed feature level: 11_0
[2021.03.01-17.17.03:940][  0]LogD3D11RHI: D3D11 max allowed feature level: 11_0
[2021.03.01-17.17.03:940][  0]LogD3D11RHI: D3D11 adapters:
[2021.03.01-17.17.04:054][  0]LogD3D11RHI:    0. 'NVIDIA GeForce RTX 3090' (Feature Level 11_0)
[2021.03.01-17.17.04:054][  0]LogD3D11RHI:       24348/0/16332 MB DedicatedVideo/DedicatedSystem/SharedSystem, Outputs:2, VendorId:0x10de
[2021.03.01-17.17.04:058][  0]LogD3D11RHI:    1. 'Microsoft Basic Render Driver' (Feature Level 11_0)
[2021.03.01-17.17.04:058][  0]LogD3D11RHI:       0/0/16332 MB DedicatedVideo/DedicatedSystem/SharedSystem, Outputs:0, VendorId:0x1414
[2021.03.01-17.17.04:058][  0]LogD3D11RHI: Chosen D3D11 Adapter: 0
[2021.03.01-17.17.04:064][  0]LogD3D11RHI: Creating new Direct3DDevice
[2021.03.01-17.17.04:064][  0]LogD3D11RHI:     GPU DeviceId: 0x2204 (for the marketing name, search the web for "GPU Device Id")
[2021.03.01-17.17.04:064][  0]LogWindows: EnumDisplayDevices:
[2021.03.01-17.17.04:064][  0]LogWindows:    0. 'NVIDIA GeForce RTX 3090' (P:1 D:1)
[2021.03.01-17.17.04:065][  0]LogWindows:    1. 'NVIDIA GeForce RTX 3090' (P:0 D:1)
[2021.03.01-17.17.04:065][  0]LogWindows:    2. 'NVIDIA GeForce RTX 3090' (P:0 D:0)
[2021.03.01-17.17.04:065][  0]LogWindows:    3. 'NVIDIA GeForce RTX 3090' (P:0 D:0)
[2021.03.01-17.17.04:065][  0]LogWindows: DebugString: FoundDriverCount:4 
[2021.03.01-17.17.04:066][  0]LogD3D11RHI:     Adapter Name: NVIDIA GeForce RTX 3090
[2021.03.01-17.17.04:066][  0]LogD3D11RHI:   Driver Version: 461.40 (internal:27.21.14.6140, unified:461.40)
[2021.03.01-17.17.04:066][  0]LogD3D11RHI:      Driver Date: 1-22-2021
[2021.03.01-17.17.04:066][  0]LogRHI: Texture pool is 17043 MB (70% of 24348 MB)
[2021.03.01-17.17.04:183][  0]LogD3D11RHI: RHI has support for 64 bit atomics
[2021.03.01-17.17.04:183][  0]LogD3D11RHI: Async texture creation enabled
[2021.03.01-17.17.04:183][  0]LogD3D11RHI: Array index from any shader is supported
[2021.03.01-17.17.04:198][  0]LogD3D11RHI: GPU Timing Frequency: 1000.000000 (Debug: 2 1)
[2021.03.01-17.17.04:518][  0]LogTargetPlatformManager: Display: Loaded TargetPlatform 'AllDesktop'
[2021.03.01-17.17.04:539][  0]LogTargetPlatformManager: Display: Loaded TargetPlatform 'Android'
[2021.03.01-17.17.04:539][  0]LogTargetPlatformManager: Display: Loaded TargetPlatform 'Android_ASTC'
[2021.03.01-17.17.04:540][  0]LogTargetPlatformManager: Display: Loaded TargetPlatform 'Android_DXT'
[2021.03.01-17.17.04:540][  0]LogTargetPlatformManager: Display: Loaded TargetPlatform 'Android_ETC2'
[2021.03.01-17.17.04:540][  0]LogTargetPlatformManager: Display: Loaded TargetPlatform 'AndroidClient'
[2021.03.01-17.17.04:540][  0]LogTargetPlatformManager: Display: Loaded TargetPlatform 'Android_ASTCClient'
[2021.03.01-17.17.04:540][  0]LogTargetPlatformManager: Display: Loaded TargetPlatform 'Android_DXTClient'
[2021.03.01-17.17.04:540][  0]LogTargetPlatformManager: Display: Loaded TargetPlatform 'Android_ETC2Client'
[2021.03.01-17.17.04:540][  0]LogTargetPlatformManager: Display: Loaded TargetPlatform 'Android_Multi'
[2021.03.01-17.17.04:540][  0]LogTargetPlatformManager: Display: Loaded TargetPlatform 'Android_MultiClient'
[2021.03.01-17.17.04:568][  0]LogTargetPlatformManager: Display: Loaded TargetPlatform 'IOSClient'
[2021.03.01-17.17.04:568][  0]LogTargetPlatformManager: Display: Loaded TargetPlatform 'IOS'
[2021.03.01-17.17.04:580][  0]LogTargetPlatformManager: Display: Loaded TargetPlatform 'Linux'
[2021.03.01-17.17.04:591][  0]LogTargetPlatformManager: Display: Loaded TargetPlatform 'LinuxNoEditor'
[2021.03.01-17.17.04:601][  0]LogTargetPlatformManager: Display: Loaded TargetPlatform 'LinuxClient'
[2021.03.01-17.17.04:611][  0]LogTargetPlatformManager: Display: Loaded TargetPlatform 'LinuxServer'
[2021.03.01-17.17.04:621][  0]LogTargetPlatformManager: Display: Loaded TargetPlatform 'LinuxAArch64NoEditor'
[2021.03.01-17.17.04:632][  0]LogTargetPlatformManager: Display: Loaded TargetPlatform 'LinuxAArch64Client'
[2021.03.01-17.17.04:642][  0]LogTargetPlatformManager: Display: Loaded TargetPlatform 'LinuxAArch64Server'
[2021.03.01-17.17.04:669][  0]LogTargetPlatformManager: Display: Loaded TargetPlatform 'Lumin'
[2021.03.01-17.17.04:669][  0]LogTargetPlatformManager: Display: Loaded TargetPlatform 'LuminClient'
[2021.03.01-17.17.04:686][  0]LogTargetPlatformManager: Display: Loaded TargetPlatform 'TVOSClient'
[2021.03.01-17.17.04:686][  0]LogTargetPlatformManager: Display: Loaded TargetPlatform 'TVOS'
[2021.03.01-17.17.04:696][  0]LogTargetPlatformManager: Display: Loaded TargetPlatform 'WindowsNoEditor'
[2021.03.01-17.17.04:707][  0]LogTargetPlatformManager: Display: Loaded TargetPlatform 'Windows'
[2021.03.01-17.17.04:718][  0]LogTargetPlatformManager: Display: Loaded TargetPlatform 'WindowsClient'
[2021.03.01-17.17.04:728][  0]LogTargetPlatformManager: Display: Loaded TargetPlatform 'WindowsServer'
[2021.03.01-17.17.04:729][  0]LogTargetPlatformManager: Display: Building Assets For Windows
[2021.03.01-17.17.04:741][  0]LogAudioDebug: Display: Lib vorbis DLL was dynamically loaded.
[2021.03.01-17.17.04:833][  0]LogShaderCompilers: Guid format shader working directory is -10 characters bigger than the processId version (../../../../../../Users/Morgan/Desktop/UnrealAI/UnrealAI/Intermediate/Shaders/WorkingDirectory/29504/).
[2021.03.01-17.17.04:833][  0]LogShaderCompilers: Cleaned the shader compiler working directory 'C:/Users/Morgan/AppData/Local/Temp/UnrealShaderWorkingDir/45F0A5A042BAC7698E1D279DF584A169/'.
[2021.03.01-17.17.04:833][  0]LogXGEController: Cleaning working directory: C:/Users/Morgan/AppData/Local/Temp/UnrealXGEWorkingDir/
[2021.03.01-17.17.04:834][  0]LogXGEController: Cannot use XGE Controller as Incredibuild is not installed on this machine.
[2021.03.01-17.17.04:834][  0]LogShaderCompilers: Cannot use XGE Shader Compiler as Incredibuild is not installed on this machine.
[2021.03.01-17.17.04:834][  0]LogShaderCompilers: Display: Using Local Shader Compiler.
[2021.03.01-17.17.05:569][  0]LogDerivedDataCache: Display: Max Cache Size: 512 MB
[2021.03.01-17.17.05:615][  0]LogDerivedDataCache: Loaded boot cache 0.05s 79MB C:/Users/Morgan/AppData/Local/UnrealEngine/4.25/DerivedDataCache/Boot.ddc.
[2021.03.01-17.17.05:615][  0]LogDerivedDataCache: Display: Loaded Boot cache: C:/Users/Morgan/AppData/Local/UnrealEngine/4.25/DerivedDataCache/Boot.ddc
[2021.03.01-17.17.05:615][  0]LogDerivedDataCache: FDerivedDataBackendGraph:  Pak pak cache file ../../../../../../Users/Morgan/Desktop/UnrealAI/UnrealAI/DerivedDataCache/DDC.ddp not found, will not use a pak cache.
[2021.03.01-17.17.05:615][  0]LogDerivedDataCache: Unable to find inner node Pak for hierarchical cache Hierarchy.
[2021.03.01-17.17.05:616][  0]LogDerivedDataCache: FDerivedDataBackendGraph:  CompressedPak pak cache file ../../../../../../Users/Morgan/Desktop/UnrealAI/UnrealAI/DerivedDataCache/Compressed.ddp not found, will not use a pak cache.
[2021.03.01-17.17.05:616][  0]LogDerivedDataCache: Unable to find inner node CompressedPak for hierarchical cache Hierarchy.
[2021.03.01-17.17.05:626][  0]LogDerivedDataCache: Display: Pak cache opened for reading ../../../Engine/DerivedDataCache/Compressed.ddp.
[2021.03.01-17.17.05:626][  0]LogDerivedDataCache: FDerivedDataBackendGraph:  EnterprisePak pak cache file ../../../Enterprise/DerivedDataCache/Compressed.ddp not found, will not use a pak cache.
[2021.03.01-17.17.05:626][  0]LogDerivedDataCache: Unable to find inner node EnterprisePak for hierarchical cache Hierarchy.
[2021.03.01-17.17.05:628][  0]LogDerivedDataCache: Using Local data cache path C:/Users/Morgan/AppData/Local/UnrealEngine/Common/DerivedDataCache: Writable
[2021.03.01-17.17.05:628][  0]LogDerivedDataCache: Shared data cache path not found in *engine.ini, will not use an Shared cache.
[2021.03.01-17.17.05:628][  0]LogDerivedDataCache: Unable to find inner node Shared for hierarchical cache Hierarchy.
[2021.03.01-17.17.05:675][  0]LogSlate: Using FreeType 2.10.0
[2021.03.01-17.17.05:676][  0]LogSlate: SlateFontServices - WITH_FREETYPE: 1, WITH_HARFBUZZ: 1
[2021.03.01-17.17.05:700][  0]LogAssetRegistry: FAssetRegistry took 0.0041 seconds to start up
[2021.03.01-17.17.05:905][  0]LogInit: Selected Device Profile: [Windows]
[2021.03.01-17.17.06:031][  0]LogMeshReduction: Using QuadricMeshReduction for automatic static mesh reduction
[2021.03.01-17.17.06:031][  0]LogMeshReduction: Using SimplygonMeshReduction for automatic skeletal mesh reduction
[2021.03.01-17.17.06:031][  0]LogMeshReduction: Using ProxyLODMeshReduction for automatic mesh merging
[2021.03.01-17.17.06:031][  0]LogMeshReduction: No distributed automatic mesh merging module available
[2021.03.01-17.17.06:031][  0]LogMeshMerging: No distributed automatic mesh merging module available
[2021.03.01-17.17.06:047][  0]LogNetVersion: UnrealAI 1.0.0, NetCL: 13144385, EngineNetVer: 14, GameNetVer: 0 (Checksum: 2221238871)
[2021.03.01-17.17.06:401][  0]LogAISub: UAISubsystem::UAISubsystem AISubsystem (000002A455949BC0), frame # 0
[2021.03.01-17.17.06:401][  0]LogAISub: UAISubsystem::UAISubsystem AIPerceptionSystem (000002A455896AC0), frame # 0
[2021.03.01-17.17.06:402][  0]LogAISub: UAISubsystem::UAISubsystem EnvQueryManager (000002A4558E9E00), frame # 0
[2021.03.01-17.17.06:458][  0]LogPackageLocalizationCache: Processed 20 localized package path(s) for 1 prioritized culture(s) in 0.051026 seconds
[2021.03.01-17.17.06:463][  0]LogUObjectArray: 15917 objects as part of root set at end of initial load.
[2021.03.01-17.17.06:463][  0]LogUObjectAllocator: 3965568 out of 0 bytes used by permanent object pool.
[2021.03.01-17.17.06:463][  0]LogUObjectArray: CloseDisregardForGC: 0/0 objects in disregard for GC pool
[2021.03.01-17.17.06:872][  0]LogTcpMessaging: Initializing TcpMessaging bridge
[2021.03.01-17.17.06:878][  0]LogUdpMessaging: Initializing bridge on interface 0.0.0.0:0 to multicast group 230.0.0.1:6666.
[2021.03.01-17.17.07:254][  0]SourceControl: Source control is disabled
[2021.03.01-17.17.07:254][  0]SourceControl: Source control is disabled
[2021.03.01-17.17.07:258][  0]SourceControl: Source control is disabled
[2021.03.01-17.17.07:262][  0]SourceControl: Source control is disabled
[2021.03.01-17.17.07:271][  0]SourceControl: Source control is disabled
[2021.03.01-17.17.07:621][  0]LogAndroidPermission: UAndroidPermissionCallbackProxy::GetInstance
[2021.03.01-17.17.07:649][  0]LogAudioCaptureCore: Display: No Audio Capture implementations found. Audio input will be silent.
[2021.03.01-17.17.07:649][  0]LogAudioCaptureCore: Display: No Audio Capture implementations found. Audio input will be silent.
[2021.03.01-17.17.07:706][  0]LogOcInput: OculusInput pre-init called
[2021.03.01-17.17.07:722][  0]LogWindows: Failed to load 'OVRPlugin.dll' (GetLastError=126)
[2021.03.01-17.17.07:722][  0]LogWindows: File 'OVRPlugin.dll' does not exist
[2021.03.01-17.17.07:979][  0]LogEngine: Initializing Engine...
[2021.03.01-17.17.07:980][  0]LogHMD: Failed to initialize OpenVR with code 110
[2021.03.01-17.17.07:980][  0]LogMagicLeap: Warning: VR disabled because ZI is not enabled.  To enable, in the editor, Edit -> Project Settings -> Plugins -> Magic Leap Plugin -> Enable Zero Iteration
[2021.03.01-17.17.07:981][  0]LogStats: UGameplayTagsManager::InitializeManager -  0.000 s
[2021.03.01-17.17.08:082][  0]LogInit: Initializing FReadOnlyCVARCache
[2021.03.01-17.17.08:090][  0]LogAIModule: Creating AISystem for world Untitled
[2021.03.01-17.17.08:091][  0]LogAISub: UAISubsystem::UAISubsystem EnvQueryManager (000002A45DC4FC00), frame # 0
[2021.03.01-17.17.08:091][  0]LogAISub: UAISubsystem::UAISubsystem AIPerceptionSystem (000002A45DC8E480), frame # 0
[2021.03.01-17.17.08:106][  0]LogAudioMixer: Display: Audio Mixer Platform Settings:
[2021.03.01-17.17.08:106][  0]LogAudioMixer: Display: 	Sample Rate:						  48000
[2021.03.01-17.17.08:106][  0]LogAudioMixer: Display: 	Callback Buffer Frame Size Requested: 1024
[2021.03.01-17.17.08:106][  0]LogAudioMixer: Display: 	Callback Buffer Frame Size To Use:	  1024
[2021.03.01-17.17.08:106][  0]LogAudioMixer: Display: 	Number of buffers to queue:			  2
[2021.03.01-17.17.08:106][  0]LogAudioMixer: Display: 	Max Channels (voices):				  32
[2021.03.01-17.17.08:106][  0]LogAudioMixer: Display: 	Number of Async Source Workers:		  0
[2021.03.01-17.17.08:106][  0]LogAudio: Display: AudioDevice MaxSources: 32
[2021.03.01-17.17.08:107][  0]LogAudio: Display: Using built-in audio occlusion.
[2021.03.01-17.17.08:107][  0]LogAudioMixer: Display: Initializing audio mixer.
[2021.03.01-17.17.08:123][  0]LogAudioMixer: Display: 0: FrontLeft
[2021.03.01-17.17.08:123][  0]LogAudioMixer: Display: 1: FrontRight
[2021.03.01-17.17.08:361][  0]LogAudioMixer: Display: Using Audio Device Speakers (Realtek(R) Audio)
[2021.03.01-17.17.08:362][  0]LogAudioMixer: Display: Initializing Sound Submixes...
[2021.03.01-17.17.08:363][  0]LogAudioMixer: Display: Creating Master Submix 'MasterSubmixDefault'
[2021.03.01-17.17.08:364][  0]LogAudioMixer: Display: Creating Master Submix 'MasterReverbSubmixDefault'
[2021.03.01-17.17.08:365][  0]LogAudioMixer: Display: Creating Master Submix 'MasterEQSubmixDefault'
[2021.03.01-17.17.08:367][  0]LogInit: FAudioDevice initialized.
[2021.03.01-17.17.08:367][  0]LogNetVersion: Set ProjectVersion to 1.0.0.0. Version Checksum will be recalculated on next use.
[2021.03.01-17.17.08:409][  0]LogDerivedDataCache: Saved boot cache 0.04s 79MB C:/Users/Morgan/AppData/Local/UnrealEngine/4.25/DerivedDataCache/Boot.ddc.
[2021.03.01-17.17.08:412][  0]LogInit: Texture streaming: Enabled
[2021.03.01-17.17.08:433][  0]LogEngineSessionManager: EngineSessionManager initialized
[2021.03.01-17.17.08:433][  0]LogEngineSessionManager: EngineSessionManager sent abnormal shutdown report. Type=Debugger, SessionId={FECAA6FA-4E6C-BF57-759D-24ADD6D542EC}
[2021.03.01-17.17.08:434][  0]LogEditorSessionSummary: Verbose: Initializing EditorSessionSummaryWriter for editor session tracking
[2021.03.01-17.17.08:436][  0]LogEditorSessionSummary: EditorSessionSummaryWriter initialized
[2021.03.01-17.17.08:451][  0]LogInit: Transaction tracking system initialized
[2021.03.01-17.17.08:479][  0]BlueprintLog: New page: Editor Load
[2021.03.01-17.17.08:568][  0]LocalizationService: Localization service is disabled
[2021.03.01-17.17.08:739][  0]LogCook: Display: Max memory allowance for cook 16384mb min free memory 0mb
[2021.03.01-17.17.08:739][  0]LogCook: Display: Mobile HDR setting 1
[2021.03.01-17.17.08:770][  0]LogFileCache: Scanning file cache for directory 'C:/Users/Morgan/Desktop/UnrealAI/UnrealAI/Content/' took 0.01s
[2021.03.01-17.17.09:061][  0]SourceControl: Source control is disabled
[2021.03.01-17.17.09:061][  0]LogUnrealEdMisc: Loading editor; pre map load, took 7.467
[2021.03.01-17.17.09:062][  0]Cmd: MAP LOAD FILE="../../../../../../Users/Morgan/Desktop/UnrealAI/UnrealAI/Content/Maps/AI_01.umap" TEMPLATE=0 SHOWPROGRESS=1 FEATURELEVEL=3
[2021.03.01-17.17.09:062][  0]LightingResults: New page: Lighting Build
[2021.03.01-17.17.09:063][  0]LogWorld: UWorld::CleanupWorld for Untitled, bSessionEnded=true, bCleanupResources=true
[2021.03.01-17.17.09:063][  0]LogSlate: InvalidateAllWidgets triggered.  All widgets were invalidated
[2021.03.01-17.17.09:063][  0]MapCheck: New page: Map Check
[2021.03.01-17.17.09:063][  0]LightingResults: New page: Lighting Build
[2021.03.01-17.17.09:076][  0]LogAISub: UAISubsystem::~UAISubsystem EnvQueryManager (000002A45DC4FC00), frame # 0
[2021.03.01-17.17.09:076][  0]LogAISub: UAISubsystem::~UAISubsystem AIPerceptionSystem (000002A45DC8E480), frame # 0
[2021.03.01-17.17.09:077][  0]LogUObjectHash: Compacting FUObjectHashTables data took   0.82ms
[2021.03.01-17.17.09:174][  0]LogAIModule: Creating AISystem for world AI_01
[2021.03.01-17.17.09:174][  0]LogAISub: UAISubsystem::UAISubsystem EnvQueryManager (000002A446C4CC00), frame # 0
[2021.03.01-17.17.09:175][  0]LogAISub: UAISubsystem::UAISubsystem AIPerceptionSystem (000002A45A479440), frame # 0
[2021.03.01-17.17.09:185][  0]LogEditorServer: Finished looking for orphan Actors (0.000 secs)
[2021.03.01-17.17.09:199][  0]LogUObjectHash: Compacting FUObjectHashTables data took   0.75ms
[2021.03.01-17.17.09:199][  0]Cmd: MAP CHECKDEP NOCLEARLOG
[2021.03.01-17.17.09:199][  0]MapCheck: Map check complete: 0 Error(s), 0 Warning(s), took 0.152ms to complete.
[2021.03.01-17.17.09:199][  0]LogFileHelpers: Loading map 'AI_01' took 0.138
[2021.03.01-17.17.09:202][  0]LogUnrealEdMisc: Total Editor Startup Time, took 7.608
[2021.03.01-17.17.09:338][  0]LogSlate: Updating window title bar state: overlay mode, drag disabled, window buttons hidden, title bar hidden
[2021.03.01-17.17.09:344][  0]LogSlate: Updating window title bar state: overlay mode, drag disabled, window buttons hidden, title bar hidden
[2021.03.01-17.17.09:350][  0]LogSlate: Updating window title bar state: overlay mode, drag disabled, window buttons hidden, title bar hidden
[2021.03.01-17.17.09:356][  0]LogSlate: Updating window title bar state: overlay mode, drag disabled, window buttons hidden, title bar hidden
[2021.03.01-17.17.09:364][  0]LogCollectionManager: Loaded 0 collections in 0.001435 seconds
[2021.03.01-17.17.09:382][  0]LogFileCache: Scanning file cache for directory 'C:/Users/Morgan/Desktop/UnrealAI/UnrealAI/Saved/Collections/' took 0.00s
[2021.03.01-17.17.09:383][  0]LogFileCache: Scanning file cache for directory 'C:/Users/Morgan/Desktop/UnrealAI/UnrealAI/Content/Developers/Morgan/Collections/' took 0.00s
[2021.03.01-17.17.09:383][  0]LogFileCache: Scanning file cache for directory 'C:/Users/Morgan/Desktop/UnrealAI/UnrealAI/Content/Collections/' took 0.00s
[2021.03.01-17.17.09:383][  0]LogContentBrowser: Native class hierarchy populated in 0.0082 seconds. Added 3440 classes and 833 folders.
[2021.03.01-17.17.09:386][  0]LogContentBrowser: Native class hierarchy updated for 'WidgetCarousel' in 0.0003 seconds. Added 0 classes and 0 folders.
[2021.03.01-17.17.09:444][  0]LogContentBrowser: Native class hierarchy updated for 'AddContentDialog' in 0.0004 seconds. Added 0 classes and 0 folders.
[2021.03.01-17.17.09:450][  0]LogContentBrowser: Native class hierarchy updated for 'SceneOutliner' in 0.0003 seconds. Added 2 classes and 0 folders.
[2021.03.01-17.17.09:502][  0]LogSlate: Took 0.000173 seconds to synchronously load lazily loaded font '../../../Engine/Content/Slate/Fonts/Roboto-Regular.ttf' (155K)
[2021.03.01-17.17.09:506][  0]LogSlate: Took 0.000145 seconds to synchronously load lazily loaded font '../../../Engine/Content/Editor/Slate/Fonts/FontAwesome.ttf' (139K)
[2021.03.01-17.17.09:562][  0]LogRenderer: Reallocating scene render targets to support 2004x804 Format 10 NumSamples 1 (Frame:1).
[2021.03.01-17.17.09:678][  0]LogContentBrowser: Native class hierarchy updated for 'HierarchicalLODOutliner' in 0.0004 seconds. Added 0 classes and 0 folders.
[2021.03.01-17.17.09:678][  0]LogLoad: (Engine Initialization) Total time: 8.08 seconds
[2021.03.01-17.17.09:678][  0]LogLoad: (Engine Initialization) Total Blueprint compile time: 0.00 seconds
[2021.03.01-17.17.09:710][  0]LogAssetRegistry: Asset discovery search completed in 4.0124 seconds
[2021.03.01-17.17.09:714][  0]LogCollectionManager: Fixed up redirectors for 0 collections in 0.000002 seconds (updated 0 objects)
[2021.03.01-17.17.09:715][  0]LogContentStreaming: Texture pool size now 1000 MB
[2021.03.01-17.17.11:952][239]LogEditorViewport: Clicking on Actor (LMB): EnemyAI_01_C (EnemyAI_01)
[2021.03.01-17.17.13:160][364]LogSlate: Took 0.000168 seconds to synchronously load lazily loaded font '../../../Engine/Content/Slate/Fonts/Roboto-Light.ttf' (167K)
[2021.03.01-17.17.13:176][364]LogAssetEditorSubsystem: Opening Asset editor for Blueprint /Game/AI/AI_01/EnemyAI_01.EnemyAI_01
[2021.03.01-17.17.13:403][364]LogContentBrowser: Native class hierarchy updated for 'BlueprintGraph' in 0.0006 seconds. Added 125 classes and 0 folders.
[2021.03.01-17.17.14:208][364]LogSlate: Took 0.000161 seconds to synchronously load lazily loaded font '../../../Engine/Content/Slate/Fonts/Roboto-BoldCondensed.ttf' (158K)
[2021.03.01-17.17.14:299][365]LogSlate: Took 0.000176 seconds to synchronously load lazily loaded font '../../../Engine/Content/Slate/Fonts/Roboto-Italic.ttf' (157K)
[2021.03.01-17.17.23:333][113]LogTemp: Repeating last play command: Selected Viewport
[2021.03.01-17.17.23:349][113]LogPlayLevel: PlayLevel: No blueprints needed recompiling
[2021.03.01-17.17.23:350][113]PIE: New page: PIE session: AI_01 (1 Mar 2021, 17:17:23)
[2021.03.01-17.17.23:351][113]LogOnline: OSS: Creating online subsystem instance for: NULL
[2021.03.01-17.17.23:353][113]LogOnline: OSS: TryLoadSubsystemAndSetDefault: Loaded subsystem for module [NULL]
[2021.03.01-17.17.23:353][113]LogPlayLevel: Creating play world package: /Game/Maps/UEDPIE_0_AI_01
[2021.03.01-17.17.23:367][113]LogPlayLevel: PIE: StaticDuplicateObject took: (0.013730s)
[2021.03.01-17.17.23:368][113]LogAIModule: Creating AISystem for world AI_01
[2021.03.01-17.17.23:368][113]LogAISub: UAISubsystem::UAISubsystem EnvQueryManager (000002A4699FBE00), frame # 1113
[2021.03.01-17.17.23:369][113]LogAISub: UAISubsystem::UAISubsystem AIPerceptionSystem (000002A469A75940), frame # 1113
[2021.03.01-17.17.23:369][113]LogPlayLevel: PIE: World Init took: (0.001824s)
[2021.03.01-17.17.23:369][113]LogPlayLevel: PIE: Created PIE world by copying editor world from /Game/Maps/AI_01.AI_01 to /Game/Maps/UEDPIE_0_AI_01.AI_01 (0.015980s)
[2021.03.01-17.17.23:396][113]LogUObjectHash: Compacting FUObjectHashTables data took   1.79ms
[2021.03.01-17.17.23:398][113]LogAudioMixer: Display: Audio Mixer Platform Settings:
[2021.03.01-17.17.23:398][113]LogAudioMixer: Display: 	Sample Rate:						  48000
[2021.03.01-17.17.23:398][113]LogAudioMixer: Display: 	Callback Buffer Frame Size Requested: 1024
[2021.03.01-17.17.23:398][113]LogAudioMixer: Display: 	Callback Buffer Frame Size To Use:	  1024
[2021.03.01-17.17.23:398][113]LogAudioMixer: Display: 	Number of buffers to queue:			  2
[2021.03.01-17.17.23:398][113]LogAudioMixer: Display: 	Max Channels (voices):				  32
[2021.03.01-17.17.23:398][113]LogAudioMixer: Display: 	Number of Async Source Workers:		  0
[2021.03.01-17.17.23:398][113]LogAudio: Display: AudioDevice MaxSources: 32
[2021.03.01-17.17.23:399][113]LogAudio: Display: Using built-in audio occlusion.
[2021.03.01-17.17.23:399][113]LogAudioMixer: Display: Initializing audio mixer.
[2021.03.01-17.17.23:402][113]LogAudioMixer: Display: 0: FrontLeft
[2021.03.01-17.17.23:402][113]LogAudioMixer: Display: 1: FrontRight
[2021.03.01-17.17.23:473][113]LogAudioMixer: Display: Using Audio Device Speakers (Realtek(R) Audio)
[2021.03.01-17.17.23:474][113]LogAudioMixer: Display: Initializing Sound Submixes...
[2021.03.01-17.17.23:474][113]LogAudioMixer: Display: Creating Master Submix 'MasterSubmixDefault'
[2021.03.01-17.17.23:474][113]LogAudioMixer: Display: Creating Master Submix 'MasterReverbSubmixDefault'
[2021.03.01-17.17.23:474][113]LogAudioMixer: Display: Creating Master Submix 'MasterEQSubmixDefault'
[2021.03.01-17.17.23:486][113]LogInit: FAudioDevice initialized.
[2021.03.01-17.17.23:497][113]LogLoad: Game class is 'UnrealAIGameMode'
[2021.03.01-17.17.23:500][113]LogWorld: Bringing World /Game/Maps/UEDPIE_0_AI_01.AI_01 up for play (max tick rate 0) at 2021.03.01-17.17.23
[2021.03.01-17.17.23:500][113]LogWorld: Bringing up level for play took: 0.001986
[2021.03.01-17.17.23:501][113]LogOnline: OSS: Creating online subsystem instance for: :Context_4
[2021.03.01-17.17.23:504][113]LogContentBrowser: Native class hierarchy updated for 'MovieSceneCapture' in 0.0004 seconds. Added 20 classes and 0 folders.
[2021.03.01-17.17.23:506][113]LogBlueprintUserMessages: [EnemyAI_01_3] EnemyAI_01_3
[2021.03.01-17.17.23:507][113]LogBlueprintUserMessages: [EnemyAI_01_3] EnemyAI_01_3
[2021.03.01-17.17.23:507][113]PIE: Server logged in
[2021.03.01-17.17.23:508][113]PIE: Play in editor total start time 0.159 seconds.
[2021.03.01-17.17.23:542][113]LogOutputDevice: Warning: 

Script Stack (2 frames):
BTTask_GetRandomDestination_C.ExecuteUbergraph_BTTask_GetRandomDestination
BTTask_GetRandomDestination_C.ReceiveExecute

[2021.03.01-17.17.23:542][113]LogOutputDevice: Error: Ensure condition failed: AsAIController [File:D:/Build/++UE4/Sync/Engine/Source/Runtime/AIModule/Private/Navigation/NavFilter_AIControllerDefault.cpp] [Line: 18] 


[2021.03.01-17.17.23:542][113]LogStats:             FDebug::EnsureFailed -  0.001 s
[2021.03.01-17.17.35:942][530]LogSlate: Updating window title bar state: overlay mode, drag disabled, window buttons hidden, title bar hidden
[2021.03.01-17.17.35:943][530]LogWorld: BeginTearingDown for /Game/Maps/UEDPIE_0_AI_01
[2021.03.01-17.17.35:943][530]LogWorld: UWorld::CleanupWorld for AI_01, bSessionEnded=true, bCleanupResources=true
[2021.03.01-17.17.35:944][530]LogSlate: InvalidateAllWidgets triggered.  All widgets were invalidated
[2021.03.01-17.17.35:964][530]LogPlayLevel: Display: Shutting down PIE online subsystems
[2021.03.01-17.17.35:968][530]LogSlate: InvalidateAllWidgets triggered.  All widgets were invalidated
[2021.03.01-17.17.36:027][530]LogSlate: Updating window title bar state: overlay mode, drag disabled, window buttons hidden, title bar hidden
[2021.03.01-17.17.36:044][530]LogAISub: UAISubsystem::~UAISubsystem EnvQueryManager (000002A4699FBE00), frame # 1530
[2021.03.01-17.17.36:045][530]LogAISub: UAISubsystem::~UAISubsystem AIPerceptionSystem (000002A469A75940), frame # 1530
[2021.03.01-17.17.36:050][530]LogUObjectHash: Compacting FUObjectHashTables data took   4.94ms
[2021.03.01-17.17.36:159][531]LogPlayLevel: Display: Destroying online subsystem :Context_4
[2021.03.01-17.17.39:541][798]LogTemp: Repeating last play command: Selected Viewport
[2021.03.01-17.17.39:557][798]LogPlayLevel: PlayLevel: No blueprints needed recompiling
[2021.03.01-17.17.39:558][798]PIE: New page: PIE session: AI_01 (1 Mar 2021, 17:17:39)
[2021.03.01-17.17.39:558][798]LogPlayLevel: Creating play world package: /Game/Maps/UEDPIE_0_AI_01
[2021.03.01-17.17.39:568][798]LogPlayLevel: PIE: StaticDuplicateObject took: (0.009556s)
[2021.03.01-17.17.39:569][798]LogAIModule: Creating AISystem for world AI_01
[2021.03.01-17.17.39:569][798]LogAISub: UAISubsystem::UAISubsystem EnvQueryManager (000002A4D1637E00), frame # 1798
[2021.03.01-17.17.39:569][798]LogAISub: UAISubsystem::UAISubsystem AIPerceptionSystem (000002A4A1E35580), frame # 1798
[2021.03.01-17.17.39:570][798]LogPlayLevel: PIE: World Init took: (0.001676s)
[2021.03.01-17.17.39:570][798]LogPlayLevel: PIE: Created PIE world by copying editor world from /Game/Maps/AI_01.AI_01 to /Game/Maps/UEDPIE_0_AI_01.AI_01 (0.011684s)
[2021.03.01-17.17.39:597][798]LogUObjectHash: Compacting FUObjectHashTables data took   2.56ms
[2021.03.01-17.17.39:617][798]LogAudioMixer: Display: Audio Mixer Platform Settings:
[2021.03.01-17.17.39:617][798]LogAudioMixer: Display: 	Sample Rate:						  48000
[2021.03.01-17.17.39:617][798]LogAudioMixer: Display: 	Callback Buffer Frame Size Requested: 1024
[2021.03.01-17.17.39:618][798]LogAudioMixer: Display: 	Callback Buffer Frame Size To Use:	  1024
[2021.03.01-17.17.39:618][798]LogAudioMixer: Display: 	Number of buffers to queue:			  2
[2021.03.01-17.17.39:618][798]LogAudioMixer: Display: 	Max Channels (voices):				  32
[2021.03.01-17.17.39:618][798]LogAudioMixer: Display: 	Number of Async Source Workers:		  0
[2021.03.01-17.17.39:618][798]LogAudio: Display: AudioDevice MaxSources: 32
[2021.03.01-17.17.39:619][798]LogAudio: Display: Using built-in audio occlusion.
[2021.03.01-17.17.39:619][798]LogAudioMixer: Display: Initializing audio mixer.
[2021.03.01-17.17.39:622][798]LogAudioMixer: Display: 0: FrontLeft
[2021.03.01-17.17.39:622][798]LogAudioMixer: Display: 1: FrontRight
[2021.03.01-17.17.39:701][798]LogAudioMixer: Display: Using Audio Device Speakers (Realtek(R) Audio)
[2021.03.01-17.17.39:701][798]LogAudioMixer: Display: Initializing Sound Submixes...
[2021.03.01-17.17.39:701][798]LogAudioMixer: Display: Creating Master Submix 'MasterSubmixDefault'
[2021.03.01-17.17.39:701][798]LogAudioMixer: Display: Creating Master Submix 'MasterReverbSubmixDefault'
[2021.03.01-17.17.39:701][798]LogAudioMixer: Display: Creating Master Submix 'MasterEQSubmixDefault'
[2021.03.01-17.17.39:713][798]LogInit: FAudioDevice initialized.
[2021.03.01-17.17.39:722][798]LogLoad: Game class is 'UnrealAIGameMode'
[2021.03.01-17.17.39:723][798]LogWorld: Bringing World /Game/Maps/UEDPIE_0_AI_01.AI_01 up for play (max tick rate 0) at 2021.03.01-17.17.39
[2021.03.01-17.17.39:724][798]LogWorld: Bringing up level for play took: 0.001803
[2021.03.01-17.17.39:724][798]LogOnline: OSS: Creating online subsystem instance for: :Context_5
[2021.03.01-17.17.39:728][798]LogBlueprintUserMessages: [EnemyAI_01_3] EnemyAI_01_3
[2021.03.01-17.17.39:728][798]LogBlueprintUserMessages: [EnemyAI_01_3] EnemyAI_01_3
[2021.03.01-17.17.39:728][798]PIE: Server logged in
[2021.03.01-17.17.39:729][798]PIE: Play in editor total start time 0.172 seconds.
[2021.03.01-17.17.46:092][198]LogSlate: Updating window title bar state: overlay mode, drag disabled, window buttons hidden, title bar hidden
[2021.03.01-17.17.46:093][198]LogWorld: BeginTearingDown for /Game/Maps/UEDPIE_0_AI_01
[2021.03.01-17.17.46:093][198]LogWorld: UWorld::CleanupWorld for AI_01, bSessionEnded=true, bCleanupResources=true
[2021.03.01-17.17.46:094][198]LogSlate: InvalidateAllWidgets triggered.  All widgets were invalidated
[2021.03.01-17.17.46:119][198]LogPlayLevel: Display: Shutting down PIE online subsystems
[2021.03.01-17.17.46:125][198]LogSlate: InvalidateAllWidgets triggered.  All widgets were invalidated
[2021.03.01-17.17.46:191][198]LogSlate: Updating window title bar state: overlay mode, drag disabled, window buttons hidden, title bar hidden
[2021.03.01-17.17.46:192][198]LogAISub: UAISubsystem::~UAISubsystem AIPerceptionSystem (000002A4A1E35580), frame # 2198
[2021.03.01-17.17.46:192][198]LogAISub: UAISubsystem::~UAISubsystem EnvQueryManager (000002A4D1637E00), frame # 2198
[2021.03.01-17.17.46:196][198]LogUObjectHash: Compacting FUObjectHashTables data took   3.50ms
[2021.03.01-17.17.46:324][199]LogPlayLevel: Display: Destroying online subsystem :Context_5
[2021.03.01-17.17.52:483][884]LogTemp: Repeating last play command: Selected Viewport
[2021.03.01-17.17.52:499][884]LogPlayLevel: PlayLevel: No blueprints needed recompiling
[2021.03.01-17.17.52:499][884]PIE: New page: PIE session: AI_01 (1 Mar 2021, 17:17:52)
[2021.03.01-17.17.52:521][884]LogPlayLevel: Creating play world package: /Game/Maps/UEDPIE_0_AI_01
[2021.03.01-17.17.52:532][884]LogPlayLevel: PIE: StaticDuplicateObject took: (0.010952s)
[2021.03.01-17.17.52:533][884]LogAIModule: Creating AISystem for world AI_01
[2021.03.01-17.17.52:533][884]LogAISub: UAISubsystem::UAISubsystem EnvQueryManager (000002A409CCA000), frame # 2884
[2021.03.01-17.17.52:533][884]LogAISub: UAISubsystem::UAISubsystem AIPerceptionSystem (000002A409CB7D80), frame # 2884
[2021.03.01-17.17.52:533][884]LogPlayLevel: PIE: World Init took: (0.001241s)
[2021.03.01-17.17.52:534][884]LogPlayLevel: PIE: Created PIE world by copying editor world from /Game/Maps/AI_01.AI_01 to /Game/Maps/UEDPIE_0_AI_01.AI_01 (0.012634s)
[2021.03.01-17.17.52:557][884]LogUObjectHash: Compacting FUObjectHashTables data took   2.19ms
[2021.03.01-17.17.52:570][884]LogAudioMixer: Display: Audio Mixer Platform Settings:
[2021.03.01-17.17.52:570][884]LogAudioMixer: Display: 	Sample Rate:						  48000
[2021.03.01-17.17.52:570][884]LogAudioMixer: Display: 	Callback Buffer Frame Size Requested: 1024
[2021.03.01-17.17.52:570][884]LogAudioMixer: Display: 	Callback Buffer Frame Size To Use:	  1024
[2021.03.01-17.17.52:570][884]LogAudioMixer: Display: 	Number of buffers to queue:			  2
[2021.03.01-17.17.52:570][884]LogAudioMixer: Display: 	Max Channels (voices):				  32
[2021.03.01-17.17.52:570][884]LogAudioMixer: Display: 	Number of Async Source Workers:		  0
[2021.03.01-17.17.52:570][884]LogAudio: Display: AudioDevice MaxSources: 32
[2021.03.01-17.17.52:571][884]LogAudio: Display: Using built-in audio occlusion.
[2021.03.01-17.17.52:571][884]LogAudioMixer: Display: Initializing audio mixer.
[2021.03.01-17.17.52:574][884]LogAudioMixer: Display: 0: FrontLeft
[2021.03.01-17.17.52:574][884]LogAudioMixer: Display: 1: FrontRight
[2021.03.01-17.17.52:644][884]LogAudioMixer: Display: Using Audio Device Speakers (Realtek(R) Audio)
[2021.03.01-17.17.52:644][884]LogAudioMixer: Display: Initializing Sound Submixes...
[2021.03.01-17.17.52:644][884]LogAudioMixer: Display: Creating Master Submix 'MasterSubmixDefault'
[2021.03.01-17.17.52:644][884]LogAudioMixer: Display: Creating Master Submix 'MasterReverbSubmixDefault'
[2021.03.01-17.17.52:644][884]LogAudioMixer: Display: Creating Master Submix 'MasterEQSubmixDefault'
[2021.03.01-17.17.52:656][884]LogInit: FAudioDevice initialized.
[2021.03.01-17.17.52:667][884]LogLoad: Game class is 'UnrealAIGameMode'
[2021.03.01-17.17.52:668][884]LogWorld: Bringing World /Game/Maps/UEDPIE_0_AI_01.AI_01 up for play (max tick rate 0) at 2021.03.01-17.17.52
[2021.03.01-17.17.52:669][884]LogWorld: Bringing up level for play took: 0.002019
[2021.03.01-17.17.52:669][884]LogOnline: OSS: Creating online subsystem instance for: :Context_6
[2021.03.01-17.17.52:674][884]LogBlueprintUserMessages: [EnemyAI_01_3] EnemyAI_01_3
[2021.03.01-17.17.52:674][884]LogBlueprintUserMessages: [EnemyAI_01_3] EnemyAI_01_3
[2021.03.01-17.17.52:674][884]PIE: Server logged in
[2021.03.01-17.17.52:674][884]PIE: Play in editor total start time 0.177 seconds.
[2021.03.01-17.18.15:375][ 82]LogAudioMixer: Warning: Sound wave Land_1 was flagged as being ambisonics but had a channel count of 1. Currently the audio engine only supports FOA sources that have four channels.
[2021.03.01-17.18.17:519][339]LogAudioMixer: Warning: Sound wave Land_1 was flagged as being ambisonics but had a channel count of 1. Currently the audio engine only supports FOA sources that have four channels.
[2021.03.01-17.18.17:962][387]LogSlate: Updating window title bar state: overlay mode, drag disabled, window buttons hidden, title bar hidden
[2021.03.01-17.18.17:962][387]LogWorld: BeginTearingDown for /Game/Maps/UEDPIE_0_AI_01
[2021.03.01-17.18.17:962][387]LogWorld: UWorld::CleanupWorld for AI_01, bSessionEnded=true, bCleanupResources=true
[2021.03.01-17.18.17:963][387]LogSlate: InvalidateAllWidgets triggered.  All widgets were invalidated
[2021.03.01-17.18.17:980][387]LogPlayLevel: Display: Shutting down PIE online subsystems
[2021.03.01-17.18.17:983][387]LogSlate: InvalidateAllWidgets triggered.  All widgets were invalidated
[2021.03.01-17.18.18:029][387]LogSlate: Updating window title bar state: overlay mode, drag disabled, window buttons hidden, title bar hidden
[2021.03.01-17.18.18:030][387]LogAISub: UAISubsystem::~UAISubsystem AIPerceptionSystem (000002A409CB7D80), frame # 5387
[2021.03.01-17.18.18:030][387]LogAISub: UAISubsystem::~UAISubsystem EnvQueryManager (000002A409CCA000), frame # 5387
[2021.03.01-17.18.18:033][387]LogUObjectHash: Compacting FUObjectHashTables data took   2.27ms
[2021.03.01-17.18.18:087][388]LogPlayLevel: Display: Destroying online subsystem :Context_6
[2021.03.01-17.18.22:714][904]LogEditorViewport: Clicking on Actor (LMB): PlayerStart (NetworkPlayerStart)
[2021.03.01-17.18.23:552][988]Cmd: OBJ SAVEPACKAGE PACKAGE="/Game/Maps/AI_01" FILE="../../../../../../Users/Morgan/Desktop/UnrealAI/UnrealAI/Content/Maps/AI_01.umap" SILENT=true AUTOSAVING=false KEEPDIRTY=false
[2021.03.01-17.18.23:577][988]LogUObjectHash: Compacting FUObjectHashTables data took   2.32ms
[2021.03.01-17.18.23:627][988]LogSavePackage: Moving '../../../../../../Users/Morgan/Desktop/UnrealAI/UnrealAI/Saved/AI_01014AEA634CDBA0660C9161873EA638FB.tmp' to '../../../../../../Users/Morgan/Desktop/UnrealAI/UnrealAI/Content/Maps/AI_01.umap'
[2021.03.01-17.18.23:664][988]Cmd: OBJ SAVEPACKAGE PACKAGE="/Game/Maps/AI_01_BuiltData" FILE="../../../../../../Users/Morgan/Desktop/UnrealAI/UnrealAI/Content/Maps/AI_01_BuiltData.uasset" SILENT=true
[2021.03.01-17.18.23:793][988]LogSavePackage: Moving '../../../../../../Users/Morgan/Desktop/UnrealAI/UnrealAI/Saved/AI_01_BuiltData34B5537F4CAEEF5FD3C005A4C4470C81.tmp' to '../../../../../../Users/Morgan/Desktop/UnrealAI/UnrealAI/Content/Maps/AI_01_BuiltData.uasset'
[2021.03.01-17.18.23:807][988]AssetCheck: New page: Asset Save: multiple assets
[2021.03.01-17.18.23:807][988]LogContentValidation: Display: Validating World /Game/Maps/AI_01.AI_01
[2021.03.01-17.18.23:807][988]LogContentValidation: Display: Validating MapBuildDataRegistry /Game/Maps/AI_01_BuiltData.AI_01_BuiltData
[2021.03.01-17.18.27:124][373]LogEditorViewport: Clicking on Actor (LMB): StaticMeshActor (Floor)
[2021.03.01-17.18.28:037][458]LogEditorViewport: Clicking on Actor (LMB): PlayerStart (NetworkPlayerStart)
[2021.03.01-17.18.31:042][813]LogNavigationPoint: PostEditMove Clear paths rebuilt
[2021.03.01-17.18.36:130][401]Cmd: OBJ SAVEPACKAGE PACKAGE="/Game/Maps/AI_01" FILE="../../../../../../Users/Morgan/Desktop/UnrealAI/UnrealAI/Content/Maps/AI_01.umap" SILENT=true AUTOSAVING=false KEEPDIRTY=false
[2021.03.01-17.18.36:153][401]LogUObjectHash: Compacting FUObjectHashTables data took   0.57ms
[2021.03.01-17.18.36:189][401]LogSavePackage: Moving '../../../../../../Users/Morgan/Desktop/UnrealAI/UnrealAI/Saved/AI_013A695FFB4FBADA0DFA419F886D42230C.tmp' to '../../../../../../Users/Morgan/Desktop/UnrealAI/UnrealAI/Content/Maps/AI_01.umap'
[2021.03.01-17.18.36:190][401]LogFileManager: Warning: DeleteFile was unable to delete '../../../../../../Users/Morgan/Desktop/UnrealAI/UnrealAI/Content/Maps/AI_01.umap', retrying in .5s...
[2021.03.01-17.18.36:691][401]LogFileManager: Warning: DeleteFile recovered during retry!
[2021.03.01-17.18.36:726][401]Cmd: OBJ SAVEPACKAGE PACKAGE="/Game/Maps/AI_01_BuiltData" FILE="../../../../../../Users/Morgan/Desktop/UnrealAI/UnrealAI/Content/Maps/AI_01_BuiltData.uasset" SILENT=true
[2021.03.01-17.18.36:789][401]LogSavePackage: Moving '../../../../../../Users/Morgan/Desktop/UnrealAI/UnrealAI/Saved/AI_01_BuiltData5659E7E9476B1E396AD83DB051B8B2E7.tmp' to '../../../../../../Users/Morgan/Desktop/UnrealAI/UnrealAI/Content/Maps/AI_01_BuiltData.uasset'
[2021.03.01-17.18.36:835][401]AssetCheck: New page: Asset Save: multiple assets
[2021.03.01-17.18.36:835][401]LogContentValidation: Display: Validating World /Game/Maps/AI_01.AI_01
[2021.03.01-17.18.36:835][401]LogContentValidation: Display: Validating MapBuildDataRegistry /Game/Maps/AI_01_BuiltData.AI_01_BuiltData
[2021.03.01-17.18.37:164][426]LogTemp: Repeating last play command: Selected Viewport
[2021.03.01-17.18.37:187][426]LogPlayLevel: PlayLevel: No blueprints needed recompiling
[2021.03.01-17.18.37:187][426]PIE: New page: PIE session: AI_01 (1 Mar 2021, 17:18:37)
[2021.03.01-17.18.37:187][426]LogPlayLevel: Creating play world package: /Game/Maps/UEDPIE_0_AI_01
[2021.03.01-17.18.37:199][426]LogPlayLevel: PIE: StaticDuplicateObject took: (0.010999s)
[2021.03.01-17.18.37:200][426]LogAIModule: Creating AISystem for world AI_01
[2021.03.01-17.18.37:200][426]LogAISub: UAISubsystem::UAISubsystem EnvQueryManager (000002A48DC33A00), frame # 7426
[2021.03.01-17.18.37:200][426]LogAISub: UAISubsystem::UAISubsystem AIPerceptionSystem (000002A409D32480), frame # 7426
[2021.03.01-17.18.37:200][426]LogPlayLevel: PIE: World Init took: (0.001463s)
[2021.03.01-17.18.37:200][426]LogPlayLevel: PIE: Created PIE world by copying editor world from /Game/Maps/AI_01.AI_01 to /Game/Maps/UEDPIE_0_AI_01.AI_01 (0.012824s)
[2021.03.01-17.18.37:225][426]LogUObjectHash: Compacting FUObjectHashTables data took   2.22ms
[2021.03.01-17.18.37:227][426]LogAudioMixer: Display: Audio Mixer Platform Settings:
[2021.03.01-17.18.37:227][426]LogAudioMixer: Display: 	Sample Rate:						  48000
[2021.03.01-17.18.37:227][426]LogAudioMixer: Display: 	Callback Buffer Frame Size Requested: 1024
[2021.03.01-17.18.37:227][426]LogAudioMixer: Display: 	Callback Buffer Frame Size To Use:	  1024
[2021.03.01-17.18.37:227][426]LogAudioMixer: Display: 	Number of buffers to queue:			  2
[2021.03.01-17.18.37:227][426]LogAudioMixer: Display: 	Max Channels (voices):				  32
[2021.03.01-17.18.37:227][426]LogAudioMixer: Display: 	Number of Async Source Workers:		  0
[2021.03.01-17.18.37:227][426]LogAudio: Display: AudioDevice MaxSources: 32
[2021.03.01-17.18.37:228][426]LogAudio: Display: Using built-in audio occlusion.
[2021.03.01-17.18.37:228][426]LogAudioMixer: Display: Initializing audio mixer.
[2021.03.01-17.18.37:231][426]LogAudioMixer: Display: 0: FrontLeft
[2021.03.01-17.18.37:232][426]LogAudioMixer: Display: 1: FrontRight
[2021.03.01-17.18.37:313][426]LogAudioMixer: Display: Using Audio Device Speakers (Realtek(R) Audio)
[2021.03.01-17.18.37:314][426]LogAudioMixer: Display: Initializing Sound Submixes...
[2021.03.01-17.18.37:314][426]LogAudioMixer: Display: Creating Master Submix 'MasterSubmixDefault'
[2021.03.01-17.18.37:314][426]LogAudioMixer: Display: Creating Master Submix 'MasterReverbSubmixDefault'
[2021.03.01-17.18.37:314][426]LogAudioMixer: Display: Creating Master Submix 'MasterEQSubmixDefault'
[2021.03.01-17.18.37:327][426]LogInit: FAudioDevice initialized.
[2021.03.01-17.18.37:337][426]LogLoad: Game class is 'UnrealAIGameMode'
[2021.03.01-17.18.37:339][426]LogWorld: Bringing World /Game/Maps/UEDPIE_0_AI_01.AI_01 up for play (max tick rate 0) at 2021.03.01-17.18.37
[2021.03.01-17.18.37:339][426]LogWorld: Bringing up level for play took: 0.001938
[2021.03.01-17.18.37:340][426]LogOnline: OSS: Creating online subsystem instance for: :Context_8
[2021.03.01-17.18.37:345][426]LogBlueprintUserMessages: [EnemyAI_01_3] EnemyAI_01_3
[2021.03.01-17.18.37:345][426]LogBlueprintUserMessages: [EnemyAI_01_3] EnemyAI_01_3
[2021.03.01-17.18.37:345][426]PIE: Server logged in
[2021.03.01-17.18.37:346][426]PIE: Play in editor total start time 0.162 seconds.
[2021.03.01-17.18.55:612][854]LogSlate: Updating window title bar state: overlay mode, drag disabled, window buttons hidden, title bar hidden
[2021.03.01-17.18.55:612][854]LogWorld: BeginTearingDown for /Game/Maps/UEDPIE_0_AI_01
[2021.03.01-17.18.55:613][854]LogWorld: UWorld::CleanupWorld for AI_01, bSessionEnded=true, bCleanupResources=true
[2021.03.01-17.18.55:613][854]LogSlate: InvalidateAllWidgets triggered.  All widgets were invalidated
[2021.03.01-17.18.55:625][854]LogPlayLevel: Display: Shutting down PIE online subsystems
[2021.03.01-17.18.55:629][854]LogSlate: InvalidateAllWidgets triggered.  All widgets were invalidated
[2021.03.01-17.18.55:651][854]LogSlate: Updating window title bar state: overlay mode, drag disabled, window buttons hidden, title bar hidden
[2021.03.01-17.18.55:678][854]LogAISub: UAISubsystem::~UAISubsystem AIPerceptionSystem (000002A409D32480), frame # 8854
[2021.03.01-17.18.55:678][854]LogAISub: UAISubsystem::~UAISubsystem EnvQueryManager (000002A48DC33A00), frame # 8854
[2021.03.01-17.18.55:680][854]LogUObjectHash: Compacting FUObjectHashTables data took   2.26ms
[2021.03.01-17.18.55:746][855]LogPlayLevel: Display: Destroying online subsystem :Context_8
[2021.03.01-17.18.59:504][280]LogEditorViewport: Clicking on Actor (LMB): PlayerStart (NetworkPlayerStart)
[2021.03.01-17.19.02:421][602]LogTemp: Repeating last play command: Selected Viewport
[2021.03.01-17.19.02:437][602]LogPlayLevel: PlayLevel: No blueprints needed recompiling
[2021.03.01-17.19.02:438][602]PIE: New page: PIE session: AI_01 (1 Mar 2021, 17:19:02)
[2021.03.01-17.19.02:438][602]LogPlayLevel: Creating play world package: /Game/Maps/UEDPIE_0_AI_01
[2021.03.01-17.19.02:448][602]LogPlayLevel: PIE: StaticDuplicateObject took: (0.010135s)
[2021.03.01-17.19.02:448][602]LogAIModule: Creating AISystem for world AI_01
[2021.03.01-17.19.02:449][602]LogAISub: UAISubsystem::UAISubsystem EnvQueryManager (000002A4D170B400), frame # 9602
[2021.03.01-17.19.02:449][602]LogAISub: UAISubsystem::UAISubsystem AIPerceptionSystem (000002A49B19BB00), frame # 9602
[2021.03.01-17.19.02:449][602]LogPlayLevel: PIE: World Init took: (0.001306s)
[2021.03.01-17.19.02:449][602]LogPlayLevel: PIE: Created PIE world by copying editor world from /Game/Maps/AI_01.AI_01 to /Game/Maps/UEDPIE_0_AI_01.AI_01 (0.011797s)
[2021.03.01-17.19.02:474][602]LogUObjectHash: Compacting FUObjectHashTables data took   2.17ms
[2021.03.01-17.19.02:477][602]LogAudioMixer: Display: Audio Mixer Platform Settings:
[2021.03.01-17.19.02:477][602]LogAudioMixer: Display: 	Sample Rate:						  48000
[2021.03.01-17.19.02:477][602]LogAudioMixer: Display: 	Callback Buffer Frame Size Requested: 1024
[2021.03.01-17.19.02:477][602]LogAudioMixer: Display: 	Callback Buffer Frame Size To Use:	  1024
[2021.03.01-17.19.02:477][602]LogAudioMixer: Display: 	Number of buffers to queue:			  2
[2021.03.01-17.19.02:477][602]LogAudioMixer: Display: 	Max Channels (voices):				  32
[2021.03.01-17.19.02:478][602]LogAudioMixer: Display: 	Number of Async Source Workers:		  0
[2021.03.01-17.19.02:478][602]LogAudio: Display: AudioDevice MaxSources: 32
[2021.03.01-17.19.02:478][602]LogAudio: Display: Using built-in audio occlusion.
[2021.03.01-17.19.02:478][602]LogAudioMixer: Display: Initializing audio mixer.
[2021.03.01-17.19.02:481][602]LogAudioMixer: Display: 0: FrontLeft
[2021.03.01-17.19.02:481][602]LogAudioMixer: Display: 1: FrontRight
[2021.03.01-17.19.02:561][602]LogAudioMixer: Display: Using Audio Device Speakers (Realtek(R) Audio)
[2021.03.01-17.19.02:561][602]LogAudioMixer: Display: Initializing Sound Submixes...
[2021.03.01-17.19.02:561][602]LogAudioMixer: Display: Creating Master Submix 'MasterSubmixDefault'
[2021.03.01-17.19.02:561][602]LogAudioMixer: Display: Creating Master Submix 'MasterReverbSubmixDefault'
[2021.03.01-17.19.02:561][602]LogAudioMixer: Display: Creating Master Submix 'MasterEQSubmixDefault'
[2021.03.01-17.19.02:573][602]LogInit: FAudioDevice initialized.
[2021.03.01-17.19.02:584][602]LogLoad: Game class is 'UnrealAIGameMode'
[2021.03.01-17.19.02:586][602]LogWorld: Bringing World /Game/Maps/UEDPIE_0_AI_01.AI_01 up for play (max tick rate 0) at 2021.03.01-17.19.02
[2021.03.01-17.19.02:587][602]LogWorld: Bringing up level for play took: 0.001852
[2021.03.01-17.19.02:587][602]LogOnline: OSS: Creating online subsystem instance for: :Context_9
[2021.03.01-17.19.02:591][602]LogBlueprintUserMessages: [EnemyAI_01_3] EnemyAI_01_3
[2021.03.01-17.19.02:591][602]LogBlueprintUserMessages: [EnemyAI_01_3] EnemyAI_01_3
[2021.03.01-17.19.02:591][602]PIE: Server logged in
[2021.03.01-17.19.02:592][602]PIE: Play in editor total start time 0.156 seconds.
[2021.03.01-17.19.04:395][724]LogEditorViewport: Clicking on Actor (LMB): ThirdPersonCharacter_C (ThirdPersonCharacter)
[2021.03.01-17.19.06:432][802]LogAssetEditorSubsystem: Opening Asset editor for Blueprint /Game/ThirdPersonCPP/Blueprints/ThirdPersonCharacter.ThirdPersonCharacter
[2021.03.01-17.19.21:080][491]LogWorld: UWorld::CleanupWorld for World_4, bSessionEnded=true, bCleanupResources=true
[2021.03.01-17.19.21:080][491]LogSlate: InvalidateAllWidgets triggered.  All widgets were invalidated
[2021.03.01-17.19.21:739][527]Cmd: OBJ SAVEPACKAGE PACKAGE="/Game/Maps/AI_01" FILE="../../../../../../Users/Morgan/Desktop/UnrealAI/UnrealAI/Content/Maps/AI_01.umap" SILENT=true AUTOSAVING=false KEEPDIRTY=false
[2021.03.01-17.19.21:799][527]LogUObjectHash: Compacting FUObjectHashTables data took   2.43ms
[2021.03.01-17.19.21:853][527]LogSavePackage: Moving '../../../../../../Users/Morgan/Desktop/UnrealAI/UnrealAI/Saved/AI_01AD2933A34F09236B092E26826EDEBFB9.tmp' to '../../../../../../Users/Morgan/Desktop/UnrealAI/UnrealAI/Content/Maps/AI_01.umap'
[2021.03.01-17.19.21:885][527]Cmd: OBJ SAVEPACKAGE PACKAGE="/Game/Maps/AI_01_BuiltData" FILE="../../../../../../Users/Morgan/Desktop/UnrealAI/UnrealAI/Content/Maps/AI_01_BuiltData.uasset" SILENT=true
[2021.03.01-17.19.21:946][527]LogSavePackage: Moving '../../../../../../Users/Morgan/Desktop/UnrealAI/UnrealAI/Saved/AI_01_BuiltData97552CDE44F6748C3C167392C4A383F9.tmp' to '../../../../../../Users/Morgan/Desktop/UnrealAI/UnrealAI/Content/Maps/AI_01_BuiltData.uasset'
[2021.03.01-17.19.21:959][527]AssetCheck: New page: Asset Save: multiple assets
[2021.03.01-17.19.21:959][527]LogContentValidation: Display: Validating World /Game/Maps/AI_01.AI_01
[2021.03.01-17.19.21:959][527]LogContentValidation: Display: Validating MapBuildDataRegistry /Game/Maps/AI_01_BuiltData.AI_01_BuiltData
[2021.03.01-17.19.22:437][547]LogEditorViewport: Clicking on Actor (LMB): StaticMeshActor (1M_Cube_Chamfer5)
[2021.03.01-17.19.23:142][608]LogSlate: Updating window title bar state: overlay mode, drag disabled, window buttons hidden, title bar hidden
[2021.03.01-17.19.23:142][608]LogWorld: BeginTearingDown for /Game/Maps/UEDPIE_0_AI_01
[2021.03.01-17.19.23:142][608]LogWorld: UWorld::CleanupWorld for AI_01, bSessionEnded=true, bCleanupResources=true
[2021.03.01-17.19.23:143][608]LogSlate: InvalidateAllWidgets triggered.  All widgets were invalidated
[2021.03.01-17.19.23:157][608]LogPlayLevel: Display: Shutting down PIE online subsystems
[2021.03.01-17.19.23:160][608]LogSlate: InvalidateAllWidgets triggered.  All widgets were invalidated
[2021.03.01-17.19.23:182][608]LogSlate: Updating window title bar state: overlay mode, drag disabled, window buttons hidden, title bar hidden
[2021.03.01-17.19.23:207][608]LogAISub: UAISubsystem::~UAISubsystem AIPerceptionSystem (000002A49B19BB00), frame # 10608
[2021.03.01-17.19.23:207][608]LogAISub: UAISubsystem::~UAISubsystem EnvQueryManager (000002A4D170B400), frame # 10608
[2021.03.01-17.19.23:210][608]LogUObjectHash: Compacting FUObjectHashTables data took   2.32ms
[2021.03.01-17.19.23:262][609]LogPlayLevel: Display: Destroying online subsystem :Context_9
[2021.03.01-17.19.24:403][741]Cmd: OBJ SAVEPACKAGE PACKAGE="/Game/Maps/AI_01" FILE="../../../../../../Users/Morgan/Desktop/UnrealAI/UnrealAI/Content/Maps/AI_01.umap" SILENT=true AUTOSAVING=false KEEPDIRTY=false
[2021.03.01-17.19.24:427][741]LogUObjectHash: Compacting FUObjectHashTables data took   2.25ms
[2021.03.01-17.19.24:463][741]LogSavePackage: Moving '../../../../../../Users/Morgan/Desktop/UnrealAI/UnrealAI/Saved/AI_010D0804234DD79599BEA54388CD1EF767.tmp' to '../../../../../../Users/Morgan/Desktop/UnrealAI/UnrealAI/Content/Maps/AI_01.umap'
[2021.03.01-17.19.24:493][741]Cmd: OBJ SAVEPACKAGE PACKAGE="/Game/Maps/AI_01_BuiltData" FILE="../../../../../../Users/Morgan/Desktop/UnrealAI/UnrealAI/Content/Maps/AI_01_BuiltData.uasset" SILENT=true
[2021.03.01-17.19.24:554][741]LogSavePackage: Moving '../../../../../../Users/Morgan/Desktop/UnrealAI/UnrealAI/Saved/AI_01_BuiltData2E86DEAF4BF1FF66E65376957C00449D.tmp' to '../../../../../../Users/Morgan/Desktop/UnrealAI/UnrealAI/Content/Maps/AI_01_BuiltData.uasset'
[2021.03.01-17.19.24:570][741]AssetCheck: New page: Asset Save: multiple assets
[2021.03.01-17.19.24:570][741]LogContentValidation: Display: Validating World /Game/Maps/AI_01.AI_01
[2021.03.01-17.19.24:570][741]LogContentValidation: Display: Validating MapBuildDataRegistry /Game/Maps/AI_01_BuiltData.AI_01_BuiltData
[2021.03.01-17.19.26:471][963]Cmd: OBJ SAVEPACKAGE PACKAGE="/Game/Maps/AI_01" FILE="../../../../../../Users/Morgan/Desktop/UnrealAI/UnrealAI/Content/Maps/AI_01.umap" SILENT=true AUTOSAVING=false KEEPDIRTY=false
[2021.03.01-17.19.26:494][963]LogUObjectHash: Compacting FUObjectHashTables data took   0.67ms
[2021.03.01-17.19.26:528][963]LogSavePackage: Moving '../../../../../../Users/Morgan/Desktop/UnrealAI/UnrealAI/Saved/AI_01A0BC49E74DEFF49B4FC93F8827D3E070.tmp' to '../../../../../../Users/Morgan/Desktop/UnrealAI/UnrealAI/Content/Maps/AI_01.umap'
[2021.03.01-17.19.26:557][963]Cmd: OBJ SAVEPACKAGE PACKAGE="/Game/Maps/AI_01_BuiltData" FILE="../../../../../../Users/Morgan/Desktop/UnrealAI/UnrealAI/Content/Maps/AI_01_BuiltData.uasset" SILENT=true
[2021.03.01-17.19.26:615][963]LogSavePackage: Moving '../../../../../../Users/Morgan/Desktop/UnrealAI/UnrealAI/Saved/AI_01_BuiltData2A3180844A0F0C90241835A17EB9CBCF.tmp' to '../../../../../../Users/Morgan/Desktop/UnrealAI/UnrealAI/Content/Maps/AI_01_BuiltData.uasset'
[2021.03.01-17.19.26:635][963]AssetCheck: New page: Asset Save: multiple assets
[2021.03.01-17.19.26:635][963]LogContentValidation: Display: Validating World /Game/Maps/AI_01.AI_01
[2021.03.01-17.19.26:635][963]LogContentValidation: Display: Validating MapBuildDataRegistry /Game/Maps/AI_01_BuiltData.AI_01_BuiltData
[2021.03.01-17.19.28:103][110]LogEditorViewport: Clicking on Actor (LMB): StaticMeshActor (Floor)
[2021.03.01-17.19.29:300][236]LogRenderer: Reallocating scene render targets to support 2004x820 Format 10 NumSamples 1 (Frame:5414).
[2021.03.01-17.19.33:657][307]Candidate modules for hot reload:
[2021.03.01-17.19.33:657][307]  UnrealAI
[2021.03.01-17.19.33:657][307]Launching UnrealBuildTool... [C:/Program Files/Epic Games/UE_4.25/Engine/Binaries/DotNET/UnrealBuildTool.exe  -ModuleWithSuffix=UnrealAI,4568 UnrealAIEditor Win64 Development -Project="C:/Users/Morgan/Desktop/UnrealAI/UnrealAI/UnrealAI.uproject" "C:/Users/Morgan/Desktop/UnrealAI/UnrealAI/UnrealAI.uproject"  -IgnoreJunk]
[2021.03.01-17.19.33:704][307]Warning: Starting HotReload took  0.1s.
[2021.03.01-17.19.35:209][431]CompilerResultsLog: New page: Compilation - 1 Mar 2021, 17:19:35
[2021.03.01-17.19.35:209][431]CompilerResultsLog: Using 'git status' to determine working set for adaptive non-unity build (C:\Users\Morgan\Desktop\UnrealAI).
[2021.03.01-17.19.35:209][431]CompilerResultsLog: Building UnrealAIEditor...
[2021.03.01-17.19.35:209][431]CompilerResultsLog: Using Visual Studio 2019 14.28.29337 toolchain (C:\Program Files (x86)\Microsoft Visual Studio\2019\Community\VC\Tools\MSVC\14.28.29333) and Windows 10.0.18362.0 SDK (C:\Program Files (x86)\Windows Kits\10).
[2021.03.01-17.19.35:209][431]CompilerResultsLog: Building 3 actions with 20 processes...
[2021.03.01-17.19.35:209][431]CompilerResultsLog:   [1/3] UE4Editor-UnrealAI-4568.lib
[2021.03.01-17.19.35:209][431]CompilerResultsLog:      Creating library C:\Users\Morgan\Desktop\UnrealAI\UnrealAI\Intermediate\Build\Win64\UE4Editor\Development\UnrealAI\UE4Editor-UnrealAI-4568.lib and object C:\Users\Morgan\Desktop\UnrealAI\UnrealAI\Intermediate\Build\Win64\UE4Editor\Development\UnrealAI\UE4Editor-UnrealAI-4568.exp
[2021.03.01-17.19.35:209][431]CompilerResultsLog:   [2/3] UE4Editor-UnrealAI-4568.dll
[2021.03.01-17.19.35:209][431]CompilerResultsLog:      Creating library C:\Users\Morgan\Desktop\UnrealAI\UnrealAI\Intermediate\Build\Win64\UE4Editor\Development\UnrealAI\UE4Editor-UnrealAI-4568.suppressed.lib and object C:\Users\Morgan\Desktop\UnrealAI\UnrealAI\Intermediate\Build\Win64\UE4Editor\Development\UnrealAI\UE4Editor-UnrealAI-4568.suppressed.exp
[2021.03.01-17.19.35:210][431]CompilerResultsLog:   [3/3] UnrealAIEditor.target
[2021.03.01-17.19.35:210][431]CompilerResultsLog: Total time in Parallel executor: 0.88 seconds
[2021.03.01-17.19.35:210][431]CompilerResultsLog: Total execution time: 1.41 seconds
[2021.03.01-17.19.35:210][431]LogMainFrame: MainFrame: Module compiling took 1.609 seconds
[2021.03.01-17.19.35:256][431]LogContentBrowser: Native class hierarchy updated for 'UnrealAI' in 0.0004 seconds. Added 10 classes and 4 folders.
[2021.03.01-17.19.35:260][431]Display: HotReload successful (0 functions remapped  0 scriptstructs remapped)
[2021.03.01-17.19.35:372][431]LogContentBrowser: Native class hierarchy populated in 0.0090 seconds. Added 3440 classes and 833 folders.
[2021.03.01-17.19.35:373][431]Display: HotReload took  1.8s.
[2021.03.01-17.19.36:309][483]LogEditorViewport: Clicking on Actor (LMB): StaticMeshActor (Floor)
[2021.03.01-17.19.39:438][804]LogUObjectHash: Compacting FUObjectHashTables data took   3.77ms
[2021.03.01-17.19.39:453][804]LogSlate: Window 'EnemyAI_01' being destroyed
[2021.03.01-17.19.39:457][804]LogActorComponent: UnregisterComponent: (/Engine/Transient.EditorFloorComp) Not registered. Aborting.
[2021.03.01-17.19.39:457][804]LogWorld: UWorld::CleanupWorld for World_2, bSessionEnded=true, bCleanupResources=true
[2021.03.01-17.19.39:457][804]LogSlate: InvalidateAllWidgets triggered.  All widgets were invalidated
[2021.03.01-17.19.39:546][804]LogSlate: Window 'UnrealAI - Unreal Editor' being destroyed
[2021.03.01-17.19.39:546][804]LogWindowsTextInputMethodSystem: Display: IME system now deactivated.
[2021.03.01-17.19.39:749][805]Cmd: QUIT_EDITOR
[2021.03.01-17.19.39:749][805]LogCore: Engine exit requested (reason: UUnrealEdEngine::CloseEditor())
[2021.03.01-17.19.39:756][805]LogCore: Engine exit requested (reason: EngineExit() was called; note: exit was already requested)
[2021.03.01-17.19.40:687][805]LogExit: Preparing to exit.
[2021.03.01-17.19.41:448][805]LogActorComponent: UnregisterComponent: (None.None) Not registered. Aborting.
[2021.03.01-17.19.41:448][805]LogActorComponent: UnregisterComponent: (None.None) Not registered. Aborting.
[2021.03.01-17.19.41:448][805]LogActorComponent: UnregisterComponent: (None.None) Not registered. Aborting.
[2021.03.01-17.19.41:448][805]LogActorComponent: UnregisterComponent: (None.None) Not registered. Aborting.
[2021.03.01-17.19.41:448][805]LogActorComponent: UnregisterComponent: (None.None) Not registered. Aborting.
[2021.03.01-17.19.41:448][805]LogActorComponent: UnregisterComponent: (None.None) Not registered. Aborting.
[2021.03.01-17.19.41:448][805]LogActorComponent: UnregisterComponent: (None.None) Not registered. Aborting.
[2021.03.01-17.19.41:449][805]LogWorld: UWorld::CleanupWorld for None, bSessionEnded=true, bCleanupResources=true
