Log file open, 02/23/21 12:26:46
LogInit: Display: Running engine for game: UnrealAI
LogPlatformFile: Not using cached read wrapper
LogTaskGraph: Started task graph with 5 named threads and 59 total threads with 3 sets of task threads.
LogStats: Stats thread started at 0.280264
LogD3D11RHI: Loaded GFSDK_Aftermath_Lib.x64.dll
LogICUInternationalization: ICU TimeZone Detection - Raw Offset: +0:00, Platform Override: ''
LogPluginManager: Mounting plugin Paper2D
LogPluginManager: Mounting plugin AISupport
LogPluginManager: Mounting plugin LightPropagationVolume
LogPluginManager: Mounting plugin CameraShakePreviewer
LogPluginManager: Mounting plugin ActorLayerUtilities
LogPluginManager: Mounting plugin AnimationSharing
LogPluginManager: Mounting plugin CLionSourceCodeAccess
LogPluginManager: Mounting plugin CodeLiteSourceCodeAccess
LogPluginManager: Mounting plugin GitSourceControl
LogPluginManager: Mounting plugin KDevelopSourceCodeAccess
LogPluginManager: Mounting plugin NullSourceCodeAccess
LogPluginManager: Mounting plugin PerforceSourceControl
LogPluginManager: Mounting plugin PlasticSourceControl
LogPluginManager: Mounting plugin RiderSourceCodeAccess
LogPluginManager: Mounting plugin SubversionSourceControl
LogPluginManager: Mounting plugin UObjectPlugin
LogPluginManager: Mounting plugin VisualStudioCodeSourceCodeAccess
LogPluginManager: Mounting plugin VisualStudioSourceCodeAccess
LogPluginManager: Mounting plugin XCodeSourceCodeAccess
LogPluginManager: Mounting plugin AssetManagerEditor
LogPluginManager: Mounting plugin CryptoKeys
LogPluginManager: Mounting plugin CurveEditorTools
LogPluginManager: Mounting plugin DataValidation
LogPluginManager: Mounting plugin EditorScriptingUtilities
LogPluginManager: Mounting plugin FacialAnimation
LogPluginManager: Mounting plugin GameplayTagsEditor
LogPluginManager: Mounting plugin GeometryMode
LogPluginManager: Mounting plugin MacGraphicsSwitching
LogPluginManager: Mounting plugin MaterialAnalyzer
LogPluginManager: Mounting plugin MobileLauncherProfileWizard
LogPluginManager: Mounting plugin PluginBrowser
LogPluginManager: Mounting plugin SpeedTreeImporter
LogPluginManager: Mounting plugin DatasmithContent
LogPluginManager: Mounting plugin VariantManagerContent
LogPluginManager: Mounting plugin AlembicImporter
LogPluginManager: Mounting plugin AutomationUtils
LogPluginManager: Mounting plugin BackChannel
LogPluginManager: Mounting plugin ChaosCloth
LogPluginManager: Mounting plugin ChaosClothEditor
LogPluginManager: Mounting plugin ChaosEditor
LogPluginManager: Mounting plugin ChaosNiagara
LogPluginManager: Mounting plugin ChaosSolverPlugin
LogPluginManager: Mounting plugin CharacterAI
LogPluginManager: Mounting plugin GeometryCache
LogPluginManager: Mounting plugin GeometryCollectionPlugin
LogPluginManager: Mounting plugin GeometryProcessing
LogPluginManager: Mounting plugin PlanarCut
LogPluginManager: Mounting plugin PlatformCrypto
LogPluginManager: Mounting plugin ProxyLODPlugin
LogPluginManager: Mounting plugin SkeletalReduction
LogPluginManager: Mounting plugin Niagara
LogPluginManager: Mounting plugin MagicLeap
LogPluginManager: Mounting plugin MagicLeapLightEstimation
LogPluginManager: Mounting plugin MagicLeapMedia
LogPluginManager: Mounting plugin MagicLeapPassableWorld
LogPluginManager: Mounting plugin MLSDK
LogPluginManager: Mounting plugin DarkerNodes
LogPluginManager: Mounting plugin ElectronicNodes
LogPluginManager: Mounting plugin AndroidMedia
LogPluginManager: Mounting plugin AvfMedia
LogPluginManager: Mounting plugin ImgMedia
LogPluginManager: Mounting plugin MediaCompositing
LogPluginManager: Mounting plugin MediaPlayerEditor
LogPluginManager: Mounting plugin WebMMedia
LogPluginManager: Mounting plugin WmfMedia
LogPluginManager: Mounting plugin MeshPainting
LogPluginManager: Mounting plugin TcpMessaging
LogPluginManager: Mounting plugin UdpMessaging
LogPluginManager: Mounting plugin ActorSequence
LogPluginManager: Mounting plugin LevelSequenceEditor
LogPluginManager: Mounting plugin MatineeToLevelSequence
LogPluginManager: Mounting plugin MovieRenderPipeline
LogPluginManager: Mounting plugin TemplateSequence
LogPluginManager: Mounting plugin NetcodeUnitTest
LogPluginManager: Mounting plugin NUTUnrealEngine4
LogPluginManager: Mounting plugin OnlineSubsystemGooglePlay
LogPluginManager: Mounting plugin OnlineSubsystemIOS
LogPluginManager: Mounting plugin OnlineSubsystem
LogPluginManager: Mounting plugin OnlineSubsystemNull
LogPluginManager: Mounting plugin OnlineSubsystemUtils
LogPluginManager: Mounting plugin LauncherChunkInstaller
LogPluginManager: Mounting plugin AndroidDeviceProfileSelector
LogPluginManager: Mounting plugin AndroidMoviePlayer
LogPluginManager: Mounting plugin AndroidPermission
LogPluginManager: Mounting plugin AppleImageUtils
LogPluginManager: Mounting plugin AppleMoviePlayer
LogPluginManager: Mounting plugin ArchVisCharacter
LogPluginManager: Mounting plugin AssetTags
LogPluginManager: Mounting plugin AudioCapture
LogPluginManager: Mounting plugin CableComponent
LogPluginManager: Mounting plugin CustomMeshComponent
LogPluginManager: Mounting plugin EditableMesh
LogPluginManager: Mounting plugin ExampleDeviceProfileSelector
LogPluginManager: Mounting plugin GoogleCloudMessaging
LogPluginManager: Mounting plugin GooglePAD
LogPluginManager: Mounting plugin IOSDeviceProfileSelector
LogPluginManager: Mounting plugin LinuxDeviceProfileSelector
LogPluginManager: Mounting plugin LocationServicesBPLibrary
LogPluginManager: Mounting plugin MobilePatchingUtils
LogPluginManager: Mounting plugin OculusVR
LogPluginManager: Mounting plugin PhysXVehicles
LogPluginManager: Mounting plugin PostSplashScreen
LogPluginManager: Mounting plugin ProceduralMeshComponent
LogPluginManager: Mounting plugin RuntimePhysXCooking
LogPluginManager: Mounting plugin SignificanceManager
LogPluginManager: Mounting plugin SoundFields
LogPluginManager: Mounting plugin SteamVR
LogPluginManager: Mounting plugin Synthesis
LogPluginManager: Mounting plugin WebMMoviePlayer
LogPluginManager: Mounting plugin WindowsMoviePlayer
LogPluginManager: Mounting plugin ScreenshotTools
LogInit: Using libcurl 7.55.1-DEV
LogInit:  - built for x86_64-pc-win32
LogInit:  - supports SSL with OpenSSL/1.1.1
LogInit:  - supports HTTP deflate (compression) using libz 1.2.8
LogInit:  - other features:
LogInit:      CURL_VERSION_SSL
LogInit:      CURL_VERSION_LIBZ
LogInit:      CURL_VERSION_IPV6
LogInit:      CURL_VERSION_ASYNCHDNS
LogInit:      CURL_VERSION_LARGEFILE
LogInit:      CURL_VERSION_IDN
LogInit:  CurlRequestOptions (configurable via config and command line):
LogInit:  - bVerifyPeer = true  - Libcurl will verify peer certificate
LogInit:  - bUseHttpProxy = false  - Libcurl will NOT use HTTP proxy
LogInit:  - bDontReuseConnections = false  - Libcurl will reuse connections
LogInit:  - MaxHostConnections = 16  - Libcurl will limit the number of connections to a host
LogInit:  - LocalHostAddr = Default
LogInit:  - BufferSize = 65536
LogOnline: OSS: Creating online subsystem instance for: NULL
LogInit: WinSock: version 1.1 (2.2), MaxSocks=32767, MaxUdp=65467
LogOnline: OSS: TryLoadSubsystemAndSetDefault: Loaded subsystem for module [NULL]
LogInit: Build: ++UE4+Release-4.25-CL-14469661
LogInit: Engine Version: 4.25.4-14469661+++UE4+Release-4.25
LogInit: Compatible Engine Version: 4.25.0-13144385+++UE4+Release-4.25
LogInit: Net CL: 13144385
LogInit: OS: Windows 10 (Release 2009) (), CPU: Intel(R) Core(TM) i9-10850K CPU @ 3.60GHz, GPU: NVIDIA GeForce RTX 3090
LogInit: Compiled (64-bit): Oct 11 2020 08:10:49
LogInit: Compiled with Visual C++: 19.24.28315.00
LogInit: Build Configuration: Development
LogInit: Branch Name: ++UE4+Release-4.25
LogInit: Command Line:  -skipcompile
LogInit: Base Directory: C:/Program Files/Epic Games/UE_4.25/Engine/Binaries/Win64/
LogInit: Allocator: TBB
LogInit: Installed Engine Build: 1
LogDevObjectVersion: Number of dev versions registered: 26
LogDevObjectVersion:   Dev-Blueprints (B0D832E4-1F89-4F0D-ACCF-7EB736FD4AA2): 10
LogDevObjectVersion:   Dev-Build (E1C64328-A22C-4D53-A36C-8E866417BD8C): 0
LogDevObjectVersion:   Dev-Core (375EC13C-06E4-48FB-B500-84F0262A717E): 4
LogDevObjectVersion:   Dev-Editor (E4B068ED-F494-42E9-A231-DA0B2E46BB41): 38
LogDevObjectVersion:   Dev-Framework (CFFC743F-43B0-4480-9391-14DF171D2073): 37
LogDevObjectVersion:   Dev-Mobile (B02B49B5-BB20-44E9-A304-32B752E40360): 2
LogDevObjectVersion:   Dev-Networking (A4E4105C-59A1-49B5-A7C5-40C4547EDFEE): 0
LogDevObjectVersion:   Dev-Online (39C831C9-5AE6-47DC-9A44-9C173E1C8E7C): 0
LogDevObjectVersion:   Dev-Physics (78F01B33-EBEA-4F98-B9B4-84EACCB95AA2): 4
LogDevObjectVersion:   Dev-Platform (6631380F-2D4D-43E0-8009-CF276956A95A): 0
LogDevObjectVersion:   Dev-Rendering (12F88B9F-8875-4AFC-A67C-D90C383ABD29): 43
LogDevObjectVersion:   Dev-Sequencer (7B5AE74C-D270-4C10-A958-57980B212A5A): 12
LogDevObjectVersion:   Dev-VR (D7296918-1DD6-4BDD-9DE2-64A83CC13884): 3
LogDevObjectVersion:   Dev-LoadTimes (C2A15278-BFE7-4AFE-6C17-90FF531DF755): 1
LogDevObjectVersion:   Private-Geometry (6EACA3D4-40EC-4CC1-B786-8BED09428FC5): 3
LogDevObjectVersion:   Dev-AnimPhys (29E575DD-E0A3-4627-9D10-D276232CDCEA): 17
LogDevObjectVersion:   Dev-Anim (AF43A65D-7FD3-4947-9873-3E8ED9C1BB05): 7
LogDevObjectVersion:   Dev-ReflectionCapture (6B266CEC-1EC7-4B8F-A30B-E4D90942FC07): 1
LogDevObjectVersion:   Dev-Automation (0DF73D61-A23F-47EA-B727-89E90C41499A): 1
LogDevObjectVersion:   FortniteMain (601D1886-AC64-4F84-AA16-D3DE0DEAC7D6): 31
LogDevObjectVersion:   Dev-Enterprise (9DFFBCD6-494F-0158-E221-12823C92A888): 10
LogDevObjectVersion:   Dev-Niagara (F2AED0AC-9AFE-416F-8664-AA7FFA26D6FC): 1
LogDevObjectVersion:   Dev-Destruction (174F1F0B-B4C6-45A5-B13F-2EE8D0FB917D): 10
LogDevObjectVersion:   Dev-Physics-Ext (35F94A83-E258-406C-A318-09F59610247C): 37
LogDevObjectVersion:   Dev-PhysicsMaterial-Chaos (B68FC16E-8B1B-42E2-B453-215C058844FE): 1
LogDevObjectVersion:   Dev-CineCamera (B2E18506-4273-CFC2-A54E-F4BB758BBA07): 1
LogInit: Presizing for max 25165824 objects, including 0 objects not considered by GC, pre-allocating 0 bytes for permanent pool.
LogConfig: Applying CVar settings from Section [/Script/Engine.StreamingSettings] File [C:/Users/Morgan/Desktop/UnrealAI/UnrealAI/Saved/Config/Windows/Engine.ini]
LogConfig: Setting CVar [[s.MinBulkDataSizeForAsyncLoading:131072]]
LogConfig: Setting CVar [[s.AsyncLoadingThreadEnabled:0]]
LogConfig: Setting CVar [[s.EventDrivenLoaderEnabled:1]]
LogConfig: Setting CVar [[s.WarnIfTimeLimitExceeded:0]]
LogConfig: Setting CVar [[s.TimeLimitExceededMultiplier:1.5]]
LogConfig: Setting CVar [[s.TimeLimitExceededMinTime:0.005]]
LogConfig: Setting CVar [[s.UseBackgroundLevelStreaming:1]]
LogConfig: Setting CVar [[s.PriorityAsyncLoadingExtraTime:15.0]]
LogConfig: Setting CVar [[s.LevelStreamingActorsUpdateTimeLimit:5.0]]
LogConfig: Setting CVar [[s.PriorityLevelStreamingActorsUpdateExtraTime:5.0]]
LogConfig: Setting CVar [[s.LevelStreamingComponentsRegistrationGranularity:10]]
LogConfig: Setting CVar [[s.UnregisterComponentsTimeLimit:1.0]]
LogConfig: Setting CVar [[s.LevelStreamingComponentsUnregistrationGranularity:5]]
LogConfig: Setting CVar [[s.FlushStreamingOnExit:1]]
LogInit: Object subsystem initialized
LogConfig: Setting CVar [[con.DebugEarlyDefault:1]]
LogConfig: Setting CVar [[r.setres:1280x720]]
[2021.02.23-12.26.47:306][  0]LogConfig: Setting CVar [[r.VSync:0]]
[2021.02.23-12.26.47:306][  0]LogConfig: Setting CVar [[r.RHICmdBypass:0]]
[2021.02.23-12.26.47:306][  0]LogConfig: Applying CVar settings from Section [/Script/Engine.RendererSettings] File [C:/Users/Morgan/Desktop/UnrealAI/UnrealAI/Saved/Config/Windows/Engine.ini]
[2021.02.23-12.26.47:306][  0]LogConfig: Setting CVar [[r.GPUCrashDebugging:0]]
[2021.02.23-12.26.47:306][  0]LogConfig: Applying CVar settings from Section [/Script/Engine.RendererOverrideSettings] File [C:/Users/Morgan/Desktop/UnrealAI/UnrealAI/Saved/Config/Windows/Engine.ini]
[2021.02.23-12.26.47:306][  0]LogConfig: Applying CVar settings from Section [/Script/Engine.StreamingSettings] File [C:/Users/Morgan/Desktop/UnrealAI/UnrealAI/Saved/Config/Windows/Engine.ini]
[2021.02.23-12.26.47:306][  0]LogConfig: Setting CVar [[s.MinBulkDataSizeForAsyncLoading:131072]]
[2021.02.23-12.26.47:306][  0]LogConfig: Setting CVar [[s.AsyncLoadingThreadEnabled:0]]
[2021.02.23-12.26.47:306][  0]LogConfig: Setting CVar [[s.EventDrivenLoaderEnabled:1]]
[2021.02.23-12.26.47:306][  0]LogConfig: Setting CVar [[s.WarnIfTimeLimitExceeded:0]]
[2021.02.23-12.26.47:306][  0]LogConfig: Setting CVar [[s.TimeLimitExceededMultiplier:1.5]]
[2021.02.23-12.26.47:306][  0]LogConfig: Setting CVar [[s.TimeLimitExceededMinTime:0.005]]
[2021.02.23-12.26.47:306][  0]LogConfig: Setting CVar [[s.UseBackgroundLevelStreaming:1]]
[2021.02.23-12.26.47:306][  0]LogConfig: Setting CVar [[s.PriorityAsyncLoadingExtraTime:15.0]]
[2021.02.23-12.26.47:306][  0]LogConfig: Setting CVar [[s.LevelStreamingActorsUpdateTimeLimit:5.0]]
[2021.02.23-12.26.47:306][  0]LogConfig: Setting CVar [[s.PriorityLevelStreamingActorsUpdateExtraTime:5.0]]
[2021.02.23-12.26.47:306][  0]LogConfig: Setting CVar [[s.LevelStreamingComponentsRegistrationGranularity:10]]
[2021.02.23-12.26.47:306][  0]LogConfig: Setting CVar [[s.UnregisterComponentsTimeLimit:1.0]]
[2021.02.23-12.26.47:307][  0]LogConfig: Setting CVar [[s.LevelStreamingComponentsUnregistrationGranularity:5]]
[2021.02.23-12.26.47:307][  0]LogConfig: Setting CVar [[s.FlushStreamingOnExit:1]]
[2021.02.23-12.26.47:307][  0]LogConfig: Applying CVar settings from Section [/Script/Engine.GarbageCollectionSettings] File [C:/Users/Morgan/Desktop/UnrealAI/UnrealAI/Saved/Config/Windows/Engine.ini]
[2021.02.23-12.26.47:307][  0]LogConfig: Setting CVar [[gc.MaxObjectsNotConsideredByGC:1]]
[2021.02.23-12.26.47:307][  0]LogConfig: Setting CVar [[gc.SizeOfPermanentObjectPool:0]]
[2021.02.23-12.26.47:307][  0]LogConfig: Setting CVar [[gc.FlushStreamingOnGC:0]]
[2021.02.23-12.26.47:307][  0]LogConfig: Setting CVar [[gc.NumRetriesBeforeForcingGC:10]]
[2021.02.23-12.26.47:307][  0]LogConfig: Setting CVar [[gc.AllowParallelGC:1]]
[2021.02.23-12.26.47:307][  0]LogConfig: Setting CVar [[gc.TimeBetweenPurgingPendingKillObjects:61.1]]
[2021.02.23-12.26.47:307][  0]LogConfig: Setting CVar [[gc.MaxObjectsInEditor:25165824]]
[2021.02.23-12.26.47:307][  0]LogConfig: Setting CVar [[gc.IncrementalBeginDestroyEnabled:1]]
[2021.02.23-12.26.47:307][  0]LogConfig: Setting CVar [[gc.CreateGCClusters:1]]
[2021.02.23-12.26.47:307][  0]LogConfig: Setting CVar [[gc.MinGCClusterSize:5]]
[2021.02.23-12.26.47:307][  0]LogConfig: Setting CVar [[gc.ActorClusteringEnabled:0]]
[2021.02.23-12.26.47:307][  0]LogConfig: Setting CVar [[gc.BlueprintClusteringEnabled:0]]
[2021.02.23-12.26.47:307][  0]LogConfig: Setting CVar [[gc.UseDisregardForGCOnDedicatedServers:0]]
[2021.02.23-12.26.47:307][  0]LogConfig: Applying CVar settings from Section [/Script/Engine.NetworkSettings] File [C:/Users/Morgan/Desktop/UnrealAI/UnrealAI/Saved/Config/Windows/Engine.ini]
[2021.02.23-12.26.47:307][  0]LogConfig: Applying CVar settings from Section [/Script/UnrealEd.CookerSettings] File [C:/Users/Morgan/Desktop/UnrealAI/UnrealAI/Saved/Config/Windows/Engine.ini]
[2021.02.23-12.26.47:313][  0]LogConfig: Applying CVar settings from Section [ViewDistanceQuality@3] File [C:/Users/Morgan/Desktop/UnrealAI/UnrealAI/Saved/Config/Windows/Scalability.ini]
[2021.02.23-12.26.47:313][  0]LogConfig: Setting CVar [[r.SkeletalMeshLODBias:0]]
[2021.02.23-12.26.47:313][  0]LogConfig: Setting CVar [[r.ViewDistanceScale:1.0]]
[2021.02.23-12.26.47:313][  0]LogConfig: Applying CVar settings from Section [AntiAliasingQuality@3] File [C:/Users/Morgan/Desktop/UnrealAI/UnrealAI/Saved/Config/Windows/Scalability.ini]
[2021.02.23-12.26.47:313][  0]LogConfig: Setting CVar [[r.PostProcessAAQuality:4]]
[2021.02.23-12.26.47:313][  0]LogConfig: Applying CVar settings from Section [ShadowQuality@3] File [C:/Users/Morgan/Desktop/UnrealAI/UnrealAI/Saved/Config/Windows/Scalability.ini]
[2021.02.23-12.26.47:313][  0]LogConfig: Setting CVar [[r.LightFunctionQuality:1]]
[2021.02.23-12.26.47:314][  0]LogConfig: Setting CVar [[r.ShadowQuality:5]]
[2021.02.23-12.26.47:314][  0]LogConfig: Setting CVar [[r.Shadow.CSM.MaxCascades:10]]
[2021.02.23-12.26.47:314][  0]LogConfig: Setting CVar [[r.Shadow.MaxResolution:2048]]
[2021.02.23-12.26.47:314][  0]LogConfig: Setting CVar [[r.Shadow.MaxCSMResolution:2048]]
[2021.02.23-12.26.47:314][  0]LogConfig: Setting CVar [[r.Shadow.RadiusThreshold:0.01]]
[2021.02.23-12.26.47:314][  0]LogConfig: Setting CVar [[r.Shadow.DistanceScale:1.0]]
[2021.02.23-12.26.47:314][  0]LogConfig: Setting CVar [[r.Shadow.CSM.TransitionScale:1.0]]
[2021.02.23-12.26.47:314][  0]LogConfig: Setting CVar [[r.Shadow.PreShadowResolutionFactor:1.0]]
[2021.02.23-12.26.47:314][  0]LogConfig: Setting CVar [[r.DistanceFieldShadowing:1]]
[2021.02.23-12.26.47:314][  0]LogConfig: Setting CVar [[r.DistanceFieldAO:1]]
[2021.02.23-12.26.47:314][  0]LogConfig: Setting CVar [[r.AOQuality:2]]
[2021.02.23-12.26.47:314][  0]LogConfig: Setting CVar [[r.VolumetricFog:1]]
[2021.02.23-12.26.47:314][  0]LogConfig: Setting CVar [[r.VolumetricFog.GridPixelSize:8]]
[2021.02.23-12.26.47:314][  0]LogConfig: Setting CVar [[r.VolumetricFog.GridSizeZ:128]]
[2021.02.23-12.26.47:314][  0]LogConfig: Setting CVar [[r.VolumetricFog.HistoryMissSupersampleCount:4]]
[2021.02.23-12.26.47:314][  0]LogConfig: Setting CVar [[r.LightMaxDrawDistanceScale:1]]
[2021.02.23-12.26.47:314][  0]LogConfig: Setting CVar [[r.CapsuleShadows:1]]
[2021.02.23-12.26.47:314][  0]LogConfig: Applying CVar settings from Section [PostProcessQuality@3] File [C:/Users/Morgan/Desktop/UnrealAI/UnrealAI/Saved/Config/Windows/Scalability.ini]
[2021.02.23-12.26.47:314][  0]LogConfig: Setting CVar [[r.MotionBlurQuality:4]]
[2021.02.23-12.26.47:314][  0]LogConfig: Setting CVar [[r.AmbientOcclusionMipLevelFactor:0.4]]
[2021.02.23-12.26.47:314][  0]LogConfig: Setting CVar [[r.AmbientOcclusionMaxQuality:100]]
[2021.02.23-12.26.47:314][  0]LogConfig: Setting CVar [[r.AmbientOcclusionLevels:-1]]
[2021.02.23-12.26.47:315][  0]LogConfig: Setting CVar [[r.AmbientOcclusionRadiusScale:1.0]]
[2021.02.23-12.26.47:315][  0]LogConfig: Setting CVar [[r.DepthOfFieldQuality:2]]
[2021.02.23-12.26.47:315][  0]LogConfig: Setting CVar [[r.RenderTargetPoolMin:400]]
[2021.02.23-12.26.47:315][  0]LogConfig: Setting CVar [[r.LensFlareQuality:2]]
[2021.02.23-12.26.47:315][  0]LogConfig: Setting CVar [[r.SceneColorFringeQuality:1]]
[2021.02.23-12.26.47:315][  0]LogConfig: Setting CVar [[r.EyeAdaptationQuality:2]]
[2021.02.23-12.26.47:315][  0]LogConfig: Setting CVar [[r.BloomQuality:5]]
[2021.02.23-12.26.47:315][  0]LogConfig: Setting CVar [[r.FastBlurThreshold:100]]
[2021.02.23-12.26.47:315][  0]LogConfig: Setting CVar [[r.Upscale.Quality:3]]
[2021.02.23-12.26.47:315][  0]LogConfig: Setting CVar [[r.Tonemapper.GrainQuantization:1]]
[2021.02.23-12.26.47:315][  0]LogConfig: Setting CVar [[r.LightShaftQuality:1]]
[2021.02.23-12.26.47:315][  0]LogConfig: Setting CVar [[r.Filter.SizeScale:1]]
[2021.02.23-12.26.47:315][  0]LogConfig: Setting CVar [[r.Tonemapper.Quality:5]]
[2021.02.23-12.26.47:315][  0]LogConfig: Setting CVar [[r.DOF.Gather.AccumulatorQuality:1        ; higher gathering accumulator quality]]
[2021.02.23-12.26.47:315][  0]LogConfig: Setting CVar [[r.DOF.Gather.PostfilterMethod:1          ; Median3x3 postfilering method]]
[2021.02.23-12.26.47:315][  0]LogConfig: Setting CVar [[r.DOF.Gather.EnableBokehSettings:0       ; no bokeh simulation when gathering]]
[2021.02.23-12.26.47:315][  0]LogConfig: Setting CVar [[r.DOF.Gather.RingCount:4                 ; medium number of samples when gathering]]
[2021.02.23-12.26.47:315][  0]LogConfig: Setting CVar [[r.DOF.Scatter.ForegroundCompositing:1    ; additive foreground scattering]]
[2021.02.23-12.26.47:315][  0]LogConfig: Setting CVar [[r.DOF.Scatter.BackgroundCompositing:2    ; additive background scattering]]
[2021.02.23-12.26.47:315][  0]LogConfig: Setting CVar [[r.DOF.Scatter.EnableBokehSettings:1      ; bokeh simulation when scattering]]
[2021.02.23-12.26.47:315][  0]LogConfig: Setting CVar [[r.DOF.Scatter.MaxSpriteRatio:0.1         ; only a maximum of 10% of scattered bokeh]]
[2021.02.23-12.26.47:315][  0]LogConfig: Setting CVar [[r.DOF.Recombine.Quality:1                ; cheap slight out of focus]]
[2021.02.23-12.26.47:315][  0]LogConfig: Setting CVar [[r.DOF.Recombine.EnableBokehSettings:0    ; no bokeh simulation on slight out of focus]]
[2021.02.23-12.26.47:315][  0]LogConfig: Setting CVar [[r.DOF.TemporalAAQuality:1                ; more stable temporal accumulation]]
[2021.02.23-12.26.47:315][  0]LogConfig: Setting CVar [[r.DOF.Kernel.MaxForegroundRadius:0.025]]
[2021.02.23-12.26.47:316][  0]LogConfig: Setting CVar [[r.DOF.Kernel.MaxBackgroundRadius:0.025]]
[2021.02.23-12.26.47:316][  0]LogConfig: Applying CVar settings from Section [TextureQuality@3] File [C:/Users/Morgan/Desktop/UnrealAI/UnrealAI/Saved/Config/Windows/Scalability.ini]
[2021.02.23-12.26.47:316][  0]LogConfig: Setting CVar [[r.Streaming.MipBias:0]]
[2021.02.23-12.26.47:316][  0]LogConfig: Setting CVar [[r.Streaming.AmortizeCPUToGPUCopy:0]]
[2021.02.23-12.26.47:316][  0]LogConfig: Setting CVar [[r.Streaming.MaxNumTexturesToStreamPerFrame:0]]
[2021.02.23-12.26.47:316][  0]LogConfig: Setting CVar [[r.Streaming.Boost:1]]
[2021.02.23-12.26.47:316][  0]LogConfig: Setting CVar [[r.MaxAnisotropy:8]]
[2021.02.23-12.26.47:316][  0]LogConfig: Setting CVar [[r.VT.MaxAnisotropy:8]]
[2021.02.23-12.26.47:316][  0]LogConfig: Setting CVar [[r.Streaming.LimitPoolSizeToVRAM:0]]
[2021.02.23-12.26.47:316][  0]LogConfig: Setting CVar [[r.Streaming.PoolSize:1000]]
[2021.02.23-12.26.47:316][  0]LogConfig: Setting CVar [[r.Streaming.MaxEffectiveScreenSize:0]]
[2021.02.23-12.26.47:316][  0]LogConfig: Applying CVar settings from Section [EffectsQuality@3] File [C:/Users/Morgan/Desktop/UnrealAI/UnrealAI/Saved/Config/Windows/Scalability.ini]
[2021.02.23-12.26.47:316][  0]LogConfig: Setting CVar [[r.TranslucencyLightingVolumeDim:64]]
[2021.02.23-12.26.47:316][  0]LogConfig: Setting CVar [[r.RefractionQuality:2]]
[2021.02.23-12.26.47:316][  0]LogConfig: Setting CVar [[r.SSR.Quality:3]]
[2021.02.23-12.26.47:316][  0]LogConfig: Setting CVar [[r.SSR.HalfResSceneColor:0]]
[2021.02.23-12.26.47:316][  0]LogConfig: Setting CVar [[r.SceneColorFormat:4]]
[2021.02.23-12.26.47:316][  0]LogConfig: Setting CVar [[r.DetailMode:2]]
[2021.02.23-12.26.47:316][  0]LogConfig: Setting CVar [[r.TranslucencyVolumeBlur:1]]
[2021.02.23-12.26.47:316][  0]LogConfig: Setting CVar [[r.MaterialQualityLevel:1 ; High quality]]
[2021.02.23-12.26.47:316][  0]LogConfig: Setting CVar [[r.SSS.Scale:1]]
[2021.02.23-12.26.47:316][  0]LogConfig: Setting CVar [[r.SSS.SampleSet:2]]
[2021.02.23-12.26.47:316][  0]LogConfig: Setting CVar [[r.SSS.Quality:1]]
[2021.02.23-12.26.47:317][  0]LogConfig: Setting CVar [[r.SSS.HalfRes:0]]
[2021.02.23-12.26.47:317][  0]LogConfig: Setting CVar [[r.SSGI.Quality:3]]
[2021.02.23-12.26.47:317][  0]LogConfig: Setting CVar [[r.EmitterSpawnRateScale:1.0]]
[2021.02.23-12.26.47:317][  0]LogConfig: Setting CVar [[r.ParticleLightQuality:2]]
[2021.02.23-12.26.47:317][  0]LogConfig: Setting CVar [[r.SkyAtmosphere.AerialPerspectiveLUT.FastApplyOnOpaque:1 ; Always have FastSkyLUT 1 in this case to avoid wrong sky]]
[2021.02.23-12.26.47:317][  0]LogConfig: Setting CVar [[r.SkyAtmosphere.AerialPerspectiveLUT.SampleCountPerSlice:1]]
[2021.02.23-12.26.47:317][  0]LogConfig: Setting CVar [[r.SkyAtmosphere.AerialPerspectiveLUT.DepthResolution:16.0]]
[2021.02.23-12.26.47:317][  0]LogConfig: Setting CVar [[r.SkyAtmosphere.FastSkyLUT:1]]
[2021.02.23-12.26.47:317][  0]LogConfig: Setting CVar [[r.SkyAtmosphere.FastSkyLUT.SampleCountMin:4.0]]
[2021.02.23-12.26.47:317][  0]LogConfig: Setting CVar [[r.SkyAtmosphere.FastSkyLUT.SampleCountMax:32.0]]
[2021.02.23-12.26.47:317][  0]LogConfig: Setting CVar [[r.SkyAtmosphere.SampleCountMin:4.0]]
[2021.02.23-12.26.47:317][  0]LogConfig: Setting CVar [[r.SkyAtmosphere.SampleCountMax:32.0]]
[2021.02.23-12.26.47:317][  0]LogConfig: Setting CVar [[r.SkyAtmosphere.TransmittanceLUT.UseSmallFormat:0]]
[2021.02.23-12.26.47:317][  0]LogConfig: Setting CVar [[r.SkyAtmosphere.TransmittanceLUT.SampleCount:10.0]]
[2021.02.23-12.26.47:317][  0]LogConfig: Setting CVar [[r.SkyAtmosphere.MultiScatteringLUT.SampleCount:15.0]]
[2021.02.23-12.26.47:317][  0]LogConfig: Applying CVar settings from Section [FoliageQuality@3] File [C:/Users/Morgan/Desktop/UnrealAI/UnrealAI/Saved/Config/Windows/Scalability.ini]
[2021.02.23-12.26.47:317][  0]LogConfig: Setting CVar [[foliage.DensityScale:1.0]]
[2021.02.23-12.26.47:317][  0]LogConfig: Setting CVar [[grass.DensityScale:1.0]]
[2021.02.23-12.26.47:317][  0]LogConfig: Applying CVar settings from Section [ShadingQuality@3] File [C:/Users/Morgan/Desktop/UnrealAI/UnrealAI/Saved/Config/Windows/Scalability.ini]
[2021.02.23-12.26.47:317][  0]LogConfig: Setting CVar [[r.HairStrands.SkyLighting.SampleCount:16]]
[2021.02.23-12.26.47:317][  0]LogConfig: Setting CVar [[r.HairStrands.SkyLighting.JitterIntegration:0]]
[2021.02.23-12.26.47:317][  0]LogConfig: Setting CVar [[r.HairStrands.SkyAO.SampleCount:16]]
[2021.02.23-12.26.47:318][  0]LogConfig: Setting CVar [[r.HairStrands.DeepShadow.SuperSampling:0]]
[2021.02.23-12.26.47:318][  0]LogConfig: Setting CVar [[r.HairStrands.VisibilityPPLL:0]]
[2021.02.23-12.26.47:318][  0]LogConfig: Setting CVar [[r.HairStrands.RasterizationScale:0.5]]
[2021.02.23-12.26.47:318][  0]LogConfig: Setting CVar [[r.HairStrands.VelocityRasterizationScale:1]]
[2021.02.23-12.26.47:318][  0]LogInit: Selected Device Profile: [Windows]
[2021.02.23-12.26.47:318][  0]LogInit: Applying CVar settings loaded from the selected device profile: [Windows]
[2021.02.23-12.26.47:318][  0]LogHAL: Display: Platform has ~ 32 GB [34252365824 / 34359738368 / 32], which maps to Largest [LargestMinGB=32, LargerMinGB=12, DefaultMinGB=8, SmallerMinGB=6, SmallestMinGB=0)
[2021.02.23-12.26.47:318][  0]LogInit: Going up to parent DeviceProfile []
[2021.02.23-12.26.47:318][  0]LogConfig: Applying CVar settings from Section [ViewDistanceQuality@3] File [C:/Users/Morgan/Desktop/UnrealAI/UnrealAI/Saved/Config/Windows/Scalability.ini]
[2021.02.23-12.26.47:318][  0]LogConfig: Setting CVar [[r.SkeletalMeshLODBias:0]]
[2021.02.23-12.26.47:318][  0]LogConfig: Setting CVar [[r.ViewDistanceScale:1.0]]
[2021.02.23-12.26.47:318][  0]LogConfig: Applying CVar settings from Section [AntiAliasingQuality@3] File [C:/Users/Morgan/Desktop/UnrealAI/UnrealAI/Saved/Config/Windows/Scalability.ini]
[2021.02.23-12.26.47:318][  0]LogConfig: Setting CVar [[r.PostProcessAAQuality:4]]
[2021.02.23-12.26.47:318][  0]LogConfig: Applying CVar settings from Section [ShadowQuality@3] File [C:/Users/Morgan/Desktop/UnrealAI/UnrealAI/Saved/Config/Windows/Scalability.ini]
[2021.02.23-12.26.47:318][  0]LogConfig: Setting CVar [[r.LightFunctionQuality:1]]
[2021.02.23-12.26.47:318][  0]LogConfig: Setting CVar [[r.ShadowQuality:5]]
[2021.02.23-12.26.47:318][  0]LogConfig: Setting CVar [[r.Shadow.CSM.MaxCascades:10]]
[2021.02.23-12.26.47:318][  0]LogConfig: Setting CVar [[r.Shadow.MaxResolution:2048]]
[2021.02.23-12.26.47:318][  0]LogConfig: Setting CVar [[r.Shadow.MaxCSMResolution:2048]]
[2021.02.23-12.26.47:318][  0]LogConfig: Setting CVar [[r.Shadow.RadiusThreshold:0.01]]
[2021.02.23-12.26.47:318][  0]LogConfig: Setting CVar [[r.Shadow.DistanceScale:1.0]]
[2021.02.23-12.26.47:319][  0]LogConfig: Setting CVar [[r.Shadow.CSM.TransitionScale:1.0]]
[2021.02.23-12.26.47:319][  0]LogConfig: Setting CVar [[r.Shadow.PreShadowResolutionFactor:1.0]]
[2021.02.23-12.26.47:319][  0]LogConfig: Setting CVar [[r.DistanceFieldShadowing:1]]
[2021.02.23-12.26.47:319][  0]LogConfig: Setting CVar [[r.DistanceFieldAO:1]]
[2021.02.23-12.26.47:319][  0]LogConfig: Setting CVar [[r.AOQuality:2]]
[2021.02.23-12.26.47:319][  0]LogConfig: Setting CVar [[r.VolumetricFog:1]]
[2021.02.23-12.26.47:319][  0]LogConfig: Setting CVar [[r.VolumetricFog.GridPixelSize:8]]
[2021.02.23-12.26.47:319][  0]LogConfig: Setting CVar [[r.VolumetricFog.GridSizeZ:128]]
[2021.02.23-12.26.47:319][  0]LogConfig: Setting CVar [[r.VolumetricFog.HistoryMissSupersampleCount:4]]
[2021.02.23-12.26.47:319][  0]LogConfig: Setting CVar [[r.LightMaxDrawDistanceScale:1]]
[2021.02.23-12.26.47:319][  0]LogConfig: Setting CVar [[r.CapsuleShadows:1]]
[2021.02.23-12.26.47:319][  0]LogConfig: Applying CVar settings from Section [PostProcessQuality@3] File [C:/Users/Morgan/Desktop/UnrealAI/UnrealAI/Saved/Config/Windows/Scalability.ini]
[2021.02.23-12.26.47:319][  0]LogConfig: Setting CVar [[r.MotionBlurQuality:4]]
[2021.02.23-12.26.47:319][  0]LogConfig: Setting CVar [[r.AmbientOcclusionMipLevelFactor:0.4]]
[2021.02.23-12.26.47:319][  0]LogConfig: Setting CVar [[r.AmbientOcclusionMaxQuality:100]]
[2021.02.23-12.26.47:319][  0]LogConfig: Setting CVar [[r.AmbientOcclusionLevels:-1]]
[2021.02.23-12.26.47:319][  0]LogConfig: Setting CVar [[r.AmbientOcclusionRadiusScale:1.0]]
[2021.02.23-12.26.47:319][  0]LogConfig: Setting CVar [[r.DepthOfFieldQuality:2]]
[2021.02.23-12.26.47:319][  0]LogConfig: Setting CVar [[r.RenderTargetPoolMin:400]]
[2021.02.23-12.26.47:319][  0]LogConfig: Setting CVar [[r.LensFlareQuality:2]]
[2021.02.23-12.26.47:319][  0]LogConfig: Setting CVar [[r.SceneColorFringeQuality:1]]
[2021.02.23-12.26.47:319][  0]LogConfig: Setting CVar [[r.EyeAdaptationQuality:2]]
[2021.02.23-12.26.47:319][  0]LogConfig: Setting CVar [[r.BloomQuality:5]]
[2021.02.23-12.26.47:319][  0]LogConfig: Setting CVar [[r.FastBlurThreshold:100]]
[2021.02.23-12.26.47:319][  0]LogConfig: Setting CVar [[r.Upscale.Quality:3]]
[2021.02.23-12.26.47:320][  0]LogConfig: Setting CVar [[r.Tonemapper.GrainQuantization:1]]
[2021.02.23-12.26.47:320][  0]LogConfig: Setting CVar [[r.LightShaftQuality:1]]
[2021.02.23-12.26.47:320][  0]LogConfig: Setting CVar [[r.Filter.SizeScale:1]]
[2021.02.23-12.26.47:320][  0]LogConfig: Setting CVar [[r.Tonemapper.Quality:5]]
[2021.02.23-12.26.47:320][  0]LogConfig: Setting CVar [[r.DOF.Gather.AccumulatorQuality:1        ; higher gathering accumulator quality]]
[2021.02.23-12.26.47:320][  0]LogConfig: Setting CVar [[r.DOF.Gather.PostfilterMethod:1          ; Median3x3 postfilering method]]
[2021.02.23-12.26.47:320][  0]LogConfig: Setting CVar [[r.DOF.Gather.EnableBokehSettings:0       ; no bokeh simulation when gathering]]
[2021.02.23-12.26.47:320][  0]LogConfig: Setting CVar [[r.DOF.Gather.RingCount:4                 ; medium number of samples when gathering]]
[2021.02.23-12.26.47:320][  0]LogConfig: Setting CVar [[r.DOF.Scatter.ForegroundCompositing:1    ; additive foreground scattering]]
[2021.02.23-12.26.47:320][  0]LogConfig: Setting CVar [[r.DOF.Scatter.BackgroundCompositing:2    ; additive background scattering]]
[2021.02.23-12.26.47:320][  0]LogConfig: Setting CVar [[r.DOF.Scatter.EnableBokehSettings:1      ; bokeh simulation when scattering]]
[2021.02.23-12.26.47:320][  0]LogConfig: Setting CVar [[r.DOF.Scatter.MaxSpriteRatio:0.1         ; only a maximum of 10% of scattered bokeh]]
[2021.02.23-12.26.47:320][  0]LogConfig: Setting CVar [[r.DOF.Recombine.Quality:1                ; cheap slight out of focus]]
[2021.02.23-12.26.47:320][  0]LogConfig: Setting CVar [[r.DOF.Recombine.EnableBokehSettings:0    ; no bokeh simulation on slight out of focus]]
[2021.02.23-12.26.47:320][  0]LogConfig: Setting CVar [[r.DOF.TemporalAAQuality:1                ; more stable temporal accumulation]]
[2021.02.23-12.26.47:320][  0]LogConfig: Setting CVar [[r.DOF.Kernel.MaxForegroundRadius:0.025]]
[2021.02.23-12.26.47:320][  0]LogConfig: Setting CVar [[r.DOF.Kernel.MaxBackgroundRadius:0.025]]
[2021.02.23-12.26.47:320][  0]LogConfig: Applying CVar settings from Section [TextureQuality@3] File [C:/Users/Morgan/Desktop/UnrealAI/UnrealAI/Saved/Config/Windows/Scalability.ini]
[2021.02.23-12.26.47:320][  0]LogConfig: Setting CVar [[r.Streaming.MipBias:0]]
[2021.02.23-12.26.47:320][  0]LogConfig: Setting CVar [[r.Streaming.AmortizeCPUToGPUCopy:0]]
[2021.02.23-12.26.47:320][  0]LogConfig: Setting CVar [[r.Streaming.MaxNumTexturesToStreamPerFrame:0]]
[2021.02.23-12.26.47:320][  0]LogConfig: Setting CVar [[r.Streaming.Boost:1]]
[2021.02.23-12.26.47:320][  0]LogConfig: Setting CVar [[r.MaxAnisotropy:8]]
[2021.02.23-12.26.47:320][  0]LogConfig: Setting CVar [[r.VT.MaxAnisotropy:8]]
[2021.02.23-12.26.47:321][  0]LogConfig: Setting CVar [[r.Streaming.LimitPoolSizeToVRAM:0]]
[2021.02.23-12.26.47:321][  0]LogConfig: Setting CVar [[r.Streaming.PoolSize:1000]]
[2021.02.23-12.26.47:321][  0]LogConfig: Setting CVar [[r.Streaming.MaxEffectiveScreenSize:0]]
[2021.02.23-12.26.47:321][  0]LogConfig: Applying CVar settings from Section [EffectsQuality@3] File [C:/Users/Morgan/Desktop/UnrealAI/UnrealAI/Saved/Config/Windows/Scalability.ini]
[2021.02.23-12.26.47:321][  0]LogConfig: Setting CVar [[r.TranslucencyLightingVolumeDim:64]]
[2021.02.23-12.26.47:321][  0]LogConfig: Setting CVar [[r.RefractionQuality:2]]
[2021.02.23-12.26.47:321][  0]LogConfig: Setting CVar [[r.SSR.Quality:3]]
[2021.02.23-12.26.47:321][  0]LogConfig: Setting CVar [[r.SSR.HalfResSceneColor:0]]
[2021.02.23-12.26.47:321][  0]LogConfig: Setting CVar [[r.SceneColorFormat:4]]
[2021.02.23-12.26.47:321][  0]LogConfig: Setting CVar [[r.DetailMode:2]]
[2021.02.23-12.26.47:321][  0]LogConfig: Setting CVar [[r.TranslucencyVolumeBlur:1]]
[2021.02.23-12.26.47:321][  0]LogConfig: Setting CVar [[r.MaterialQualityLevel:1 ; High quality]]
[2021.02.23-12.26.47:321][  0]LogConfig: Setting CVar [[r.SSS.Scale:1]]
[2021.02.23-12.26.47:321][  0]LogConfig: Setting CVar [[r.SSS.SampleSet:2]]
[2021.02.23-12.26.47:321][  0]LogConfig: Setting CVar [[r.SSS.Quality:1]]
[2021.02.23-12.26.47:321][  0]LogConfig: Setting CVar [[r.SSS.HalfRes:0]]
[2021.02.23-12.26.47:321][  0]LogConfig: Setting CVar [[r.SSGI.Quality:3]]
[2021.02.23-12.26.47:321][  0]LogConfig: Setting CVar [[r.EmitterSpawnRateScale:1.0]]
[2021.02.23-12.26.47:321][  0]LogConfig: Setting CVar [[r.ParticleLightQuality:2]]
[2021.02.23-12.26.47:321][  0]LogConfig: Setting CVar [[r.SkyAtmosphere.AerialPerspectiveLUT.FastApplyOnOpaque:1 ; Always have FastSkyLUT 1 in this case to avoid wrong sky]]
[2021.02.23-12.26.47:321][  0]LogConfig: Setting CVar [[r.SkyAtmosphere.AerialPerspectiveLUT.SampleCountPerSlice:1]]
[2021.02.23-12.26.47:321][  0]LogConfig: Setting CVar [[r.SkyAtmosphere.AerialPerspectiveLUT.DepthResolution:16.0]]
[2021.02.23-12.26.47:322][  0]LogConfig: Setting CVar [[r.SkyAtmosphere.FastSkyLUT:1]]
[2021.02.23-12.26.47:322][  0]LogConfig: Setting CVar [[r.SkyAtmosphere.FastSkyLUT.SampleCountMin:4.0]]
[2021.02.23-12.26.47:322][  0]LogConfig: Setting CVar [[r.SkyAtmosphere.FastSkyLUT.SampleCountMax:32.0]]
[2021.02.23-12.26.47:322][  0]LogConfig: Setting CVar [[r.SkyAtmosphere.SampleCountMin:4.0]]
[2021.02.23-12.26.47:322][  0]LogConfig: Setting CVar [[r.SkyAtmosphere.SampleCountMax:32.0]]
[2021.02.23-12.26.47:322][  0]LogConfig: Setting CVar [[r.SkyAtmosphere.TransmittanceLUT.UseSmallFormat:0]]
[2021.02.23-12.26.47:322][  0]LogConfig: Setting CVar [[r.SkyAtmosphere.TransmittanceLUT.SampleCount:10.0]]
[2021.02.23-12.26.47:322][  0]LogConfig: Setting CVar [[r.SkyAtmosphere.MultiScatteringLUT.SampleCount:15.0]]
[2021.02.23-12.26.47:322][  0]LogConfig: Applying CVar settings from Section [FoliageQuality@3] File [C:/Users/Morgan/Desktop/UnrealAI/UnrealAI/Saved/Config/Windows/Scalability.ini]
[2021.02.23-12.26.47:322][  0]LogConfig: Setting CVar [[foliage.DensityScale:1.0]]
[2021.02.23-12.26.47:322][  0]LogConfig: Setting CVar [[grass.DensityScale:1.0]]
[2021.02.23-12.26.47:322][  0]LogConfig: Applying CVar settings from Section [ShadingQuality@3] File [C:/Users/Morgan/Desktop/UnrealAI/UnrealAI/Saved/Config/Windows/Scalability.ini]
[2021.02.23-12.26.47:322][  0]LogConfig: Setting CVar [[r.HairStrands.SkyLighting.SampleCount:16]]
[2021.02.23-12.26.47:322][  0]LogConfig: Setting CVar [[r.HairStrands.SkyLighting.JitterIntegration:0]]
[2021.02.23-12.26.47:322][  0]LogConfig: Setting CVar [[r.HairStrands.SkyAO.SampleCount:16]]
[2021.02.23-12.26.47:322][  0]LogConfig: Setting CVar [[r.HairStrands.DeepShadow.SuperSampling:0]]
[2021.02.23-12.26.47:322][  0]LogConfig: Setting CVar [[r.HairStrands.VisibilityPPLL:0]]
[2021.02.23-12.26.47:322][  0]LogConfig: Setting CVar [[r.HairStrands.RasterizationScale:0.5]]
[2021.02.23-12.26.47:322][  0]LogConfig: Setting CVar [[r.HairStrands.VelocityRasterizationScale:1]]
[2021.02.23-12.26.47:322][  0]LogConfig: Applying CVar settings from Section [Startup] File [../../../Engine/Config/ConsoleVariables.ini]
[2021.02.23-12.26.47:323][  0]LogConfig: Setting CVar [[net.UseAdaptiveNetUpdateFrequency:0]]
[2021.02.23-12.26.47:323][  0]LogConfig: Setting CVar [[p.chaos.AllowCreatePhysxBodies:1]]
[2021.02.23-12.26.47:323][  0]LogConfig: Setting CVar [[fx.SkipVectorVMBackendOptimizations:1]]
[2021.02.23-12.26.47:323][  0]LogConfig: Applying CVar settings from Section [ConsoleVariables] File [C:/Users/Morgan/Desktop/UnrealAI/UnrealAI/Saved/Config/Windows/Engine.ini]
[2021.02.23-12.26.47:323][  0]LogInit: Computer: DESKTOP-A1LV5LA
[2021.02.23-12.26.47:323][  0]LogInit: User: Morgan
[2021.02.23-12.26.47:323][  0]LogInit: CPU Page size=4096, Cores=10
[2021.02.23-12.26.47:323][  0]LogInit: High frequency timer resolution =10.000000 MHz
[2021.02.23-12.26.47:323][  0]LogMemory: Memory total: Physical=31.9GB (32GB approx)
[2021.02.23-12.26.47:323][  0]LogMemory: Platform Memory Stats for Windows
[2021.02.23-12.26.47:323][  0]LogMemory: Process Physical Memory: 118.15 MB used, 118.16 MB peak
[2021.02.23-12.26.47:323][  0]LogMemory: Process Virtual Memory: 113.16 MB used, 113.16 MB peak
[2021.02.23-12.26.47:323][  0]LogMemory: Physical Memory: 11717.21 MB used,  20948.39 MB free, 32665.60 MB total
[2021.02.23-12.26.47:323][  0]LogMemory: Virtual Memory: 5223.32 MB used,  134212504.00 MB free, 134217728.00 MB total
[2021.02.23-12.26.47:331][  0]LogWindows: WindowsPlatformFeatures enabled
[2021.02.23-12.26.47:517][  0]LogInit: Physics initialised using underlying interface: PhysX
[2021.02.23-12.26.47:518][  0]LogInit: Using OS detected language (en-GB).
[2021.02.23-12.26.47:518][  0]LogInit: Using OS detected locale (en-GB).
[2021.02.23-12.26.47:526][  0]LogTextLocalizationManager: No specific localization for 'en-GB' exists, so the 'en' localization will be used.
[2021.02.23-12.26.47:684][  0]LogInit: Setting process to per monitor DPI aware
[2021.02.23-12.26.47:724][  0]LogSlate: New Slate User Created.  User Index 0, Is Virtual User: 0
[2021.02.23-12.26.47:724][  0]LogSlate: Slate User Registered.  User Index 0, Is Virtual User: 0
[2021.02.23-12.26.47:871][  0]LogHMD: Failed to initialize OpenVR with code 110
[2021.02.23-12.26.47:871][  0]LogD3D11RHI: D3D11 min allowed feature level: 11_0
[2021.02.23-12.26.47:871][  0]LogD3D11RHI: D3D11 max allowed feature level: 11_0
[2021.02.23-12.26.47:871][  0]LogD3D11RHI: D3D11 adapters:
[2021.02.23-12.26.47:985][  0]LogD3D11RHI:    0. 'NVIDIA GeForce RTX 3090' (Feature Level 11_0)
[2021.02.23-12.26.47:985][  0]LogD3D11RHI:       24348/0/16332 MB DedicatedVideo/DedicatedSystem/SharedSystem, Outputs:2, VendorId:0x10de
[2021.02.23-12.26.47:989][  0]LogD3D11RHI:    1. 'Microsoft Basic Render Driver' (Feature Level 11_0)
[2021.02.23-12.26.47:989][  0]LogD3D11RHI:       0/0/16332 MB DedicatedVideo/DedicatedSystem/SharedSystem, Outputs:0, VendorId:0x1414
[2021.02.23-12.26.47:989][  0]LogD3D11RHI: Chosen D3D11 Adapter: 0
[2021.02.23-12.26.47:996][  0]LogD3D11RHI: Creating new Direct3DDevice
[2021.02.23-12.26.47:996][  0]LogD3D11RHI:     GPU DeviceId: 0x2204 (for the marketing name, search the web for "GPU Device Id")
[2021.02.23-12.26.47:996][  0]LogWindows: EnumDisplayDevices:
[2021.02.23-12.26.47:997][  0]LogWindows:    0. 'NVIDIA GeForce RTX 3090' (P:1 D:1)
[2021.02.23-12.26.47:997][  0]LogWindows:    1. 'NVIDIA GeForce RTX 3090' (P:0 D:1)
[2021.02.23-12.26.47:997][  0]LogWindows:    2. 'NVIDIA GeForce RTX 3090' (P:0 D:0)
[2021.02.23-12.26.47:997][  0]LogWindows:    3. 'NVIDIA GeForce RTX 3090' (P:0 D:0)
[2021.02.23-12.26.47:998][  0]LogWindows: DebugString: FoundDriverCount:4 
[2021.02.23-12.26.47:998][  0]LogD3D11RHI:     Adapter Name: NVIDIA GeForce RTX 3090
[2021.02.23-12.26.47:998][  0]LogD3D11RHI:   Driver Version: 461.40 (internal:27.21.14.6140, unified:461.40)
[2021.02.23-12.26.47:998][  0]LogD3D11RHI:      Driver Date: 1-22-2021
[2021.02.23-12.26.47:998][  0]LogRHI: Texture pool is 17043 MB (70% of 24348 MB)
[2021.02.23-12.26.48:079][  0]LogD3D11RHI: RHI has support for 64 bit atomics
[2021.02.23-12.26.48:079][  0]LogD3D11RHI: Async texture creation enabled
[2021.02.23-12.26.48:079][  0]LogD3D11RHI: Array index from any shader is supported
[2021.02.23-12.26.48:094][  0]LogD3D11RHI: GPU Timing Frequency: 1000.000000 (Debug: 2 1)
[2021.02.23-12.26.48:406][  0]LogTargetPlatformManager: Display: Loaded TargetPlatform 'AllDesktop'
[2021.02.23-12.26.48:428][  0]LogTargetPlatformManager: Display: Loaded TargetPlatform 'Android'
[2021.02.23-12.26.48:429][  0]LogTargetPlatformManager: Display: Loaded TargetPlatform 'Android_ASTC'
[2021.02.23-12.26.48:429][  0]LogTargetPlatformManager: Display: Loaded TargetPlatform 'Android_DXT'
[2021.02.23-12.26.48:429][  0]LogTargetPlatformManager: Display: Loaded TargetPlatform 'Android_ETC2'
[2021.02.23-12.26.48:429][  0]LogTargetPlatformManager: Display: Loaded TargetPlatform 'AndroidClient'
[2021.02.23-12.26.48:429][  0]LogTargetPlatformManager: Display: Loaded TargetPlatform 'Android_ASTCClient'
[2021.02.23-12.26.48:429][  0]LogTargetPlatformManager: Display: Loaded TargetPlatform 'Android_DXTClient'
[2021.02.23-12.26.48:429][  0]LogTargetPlatformManager: Display: Loaded TargetPlatform 'Android_ETC2Client'
[2021.02.23-12.26.48:429][  0]LogTargetPlatformManager: Display: Loaded TargetPlatform 'Android_Multi'
[2021.02.23-12.26.48:429][  0]LogTargetPlatformManager: Display: Loaded TargetPlatform 'Android_MultiClient'
[2021.02.23-12.26.48:458][  0]LogTargetPlatformManager: Display: Loaded TargetPlatform 'IOSClient'
[2021.02.23-12.26.48:458][  0]LogTargetPlatformManager: Display: Loaded TargetPlatform 'IOS'
[2021.02.23-12.26.48:470][  0]LogTargetPlatformManager: Display: Loaded TargetPlatform 'Linux'
[2021.02.23-12.26.48:481][  0]LogTargetPlatformManager: Display: Loaded TargetPlatform 'LinuxNoEditor'
[2021.02.23-12.26.48:492][  0]LogTargetPlatformManager: Display: Loaded TargetPlatform 'LinuxClient'
[2021.02.23-12.26.48:503][  0]LogTargetPlatformManager: Display: Loaded TargetPlatform 'LinuxServer'
[2021.02.23-12.26.48:514][  0]LogTargetPlatformManager: Display: Loaded TargetPlatform 'LinuxAArch64NoEditor'
[2021.02.23-12.26.48:525][  0]LogTargetPlatformManager: Display: Loaded TargetPlatform 'LinuxAArch64Client'
[2021.02.23-12.26.48:535][  0]LogTargetPlatformManager: Display: Loaded TargetPlatform 'LinuxAArch64Server'
[2021.02.23-12.26.48:563][  0]LogTargetPlatformManager: Display: Loaded TargetPlatform 'Lumin'
[2021.02.23-12.26.48:563][  0]LogTargetPlatformManager: Display: Loaded TargetPlatform 'LuminClient'
[2021.02.23-12.26.48:580][  0]LogTargetPlatformManager: Display: Loaded TargetPlatform 'TVOSClient'
[2021.02.23-12.26.48:580][  0]LogTargetPlatformManager: Display: Loaded TargetPlatform 'TVOS'
[2021.02.23-12.26.48:591][  0]LogTargetPlatformManager: Display: Loaded TargetPlatform 'WindowsNoEditor'
[2021.02.23-12.26.48:602][  0]LogTargetPlatformManager: Display: Loaded TargetPlatform 'Windows'
[2021.02.23-12.26.48:613][  0]LogTargetPlatformManager: Display: Loaded TargetPlatform 'WindowsClient'
[2021.02.23-12.26.48:625][  0]LogTargetPlatformManager: Display: Loaded TargetPlatform 'WindowsServer'
[2021.02.23-12.26.48:625][  0]LogTargetPlatformManager: Display: Building Assets For Windows
[2021.02.23-12.26.48:638][  0]LogAudioDebug: Display: Lib vorbis DLL was dynamically loaded.
[2021.02.23-12.26.48:729][  0]LogShaderCompilers: Guid format shader working directory is -10 characters bigger than the processId version (../../../../../../Users/Morgan/Desktop/UnrealAI/UnrealAI/Intermediate/Shaders/WorkingDirectory/26104/).
[2021.02.23-12.26.48:729][  0]LogShaderCompilers: Cleaned the shader compiler working directory 'C:/Users/Morgan/AppData/Local/Temp/UnrealShaderWorkingDir/93877A6C492AACCC4A1DB6A276542DAB/'.
[2021.02.23-12.26.48:729][  0]LogXGEController: Cleaning working directory: C:/Users/Morgan/AppData/Local/Temp/UnrealXGEWorkingDir/
[2021.02.23-12.26.48:730][  0]LogXGEController: Cannot use XGE Controller as Incredibuild is not installed on this machine.
[2021.02.23-12.26.48:730][  0]LogShaderCompilers: Cannot use XGE Shader Compiler as Incredibuild is not installed on this machine.
[2021.02.23-12.26.48:730][  0]LogShaderCompilers: Display: Using Local Shader Compiler.
[2021.02.23-12.26.49:469][  0]LogDerivedDataCache: Display: Max Cache Size: 512 MB
[2021.02.23-12.26.49:514][  0]LogDerivedDataCache: Loaded boot cache 0.04s 79MB C:/Users/Morgan/AppData/Local/UnrealEngine/4.25/DerivedDataCache/Boot.ddc.
[2021.02.23-12.26.49:514][  0]LogDerivedDataCache: Display: Loaded Boot cache: C:/Users/Morgan/AppData/Local/UnrealEngine/4.25/DerivedDataCache/Boot.ddc
[2021.02.23-12.26.49:514][  0]LogDerivedDataCache: FDerivedDataBackendGraph:  Pak pak cache file ../../../../../../Users/Morgan/Desktop/UnrealAI/UnrealAI/DerivedDataCache/DDC.ddp not found, will not use a pak cache.
[2021.02.23-12.26.49:514][  0]LogDerivedDataCache: Unable to find inner node Pak for hierarchical cache Hierarchy.
[2021.02.23-12.26.49:515][  0]LogDerivedDataCache: FDerivedDataBackendGraph:  CompressedPak pak cache file ../../../../../../Users/Morgan/Desktop/UnrealAI/UnrealAI/DerivedDataCache/Compressed.ddp not found, will not use a pak cache.
[2021.02.23-12.26.49:515][  0]LogDerivedDataCache: Unable to find inner node CompressedPak for hierarchical cache Hierarchy.
[2021.02.23-12.26.49:524][  0]LogDerivedDataCache: Display: Pak cache opened for reading ../../../Engine/DerivedDataCache/Compressed.ddp.
[2021.02.23-12.26.49:525][  0]LogDerivedDataCache: FDerivedDataBackendGraph:  EnterprisePak pak cache file ../../../Enterprise/DerivedDataCache/Compressed.ddp not found, will not use a pak cache.
[2021.02.23-12.26.49:525][  0]LogDerivedDataCache: Unable to find inner node EnterprisePak for hierarchical cache Hierarchy.
[2021.02.23-12.26.49:527][  0]LogDerivedDataCache: Using Local data cache path C:/Users/Morgan/AppData/Local/UnrealEngine/Common/DerivedDataCache: Writable
[2021.02.23-12.26.49:527][  0]LogDerivedDataCache: Shared data cache path not found in *engine.ini, will not use an Shared cache.
[2021.02.23-12.26.49:527][  0]LogDerivedDataCache: Unable to find inner node Shared for hierarchical cache Hierarchy.
[2021.02.23-12.26.49:575][  0]LogSlate: Using FreeType 2.10.0
[2021.02.23-12.26.49:576][  0]LogSlate: SlateFontServices - WITH_FREETYPE: 1, WITH_HARFBUZZ: 1
[2021.02.23-12.26.49:599][  0]LogAssetRegistry: FAssetRegistry took 0.0035 seconds to start up
[2021.02.23-12.26.49:805][  0]LogInit: Selected Device Profile: [Windows]
[2021.02.23-12.26.49:928][  0]LogMeshReduction: Using QuadricMeshReduction for automatic static mesh reduction
[2021.02.23-12.26.49:928][  0]LogMeshReduction: Using SimplygonMeshReduction for automatic skeletal mesh reduction
[2021.02.23-12.26.49:928][  0]LogMeshReduction: Using ProxyLODMeshReduction for automatic mesh merging
[2021.02.23-12.26.49:928][  0]LogMeshReduction: No distributed automatic mesh merging module available
[2021.02.23-12.26.49:928][  0]LogMeshMerging: No distributed automatic mesh merging module available
[2021.02.23-12.26.49:944][  0]LogNetVersion: UnrealAI 1.0.0, NetCL: 13144385, EngineNetVer: 14, GameNetVer: 0 (Checksum: 2221238871)
[2021.02.23-12.26.50:301][  0]LogAISub: UAISubsystem::UAISubsystem AISubsystem (00000255AF903880), frame # 0
[2021.02.23-12.26.50:301][  0]LogAISub: UAISubsystem::UAISubsystem AIPerceptionSystem (00000255AF90AAC0), frame # 0
[2021.02.23-12.26.50:303][  0]LogAISub: UAISubsystem::UAISubsystem EnvQueryManager (00000255AF959E00), frame # 0
[2021.02.23-12.26.50:356][  0]LogPackageLocalizationCache: Processed 20 localized package path(s) for 1 prioritized culture(s) in 0.048795 seconds
[2021.02.23-12.26.50:360][  0]LogUObjectArray: 15917 objects as part of root set at end of initial load.
[2021.02.23-12.26.50:360][  0]LogUObjectAllocator: 3965568 out of 0 bytes used by permanent object pool.
[2021.02.23-12.26.50:360][  0]LogUObjectArray: CloseDisregardForGC: 0/0 objects in disregard for GC pool
[2021.02.23-12.26.50:780][  0]LogTcpMessaging: Initializing TcpMessaging bridge
[2021.02.23-12.26.50:786][  0]LogUdpMessaging: Initializing bridge on interface 0.0.0.0:0 to multicast group 230.0.0.1:6666.
[2021.02.23-12.26.51:081][  0]SourceControl: Source control is disabled
[2021.02.23-12.26.51:081][  0]SourceControl: Source control is disabled
[2021.02.23-12.26.51:085][  0]SourceControl: Source control is disabled
[2021.02.23-12.26.51:089][  0]SourceControl: Source control is disabled
[2021.02.23-12.26.51:099][  0]SourceControl: Source control is disabled
[2021.02.23-12.26.51:422][  0]LogAndroidPermission: UAndroidPermissionCallbackProxy::GetInstance
[2021.02.23-12.26.51:447][  0]LogAudioCaptureCore: Display: No Audio Capture implementations found. Audio input will be silent.
[2021.02.23-12.26.51:447][  0]LogAudioCaptureCore: Display: No Audio Capture implementations found. Audio input will be silent.
[2021.02.23-12.26.51:503][  0]LogOcInput: OculusInput pre-init called
[2021.02.23-12.26.51:517][  0]LogWindows: Failed to load 'OVRPlugin.dll' (GetLastError=126)
[2021.02.23-12.26.51:517][  0]LogWindows: File 'OVRPlugin.dll' does not exist
[2021.02.23-12.26.51:771][  0]LogEngine: Initializing Engine...
[2021.02.23-12.26.51:772][  0]LogHMD: Failed to initialize OpenVR with code 110
[2021.02.23-12.26.51:772][  0]LogMagicLeap: Warning: VR disabled because ZI is not enabled.  To enable, in the editor, Edit -> Project Settings -> Plugins -> Magic Leap Plugin -> Enable Zero Iteration
[2021.02.23-12.26.51:773][  0]LogStats: UGameplayTagsManager::InitializeManager -  0.000 s
[2021.02.23-12.26.51:877][  0]LogInit: Initializing FReadOnlyCVARCache
[2021.02.23-12.26.51:886][  0]LogAIModule: Creating AISystem for world Untitled
[2021.02.23-12.26.51:886][  0]LogAISub: UAISubsystem::UAISubsystem EnvQueryManager (00000255BC227C00), frame # 0
[2021.02.23-12.26.51:886][  0]LogAISub: UAISubsystem::UAISubsystem AIPerceptionSystem (00000255BC2D2340), frame # 0
[2021.02.23-12.26.51:899][  0]LogAudioMixer: Display: Audio Mixer Platform Settings:
[2021.02.23-12.26.51:899][  0]LogAudioMixer: Display: 	Sample Rate:						  48000
[2021.02.23-12.26.51:899][  0]LogAudioMixer: Display: 	Callback Buffer Frame Size Requested: 1024
[2021.02.23-12.26.51:899][  0]LogAudioMixer: Display: 	Callback Buffer Frame Size To Use:	  1024
[2021.02.23-12.26.51:899][  0]LogAudioMixer: Display: 	Number of buffers to queue:			  2
[2021.02.23-12.26.51:899][  0]LogAudioMixer: Display: 	Max Channels (voices):				  32
[2021.02.23-12.26.51:899][  0]LogAudioMixer: Display: 	Number of Async Source Workers:		  0
[2021.02.23-12.26.51:899][  0]LogAudio: Display: AudioDevice MaxSources: 32
[2021.02.23-12.26.51:900][  0]LogAudio: Display: Using built-in audio occlusion.
[2021.02.23-12.26.51:900][  0]LogAudioMixer: Display: Initializing audio mixer.
[2021.02.23-12.26.51:915][  0]LogAudioMixer: Display: 0: FrontLeft
[2021.02.23-12.26.51:915][  0]LogAudioMixer: Display: 1: FrontRight
[2021.02.23-12.26.52:154][  0]LogAudioMixer: Display: Using Audio Device Speakers (Realtek(R) Audio)
[2021.02.23-12.26.52:155][  0]LogAudioMixer: Display: Initializing Sound Submixes...
[2021.02.23-12.26.52:157][  0]LogAudioMixer: Display: Creating Master Submix 'MasterSubmixDefault'
[2021.02.23-12.26.52:157][  0]LogAudioMixer: Display: Creating Master Submix 'MasterReverbSubmixDefault'
[2021.02.23-12.26.52:158][  0]LogAudioMixer: Display: Creating Master Submix 'MasterEQSubmixDefault'
[2021.02.23-12.26.52:159][  0]LogInit: FAudioDevice initialized.
[2021.02.23-12.26.52:160][  0]LogNetVersion: Set ProjectVersion to 1.0.0.0. Version Checksum will be recalculated on next use.
[2021.02.23-12.26.52:199][  0]LogDerivedDataCache: Saved boot cache 0.04s 79MB C:/Users/Morgan/AppData/Local/UnrealEngine/4.25/DerivedDataCache/Boot.ddc.
[2021.02.23-12.26.52:202][  0]LogInit: Texture streaming: Enabled
[2021.02.23-12.26.52:223][  0]LogEngineSessionManager: EngineSessionManager initialized
[2021.02.23-12.26.52:223][  0]LogEngineSessionManager: EngineSessionManager sent abnormal shutdown report. Type=Debugger, SessionId={68242B46-43AD-CDFC-86CA-5D8C24BC247D}
[2021.02.23-12.26.52:223][  0]LogEditorSessionSummary: Verbose: Initializing EditorSessionSummaryWriter for editor session tracking
[2021.02.23-12.26.52:224][  0]LogEditorSessionSummary: EditorSessionSummaryWriter initialized
[2021.02.23-12.26.52:239][  0]LogInit: Transaction tracking system initialized
[2021.02.23-12.26.52:266][  0]BlueprintLog: New page: Editor Load
[2021.02.23-12.26.52:350][  0]LocalizationService: Localization service is disabled
[2021.02.23-12.26.52:512][  0]LogCook: Display: Max memory allowance for cook 16384mb min free memory 0mb
[2021.02.23-12.26.52:513][  0]LogCook: Display: Mobile HDR setting 1
[2021.02.23-12.26.52:559][  0]LogFileCache: Scanning file cache for directory 'C:/Users/Morgan/Desktop/UnrealAI/UnrealAI/Content/' took 0.01s
[2021.02.23-12.26.52:821][  0]SourceControl: Source control is disabled
[2021.02.23-12.26.52:822][  0]LogUnrealEdMisc: Loading editor; pre map load, took 7.452
[2021.02.23-12.26.52:822][  0]Cmd: MAP LOAD FILE="../../../../../../Users/Morgan/Desktop/UnrealAI/UnrealAI/Content/Maps/AI_02.umap" TEMPLATE=0 SHOWPROGRESS=1 FEATURELEVEL=3
[2021.02.23-12.26.52:822][  0]LightingResults: New page: Lighting Build
[2021.02.23-12.26.52:822][  0]LogWorld: UWorld::CleanupWorld for Untitled, bSessionEnded=true, bCleanupResources=true
[2021.02.23-12.26.52:822][  0]LogSlate: InvalidateAllWidgets triggered.  All widgets were invalidated
[2021.02.23-12.26.52:823][  0]MapCheck: New page: Map Check
[2021.02.23-12.26.52:823][  0]LightingResults: New page: Lighting Build
[2021.02.23-12.26.52:836][  0]LogAISub: UAISubsystem::~UAISubsystem EnvQueryManager (00000255BC227C00), frame # 0
[2021.02.23-12.26.52:837][  0]LogAISub: UAISubsystem::~UAISubsystem AIPerceptionSystem (00000255BC2D2340), frame # 0
[2021.02.23-12.26.52:838][  0]LogUObjectHash: Compacting FUObjectHashTables data took   0.73ms
[2021.02.23-12.26.52:942][  0]LogAIModule: Creating AISystem for world AI_02
[2021.02.23-12.26.52:942][  0]LogAISub: UAISubsystem::UAISubsystem EnvQueryManager (00000255A0F1BE00), frame # 0
[2021.02.23-12.26.52:942][  0]LogAISub: UAISubsystem::UAISubsystem AIPerceptionSystem (00000255B22F79C0), frame # 0
[2021.02.23-12.26.52:951][  0]LogEditorServer: Finished looking for orphan Actors (0.000 secs)
[2021.02.23-12.26.52:967][  0]LogUObjectHash: Compacting FUObjectHashTables data took   0.71ms
[2021.02.23-12.26.52:967][  0]Cmd: MAP CHECKDEP NOCLEARLOG
[2021.02.23-12.26.52:967][  0]MapCheck: Map check complete: 0 Error(s), 0 Warning(s), took 0.15ms to complete.
[2021.02.23-12.26.52:967][  0]LogFileHelpers: Loading map 'AI_02' took 0.146
[2021.02.23-12.26.52:970][  0]LogUnrealEdMisc: Total Editor Startup Time, took 7.600
[2021.02.23-12.26.53:099][  0]LogSlate: Updating window title bar state: overlay mode, drag disabled, window buttons hidden, title bar hidden
[2021.02.23-12.26.53:105][  0]LogSlate: Updating window title bar state: overlay mode, drag disabled, window buttons hidden, title bar hidden
[2021.02.23-12.26.53:111][  0]LogSlate: Updating window title bar state: overlay mode, drag disabled, window buttons hidden, title bar hidden
[2021.02.23-12.26.53:118][  0]LogSlate: Updating window title bar state: overlay mode, drag disabled, window buttons hidden, title bar hidden
[2021.02.23-12.26.53:126][  0]LogCollectionManager: Loaded 0 collections in 0.001492 seconds
[2021.02.23-12.26.53:145][  0]LogFileCache: Scanning file cache for directory 'C:/Users/Morgan/Desktop/UnrealAI/UnrealAI/Saved/Collections/' took 0.00s
[2021.02.23-12.26.53:145][  0]LogFileCache: Scanning file cache for directory 'C:/Users/Morgan/Desktop/UnrealAI/UnrealAI/Content/Developers/Morgan/Collections/' took 0.00s
[2021.02.23-12.26.53:145][  0]LogFileCache: Scanning file cache for directory 'C:/Users/Morgan/Desktop/UnrealAI/UnrealAI/Content/Collections/' took 0.00s
[2021.02.23-12.26.53:145][  0]LogContentBrowser: Native class hierarchy populated in 0.0088 seconds. Added 3439 classes and 833 folders.
[2021.02.23-12.26.53:148][  0]LogContentBrowser: Native class hierarchy updated for 'WidgetCarousel' in 0.0003 seconds. Added 0 classes and 0 folders.
[2021.02.23-12.26.53:205][  0]LogContentBrowser: Native class hierarchy updated for 'AddContentDialog' in 0.0004 seconds. Added 0 classes and 0 folders.
[2021.02.23-12.26.53:214][  0]LogContentBrowser: Native class hierarchy updated for 'SceneOutliner' in 0.0003 seconds. Added 2 classes and 0 folders.
[2021.02.23-12.26.53:265][  0]LogSlate: Took 0.000145 seconds to synchronously load lazily loaded font '../../../Engine/Content/Slate/Fonts/Roboto-Regular.ttf' (155K)
[2021.02.23-12.26.53:269][  0]LogSlate: Took 0.000127 seconds to synchronously load lazily loaded font '../../../Engine/Content/Editor/Slate/Fonts/FontAwesome.ttf' (139K)
[2021.02.23-12.26.53:324][  0]LogRenderer: Reallocating scene render targets to support 2040x840 Format 10 NumSamples 1 (Frame:1).
[2021.02.23-12.26.53:440][  0]LogContentBrowser: Native class hierarchy updated for 'HierarchicalLODOutliner' in 0.0004 seconds. Added 0 classes and 0 folders.
[2021.02.23-12.26.53:440][  0]LogLoad: (Engine Initialization) Total time: 8.07 seconds
[2021.02.23-12.26.53:440][  0]LogLoad: (Engine Initialization) Total Blueprint compile time: 0.00 seconds
[2021.02.23-12.26.53:471][  0]LogAssetRegistry: Asset discovery search completed in 3.8735 seconds
[2021.02.23-12.26.53:476][  0]LogCollectionManager: Fixed up redirectors for 0 collections in 0.000003 seconds (updated 0 objects)
[2021.02.23-12.26.53:477][  0]LogContentStreaming: Texture pool size now 1000 MB
[2021.02.23-12.26.55:199][188]LogEditorViewport: Clicking on Actor (LMB): NPC0_C (NPC0)
[2021.02.23-12.26.57:218][373]LogTemp: Repeating last play command: Selected Viewport
[2021.02.23-12.26.57:234][373]LogPlayLevel: PlayLevel: No blueprints needed recompiling
[2021.02.23-12.26.57:235][373]PIE: New page: PIE session: AI_02 (23 Feb 2021, 12:26:57)
[2021.02.23-12.26.57:235][373]LogOnline: OSS: Creating online subsystem instance for: NULL
[2021.02.23-12.26.57:237][373]LogOnline: OSS: TryLoadSubsystemAndSetDefault: Loaded subsystem for module [NULL]
[2021.02.23-12.26.57:237][373]LogPlayLevel: Creating play world package: /Game/Maps/UEDPIE_0_AI_02
[2021.02.23-12.26.57:251][373]LogPlayLevel: PIE: StaticDuplicateObject took: (0.013636s)
[2021.02.23-12.26.57:252][373]LogAIModule: Creating AISystem for world AI_02
[2021.02.23-12.26.57:252][373]LogAISub: UAISubsystem::UAISubsystem EnvQueryManager (00000255EA40FE00), frame # 373
[2021.02.23-12.26.57:252][373]LogAISub: UAISubsystem::UAISubsystem AIPerceptionSystem (0000025602B96E80), frame # 373
[2021.02.23-12.26.57:253][373]LogPlayLevel: PIE: World Init took: (0.001519s)
[2021.02.23-12.26.57:253][373]LogPlayLevel: PIE: Created PIE world by copying editor world from /Game/Maps/AI_02.AI_02 to /Game/Maps/UEDPIE_0_AI_02.AI_02 (0.015556s)
[2021.02.23-12.26.57:278][373]LogUObjectHash: Compacting FUObjectHashTables data took   0.57ms
[2021.02.23-12.26.57:279][373]LogAudioMixer: Display: Audio Mixer Platform Settings:
[2021.02.23-12.26.57:279][373]LogAudioMixer: Display: 	Sample Rate:						  48000
[2021.02.23-12.26.57:279][373]LogAudioMixer: Display: 	Callback Buffer Frame Size Requested: 1024
[2021.02.23-12.26.57:279][373]LogAudioMixer: Display: 	Callback Buffer Frame Size To Use:	  1024
[2021.02.23-12.26.57:280][373]LogAudioMixer: Display: 	Number of buffers to queue:			  2
[2021.02.23-12.26.57:280][373]LogAudioMixer: Display: 	Max Channels (voices):				  32
[2021.02.23-12.26.57:280][373]LogAudioMixer: Display: 	Number of Async Source Workers:		  0
[2021.02.23-12.26.57:280][373]LogAudio: Display: AudioDevice MaxSources: 32
[2021.02.23-12.26.57:280][373]LogAudio: Display: Using built-in audio occlusion.
[2021.02.23-12.26.57:280][373]LogAudioMixer: Display: Initializing audio mixer.
[2021.02.23-12.26.57:284][373]LogAudioMixer: Display: 0: FrontLeft
[2021.02.23-12.26.57:284][373]LogAudioMixer: Display: 1: FrontRight
[2021.02.23-12.26.57:361][373]LogAudioMixer: Display: Using Audio Device Speakers (Realtek(R) Audio)
[2021.02.23-12.26.57:361][373]LogAudioMixer: Display: Initializing Sound Submixes...
[2021.02.23-12.26.57:361][373]LogAudioMixer: Display: Creating Master Submix 'MasterSubmixDefault'
[2021.02.23-12.26.57:361][373]LogAudioMixer: Display: Creating Master Submix 'MasterReverbSubmixDefault'
[2021.02.23-12.26.57:361][373]LogAudioMixer: Display: Creating Master Submix 'MasterEQSubmixDefault'
[2021.02.23-12.26.57:373][373]LogInit: FAudioDevice initialized.
[2021.02.23-12.26.57:380][373]LogLoad: Game class is 'UnrealAIGameMode'
[2021.02.23-12.26.57:382][373]LogWorld: Bringing World /Game/Maps/UEDPIE_0_AI_02.AI_02 up for play (max tick rate 0) at 2021.02.23-12.26.57
[2021.02.23-12.26.57:383][373]LogWorld: Bringing up level for play took: 0.002153
[2021.02.23-12.26.57:384][373]LogOnline: OSS: Creating online subsystem instance for: :Context_3
[2021.02.23-12.26.57:387][373]LogContentBrowser: Native class hierarchy updated for 'MovieSceneCapture' in 0.0004 seconds. Added 20 classes and 0 folders.
[2021.02.23-12.26.57:389][373]PIE: Server logged in
[2021.02.23-12.26.57:390][373]PIE: Play in editor total start time 0.157 seconds.
[2021.02.23-12.27.03:312][385]LogTemp: Resetting audio stream to device id 
[2021.02.23-12.27.03:345][385]LogAudioMixer: Display: 0: FrontLeft
[2021.02.23-12.27.03:345][385]LogAudioMixer: Display: 1: FrontRight
[2021.02.23-12.27.03:449][385]LogTemp: Resetting audio stream to device id 
[2021.02.23-12.27.03:518][385]LogAudioMixer: Display: 0: FrontLeft
[2021.02.23-12.27.03:518][385]LogAudioMixer: Display: 1: FrontRight
[2021.02.23-12.27.11:747][698]LogSlate: Updating window title bar state: overlay mode, drag disabled, window buttons hidden, title bar hidden
[2021.02.23-12.27.11:747][698]LogWorld: BeginTearingDown for /Game/Maps/UEDPIE_0_AI_02
[2021.02.23-12.27.11:748][698]LogWorld: UWorld::CleanupWorld for AI_02, bSessionEnded=true, bCleanupResources=true
[2021.02.23-12.27.11:750][698]LogSlate: InvalidateAllWidgets triggered.  All widgets were invalidated
[2021.02.23-12.27.11:775][698]LogPlayLevel: Display: Shutting down PIE online subsystems
[2021.02.23-12.27.11:779][698]LogSlate: InvalidateAllWidgets triggered.  All widgets were invalidated
[2021.02.23-12.27.11:863][698]LogSlate: Updating window title bar state: overlay mode, drag disabled, window buttons hidden, title bar hidden
[2021.02.23-12.27.11:867][698]LogAISub: UAISubsystem::~UAISubsystem EnvQueryManager (00000255EA40FE00), frame # 698
[2021.02.23-12.27.11:867][698]LogAISub: UAISubsystem::~UAISubsystem AIPerceptionSystem (0000025602B96E80), frame # 698
[2021.02.23-12.27.11:873][698]LogUObjectHash: Compacting FUObjectHashTables data took   5.05ms
[2021.02.23-12.27.11:947][699]LogPlayLevel: Display: Destroying online subsystem :Context_3
[2021.02.23-12.27.12:649][741]LogSlate: Took 0.001194 seconds to synchronously load lazily loaded font '../../../Engine/Content/Slate/Fonts/Roboto-Light.ttf' (167K)
[2021.02.23-12.27.12:692][741]Cmd: OBJ SAVEPACKAGE PACKAGE="/Game/Maps/AI_02" FILE="../../../../../../Users/Morgan/Desktop/UnrealAI/UnrealAI/Content/Maps/AI_02.umap" SILENT=true AUTOSAVING=false KEEPDIRTY=false
[2021.02.23-12.27.12:714][741]LogUObjectHash: Compacting FUObjectHashTables data took   2.17ms
[2021.02.23-12.27.12:837][741]LogSavePackage: Moving '../../../../../../Users/Morgan/Desktop/UnrealAI/UnrealAI/Saved/AI_025334EFBB4C626709A80F90942A3A2A02.tmp' to '../../../../../../Users/Morgan/Desktop/UnrealAI/UnrealAI/Content/Maps/AI_02.umap'
[2021.02.23-12.27.12:904][741]Cmd: OBJ SAVEPACKAGE PACKAGE="/Game/Maps/AI_02_BuiltData" FILE="../../../../../../Users/Morgan/Desktop/UnrealAI/UnrealAI/Content/Maps/AI_02_BuiltData.uasset" SILENT=true
[2021.02.23-12.27.13:149][741]LogSavePackage: Moving '../../../../../../Users/Morgan/Desktop/UnrealAI/UnrealAI/Saved/AI_02_BuiltData6C3E78DB4E4002BFF22324BC8546BABC.tmp' to '../../../../../../Users/Morgan/Desktop/UnrealAI/UnrealAI/Content/Maps/AI_02_BuiltData.uasset'
[2021.02.23-12.27.13:174][741]AssetCheck: New page: Asset Save: multiple assets
[2021.02.23-12.27.13:175][741]LogContentValidation: Display: Validating World /Game/Maps/AI_02.AI_02
[2021.02.23-12.27.13:175][741]LogContentValidation: Display: Validating MapBuildDataRegistry /Game/Maps/AI_02_BuiltData.AI_02_BuiltData
[2021.02.23-12.55.57:750][870]LogSlate: WidgetSwitcher ('None') active index changed to -1
[2021.02.23-12.55.57:750][870]LogSlate: WidgetSwitcher ('None') active index changed to 0
[2021.02.23-12.55.57:798][870]LogSlate: Took 0.000236 seconds to synchronously load lazily loaded font '../../../Engine/Content/Slate/Fonts/Roboto-BoldCondensed.ttf' (158K)
[2021.02.23-12.56.04:900][632]LogSlate: WidgetSwitcher ('None') active index changed to 1
[2021.02.23-12.56.29:281][284]Running C:/Program Files/Epic Games/UE_4.25/Engine/Binaries/DotNET/UnrealBuildTool.exe  -projectfiles -project="C:/Users/Morgan/Desktop/UnrealAI/UnrealAI/UnrealAI.uproject" -game -rocket -progress
[2021.02.23-12.56.29:630][284]Discovering modules, targets and source code for project...
[2021.02.23-12.56.31:134][284]Binding IntelliSense data...
[2021.02.23-12.56.32:958][284]Binding IntelliSense data... 100%
[2021.02.23-12.56.32:958][284]Writing project files...
[2021.02.23-12.56.36:968][284]Writing project files... 100%
[2021.02.23-12.56.37:086][284]Candidate modules for hot reload:
[2021.02.23-12.56.37:086][284]  UnrealAI
[2021.02.23-12.56.37:086][284]Launching UnrealBuildTool... [C:/Program Files/Epic Games/UE_4.25/Engine/Binaries/DotNET/UnrealBuildTool.exe  -ModuleWithSuffix=UnrealAI,6136 UnrealAIEditor Win64 Development -Project="C:/Users/Morgan/Desktop/UnrealAI/UnrealAI/UnrealAI.uproject" "C:/Users/Morgan/Desktop/UnrealAI/UnrealAI/UnrealAI.uproject"  -IgnoreJunk]
[2021.02.23-12.56.52:199][284]CompilerResultsLog: New page: Compilation - 23 Feb 2021, 12:56:52
[2021.02.23-12.56.52:200][284]CompilerResultsLog: Using 'git status' to determine working set for adaptive non-unity build (C:\Users\Morgan\Desktop\UnrealAI).
[2021.02.23-12.56.52:200][284]CompilerResultsLog: Creating makefile for UnrealAIEditor (no existing makefile)
[2021.02.23-12.56.52:200][284]CompilerResultsLog: Parsing headers for UnrealAIEditor
[2021.02.23-12.56.52:200][284]CompilerResultsLog:   Running UnrealHeaderTool "C:\Users\Morgan\Desktop\UnrealAI\UnrealAI\UnrealAI.uproject" "C:\Users\Morgan\Desktop\UnrealAI\UnrealAI\Intermediate\Build\Win64\UnrealAIEditor\Development\UnrealAIEditor.uhtmanifest" -LogCmds="loginit warning, logexit warning, logdatabase error" -Unattended -WarningsAsErrors -abslog="C:\Users\Morgan\AppData\Local\UnrealBuildTool\Log_UHT.txt" -installed
[2021.02.23-12.56.52:200][284]CompilerResultsLog: Reflection code generated for UnrealAIEditor in 5.1787906 seconds
[2021.02.23-12.56.52:200][284]CompilerResultsLog: Error: C:\Users\Morgan\Desktop\UnrealAI\UnrealAI\Source\UnrealAI\UnrealAI C++\AICpp_AIController0.cpp(1) : error: Expected AICpp_AIController0.h to be first header included.
[2021.02.23-12.56.52:200][284]CompilerResultsLog: Error: C:\Users\Morgan\Desktop\UnrealAI\UnrealAI\Source\UnrealAI\UnrealAI C++\BTService_CheckForPlayer.cpp(1) : error: Expected BTService_CheckForPlayer.h to be first header included.
[2021.02.23-12.56.52:200][284]CompilerResultsLog: Building UnrealAIEditor...
[2021.02.23-12.56.52:200][284]CompilerResultsLog: Using Visual Studio 2019 14.28.29337 toolchain (C:\Program Files (x86)\Microsoft Visual Studio\2019\Community\VC\Tools\MSVC\14.28.29333) and Windows 10.0.18362.0 SDK (C:\Program Files (x86)\Windows Kits\10).
[2021.02.23-12.56.52:200][284]CompilerResultsLog: Building 11 actions with 20 processes...
[2021.02.23-12.56.52:201][284]CompilerResultsLog:   [1/11] UnrealAI.init.gen.cpp
[2021.02.23-12.56.52:201][284]CompilerResultsLog:   [2/11] AICpp_NPC0.cpp
[2021.02.23-12.56.52:201][284]CompilerResultsLog:   [3/11] AICpp_NPC0.gen.cpp
[2021.02.23-12.56.52:201][284]CompilerResultsLog:   [4/11] UnrealAICharacter.cpp
[2021.02.23-12.56.52:201][284]CompilerResultsLog:   [5/11] BTTask_MoveToPlayer.cpp
[2021.02.23-12.56.52:201][284]CompilerResultsLog:   [6/11] BTTask_MoveToPlayer.gen.cpp
[2021.02.23-12.56.52:202][284]CompilerResultsLog:   [7/11] BTService_CheckForPlayer.cpp
[2021.02.23-12.56.52:202][284]CompilerResultsLog:   [8/11] AICpp_AIController0.cpp
[2021.02.23-12.56.52:202][284]CompilerResultsLog:   [9/11] UE4Editor-UnrealAI-6136.lib
[2021.02.23-12.56.52:202][284]CompilerResultsLog:      Creating library C:\Users\Morgan\Desktop\UnrealAI\UnrealAI\Intermediate\Build\Win64\UE4Editor\Development\UnrealAI\UE4Editor-UnrealAI-6136.lib and object C:\Users\Morgan\Desktop\UnrealAI\UnrealAI\Intermediate\Build\Win64\UE4Editor\Development\UnrealAI\UE4Editor-UnrealAI-6136.exp
[2021.02.23-12.56.52:202][284]CompilerResultsLog:   [10/11] UE4Editor-UnrealAI-6136.dll
[2021.02.23-12.56.52:202][284]CompilerResultsLog:      Creating library C:\Users\Morgan\Desktop\UnrealAI\UnrealAI\Intermediate\Build\Win64\UE4Editor\Development\UnrealAI\UE4Editor-UnrealAI-6136.suppressed.lib and object C:\Users\Morgan\Desktop\UnrealAI\UnrealAI\Intermediate\Build\Win64\UE4Editor\Development\UnrealAI\UE4Editor-UnrealAI-6136.suppressed.exp
[2021.02.23-12.56.52:202][284]CompilerResultsLog:   [11/11] UnrealAIEditor.target
[2021.02.23-12.56.52:202][284]CompilerResultsLog: Total time in Parallel executor: 7.90 seconds
[2021.02.23-12.56.52:202][284]CompilerResultsLog: Total execution time: 15.00 seconds
[2021.02.23-12.56.52:202][284]LogMainFrame: MainFrame: Module compiling took 15.120 seconds
[2021.02.23-12.56.52:220][284]LogClass: Could not find existing class BTTask_MoveToPlayer in package /Script/UnrealAI for HotReload, assuming new class
[2021.02.23-12.56.52:232][284]LogContentBrowser: Native class hierarchy updated for 'UnrealAI' in 0.0004 seconds. Added 10 classes and 4 folders.
[2021.02.23-12.56.52:234][284]Display: HotReload successful (0 functions remapped  0 scriptstructs remapped)
[2021.02.23-12.56.52:296][284]LogContentBrowser: Native class hierarchy populated in 0.0080 seconds. Added 3440 classes and 833 folders.
[2021.02.23-12.56.52:296][284]Display: HotReload took 15.2s.
[2021.02.23-12.56.52:296][284]Warning: HotReload operation took 15.2s.
[2021.02.23-12.56.52:504][284]LogVSAccessor: Warning: Couldn't goto line number '1' in 'C:/Users/Morgan/Desktop/UnrealAI/UnrealAI/Source/UnrealAI/UnrealAI C++/BTTask_MoveToPlayer.h'
[2021.02.23-12.56.52:644][284]LogVSAccessor: Warning: Couldn't goto line number '1' in 'C:/Users/Morgan/Desktop/UnrealAI/UnrealAI/Source/UnrealAI/UnrealAI C++/BTTask_MoveToPlayer.cpp'
[2021.02.23-12.56.52:648][284]LogSlate: Window 'Add C++ Class' being destroyed
[2021.02.23-12.56.52:717][285]LogHotReload: New module detected: UE4Editor-UnrealAI-6136.dll
[2021.02.23-12.56.52:753][286]LogHotReload: Starting Hot-Reload from IDE
[2021.02.23-12.56.52:848][286]LogContentBrowser: Native class hierarchy updated for 'UnrealAI' in 0.0004 seconds. Added 10 classes and 4 folders.
[2021.02.23-12.56.52:848][286]Display: HotReload successful (0 functions remapped  0 scriptstructs remapped)
[2021.02.23-12.56.52:861][286]LogContentBrowser: Native class hierarchy populated in 0.0079 seconds. Added 3440 classes and 833 folders.
[2021.02.23-12.56.52:864][286]Display: HotReload took  0.1s.
