Log file open, 02/26/21 19:56:43
LogInit: Display: Running engine for game: UnrealAI
LogPlatformFile: Not using cached read wrapper
LogTaskGraph: Started task graph with 5 named threads and 59 total threads with 3 sets of task threads.
LogStats: Stats thread started at 0.477913
LogD3D11RHI: Loaded GFSDK_Aftermath_Lib.x64.dll
LogICUInternationalization: ICU TimeZone Detection - Raw Offset: +0:00, Platform Override: ''
LogPluginManager: Mounting plugin Paper2D
LogPluginManager: Mounting plugin AISupport
LogPluginManager: Mounting plugin LightPropagationVolume
LogPluginManager: Mounting plugin CameraShakePreviewer
LogPluginManager: Mounting plugin ActorLayerUtilities
LogPluginManager: Mounting plugin AnimationSharing
LogPluginManager: Mounting plugin CLionSourceCodeAccess
LogPluginManager: Mounting plugin CodeLiteSourceCodeAccess
LogPluginManager: Mounting plugin GitSourceControl
LogPluginManager: Mounting plugin KDevelopSourceCodeAccess
LogPluginManager: Mounting plugin NullSourceCodeAccess
LogPluginManager: Mounting plugin PerforceSourceControl
LogPluginManager: Mounting plugin PlasticSourceControl
LogPluginManager: Mounting plugin RiderSourceCodeAccess
LogPluginManager: Mounting plugin SubversionSourceControl
LogPluginManager: Mounting plugin UObjectPlugin
LogPluginManager: Mounting plugin VisualStudioCodeSourceCodeAccess
LogPluginManager: Mounting plugin VisualStudioSourceCodeAccess
LogPluginManager: Mounting plugin XCodeSourceCodeAccess
LogPluginManager: Mounting plugin AssetManagerEditor
LogPluginManager: Mounting plugin CryptoKeys
LogPluginManager: Mounting plugin CurveEditorTools
LogPluginManager: Mounting plugin DataValidation
LogPluginManager: Mounting plugin EditorScriptingUtilities
LogPluginManager: Mounting plugin FacialAnimation
LogPluginManager: Mounting plugin GameplayTagsEditor
LogPluginManager: Mounting plugin GeometryMode
LogPluginManager: Mounting plugin MacGraphicsSwitching
LogPluginManager: Mounting plugin MaterialAnalyzer
LogPluginManager: Mounting plugin MobileLauncherProfileWizard
LogPluginManager: Mounting plugin PluginBrowser
LogPluginManager: Mounting plugin SpeedTreeImporter
LogPluginManager: Mounting plugin DatasmithContent
LogPluginManager: Mounting plugin VariantManagerContent
LogPluginManager: Mounting plugin AlembicImporter
LogPluginManager: Mounting plugin AutomationUtils
LogPluginManager: Mounting plugin BackChannel
LogPluginManager: Mounting plugin ChaosCloth
LogPluginManager: Mounting plugin ChaosClothEditor
LogPluginManager: Mounting plugin ChaosEditor
LogPluginManager: Mounting plugin ChaosNiagara
LogPluginManager: Mounting plugin ChaosSolverPlugin
LogPluginManager: Mounting plugin CharacterAI
LogPluginManager: Mounting plugin GeometryCache
LogPluginManager: Mounting plugin GeometryCollectionPlugin
LogPluginManager: Mounting plugin GeometryProcessing
LogPluginManager: Mounting plugin PlanarCut
LogPluginManager: Mounting plugin PlatformCrypto
LogPluginManager: Mounting plugin ProxyLODPlugin
LogPluginManager: Mounting plugin SkeletalReduction
LogPluginManager: Mounting plugin Niagara
LogPluginManager: Mounting plugin MagicLeap
LogPluginManager: Mounting plugin MagicLeapLightEstimation
LogPluginManager: Mounting plugin MagicLeapMedia
LogPluginManager: Mounting plugin MagicLeapPassableWorld
LogPluginManager: Mounting plugin MLSDK
LogPluginManager: Mounting plugin DarkerNodes
LogPluginManager: Mounting plugin ElectronicNodes
LogPluginManager: Mounting plugin AndroidMedia
LogPluginManager: Mounting plugin AvfMedia
LogPluginManager: Mounting plugin ImgMedia
LogPluginManager: Mounting plugin MediaCompositing
LogPluginManager: Mounting plugin MediaPlayerEditor
LogPluginManager: Mounting plugin WebMMedia
LogPluginManager: Mounting plugin WmfMedia
LogPluginManager: Mounting plugin MeshPainting
LogPluginManager: Mounting plugin TcpMessaging
LogPluginManager: Mounting plugin UdpMessaging
LogPluginManager: Mounting plugin ActorSequence
LogPluginManager: Mounting plugin LevelSequenceEditor
LogPluginManager: Mounting plugin MatineeToLevelSequence
LogPluginManager: Mounting plugin MovieRenderPipeline
LogPluginManager: Mounting plugin TemplateSequence
LogPluginManager: Mounting plugin NetcodeUnitTest
LogPluginManager: Mounting plugin NUTUnrealEngine4
LogPluginManager: Mounting plugin OnlineSubsystemGooglePlay
LogPluginManager: Mounting plugin OnlineSubsystemIOS
LogPluginManager: Mounting plugin OnlineSubsystem
LogPluginManager: Mounting plugin OnlineSubsystemNull
LogPluginManager: Mounting plugin OnlineSubsystemUtils
LogPluginManager: Mounting plugin LauncherChunkInstaller
LogPluginManager: Mounting plugin AndroidDeviceProfileSelector
LogPluginManager: Mounting plugin AndroidMoviePlayer
LogPluginManager: Mounting plugin AndroidPermission
LogPluginManager: Mounting plugin AppleImageUtils
LogPluginManager: Mounting plugin AppleMoviePlayer
LogPluginManager: Mounting plugin ArchVisCharacter
LogPluginManager: Mounting plugin AssetTags
LogPluginManager: Mounting plugin AudioCapture
LogPluginManager: Mounting plugin CableComponent
LogPluginManager: Mounting plugin CustomMeshComponent
LogPluginManager: Mounting plugin EditableMesh
LogPluginManager: Mounting plugin ExampleDeviceProfileSelector
LogPluginManager: Mounting plugin GoogleCloudMessaging
LogPluginManager: Mounting plugin GooglePAD
LogPluginManager: Mounting plugin IOSDeviceProfileSelector
LogPluginManager: Mounting plugin LinuxDeviceProfileSelector
LogPluginManager: Mounting plugin LocationServicesBPLibrary
LogPluginManager: Mounting plugin MobilePatchingUtils
LogPluginManager: Mounting plugin OculusVR
LogPluginManager: Mounting plugin PhysXVehicles
LogPluginManager: Mounting plugin PostSplashScreen
LogPluginManager: Mounting plugin ProceduralMeshComponent
LogPluginManager: Mounting plugin RuntimePhysXCooking
LogPluginManager: Mounting plugin SignificanceManager
LogPluginManager: Mounting plugin SoundFields
LogPluginManager: Mounting plugin SteamVR
LogPluginManager: Mounting plugin Synthesis
LogPluginManager: Mounting plugin WebMMoviePlayer
LogPluginManager: Mounting plugin WindowsMoviePlayer
LogPluginManager: Mounting plugin ScreenshotTools
LogInit: Using libcurl 7.55.1-DEV
LogInit:  - built for x86_64-pc-win32
LogInit:  - supports SSL with OpenSSL/1.1.1
LogInit:  - supports HTTP deflate (compression) using libz 1.2.8
LogInit:  - other features:
LogInit:      CURL_VERSION_SSL
LogInit:      CURL_VERSION_LIBZ
LogInit:      CURL_VERSION_IPV6
LogInit:      CURL_VERSION_ASYNCHDNS
LogInit:      CURL_VERSION_LARGEFILE
LogInit:      CURL_VERSION_IDN
LogInit:  CurlRequestOptions (configurable via config and command line):
LogInit:  - bVerifyPeer = true  - Libcurl will verify peer certificate
LogInit:  - bUseHttpProxy = false  - Libcurl will NOT use HTTP proxy
LogInit:  - bDontReuseConnections = false  - Libcurl will reuse connections
LogInit:  - MaxHostConnections = 16  - Libcurl will limit the number of connections to a host
LogInit:  - LocalHostAddr = Default
LogInit:  - BufferSize = 65536
LogOnline: OSS: Creating online subsystem instance for: NULL
LogInit: WinSock: version 1.1 (2.2), MaxSocks=32767, MaxUdp=65467
LogOnline: OSS: TryLoadSubsystemAndSetDefault: Loaded subsystem for module [NULL]
LogInit: Build: ++UE4+Release-4.25-CL-14469661
LogInit: Engine Version: 4.25.4-14469661+++UE4+Release-4.25
LogInit: Compatible Engine Version: 4.25.0-13144385+++UE4+Release-4.25
LogInit: Net CL: 13144385
LogInit: OS: Windows 10 (Release 2009) (), CPU: Intel(R) Core(TM) i9-10850K CPU @ 3.60GHz, GPU: NVIDIA GeForce RTX 3090
LogInit: Compiled (64-bit): Oct 11 2020 08:10:49
LogInit: Compiled with Visual C++: 19.24.28315.00
LogInit: Build Configuration: Development
LogInit: Branch Name: ++UE4+Release-4.25
LogInit: Command Line: 
LogInit: Base Directory: C:/Program Files/Epic Games/UE_4.25/Engine/Binaries/Win64/
LogInit: Allocator: TBB
LogInit: Installed Engine Build: 1
LogDevObjectVersion: Number of dev versions registered: 26
LogDevObjectVersion:   Dev-Blueprints (B0D832E4-1F89-4F0D-ACCF-7EB736FD4AA2): 10
LogDevObjectVersion:   Dev-Build (E1C64328-A22C-4D53-A36C-8E866417BD8C): 0
LogDevObjectVersion:   Dev-Core (375EC13C-06E4-48FB-B500-84F0262A717E): 4
LogDevObjectVersion:   Dev-Editor (E4B068ED-F494-42E9-A231-DA0B2E46BB41): 38
LogDevObjectVersion:   Dev-Framework (CFFC743F-43B0-4480-9391-14DF171D2073): 37
LogDevObjectVersion:   Dev-Mobile (B02B49B5-BB20-44E9-A304-32B752E40360): 2
LogDevObjectVersion:   Dev-Networking (A4E4105C-59A1-49B5-A7C5-40C4547EDFEE): 0
LogDevObjectVersion:   Dev-Online (39C831C9-5AE6-47DC-9A44-9C173E1C8E7C): 0
LogDevObjectVersion:   Dev-Physics (78F01B33-EBEA-4F98-B9B4-84EACCB95AA2): 4
LogDevObjectVersion:   Dev-Platform (6631380F-2D4D-43E0-8009-CF276956A95A): 0
LogDevObjectVersion:   Dev-Rendering (12F88B9F-8875-4AFC-A67C-D90C383ABD29): 43
LogDevObjectVersion:   Dev-Sequencer (7B5AE74C-D270-4C10-A958-57980B212A5A): 12
LogDevObjectVersion:   Dev-VR (D7296918-1DD6-4BDD-9DE2-64A83CC13884): 3
LogDevObjectVersion:   Dev-LoadTimes (C2A15278-BFE7-4AFE-6C17-90FF531DF755): 1
LogDevObjectVersion:   Private-Geometry (6EACA3D4-40EC-4CC1-B786-8BED09428FC5): 3
LogDevObjectVersion:   Dev-AnimPhys (29E575DD-E0A3-4627-9D10-D276232CDCEA): 17
LogDevObjectVersion:   Dev-Anim (AF43A65D-7FD3-4947-9873-3E8ED9C1BB05): 7
LogDevObjectVersion:   Dev-ReflectionCapture (6B266CEC-1EC7-4B8F-A30B-E4D90942FC07): 1
LogDevObjectVersion:   Dev-Automation (0DF73D61-A23F-47EA-B727-89E90C41499A): 1
LogDevObjectVersion:   FortniteMain (601D1886-AC64-4F84-AA16-D3DE0DEAC7D6): 31
LogDevObjectVersion:   Dev-Enterprise (9DFFBCD6-494F-0158-E221-12823C92A888): 10
LogDevObjectVersion:   Dev-Niagara (F2AED0AC-9AFE-416F-8664-AA7FFA26D6FC): 1
LogDevObjectVersion:   Dev-Destruction (174F1F0B-B4C6-45A5-B13F-2EE8D0FB917D): 10
LogDevObjectVersion:   Dev-Physics-Ext (35F94A83-E258-406C-A318-09F59610247C): 37
LogDevObjectVersion:   Dev-PhysicsMaterial-Chaos (B68FC16E-8B1B-42E2-B453-215C058844FE): 1
LogDevObjectVersion:   Dev-CineCamera (B2E18506-4273-CFC2-A54E-F4BB758BBA07): 1
LogInit: Presizing for max 25165824 objects, including 0 objects not considered by GC, pre-allocating 0 bytes for permanent pool.
LogConfig: Applying CVar settings from Section [/Script/Engine.StreamingSettings] File [C:/Users/Morgan/Desktop/UnrealAI/UnrealAI/Saved/Config/Windows/Engine.ini]
LogConfig: Setting CVar [[s.MinBulkDataSizeForAsyncLoading:131072]]
LogConfig: Setting CVar [[s.AsyncLoadingThreadEnabled:0]]
LogConfig: Setting CVar [[s.EventDrivenLoaderEnabled:1]]
LogConfig: Setting CVar [[s.WarnIfTimeLimitExceeded:0]]
LogConfig: Setting CVar [[s.TimeLimitExceededMultiplier:1.5]]
LogConfig: Setting CVar [[s.TimeLimitExceededMinTime:0.005]]
LogConfig: Setting CVar [[s.UseBackgroundLevelStreaming:1]]
LogConfig: Setting CVar [[s.PriorityAsyncLoadingExtraTime:15.0]]
LogConfig: Setting CVar [[s.LevelStreamingActorsUpdateTimeLimit:5.0]]
LogConfig: Setting CVar [[s.PriorityLevelStreamingActorsUpdateExtraTime:5.0]]
LogConfig: Setting CVar [[s.LevelStreamingComponentsRegistrationGranularity:10]]
LogConfig: Setting CVar [[s.UnregisterComponentsTimeLimit:1.0]]
LogConfig: Setting CVar [[s.LevelStreamingComponentsUnregistrationGranularity:5]]
LogConfig: Setting CVar [[s.FlushStreamingOnExit:1]]
LogInit: Object subsystem initialized
LogConfig: Setting CVar [[con.DebugEarlyDefault:1]]
LogConfig: Setting CVar [[r.setres:1280x720]]
[2021.02.26-19.56.44:279][  0]LogConfig: Setting CVar [[r.VSync:0]]
[2021.02.26-19.56.44:279][  0]LogConfig: Setting CVar [[r.RHICmdBypass:0]]
[2021.02.26-19.56.44:279][  0]LogConfig: Applying CVar settings from Section [/Script/Engine.RendererSettings] File [C:/Users/Morgan/Desktop/UnrealAI/UnrealAI/Saved/Config/Windows/Engine.ini]
[2021.02.26-19.56.44:279][  0]LogConfig: Setting CVar [[r.GPUCrashDebugging:0]]
[2021.02.26-19.56.44:279][  0]LogConfig: Applying CVar settings from Section [/Script/Engine.RendererOverrideSettings] File [C:/Users/Morgan/Desktop/UnrealAI/UnrealAI/Saved/Config/Windows/Engine.ini]
[2021.02.26-19.56.44:279][  0]LogConfig: Applying CVar settings from Section [/Script/Engine.StreamingSettings] File [C:/Users/Morgan/Desktop/UnrealAI/UnrealAI/Saved/Config/Windows/Engine.ini]
[2021.02.26-19.56.44:279][  0]LogConfig: Setting CVar [[s.MinBulkDataSizeForAsyncLoading:131072]]
[2021.02.26-19.56.44:279][  0]LogConfig: Setting CVar [[s.AsyncLoadingThreadEnabled:0]]
[2021.02.26-19.56.44:279][  0]LogConfig: Setting CVar [[s.EventDrivenLoaderEnabled:1]]
[2021.02.26-19.56.44:279][  0]LogConfig: Setting CVar [[s.WarnIfTimeLimitExceeded:0]]
[2021.02.26-19.56.44:279][  0]LogConfig: Setting CVar [[s.TimeLimitExceededMultiplier:1.5]]
[2021.02.26-19.56.44:279][  0]LogConfig: Setting CVar [[s.TimeLimitExceededMinTime:0.005]]
[2021.02.26-19.56.44:279][  0]LogConfig: Setting CVar [[s.UseBackgroundLevelStreaming:1]]
[2021.02.26-19.56.44:279][  0]LogConfig: Setting CVar [[s.PriorityAsyncLoadingExtraTime:15.0]]
[2021.02.26-19.56.44:279][  0]LogConfig: Setting CVar [[s.LevelStreamingActorsUpdateTimeLimit:5.0]]
[2021.02.26-19.56.44:279][  0]LogConfig: Setting CVar [[s.PriorityLevelStreamingActorsUpdateExtraTime:5.0]]
[2021.02.26-19.56.44:279][  0]LogConfig: Setting CVar [[s.LevelStreamingComponentsRegistrationGranularity:10]]
[2021.02.26-19.56.44:279][  0]LogConfig: Setting CVar [[s.UnregisterComponentsTimeLimit:1.0]]
[2021.02.26-19.56.44:279][  0]LogConfig: Setting CVar [[s.LevelStreamingComponentsUnregistrationGranularity:5]]
[2021.02.26-19.56.44:279][  0]LogConfig: Setting CVar [[s.FlushStreamingOnExit:1]]
[2021.02.26-19.56.44:279][  0]LogConfig: Applying CVar settings from Section [/Script/Engine.GarbageCollectionSettings] File [C:/Users/Morgan/Desktop/UnrealAI/UnrealAI/Saved/Config/Windows/Engine.ini]
[2021.02.26-19.56.44:279][  0]LogConfig: Setting CVar [[gc.MaxObjectsNotConsideredByGC:1]]
[2021.02.26-19.56.44:279][  0]LogConfig: Setting CVar [[gc.SizeOfPermanentObjectPool:0]]
[2021.02.26-19.56.44:279][  0]LogConfig: Setting CVar [[gc.FlushStreamingOnGC:0]]
[2021.02.26-19.56.44:279][  0]LogConfig: Setting CVar [[gc.NumRetriesBeforeForcingGC:10]]
[2021.02.26-19.56.44:279][  0]LogConfig: Setting CVar [[gc.AllowParallelGC:1]]
[2021.02.26-19.56.44:279][  0]LogConfig: Setting CVar [[gc.TimeBetweenPurgingPendingKillObjects:61.1]]
[2021.02.26-19.56.44:279][  0]LogConfig: Setting CVar [[gc.MaxObjectsInEditor:25165824]]
[2021.02.26-19.56.44:279][  0]LogConfig: Setting CVar [[gc.IncrementalBeginDestroyEnabled:1]]
[2021.02.26-19.56.44:279][  0]LogConfig: Setting CVar [[gc.CreateGCClusters:1]]
[2021.02.26-19.56.44:279][  0]LogConfig: Setting CVar [[gc.MinGCClusterSize:5]]
[2021.02.26-19.56.44:279][  0]LogConfig: Setting CVar [[gc.ActorClusteringEnabled:0]]
[2021.02.26-19.56.44:279][  0]LogConfig: Setting CVar [[gc.BlueprintClusteringEnabled:0]]
[2021.02.26-19.56.44:279][  0]LogConfig: Setting CVar [[gc.UseDisregardForGCOnDedicatedServers:0]]
[2021.02.26-19.56.44:279][  0]LogConfig: Applying CVar settings from Section [/Script/Engine.NetworkSettings] File [C:/Users/Morgan/Desktop/UnrealAI/UnrealAI/Saved/Config/Windows/Engine.ini]
[2021.02.26-19.56.44:279][  0]LogConfig: Applying CVar settings from Section [/Script/UnrealEd.CookerSettings] File [C:/Users/Morgan/Desktop/UnrealAI/UnrealAI/Saved/Config/Windows/Engine.ini]
[2021.02.26-19.56.44:284][  0]LogConfig: Applying CVar settings from Section [ViewDistanceQuality@3] File [C:/Users/Morgan/Desktop/UnrealAI/UnrealAI/Saved/Config/Windows/Scalability.ini]
[2021.02.26-19.56.44:284][  0]LogConfig: Setting CVar [[r.SkeletalMeshLODBias:0]]
[2021.02.26-19.56.44:284][  0]LogConfig: Setting CVar [[r.ViewDistanceScale:1.0]]
[2021.02.26-19.56.44:284][  0]LogConfig: Applying CVar settings from Section [AntiAliasingQuality@3] File [C:/Users/Morgan/Desktop/UnrealAI/UnrealAI/Saved/Config/Windows/Scalability.ini]
[2021.02.26-19.56.44:284][  0]LogConfig: Setting CVar [[r.PostProcessAAQuality:4]]
[2021.02.26-19.56.44:284][  0]LogConfig: Applying CVar settings from Section [ShadowQuality@3] File [C:/Users/Morgan/Desktop/UnrealAI/UnrealAI/Saved/Config/Windows/Scalability.ini]
[2021.02.26-19.56.44:284][  0]LogConfig: Setting CVar [[r.LightFunctionQuality:1]]
[2021.02.26-19.56.44:284][  0]LogConfig: Setting CVar [[r.ShadowQuality:5]]
[2021.02.26-19.56.44:284][  0]LogConfig: Setting CVar [[r.Shadow.CSM.MaxCascades:10]]
[2021.02.26-19.56.44:284][  0]LogConfig: Setting CVar [[r.Shadow.MaxResolution:2048]]
[2021.02.26-19.56.44:284][  0]LogConfig: Setting CVar [[r.Shadow.MaxCSMResolution:2048]]
[2021.02.26-19.56.44:284][  0]LogConfig: Setting CVar [[r.Shadow.RadiusThreshold:0.01]]
[2021.02.26-19.56.44:284][  0]LogConfig: Setting CVar [[r.Shadow.DistanceScale:1.0]]
[2021.02.26-19.56.44:284][  0]LogConfig: Setting CVar [[r.Shadow.CSM.TransitionScale:1.0]]
[2021.02.26-19.56.44:284][  0]LogConfig: Setting CVar [[r.Shadow.PreShadowResolutionFactor:1.0]]
[2021.02.26-19.56.44:284][  0]LogConfig: Setting CVar [[r.DistanceFieldShadowing:1]]
[2021.02.26-19.56.44:284][  0]LogConfig: Setting CVar [[r.DistanceFieldAO:1]]
[2021.02.26-19.56.44:284][  0]LogConfig: Setting CVar [[r.AOQuality:2]]
[2021.02.26-19.56.44:284][  0]LogConfig: Setting CVar [[r.VolumetricFog:1]]
[2021.02.26-19.56.44:284][  0]LogConfig: Setting CVar [[r.VolumetricFog.GridPixelSize:8]]
[2021.02.26-19.56.44:284][  0]LogConfig: Setting CVar [[r.VolumetricFog.GridSizeZ:128]]
[2021.02.26-19.56.44:284][  0]LogConfig: Setting CVar [[r.VolumetricFog.HistoryMissSupersampleCount:4]]
[2021.02.26-19.56.44:284][  0]LogConfig: Setting CVar [[r.LightMaxDrawDistanceScale:1]]
[2021.02.26-19.56.44:284][  0]LogConfig: Setting CVar [[r.CapsuleShadows:1]]
[2021.02.26-19.56.44:284][  0]LogConfig: Applying CVar settings from Section [PostProcessQuality@3] File [C:/Users/Morgan/Desktop/UnrealAI/UnrealAI/Saved/Config/Windows/Scalability.ini]
[2021.02.26-19.56.44:284][  0]LogConfig: Setting CVar [[r.MotionBlurQuality:4]]
[2021.02.26-19.56.44:284][  0]LogConfig: Setting CVar [[r.AmbientOcclusionMipLevelFactor:0.4]]
[2021.02.26-19.56.44:284][  0]LogConfig: Setting CVar [[r.AmbientOcclusionMaxQuality:100]]
[2021.02.26-19.56.44:284][  0]LogConfig: Setting CVar [[r.AmbientOcclusionLevels:-1]]
[2021.02.26-19.56.44:284][  0]LogConfig: Setting CVar [[r.AmbientOcclusionRadiusScale:1.0]]
[2021.02.26-19.56.44:284][  0]LogConfig: Setting CVar [[r.DepthOfFieldQuality:2]]
[2021.02.26-19.56.44:284][  0]LogConfig: Setting CVar [[r.RenderTargetPoolMin:400]]
[2021.02.26-19.56.44:284][  0]LogConfig: Setting CVar [[r.LensFlareQuality:2]]
[2021.02.26-19.56.44:284][  0]LogConfig: Setting CVar [[r.SceneColorFringeQuality:1]]
[2021.02.26-19.56.44:284][  0]LogConfig: Setting CVar [[r.EyeAdaptationQuality:2]]
[2021.02.26-19.56.44:284][  0]LogConfig: Setting CVar [[r.BloomQuality:5]]
[2021.02.26-19.56.44:284][  0]LogConfig: Setting CVar [[r.FastBlurThreshold:100]]
[2021.02.26-19.56.44:284][  0]LogConfig: Setting CVar [[r.Upscale.Quality:3]]
[2021.02.26-19.56.44:285][  0]LogConfig: Setting CVar [[r.Tonemapper.GrainQuantization:1]]
[2021.02.26-19.56.44:285][  0]LogConfig: Setting CVar [[r.LightShaftQuality:1]]
[2021.02.26-19.56.44:285][  0]LogConfig: Setting CVar [[r.Filter.SizeScale:1]]
[2021.02.26-19.56.44:285][  0]LogConfig: Setting CVar [[r.Tonemapper.Quality:5]]
[2021.02.26-19.56.44:285][  0]LogConfig: Setting CVar [[r.DOF.Gather.AccumulatorQuality:1        ; higher gathering accumulator quality]]
[2021.02.26-19.56.44:285][  0]LogConfig: Setting CVar [[r.DOF.Gather.PostfilterMethod:1          ; Median3x3 postfilering method]]
[2021.02.26-19.56.44:285][  0]LogConfig: Setting CVar [[r.DOF.Gather.EnableBokehSettings:0       ; no bokeh simulation when gathering]]
[2021.02.26-19.56.44:285][  0]LogConfig: Setting CVar [[r.DOF.Gather.RingCount:4                 ; medium number of samples when gathering]]
[2021.02.26-19.56.44:285][  0]LogConfig: Setting CVar [[r.DOF.Scatter.ForegroundCompositing:1    ; additive foreground scattering]]
[2021.02.26-19.56.44:285][  0]LogConfig: Setting CVar [[r.DOF.Scatter.BackgroundCompositing:2    ; additive background scattering]]
[2021.02.26-19.56.44:285][  0]LogConfig: Setting CVar [[r.DOF.Scatter.EnableBokehSettings:1      ; bokeh simulation when scattering]]
[2021.02.26-19.56.44:285][  0]LogConfig: Setting CVar [[r.DOF.Scatter.MaxSpriteRatio:0.1         ; only a maximum of 10% of scattered bokeh]]
[2021.02.26-19.56.44:285][  0]LogConfig: Setting CVar [[r.DOF.Recombine.Quality:1                ; cheap slight out of focus]]
[2021.02.26-19.56.44:285][  0]LogConfig: Setting CVar [[r.DOF.Recombine.EnableBokehSettings:0    ; no bokeh simulation on slight out of focus]]
[2021.02.26-19.56.44:285][  0]LogConfig: Setting CVar [[r.DOF.TemporalAAQuality:1                ; more stable temporal accumulation]]
[2021.02.26-19.56.44:285][  0]LogConfig: Setting CVar [[r.DOF.Kernel.MaxForegroundRadius:0.025]]
[2021.02.26-19.56.44:285][  0]LogConfig: Setting CVar [[r.DOF.Kernel.MaxBackgroundRadius:0.025]]
[2021.02.26-19.56.44:285][  0]LogConfig: Applying CVar settings from Section [TextureQuality@3] File [C:/Users/Morgan/Desktop/UnrealAI/UnrealAI/Saved/Config/Windows/Scalability.ini]
[2021.02.26-19.56.44:285][  0]LogConfig: Setting CVar [[r.Streaming.MipBias:0]]
[2021.02.26-19.56.44:285][  0]LogConfig: Setting CVar [[r.Streaming.AmortizeCPUToGPUCopy:0]]
[2021.02.26-19.56.44:285][  0]LogConfig: Setting CVar [[r.Streaming.MaxNumTexturesToStreamPerFrame:0]]
[2021.02.26-19.56.44:285][  0]LogConfig: Setting CVar [[r.Streaming.Boost:1]]
[2021.02.26-19.56.44:285][  0]LogConfig: Setting CVar [[r.MaxAnisotropy:8]]
[2021.02.26-19.56.44:285][  0]LogConfig: Setting CVar [[r.VT.MaxAnisotropy:8]]
[2021.02.26-19.56.44:285][  0]LogConfig: Setting CVar [[r.Streaming.LimitPoolSizeToVRAM:0]]
[2021.02.26-19.56.44:285][  0]LogConfig: Setting CVar [[r.Streaming.PoolSize:1000]]
[2021.02.26-19.56.44:285][  0]LogConfig: Setting CVar [[r.Streaming.MaxEffectiveScreenSize:0]]
[2021.02.26-19.56.44:285][  0]LogConfig: Applying CVar settings from Section [EffectsQuality@3] File [C:/Users/Morgan/Desktop/UnrealAI/UnrealAI/Saved/Config/Windows/Scalability.ini]
[2021.02.26-19.56.44:285][  0]LogConfig: Setting CVar [[r.TranslucencyLightingVolumeDim:64]]
[2021.02.26-19.56.44:285][  0]LogConfig: Setting CVar [[r.RefractionQuality:2]]
[2021.02.26-19.56.44:285][  0]LogConfig: Setting CVar [[r.SSR.Quality:3]]
[2021.02.26-19.56.44:285][  0]LogConfig: Setting CVar [[r.SSR.HalfResSceneColor:0]]
[2021.02.26-19.56.44:285][  0]LogConfig: Setting CVar [[r.SceneColorFormat:4]]
[2021.02.26-19.56.44:285][  0]LogConfig: Setting CVar [[r.DetailMode:2]]
[2021.02.26-19.56.44:285][  0]LogConfig: Setting CVar [[r.TranslucencyVolumeBlur:1]]
[2021.02.26-19.56.44:285][  0]LogConfig: Setting CVar [[r.MaterialQualityLevel:1 ; High quality]]
[2021.02.26-19.56.44:285][  0]LogConfig: Setting CVar [[r.SSS.Scale:1]]
[2021.02.26-19.56.44:285][  0]LogConfig: Setting CVar [[r.SSS.SampleSet:2]]
[2021.02.26-19.56.44:285][  0]LogConfig: Setting CVar [[r.SSS.Quality:1]]
[2021.02.26-19.56.44:285][  0]LogConfig: Setting CVar [[r.SSS.HalfRes:0]]
[2021.02.26-19.56.44:285][  0]LogConfig: Setting CVar [[r.SSGI.Quality:3]]
[2021.02.26-19.56.44:285][  0]LogConfig: Setting CVar [[r.EmitterSpawnRateScale:1.0]]
[2021.02.26-19.56.44:285][  0]LogConfig: Setting CVar [[r.ParticleLightQuality:2]]
[2021.02.26-19.56.44:285][  0]LogConfig: Setting CVar [[r.SkyAtmosphere.AerialPerspectiveLUT.FastApplyOnOpaque:1 ; Always have FastSkyLUT 1 in this case to avoid wrong sky]]
[2021.02.26-19.56.44:285][  0]LogConfig: Setting CVar [[r.SkyAtmosphere.AerialPerspectiveLUT.SampleCountPerSlice:1]]
[2021.02.26-19.56.44:285][  0]LogConfig: Setting CVar [[r.SkyAtmosphere.AerialPerspectiveLUT.DepthResolution:16.0]]
[2021.02.26-19.56.44:285][  0]LogConfig: Setting CVar [[r.SkyAtmosphere.FastSkyLUT:1]]
[2021.02.26-19.56.44:285][  0]LogConfig: Setting CVar [[r.SkyAtmosphere.FastSkyLUT.SampleCountMin:4.0]]
[2021.02.26-19.56.44:285][  0]LogConfig: Setting CVar [[r.SkyAtmosphere.FastSkyLUT.SampleCountMax:32.0]]
[2021.02.26-19.56.44:285][  0]LogConfig: Setting CVar [[r.SkyAtmosphere.SampleCountMin:4.0]]
[2021.02.26-19.56.44:285][  0]LogConfig: Setting CVar [[r.SkyAtmosphere.SampleCountMax:32.0]]
[2021.02.26-19.56.44:285][  0]LogConfig: Setting CVar [[r.SkyAtmosphere.TransmittanceLUT.UseSmallFormat:0]]
[2021.02.26-19.56.44:285][  0]LogConfig: Setting CVar [[r.SkyAtmosphere.TransmittanceLUT.SampleCount:10.0]]
[2021.02.26-19.56.44:285][  0]LogConfig: Setting CVar [[r.SkyAtmosphere.MultiScatteringLUT.SampleCount:15.0]]
[2021.02.26-19.56.44:285][  0]LogConfig: Applying CVar settings from Section [FoliageQuality@3] File [C:/Users/Morgan/Desktop/UnrealAI/UnrealAI/Saved/Config/Windows/Scalability.ini]
[2021.02.26-19.56.44:285][  0]LogConfig: Setting CVar [[foliage.DensityScale:1.0]]
[2021.02.26-19.56.44:285][  0]LogConfig: Setting CVar [[grass.DensityScale:1.0]]
[2021.02.26-19.56.44:285][  0]LogConfig: Applying CVar settings from Section [ShadingQuality@3] File [C:/Users/Morgan/Desktop/UnrealAI/UnrealAI/Saved/Config/Windows/Scalability.ini]
[2021.02.26-19.56.44:285][  0]LogConfig: Setting CVar [[r.HairStrands.SkyLighting.SampleCount:16]]
[2021.02.26-19.56.44:285][  0]LogConfig: Setting CVar [[r.HairStrands.SkyLighting.JitterIntegration:0]]
[2021.02.26-19.56.44:285][  0]LogConfig: Setting CVar [[r.HairStrands.SkyAO.SampleCount:16]]
[2021.02.26-19.56.44:285][  0]LogConfig: Setting CVar [[r.HairStrands.DeepShadow.SuperSampling:0]]
[2021.02.26-19.56.44:285][  0]LogConfig: Setting CVar [[r.HairStrands.VisibilityPPLL:0]]
[2021.02.26-19.56.44:285][  0]LogConfig: Setting CVar [[r.HairStrands.RasterizationScale:0.5]]
[2021.02.26-19.56.44:285][  0]LogConfig: Setting CVar [[r.HairStrands.VelocityRasterizationScale:1]]
[2021.02.26-19.56.44:285][  0]LogInit: Selected Device Profile: [Windows]
[2021.02.26-19.56.44:285][  0]LogInit: Applying CVar settings loaded from the selected device profile: [Windows]
[2021.02.26-19.56.44:285][  0]LogHAL: Display: Platform has ~ 32 GB [34252365824 / 34359738368 / 32], which maps to Largest [LargestMinGB=32, LargerMinGB=12, DefaultMinGB=8, SmallerMinGB=6, SmallestMinGB=0)
[2021.02.26-19.56.44:285][  0]LogInit: Going up to parent DeviceProfile []
[2021.02.26-19.56.44:285][  0]LogConfig: Applying CVar settings from Section [ViewDistanceQuality@3] File [C:/Users/Morgan/Desktop/UnrealAI/UnrealAI/Saved/Config/Windows/Scalability.ini]
[2021.02.26-19.56.44:285][  0]LogConfig: Setting CVar [[r.SkeletalMeshLODBias:0]]
[2021.02.26-19.56.44:285][  0]LogConfig: Setting CVar [[r.ViewDistanceScale:1.0]]
[2021.02.26-19.56.44:285][  0]LogConfig: Applying CVar settings from Section [AntiAliasingQuality@3] File [C:/Users/Morgan/Desktop/UnrealAI/UnrealAI/Saved/Config/Windows/Scalability.ini]
[2021.02.26-19.56.44:285][  0]LogConfig: Setting CVar [[r.PostProcessAAQuality:4]]
[2021.02.26-19.56.44:285][  0]LogConfig: Applying CVar settings from Section [ShadowQuality@3] File [C:/Users/Morgan/Desktop/UnrealAI/UnrealAI/Saved/Config/Windows/Scalability.ini]
[2021.02.26-19.56.44:285][  0]LogConfig: Setting CVar [[r.LightFunctionQuality:1]]
[2021.02.26-19.56.44:285][  0]LogConfig: Setting CVar [[r.ShadowQuality:5]]
[2021.02.26-19.56.44:286][  0]LogConfig: Setting CVar [[r.Shadow.CSM.MaxCascades:10]]
[2021.02.26-19.56.44:286][  0]LogConfig: Setting CVar [[r.Shadow.MaxResolution:2048]]
[2021.02.26-19.56.44:286][  0]LogConfig: Setting CVar [[r.Shadow.MaxCSMResolution:2048]]
[2021.02.26-19.56.44:286][  0]LogConfig: Setting CVar [[r.Shadow.RadiusThreshold:0.01]]
[2021.02.26-19.56.44:286][  0]LogConfig: Setting CVar [[r.Shadow.DistanceScale:1.0]]
[2021.02.26-19.56.44:286][  0]LogConfig: Setting CVar [[r.Shadow.CSM.TransitionScale:1.0]]
[2021.02.26-19.56.44:286][  0]LogConfig: Setting CVar [[r.Shadow.PreShadowResolutionFactor:1.0]]
[2021.02.26-19.56.44:286][  0]LogConfig: Setting CVar [[r.DistanceFieldShadowing:1]]
[2021.02.26-19.56.44:286][  0]LogConfig: Setting CVar [[r.DistanceFieldAO:1]]
[2021.02.26-19.56.44:286][  0]LogConfig: Setting CVar [[r.AOQuality:2]]
[2021.02.26-19.56.44:286][  0]LogConfig: Setting CVar [[r.VolumetricFog:1]]
[2021.02.26-19.56.44:286][  0]LogConfig: Setting CVar [[r.VolumetricFog.GridPixelSize:8]]
[2021.02.26-19.56.44:286][  0]LogConfig: Setting CVar [[r.VolumetricFog.GridSizeZ:128]]
[2021.02.26-19.56.44:286][  0]LogConfig: Setting CVar [[r.VolumetricFog.HistoryMissSupersampleCount:4]]
[2021.02.26-19.56.44:286][  0]LogConfig: Setting CVar [[r.LightMaxDrawDistanceScale:1]]
[2021.02.26-19.56.44:286][  0]LogConfig: Setting CVar [[r.CapsuleShadows:1]]
[2021.02.26-19.56.44:286][  0]LogConfig: Applying CVar settings from Section [PostProcessQuality@3] File [C:/Users/Morgan/Desktop/UnrealAI/UnrealAI/Saved/Config/Windows/Scalability.ini]
[2021.02.26-19.56.44:286][  0]LogConfig: Setting CVar [[r.MotionBlurQuality:4]]
[2021.02.26-19.56.44:286][  0]LogConfig: Setting CVar [[r.AmbientOcclusionMipLevelFactor:0.4]]
[2021.02.26-19.56.44:286][  0]LogConfig: Setting CVar [[r.AmbientOcclusionMaxQuality:100]]
[2021.02.26-19.56.44:286][  0]LogConfig: Setting CVar [[r.AmbientOcclusionLevels:-1]]
[2021.02.26-19.56.44:286][  0]LogConfig: Setting CVar [[r.AmbientOcclusionRadiusScale:1.0]]
[2021.02.26-19.56.44:286][  0]LogConfig: Setting CVar [[r.DepthOfFieldQuality:2]]
[2021.02.26-19.56.44:286][  0]LogConfig: Setting CVar [[r.RenderTargetPoolMin:400]]
[2021.02.26-19.56.44:286][  0]LogConfig: Setting CVar [[r.LensFlareQuality:2]]
[2021.02.26-19.56.44:286][  0]LogConfig: Setting CVar [[r.SceneColorFringeQuality:1]]
[2021.02.26-19.56.44:286][  0]LogConfig: Setting CVar [[r.EyeAdaptationQuality:2]]
[2021.02.26-19.56.44:286][  0]LogConfig: Setting CVar [[r.BloomQuality:5]]
[2021.02.26-19.56.44:286][  0]LogConfig: Setting CVar [[r.FastBlurThreshold:100]]
[2021.02.26-19.56.44:286][  0]LogConfig: Setting CVar [[r.Upscale.Quality:3]]
[2021.02.26-19.56.44:286][  0]LogConfig: Setting CVar [[r.Tonemapper.GrainQuantization:1]]
[2021.02.26-19.56.44:286][  0]LogConfig: Setting CVar [[r.LightShaftQuality:1]]
[2021.02.26-19.56.44:286][  0]LogConfig: Setting CVar [[r.Filter.SizeScale:1]]
[2021.02.26-19.56.44:286][  0]LogConfig: Setting CVar [[r.Tonemapper.Quality:5]]
[2021.02.26-19.56.44:286][  0]LogConfig: Setting CVar [[r.DOF.Gather.AccumulatorQuality:1        ; higher gathering accumulator quality]]
[2021.02.26-19.56.44:286][  0]LogConfig: Setting CVar [[r.DOF.Gather.PostfilterMethod:1          ; Median3x3 postfilering method]]
[2021.02.26-19.56.44:286][  0]LogConfig: Setting CVar [[r.DOF.Gather.EnableBokehSettings:0       ; no bokeh simulation when gathering]]
[2021.02.26-19.56.44:286][  0]LogConfig: Setting CVar [[r.DOF.Gather.RingCount:4                 ; medium number of samples when gathering]]
[2021.02.26-19.56.44:286][  0]LogConfig: Setting CVar [[r.DOF.Scatter.ForegroundCompositing:1    ; additive foreground scattering]]
[2021.02.26-19.56.44:286][  0]LogConfig: Setting CVar [[r.DOF.Scatter.BackgroundCompositing:2    ; additive background scattering]]
[2021.02.26-19.56.44:286][  0]LogConfig: Setting CVar [[r.DOF.Scatter.EnableBokehSettings:1      ; bokeh simulation when scattering]]
[2021.02.26-19.56.44:286][  0]LogConfig: Setting CVar [[r.DOF.Scatter.MaxSpriteRatio:0.1         ; only a maximum of 10% of scattered bokeh]]
[2021.02.26-19.56.44:286][  0]LogConfig: Setting CVar [[r.DOF.Recombine.Quality:1                ; cheap slight out of focus]]
[2021.02.26-19.56.44:286][  0]LogConfig: Setting CVar [[r.DOF.Recombine.EnableBokehSettings:0    ; no bokeh simulation on slight out of focus]]
[2021.02.26-19.56.44:286][  0]LogConfig: Setting CVar [[r.DOF.TemporalAAQuality:1                ; more stable temporal accumulation]]
[2021.02.26-19.56.44:286][  0]LogConfig: Setting CVar [[r.DOF.Kernel.MaxForegroundRadius:0.025]]
[2021.02.26-19.56.44:286][  0]LogConfig: Setting CVar [[r.DOF.Kernel.MaxBackgroundRadius:0.025]]
[2021.02.26-19.56.44:286][  0]LogConfig: Applying CVar settings from Section [TextureQuality@3] File [C:/Users/Morgan/Desktop/UnrealAI/UnrealAI/Saved/Config/Windows/Scalability.ini]
[2021.02.26-19.56.44:286][  0]LogConfig: Setting CVar [[r.Streaming.MipBias:0]]
[2021.02.26-19.56.44:286][  0]LogConfig: Setting CVar [[r.Streaming.AmortizeCPUToGPUCopy:0]]
[2021.02.26-19.56.44:286][  0]LogConfig: Setting CVar [[r.Streaming.MaxNumTexturesToStreamPerFrame:0]]
[2021.02.26-19.56.44:286][  0]LogConfig: Setting CVar [[r.Streaming.Boost:1]]
[2021.02.26-19.56.44:286][  0]LogConfig: Setting CVar [[r.MaxAnisotropy:8]]
[2021.02.26-19.56.44:286][  0]LogConfig: Setting CVar [[r.VT.MaxAnisotropy:8]]
[2021.02.26-19.56.44:286][  0]LogConfig: Setting CVar [[r.Streaming.LimitPoolSizeToVRAM:0]]
[2021.02.26-19.56.44:286][  0]LogConfig: Setting CVar [[r.Streaming.PoolSize:1000]]
[2021.02.26-19.56.44:286][  0]LogConfig: Setting CVar [[r.Streaming.MaxEffectiveScreenSize:0]]
[2021.02.26-19.56.44:286][  0]LogConfig: Applying CVar settings from Section [EffectsQuality@3] File [C:/Users/Morgan/Desktop/UnrealAI/UnrealAI/Saved/Config/Windows/Scalability.ini]
[2021.02.26-19.56.44:286][  0]LogConfig: Setting CVar [[r.TranslucencyLightingVolumeDim:64]]
[2021.02.26-19.56.44:286][  0]LogConfig: Setting CVar [[r.RefractionQuality:2]]
[2021.02.26-19.56.44:286][  0]LogConfig: Setting CVar [[r.SSR.Quality:3]]
[2021.02.26-19.56.44:286][  0]LogConfig: Setting CVar [[r.SSR.HalfResSceneColor:0]]
[2021.02.26-19.56.44:286][  0]LogConfig: Setting CVar [[r.SceneColorFormat:4]]
[2021.02.26-19.56.44:286][  0]LogConfig: Setting CVar [[r.DetailMode:2]]
[2021.02.26-19.56.44:286][  0]LogConfig: Setting CVar [[r.TranslucencyVolumeBlur:1]]
[2021.02.26-19.56.44:286][  0]LogConfig: Setting CVar [[r.MaterialQualityLevel:1 ; High quality]]
[2021.02.26-19.56.44:286][  0]LogConfig: Setting CVar [[r.SSS.Scale:1]]
[2021.02.26-19.56.44:286][  0]LogConfig: Setting CVar [[r.SSS.SampleSet:2]]
[2021.02.26-19.56.44:286][  0]LogConfig: Setting CVar [[r.SSS.Quality:1]]
[2021.02.26-19.56.44:286][  0]LogConfig: Setting CVar [[r.SSS.HalfRes:0]]
[2021.02.26-19.56.44:286][  0]LogConfig: Setting CVar [[r.SSGI.Quality:3]]
[2021.02.26-19.56.44:286][  0]LogConfig: Setting CVar [[r.EmitterSpawnRateScale:1.0]]
[2021.02.26-19.56.44:286][  0]LogConfig: Setting CVar [[r.ParticleLightQuality:2]]
[2021.02.26-19.56.44:286][  0]LogConfig: Setting CVar [[r.SkyAtmosphere.AerialPerspectiveLUT.FastApplyOnOpaque:1 ; Always have FastSkyLUT 1 in this case to avoid wrong sky]]
[2021.02.26-19.56.44:286][  0]LogConfig: Setting CVar [[r.SkyAtmosphere.AerialPerspectiveLUT.SampleCountPerSlice:1]]
[2021.02.26-19.56.44:286][  0]LogConfig: Setting CVar [[r.SkyAtmosphere.AerialPerspectiveLUT.DepthResolution:16.0]]
[2021.02.26-19.56.44:286][  0]LogConfig: Setting CVar [[r.SkyAtmosphere.FastSkyLUT:1]]
[2021.02.26-19.56.44:286][  0]LogConfig: Setting CVar [[r.SkyAtmosphere.FastSkyLUT.SampleCountMin:4.0]]
[2021.02.26-19.56.44:286][  0]LogConfig: Setting CVar [[r.SkyAtmosphere.FastSkyLUT.SampleCountMax:32.0]]
[2021.02.26-19.56.44:286][  0]LogConfig: Setting CVar [[r.SkyAtmosphere.SampleCountMin:4.0]]
[2021.02.26-19.56.44:286][  0]LogConfig: Setting CVar [[r.SkyAtmosphere.SampleCountMax:32.0]]
[2021.02.26-19.56.44:286][  0]LogConfig: Setting CVar [[r.SkyAtmosphere.TransmittanceLUT.UseSmallFormat:0]]
[2021.02.26-19.56.44:286][  0]LogConfig: Setting CVar [[r.SkyAtmosphere.TransmittanceLUT.SampleCount:10.0]]
[2021.02.26-19.56.44:286][  0]LogConfig: Setting CVar [[r.SkyAtmosphere.MultiScatteringLUT.SampleCount:15.0]]
[2021.02.26-19.56.44:286][  0]LogConfig: Applying CVar settings from Section [FoliageQuality@3] File [C:/Users/Morgan/Desktop/UnrealAI/UnrealAI/Saved/Config/Windows/Scalability.ini]
[2021.02.26-19.56.44:286][  0]LogConfig: Setting CVar [[foliage.DensityScale:1.0]]
[2021.02.26-19.56.44:286][  0]LogConfig: Setting CVar [[grass.DensityScale:1.0]]
[2021.02.26-19.56.44:286][  0]LogConfig: Applying CVar settings from Section [ShadingQuality@3] File [C:/Users/Morgan/Desktop/UnrealAI/UnrealAI/Saved/Config/Windows/Scalability.ini]
[2021.02.26-19.56.44:286][  0]LogConfig: Setting CVar [[r.HairStrands.SkyLighting.SampleCount:16]]
[2021.02.26-19.56.44:286][  0]LogConfig: Setting CVar [[r.HairStrands.SkyLighting.JitterIntegration:0]]
[2021.02.26-19.56.44:287][  0]LogConfig: Setting CVar [[r.HairStrands.SkyAO.SampleCount:16]]
[2021.02.26-19.56.44:287][  0]LogConfig: Setting CVar [[r.HairStrands.DeepShadow.SuperSampling:0]]
[2021.02.26-19.56.44:287][  0]LogConfig: Setting CVar [[r.HairStrands.VisibilityPPLL:0]]
[2021.02.26-19.56.44:287][  0]LogConfig: Setting CVar [[r.HairStrands.RasterizationScale:0.5]]
[2021.02.26-19.56.44:287][  0]LogConfig: Setting CVar [[r.HairStrands.VelocityRasterizationScale:1]]
[2021.02.26-19.56.44:287][  0]LogConfig: Applying CVar settings from Section [Startup] File [../../../Engine/Config/ConsoleVariables.ini]
[2021.02.26-19.56.44:288][  0]LogConfig: Setting CVar [[net.UseAdaptiveNetUpdateFrequency:0]]
[2021.02.26-19.56.44:289][  0]LogConfig: Setting CVar [[p.chaos.AllowCreatePhysxBodies:1]]
[2021.02.26-19.56.44:289][  0]LogConfig: Setting CVar [[fx.SkipVectorVMBackendOptimizations:1]]
[2021.02.26-19.56.44:289][  0]LogConfig: Applying CVar settings from Section [ConsoleVariables] File [C:/Users/Morgan/Desktop/UnrealAI/UnrealAI/Saved/Config/Windows/Engine.ini]
[2021.02.26-19.56.44:289][  0]LogInit: Computer: DESKTOP-A1LV5LA
[2021.02.26-19.56.44:289][  0]LogInit: User: Morgan
[2021.02.26-19.56.44:289][  0]LogInit: CPU Page size=4096, Cores=10
[2021.02.26-19.56.44:289][  0]LogInit: High frequency timer resolution =10.000000 MHz
[2021.02.26-19.56.44:289][  0]LogMemory: Memory total: Physical=31.9GB (32GB approx)
[2021.02.26-19.56.44:289][  0]LogMemory: Platform Memory Stats for Windows
[2021.02.26-19.56.44:289][  0]LogMemory: Process Physical Memory: 119.64 MB used, 119.64 MB peak
[2021.02.26-19.56.44:289][  0]LogMemory: Process Virtual Memory: 115.41 MB used, 115.41 MB peak
[2021.02.26-19.56.44:289][  0]LogMemory: Physical Memory: 7651.02 MB used,  25014.58 MB free, 32665.60 MB total
[2021.02.26-19.56.44:289][  0]LogMemory: Virtual Memory: 5206.58 MB used,  134212520.00 MB free, 134217728.00 MB total
[2021.02.26-19.56.44:294][  0]LogWindows: WindowsPlatformFeatures enabled
[2021.02.26-19.56.44:483][  0]LogInit: Physics initialised using underlying interface: PhysX
[2021.02.26-19.56.44:485][  0]LogInit: Using OS detected language (en-GB).
[2021.02.26-19.56.44:485][  0]LogInit: Using OS detected locale (en-GB).
[2021.02.26-19.56.44:503][  0]LogTextLocalizationManager: No specific localization for 'en-GB' exists, so the 'en' localization will be used.
[2021.02.26-19.56.44:786][  0]LogInit: Setting process to per monitor DPI aware
[2021.02.26-19.56.44:835][  0]LogSlate: New Slate User Created.  User Index 0, Is Virtual User: 0
[2021.02.26-19.56.44:835][  0]LogSlate: Slate User Registered.  User Index 0, Is Virtual User: 0
[2021.02.26-19.56.45:697][  0]LogHMD: Failed to initialize OpenVR with code 110
[2021.02.26-19.56.45:697][  0]LogD3D11RHI: D3D11 min allowed feature level: 11_0
[2021.02.26-19.56.45:697][  0]LogD3D11RHI: D3D11 max allowed feature level: 11_0
[2021.02.26-19.56.45:697][  0]LogD3D11RHI: D3D11 adapters:
[2021.02.26-19.56.45:803][  0]LogD3D11RHI:    0. 'NVIDIA GeForce RTX 3090' (Feature Level 11_0)
[2021.02.26-19.56.45:803][  0]LogD3D11RHI:       24348/0/16332 MB DedicatedVideo/DedicatedSystem/SharedSystem, Outputs:2, VendorId:0x10de
[2021.02.26-19.56.45:805][  0]LogD3D11RHI:    1. 'Microsoft Basic Render Driver' (Feature Level 11_0)
[2021.02.26-19.56.45:805][  0]LogD3D11RHI:       0/0/16332 MB DedicatedVideo/DedicatedSystem/SharedSystem, Outputs:0, VendorId:0x1414
[2021.02.26-19.56.45:805][  0]LogD3D11RHI: Chosen D3D11 Adapter: 0
[2021.02.26-19.56.45:810][  0]LogD3D11RHI: Creating new Direct3DDevice
[2021.02.26-19.56.45:811][  0]LogD3D11RHI:     GPU DeviceId: 0x2204 (for the marketing name, search the web for "GPU Device Id")
[2021.02.26-19.56.45:811][  0]LogWindows: EnumDisplayDevices:
[2021.02.26-19.56.45:811][  0]LogWindows:    0. 'NVIDIA GeForce RTX 3090' (P:1 D:1)
[2021.02.26-19.56.45:811][  0]LogWindows:    1. 'NVIDIA GeForce RTX 3090' (P:0 D:1)
[2021.02.26-19.56.45:811][  0]LogWindows:    2. 'NVIDIA GeForce RTX 3090' (P:0 D:0)
[2021.02.26-19.56.45:812][  0]LogWindows:    3. 'NVIDIA GeForce RTX 3090' (P:0 D:0)
[2021.02.26-19.56.45:812][  0]LogWindows: DebugString: FoundDriverCount:4 
[2021.02.26-19.56.45:812][  0]LogD3D11RHI:     Adapter Name: NVIDIA GeForce RTX 3090
[2021.02.26-19.56.45:812][  0]LogD3D11RHI:   Driver Version: 461.40 (internal:27.21.14.6140, unified:461.40)
[2021.02.26-19.56.45:812][  0]LogD3D11RHI:      Driver Date: 1-22-2021
[2021.02.26-19.56.45:812][  0]LogRHI: Texture pool is 17043 MB (70% of 24348 MB)
[2021.02.26-19.56.45:968][  0]LogD3D11RHI: RHI has support for 64 bit atomics
[2021.02.26-19.56.45:969][  0]LogD3D11RHI: Async texture creation enabled
[2021.02.26-19.56.45:969][  0]LogD3D11RHI: Array index from any shader is supported
[2021.02.26-19.56.45:987][  0]LogD3D11RHI: GPU Timing Frequency: 1000.000000 (Debug: 2 1)
[2021.02.26-19.56.46:390][  0]LogTargetPlatformManager: Display: Loaded TargetPlatform 'AllDesktop'
[2021.02.26-19.56.46:420][  0]LogTargetPlatformManager: Display: Loaded TargetPlatform 'Android'
[2021.02.26-19.56.46:420][  0]LogTargetPlatformManager: Display: Loaded TargetPlatform 'Android_ASTC'
[2021.02.26-19.56.46:420][  0]LogTargetPlatformManager: Display: Loaded TargetPlatform 'Android_DXT'
[2021.02.26-19.56.46:420][  0]LogTargetPlatformManager: Display: Loaded TargetPlatform 'Android_ETC2'
[2021.02.26-19.56.46:420][  0]LogTargetPlatformManager: Display: Loaded TargetPlatform 'AndroidClient'
[2021.02.26-19.56.46:420][  0]LogTargetPlatformManager: Display: Loaded TargetPlatform 'Android_ASTCClient'
[2021.02.26-19.56.46:420][  0]LogTargetPlatformManager: Display: Loaded TargetPlatform 'Android_DXTClient'
[2021.02.26-19.56.46:420][  0]LogTargetPlatformManager: Display: Loaded TargetPlatform 'Android_ETC2Client'
[2021.02.26-19.56.46:420][  0]LogTargetPlatformManager: Display: Loaded TargetPlatform 'Android_Multi'
[2021.02.26-19.56.46:420][  0]LogTargetPlatformManager: Display: Loaded TargetPlatform 'Android_MultiClient'
[2021.02.26-19.56.46:475][  0]LogTargetPlatformManager: Display: Loaded TargetPlatform 'IOSClient'
[2021.02.26-19.56.46:475][  0]LogTargetPlatformManager: Display: Loaded TargetPlatform 'IOS'
[2021.02.26-19.56.46:498][  0]LogTargetPlatformManager: Display: Loaded TargetPlatform 'Linux'
[2021.02.26-19.56.46:516][  0]LogTargetPlatformManager: Display: Loaded TargetPlatform 'LinuxNoEditor'
[2021.02.26-19.56.46:533][  0]LogTargetPlatformManager: Display: Loaded TargetPlatform 'LinuxClient'
[2021.02.26-19.56.46:551][  0]LogTargetPlatformManager: Display: Loaded TargetPlatform 'LinuxServer'
[2021.02.26-19.56.46:568][  0]LogTargetPlatformManager: Display: Loaded TargetPlatform 'LinuxAArch64NoEditor'
[2021.02.26-19.56.46:586][  0]LogTargetPlatformManager: Display: Loaded TargetPlatform 'LinuxAArch64Client'
[2021.02.26-19.56.46:604][  0]LogTargetPlatformManager: Display: Loaded TargetPlatform 'LinuxAArch64Server'
[2021.02.26-19.56.46:640][  0]LogTargetPlatformManager: Display: Loaded TargetPlatform 'Lumin'
[2021.02.26-19.56.46:640][  0]LogTargetPlatformManager: Display: Loaded TargetPlatform 'LuminClient'
[2021.02.26-19.56.46:664][  0]LogTargetPlatformManager: Display: Loaded TargetPlatform 'TVOSClient'
[2021.02.26-19.56.46:664][  0]LogTargetPlatformManager: Display: Loaded TargetPlatform 'TVOS'
[2021.02.26-19.56.46:681][  0]LogTargetPlatformManager: Display: Loaded TargetPlatform 'WindowsNoEditor'
[2021.02.26-19.56.46:699][  0]LogTargetPlatformManager: Display: Loaded TargetPlatform 'Windows'
[2021.02.26-19.56.46:717][  0]LogTargetPlatformManager: Display: Loaded TargetPlatform 'WindowsClient'
[2021.02.26-19.56.46:734][  0]LogTargetPlatformManager: Display: Loaded TargetPlatform 'WindowsServer'
[2021.02.26-19.56.46:734][  0]LogTargetPlatformManager: Display: Building Assets For Windows
[2021.02.26-19.56.46:762][  0]LogAudioDebug: Display: Lib vorbis DLL was dynamically loaded.
[2021.02.26-19.56.47:006][  0]LogShaderCompilers: Guid format shader working directory is -10 characters bigger than the processId version (../../../../../../Users/Morgan/Desktop/UnrealAI/UnrealAI/Intermediate/Shaders/WorkingDirectory/19504/).
[2021.02.26-19.56.47:006][  0]LogShaderCompilers: Cleaned the shader compiler working directory 'C:/Users/Morgan/AppData/Local/Temp/UnrealShaderWorkingDir/16FC820242A024A9F9D649A4C8BF6D8F/'.
[2021.02.26-19.56.47:007][  0]LogXGEController: Cleaning working directory: C:/Users/Morgan/AppData/Local/Temp/UnrealXGEWorkingDir/
[2021.02.26-19.56.47:007][  0]LogXGEController: Cannot use XGE Controller as Incredibuild is not installed on this machine.
[2021.02.26-19.56.47:007][  0]LogShaderCompilers: Cannot use XGE Shader Compiler as Incredibuild is not installed on this machine.
[2021.02.26-19.56.47:007][  0]LogShaderCompilers: Display: Using Local Shader Compiler.
[2021.02.26-19.56.48:492][  0]LogDerivedDataCache: Display: Max Cache Size: 512 MB
[2021.02.26-19.56.48:560][  0]LogDerivedDataCache: Loaded boot cache 0.07s 87MB C:/Users/Morgan/AppData/Local/UnrealEngine/4.25/DerivedDataCache/Boot.ddc.
[2021.02.26-19.56.48:560][  0]LogDerivedDataCache: Display: Loaded Boot cache: C:/Users/Morgan/AppData/Local/UnrealEngine/4.25/DerivedDataCache/Boot.ddc
[2021.02.26-19.56.48:560][  0]LogDerivedDataCache: FDerivedDataBackendGraph:  Pak pak cache file ../../../../../../Users/Morgan/Desktop/UnrealAI/UnrealAI/DerivedDataCache/DDC.ddp not found, will not use a pak cache.
[2021.02.26-19.56.48:560][  0]LogDerivedDataCache: Unable to find inner node Pak for hierarchical cache Hierarchy.
[2021.02.26-19.56.48:561][  0]LogDerivedDataCache: FDerivedDataBackendGraph:  CompressedPak pak cache file ../../../../../../Users/Morgan/Desktop/UnrealAI/UnrealAI/DerivedDataCache/Compressed.ddp not found, will not use a pak cache.
[2021.02.26-19.56.48:561][  0]LogDerivedDataCache: Unable to find inner node CompressedPak for hierarchical cache Hierarchy.
[2021.02.26-19.56.48:573][  0]LogDerivedDataCache: Display: Pak cache opened for reading ../../../Engine/DerivedDataCache/Compressed.ddp.
[2021.02.26-19.56.48:573][  0]LogDerivedDataCache: FDerivedDataBackendGraph:  EnterprisePak pak cache file ../../../Enterprise/DerivedDataCache/Compressed.ddp not found, will not use a pak cache.
[2021.02.26-19.56.48:573][  0]LogDerivedDataCache: Unable to find inner node EnterprisePak for hierarchical cache Hierarchy.
[2021.02.26-19.56.48:575][  0]LogDerivedDataCache: Using Local data cache path C:/Users/Morgan/AppData/Local/UnrealEngine/Common/DerivedDataCache: Writable
[2021.02.26-19.56.48:575][  0]LogDerivedDataCache: Shared data cache path not found in *engine.ini, will not use an Shared cache.
[2021.02.26-19.56.48:575][  0]LogDerivedDataCache: Unable to find inner node Shared for hierarchical cache Hierarchy.
[2021.02.26-19.56.48:622][  0]LogSlate: Using FreeType 2.10.0
[2021.02.26-19.56.48:627][  0]LogSlate: SlateFontServices - WITH_FREETYPE: 1, WITH_HARFBUZZ: 1
[2021.02.26-19.56.48:667][  0]LogAssetRegistry: FAssetRegistry took 0.0025 seconds to start up
[2021.02.26-19.56.48:883][  0]LogInit: Selected Device Profile: [Windows]
[2021.02.26-19.56.49:134][  0]LogMeshReduction: Using QuadricMeshReduction for automatic static mesh reduction
[2021.02.26-19.56.49:135][  0]LogMeshReduction: Using SimplygonMeshReduction for automatic skeletal mesh reduction
[2021.02.26-19.56.49:135][  0]LogMeshReduction: Using ProxyLODMeshReduction for automatic mesh merging
[2021.02.26-19.56.49:135][  0]LogMeshReduction: No distributed automatic mesh merging module available
[2021.02.26-19.56.49:135][  0]LogMeshMerging: No distributed automatic mesh merging module available
[2021.02.26-19.56.49:170][  0]LogNetVersion: UnrealAI 1.0.0, NetCL: 13144385, EngineNetVer: 14, GameNetVer: 0 (Checksum: 2221238871)
[2021.02.26-19.56.49:782][  0]LogAISub: UAISubsystem::UAISubsystem AISubsystem (000001B356503880), frame # 0
[2021.02.26-19.56.49:783][  0]LogAISub: UAISubsystem::UAISubsystem AIPerceptionSystem (000001B3564FEAC0), frame # 0
[2021.02.26-19.56.49:784][  0]LogAISub: UAISubsystem::UAISubsystem EnvQueryManager (000001B356561E00), frame # 0
[2021.02.26-19.56.49:842][  0]LogPackageLocalizationCache: Processed 20 localized package path(s) for 1 prioritized culture(s) in 0.049722 seconds
[2021.02.26-19.56.49:846][  0]LogUObjectArray: 15917 objects as part of root set at end of initial load.
[2021.02.26-19.56.49:846][  0]LogUObjectAllocator: 3965568 out of 0 bytes used by permanent object pool.
[2021.02.26-19.56.49:846][  0]LogUObjectArray: CloseDisregardForGC: 0/0 objects in disregard for GC pool
[2021.02.26-19.56.51:121][  0]LogTcpMessaging: Initializing TcpMessaging bridge
[2021.02.26-19.56.51:139][  0]LogUdpMessaging: Initializing bridge on interface 0.0.0.0:0 to multicast group 230.0.0.1:6666.
[2021.02.26-19.56.51:653][  0]SourceControl: Source control is disabled
[2021.02.26-19.56.51:653][  0]SourceControl: Source control is disabled
[2021.02.26-19.56.51:674][  0]SourceControl: Source control is disabled
[2021.02.26-19.56.51:689][  0]SourceControl: Source control is disabled
[2021.02.26-19.56.51:716][  0]SourceControl: Source control is disabled
[2021.02.26-19.56.52:670][  0]LogAndroidPermission: UAndroidPermissionCallbackProxy::GetInstance
[2021.02.26-19.56.52:746][  0]LogAudioCaptureCore: Display: No Audio Capture implementations found. Audio input will be silent.
[2021.02.26-19.56.52:746][  0]LogAudioCaptureCore: Display: No Audio Capture implementations found. Audio input will be silent.
[2021.02.26-19.56.52:910][  0]LogOcInput: OculusInput pre-init called
[2021.02.26-19.56.52:944][  0]LogWindows: Failed to load 'OVRPlugin.dll' (GetLastError=126)
[2021.02.26-19.56.52:944][  0]LogWindows: File 'OVRPlugin.dll' does not exist
[2021.02.26-19.56.53:299][  0]LogEngine: Initializing Engine...
[2021.02.26-19.56.53:300][  0]LogHMD: Failed to initialize OpenVR with code 110
[2021.02.26-19.56.53:300][  0]LogMagicLeap: Warning: VR disabled because ZI is not enabled.  To enable, in the editor, Edit -> Project Settings -> Plugins -> Magic Leap Plugin -> Enable Zero Iteration
[2021.02.26-19.56.53:301][  0]LogStats: UGameplayTagsManager::InitializeManager -  0.000 s
[2021.02.26-19.56.53:462][  0]LogInit: Initializing FReadOnlyCVARCache
[2021.02.26-19.56.53:492][  0]LogAIModule: Creating AISystem for world Untitled
[2021.02.26-19.56.53:492][  0]LogAISub: UAISubsystem::UAISubsystem EnvQueryManager (000001B3609E7C00), frame # 0
[2021.02.26-19.56.53:492][  0]LogAISub: UAISubsystem::UAISubsystem AIPerceptionSystem (000001B360A76700), frame # 0
[2021.02.26-19.56.53:506][  0]LogAudioMixer: Display: Audio Mixer Platform Settings:
[2021.02.26-19.56.53:506][  0]LogAudioMixer: Display: 	Sample Rate:						  48000
[2021.02.26-19.56.53:506][  0]LogAudioMixer: Display: 	Callback Buffer Frame Size Requested: 1024
[2021.02.26-19.56.53:506][  0]LogAudioMixer: Display: 	Callback Buffer Frame Size To Use:	  1024
[2021.02.26-19.56.53:506][  0]LogAudioMixer: Display: 	Number of buffers to queue:			  2
[2021.02.26-19.56.53:506][  0]LogAudioMixer: Display: 	Max Channels (voices):				  32
[2021.02.26-19.56.53:506][  0]LogAudioMixer: Display: 	Number of Async Source Workers:		  0
[2021.02.26-19.56.53:506][  0]LogAudio: Display: AudioDevice MaxSources: 32
[2021.02.26-19.56.53:506][  0]LogAudio: Display: Using built-in audio occlusion.
[2021.02.26-19.56.53:506][  0]LogAudioMixer: Display: Initializing audio mixer.
[2021.02.26-19.56.53:525][  0]LogAudioMixer: Display: 0: FrontLeft
[2021.02.26-19.56.53:525][  0]LogAudioMixer: Display: 1: FrontRight
[2021.02.26-19.56.53:758][  0]LogAudioMixer: Display: Using Audio Device Speakers (Realtek(R) Audio)
[2021.02.26-19.56.53:758][  0]LogAudioMixer: Display: Initializing Sound Submixes...
[2021.02.26-19.56.53:765][  0]LogAudioMixer: Display: Creating Master Submix 'MasterSubmixDefault'
[2021.02.26-19.56.53:766][  0]LogAudioMixer: Display: Creating Master Submix 'MasterReverbSubmixDefault'
[2021.02.26-19.56.53:766][  0]LogAudioMixer: Display: Creating Master Submix 'MasterEQSubmixDefault'
[2021.02.26-19.56.53:767][  0]LogInit: FAudioDevice initialized.
[2021.02.26-19.56.53:767][  0]LogNetVersion: Set ProjectVersion to 1.0.0.0. Version Checksum will be recalculated on next use.
[2021.02.26-19.56.53:806][  0]LogDerivedDataCache: Saved boot cache 0.04s 79MB C:/Users/Morgan/AppData/Local/UnrealEngine/4.25/DerivedDataCache/Boot.ddc.
[2021.02.26-19.56.53:808][  0]LogInit: Texture streaming: Enabled
[2021.02.26-19.56.53:859][  0]LogEngineSessionManager: EngineSessionManager initialized
[2021.02.26-19.56.53:859][  0]LogEditorSessionSummary: Verbose: Initializing EditorSessionSummaryWriter for editor session tracking
[2021.02.26-19.56.53:862][  0]LogEditorSessionSummary: EditorSessionSummaryWriter initialized
[2021.02.26-19.56.53:898][  0]LogInit: Transaction tracking system initialized
[2021.02.26-19.56.53:986][  0]BlueprintLog: New page: Editor Load
[2021.02.26-19.56.54:284][  0]LocalizationService: Localization service is disabled
[2021.02.26-19.56.54:730][  0]LogCook: Display: Max memory allowance for cook 16384mb min free memory 0mb
[2021.02.26-19.56.54:730][  0]LogCook: Display: Mobile HDR setting 1
[2021.02.26-19.56.55:179][  0]LogFileCache: Scanning file cache for directory 'C:/Users/Morgan/Desktop/UnrealAI/UnrealAI/Content/' took 0.01s
[2021.02.26-19.56.55:420][  0]SourceControl: Source control is disabled
[2021.02.26-19.56.55:420][  0]LogUnrealEdMisc: Loading editor; pre map load, took 16.129
[2021.02.26-19.56.55:420][  0]Cmd: MAP LOAD FILE="../../../../../../Users/Morgan/Desktop/UnrealAI/UnrealAI/Content/Maps/AI_02.umap" TEMPLATE=0 SHOWPROGRESS=1 FEATURELEVEL=3
[2021.02.26-19.56.55:420][  0]LightingResults: New page: Lighting Build
[2021.02.26-19.56.55:421][  0]LogWorld: UWorld::CleanupWorld for Untitled, bSessionEnded=true, bCleanupResources=true
[2021.02.26-19.56.55:421][  0]LogSlate: InvalidateAllWidgets triggered.  All widgets were invalidated
[2021.02.26-19.56.55:421][  0]MapCheck: New page: Map Check
[2021.02.26-19.56.55:421][  0]LightingResults: New page: Lighting Build
[2021.02.26-19.56.55:446][  0]LogAISub: UAISubsystem::~UAISubsystem EnvQueryManager (000001B3609E7C00), frame # 0
[2021.02.26-19.56.55:446][  0]LogAISub: UAISubsystem::~UAISubsystem AIPerceptionSystem (000001B360A76700), frame # 0
[2021.02.26-19.56.55:447][  0]LogUObjectHash: Compacting FUObjectHashTables data took   0.72ms
[2021.02.26-19.56.55:638][  0]LogAIModule: Creating AISystem for world AI_02
[2021.02.26-19.56.55:639][  0]LogAISub: UAISubsystem::UAISubsystem EnvQueryManager (000001B346C2BE00), frame # 0
[2021.02.26-19.56.55:639][  0]LogAISub: UAISubsystem::UAISubsystem AIPerceptionSystem (000001B35830CF40), frame # 0
[2021.02.26-19.56.55:657][  0]LogEditorServer: Finished looking for orphan Actors (0.000 secs)
[2021.02.26-19.56.55:674][  0]LogUObjectHash: Compacting FUObjectHashTables data took   0.71ms
[2021.02.26-19.56.55:674][  0]Cmd: MAP CHECKDEP NOCLEARLOG
[2021.02.26-19.56.55:675][  0]MapCheck: Map check complete: 0 Error(s), 0 Warning(s), took 0.18ms to complete.
[2021.02.26-19.56.55:675][  0]LogFileHelpers: Loading map 'AI_02' took 0.255
[2021.02.26-19.56.55:685][  0]LogUnrealEdMisc: Total Editor Startup Time, took 16.394
[2021.02.26-19.56.55:816][  0]LogSlate: Updating window title bar state: overlay mode, drag disabled, window buttons hidden, title bar hidden
[2021.02.26-19.56.55:822][  0]LogSlate: Updating window title bar state: overlay mode, drag disabled, window buttons hidden, title bar hidden
[2021.02.26-19.56.55:827][  0]LogSlate: Updating window title bar state: overlay mode, drag disabled, window buttons hidden, title bar hidden
[2021.02.26-19.56.55:833][  0]LogSlate: Updating window title bar state: overlay mode, drag disabled, window buttons hidden, title bar hidden
[2021.02.26-19.56.55:851][  0]LogCollectionManager: Loaded 0 collections in 0.001499 seconds
[2021.02.26-19.56.55:864][  0]LogFileCache: Scanning file cache for directory 'C:/Users/Morgan/Desktop/UnrealAI/UnrealAI/Saved/Collections/' took 0.00s
[2021.02.26-19.56.55:864][  0]LogFileCache: Scanning file cache for directory 'C:/Users/Morgan/Desktop/UnrealAI/UnrealAI/Content/Developers/Morgan/Collections/' took 0.00s
[2021.02.26-19.56.55:864][  0]LogFileCache: Scanning file cache for directory 'C:/Users/Morgan/Desktop/UnrealAI/UnrealAI/Content/Collections/' took 0.00s
[2021.02.26-19.56.55:864][  0]LogContentBrowser: Native class hierarchy populated in 0.0084 seconds. Added 3440 classes and 833 folders.
[2021.02.26-19.56.55:868][  0]LogContentBrowser: Native class hierarchy updated for 'WidgetCarousel' in 0.0003 seconds. Added 0 classes and 0 folders.
[2021.02.26-19.56.56:084][  0]LogContentBrowser: Native class hierarchy updated for 'AddContentDialog' in 0.0004 seconds. Added 0 classes and 0 folders.
[2021.02.26-19.56.56:086][  0]LogContentBrowser: Native class hierarchy updated for 'SceneOutliner' in 0.0003 seconds. Added 2 classes and 0 folders.
[2021.02.26-19.56.56:133][  0]LogSlate: Took 0.002804 seconds to synchronously load lazily loaded font '../../../Engine/Content/Slate/Fonts/Roboto-Regular.ttf' (155K)
[2021.02.26-19.56.56:138][  0]LogSlate: Took 0.001492 seconds to synchronously load lazily loaded font '../../../Engine/Content/Editor/Slate/Fonts/FontAwesome.ttf' (139K)
[2021.02.26-19.56.56:203][  0]LogRenderer: Reallocating scene render targets to support 2040x804 Format 10 NumSamples 1 (Frame:1).
[2021.02.26-19.56.56:336][  0]LogContentBrowser: Native class hierarchy updated for 'HierarchicalLODOutliner' in 0.0004 seconds. Added 0 classes and 0 folders.
[2021.02.26-19.56.56:336][  0]LogLoad: (Engine Initialization) Total time: 17.05 seconds
[2021.02.26-19.56.56:336][  0]LogLoad: (Engine Initialization) Total Blueprint compile time: 0.00 seconds
[2021.02.26-19.56.56:374][  0]LogAssetRegistry: Asset discovery search completed in 7.7070 seconds
[2021.02.26-19.56.56:377][  0]LogCollectionManager: Fixed up redirectors for 0 collections in 0.000002 seconds (updated 0 objects)
[2021.02.26-19.56.56:379][  0]LogContentStreaming: Texture pool size now 1000 MB
[2021.02.26-19.57.02:890][453]LogEditorViewport: Clicking on Actor (LMB): NPC0_C (NPC0)
[2021.02.26-19.57.08:600][947]LogSlate: Took 0.001504 seconds to synchronously load lazily loaded font '../../../Engine/Content/Slate/Fonts/Roboto-Light.ttf' (167K)
[2021.02.26-19.57.08:654][947]LogAssetEditorSubsystem: Opening Asset editor for World /Game/Maps/AI_01.AI_01
[2021.02.26-19.57.08:670][947]LogUObjectHash: Compacting FUObjectHashTables data took   1.00ms
[2021.02.26-19.57.08:671][947]Cmd: MAP LOAD FILE="../../../../../../Users/Morgan/Desktop/UnrealAI/UnrealAI/Content/Maps/AI_01.umap" TEMPLATE=0 SHOWPROGRESS=1 FEATURELEVEL=3
[2021.02.26-19.57.08:671][947]LightingResults: New page: Lighting Build
[2021.02.26-19.57.08:671][947]LoadErrors: New page: Loading map: AI_01.umap
[2021.02.26-19.57.08:672][947]LogWorld: UWorld::CleanupWorld for AI_02, bSessionEnded=true, bCleanupResources=true
[2021.02.26-19.57.08:672][947]LogSlate: InvalidateAllWidgets triggered.  All widgets were invalidated
[2021.02.26-19.57.08:672][947]MapCheck: New page: Map Check
[2021.02.26-19.57.08:672][947]LightingResults: New page: Lighting Build
[2021.02.26-19.57.08:686][947]LogAISub: UAISubsystem::~UAISubsystem EnvQueryManager (000001B346C2BE00), frame # 947
[2021.02.26-19.57.08:686][947]LogAISub: UAISubsystem::~UAISubsystem AIPerceptionSystem (000001B35830CF40), frame # 947
[2021.02.26-19.57.08:687][947]LogUObjectHash: Compacting FUObjectHashTables data took   0.78ms
[2021.02.26-19.57.08:694][947]LogEditorServer: Finished looking for orphan Actors (0.000 secs)
[2021.02.26-19.57.08:694][947]LogAIModule: Creating AISystem for world AI_01
[2021.02.26-19.57.08:694][947]LogAISub: UAISubsystem::UAISubsystem EnvQueryManager (000001B346C17200), frame # 947
[2021.02.26-19.57.08:694][947]LogAISub: UAISubsystem::UAISubsystem AIPerceptionSystem (000001B3745CE0C0), frame # 947
[2021.02.26-19.57.08:710][947]LogUObjectHash: Compacting FUObjectHashTables data took   0.61ms
[2021.02.26-19.57.08:737][947]Cmd: MAP CHECKDEP NOCLEARLOG
[2021.02.26-19.57.08:737][947]MapCheck: Map check complete: 0 Error(s), 0 Warning(s), took 0.123ms to complete.
[2021.02.26-19.57.08:737][947]LogFileHelpers: Loading map 'AI_01' took 0.067
[2021.02.26-19.57.12:838][409]LogTemp: Repeating last play command: Selected Viewport
[2021.02.26-19.57.12:853][409]LogPlayLevel: PlayLevel: No blueprints needed recompiling
[2021.02.26-19.57.12:853][409]PIE: New page: PIE session: AI_01 (26 Feb 2021, 19:57:12)
[2021.02.26-19.57.12:854][409]LogOnline: OSS: Creating online subsystem instance for: NULL
[2021.02.26-19.57.12:855][409]LogOnline: OSS: TryLoadSubsystemAndSetDefault: Loaded subsystem for module [NULL]
[2021.02.26-19.57.12:855][409]LogPlayLevel: Creating play world package: /Game/Maps/UEDPIE_0_AI_01
[2021.02.26-19.57.12:868][409]LogPlayLevel: PIE: StaticDuplicateObject took: (0.013194s)
[2021.02.26-19.57.12:869][409]LogAIModule: Creating AISystem for world AI_01
[2021.02.26-19.57.12:869][409]LogAISub: UAISubsystem::UAISubsystem EnvQueryManager (000001B3630AE000), frame # 1409
[2021.02.26-19.57.12:869][409]LogAISub: UAISubsystem::UAISubsystem AIPerceptionSystem (000001B31122AFC0), frame # 1409
[2021.02.26-19.57.12:869][409]LogPlayLevel: PIE: World Init took: (0.000928s)
[2021.02.26-19.57.12:869][409]LogPlayLevel: PIE: Created PIE world by copying editor world from /Game/Maps/AI_01.AI_01 to /Game/Maps/UEDPIE_0_AI_01.AI_01 (0.014255s)
[2021.02.26-19.57.12:882][409]LogUObjectHash: Compacting FUObjectHashTables data took   0.56ms
[2021.02.26-19.57.12:883][409]LogAudioMixer: Display: Audio Mixer Platform Settings:
[2021.02.26-19.57.12:883][409]LogAudioMixer: Display: 	Sample Rate:						  48000
[2021.02.26-19.57.12:883][409]LogAudioMixer: Display: 	Callback Buffer Frame Size Requested: 1024
[2021.02.26-19.57.12:883][409]LogAudioMixer: Display: 	Callback Buffer Frame Size To Use:	  1024
[2021.02.26-19.57.12:883][409]LogAudioMixer: Display: 	Number of buffers to queue:			  2
[2021.02.26-19.57.12:883][409]LogAudioMixer: Display: 	Max Channels (voices):				  32
[2021.02.26-19.57.12:883][409]LogAudioMixer: Display: 	Number of Async Source Workers:		  0
[2021.02.26-19.57.12:883][409]LogAudio: Display: AudioDevice MaxSources: 32
[2021.02.26-19.57.12:883][409]LogAudio: Display: Using built-in audio occlusion.
[2021.02.26-19.57.12:883][409]LogAudioMixer: Display: Initializing audio mixer.
[2021.02.26-19.57.12:887][409]LogAudioMixer: Display: 0: FrontLeft
[2021.02.26-19.57.12:887][409]LogAudioMixer: Display: 1: FrontRight
[2021.02.26-19.57.12:956][409]LogAudioMixer: Display: Using Audio Device Speakers (Realtek(R) Audio)
[2021.02.26-19.57.12:956][409]LogAudioMixer: Display: Initializing Sound Submixes...
[2021.02.26-19.57.12:956][409]LogAudioMixer: Display: Creating Master Submix 'MasterSubmixDefault'
[2021.02.26-19.57.12:956][409]LogAudioMixer: Display: Creating Master Submix 'MasterReverbSubmixDefault'
[2021.02.26-19.57.12:957][409]LogAudioMixer: Display: Creating Master Submix 'MasterEQSubmixDefault'
[2021.02.26-19.57.12:969][409]LogInit: FAudioDevice initialized.
[2021.02.26-19.57.12:975][409]LogLoad: Game class is 'UnrealAIGameMode'
[2021.02.26-19.57.12:977][409]LogWorld: Bringing World /Game/Maps/UEDPIE_0_AI_01.AI_01 up for play (max tick rate 0) at 2021.02.26-19.57.12
[2021.02.26-19.57.12:979][409]LogWorld: Bringing up level for play took: 0.003565
[2021.02.26-19.57.12:980][409]LogOnline: OSS: Creating online subsystem instance for: :Context_3
[2021.02.26-19.57.12:983][409]LogContentBrowser: Native class hierarchy updated for 'MovieSceneCapture' in 0.0004 seconds. Added 20 classes and 0 folders.
[2021.02.26-19.57.12:983][409]PIE: Server logged in
[2021.02.26-19.57.12:985][409]PIE: Play in editor total start time 0.133 seconds.
[2021.02.26-19.58.22:928][769]LogSlate: Updating window title bar state: overlay mode, drag disabled, window buttons hidden, title bar hidden
[2021.02.26-19.58.22:928][769]LogWorld: BeginTearingDown for /Game/Maps/UEDPIE_0_AI_01
[2021.02.26-19.58.22:929][769]LogWorld: UWorld::CleanupWorld for AI_01, bSessionEnded=true, bCleanupResources=true
[2021.02.26-19.58.22:929][769]LogSlate: InvalidateAllWidgets triggered.  All widgets were invalidated
[2021.02.26-19.58.22:936][769]LogPlayLevel: Display: Shutting down PIE online subsystems
[2021.02.26-19.58.22:938][769]LogSlate: InvalidateAllWidgets triggered.  All widgets were invalidated
[2021.02.26-19.58.22:952][769]LogSlate: Updating window title bar state: overlay mode, drag disabled, window buttons hidden, title bar hidden
[2021.02.26-19.58.22:970][769]LogAISub: UAISubsystem::~UAISubsystem AIPerceptionSystem (000001B31122AFC0), frame # 9769
[2021.02.26-19.58.22:970][769]LogAISub: UAISubsystem::~UAISubsystem EnvQueryManager (000001B3630AE000), frame # 9769
[2021.02.26-19.58.22:971][769]LogUObjectHash: Compacting FUObjectHashTables data took   0.66ms
[2021.02.26-19.58.23:003][770]LogPlayLevel: Display: Destroying online subsystem :Context_3
[2021.02.26-19.58.40:421][502]LogSlate: Window 'Project Settings' being destroyed
[2021.02.26-19.58.40:424][502]LogSlate: Window 'Project Settings' being destroyed
[2021.02.26-19.58.46:035][ 30]LogUObjectHash: Compacting FUObjectHashTables data took   0.64ms
[2021.02.26-19.58.49:399][428]Cmd: OBJ SAVEPACKAGE PACKAGE="/Game/Maps/AI_03" FILE="../../../../../../Users/Morgan/Desktop/UnrealAI/UnrealAI/Content/Maps/AI_03.umap" SILENT=true AUTOSAVING=false KEEPDIRTY=false
[2021.02.26-19.58.49:418][428]LogUObjectHash: Compacting FUObjectHashTables data took   0.63ms
[2021.02.26-19.58.49:449][428]LogSavePackage: Moving '../../../../../../Users/Morgan/Desktop/UnrealAI/UnrealAI/Saved/AI_0311718D0A478E1F463CFF15961617C827.tmp' to '../../../../../../Users/Morgan/Desktop/UnrealAI/UnrealAI/Content/Maps/AI_03.umap'
[2021.02.26-19.58.49:455][428]LogFileHelpers: Saving map 'AI_03' took 0.057
[2021.02.26-19.58.49:463][428]AssetCheck: New page: Asset Save: AI_03
[2021.02.26-19.58.49:463][428]LogContentValidation: Display: Validating World /Game/Maps/AI_03.AI_03
[2021.02.26-19.58.52:768][777]LogAssetEditorSubsystem: Opening Asset editor for World /Game/Maps/AI_03.AI_03
[2021.02.26-19.58.52:782][777]LogUObjectHash: Compacting FUObjectHashTables data took   0.60ms
[2021.02.26-19.58.52:784][777]Cmd: MAP LOAD FILE="../../../../../../Users/Morgan/Desktop/UnrealAI/UnrealAI/Content/Maps/AI_03.umap" TEMPLATE=0 SHOWPROGRESS=1 FEATURELEVEL=3
[2021.02.26-19.58.52:784][777]LightingResults: New page: Lighting Build
[2021.02.26-19.58.52:784][777]LoadErrors: New page: Loading map: AI_03.umap
[2021.02.26-19.58.52:785][777]LogWorld: UWorld::CleanupWorld for AI_01, bSessionEnded=true, bCleanupResources=true
[2021.02.26-19.58.52:785][777]LogSlate: InvalidateAllWidgets triggered.  All widgets were invalidated
[2021.02.26-19.58.52:785][777]MapCheck: New page: Map Check
[2021.02.26-19.58.52:785][777]LightingResults: New page: Lighting Build
[2021.02.26-19.58.52:799][777]LogAISub: UAISubsystem::~UAISubsystem AIPerceptionSystem (000001B3745CE0C0), frame # 12777
[2021.02.26-19.58.52:799][777]LogAISub: UAISubsystem::~UAISubsystem EnvQueryManager (000001B346C17200), frame # 12777
[2021.02.26-19.58.52:800][777]LogUObjectHash: Compacting FUObjectHashTables data took   0.70ms
[2021.02.26-19.58.52:805][777]LogEditorServer: Finished looking for orphan Actors (0.000 secs)
[2021.02.26-19.58.52:805][777]LogAIModule: Creating AISystem for world AI_03
[2021.02.26-19.58.52:805][777]LogAISub: UAISubsystem::UAISubsystem EnvQueryManager (000001B3582BBA00), frame # 12777
[2021.02.26-19.58.52:805][777]LogAISub: UAISubsystem::UAISubsystem AIPerceptionSystem (000001B35834CF40), frame # 12777
[2021.02.26-19.58.52:821][777]LogUObjectHash: Compacting FUObjectHashTables data took   0.60ms
[2021.02.26-19.58.52:847][777]Cmd: MAP CHECKDEP NOCLEARLOG
[2021.02.26-19.58.52:847][777]MapCheck: Map check complete: 0 Error(s), 0 Warning(s), took 0.14ms to complete.
[2021.02.26-19.58.52:847][777]LogFileHelpers: Loading map 'AI_03' took 0.064
[2021.02.26-19.58.55:764][ 92]LogEditorViewport: Clicking on Actor (LMB): ThirdPersonCharacter_C (ThirdPersonCharacter)
[2021.02.26-19.58.57:439][268]LogSlate: Took 0.001661 seconds to synchronously load lazily loaded font '../../../Engine/Content/Slate/Fonts/Roboto-Italic.ttf' (157K)
[2021.02.26-19.59.00:774][659]LogEditorViewport: Clicking on Actor (LMB): EnemyAI_01_C (EnemyAI_01)
[2021.02.26-19.59.02:799][894]Cmd: DELETE
[2021.02.26-19.59.02:799][894]Cmd: ACTOR DELETE
[2021.02.26-19.59.02:801][894]LogEditorActor: Deleted Actor: EnemyAI_01_C
[2021.02.26-19.59.02:815][894]LogUObjectHash: Compacting FUObjectHashTables data took   0.57ms
[2021.02.26-19.59.02:817][894]LogEditorActor: Deleted 1 Actors (0.017 secs)
[2021.02.26-19.59.05:476][151]Cmd: OBJ SAVEPACKAGE PACKAGE="/Game/Maps/AI_03" FILE="../../../../../../Users/Morgan/Desktop/UnrealAI/UnrealAI/Content/Maps/AI_03.umap" SILENT=true AUTOSAVING=false KEEPDIRTY=false
[2021.02.26-19.59.05:491][151]LogUObjectHash: Compacting FUObjectHashTables data took   0.22ms
[2021.02.26-19.59.05:536][151]LogSavePackage: Moving '../../../../../../Users/Morgan/Desktop/UnrealAI/UnrealAI/Saved/AI_03BF782049481D09695C80CCBA2F5E97AD.tmp' to '../../../../../../Users/Morgan/Desktop/UnrealAI/UnrealAI/Content/Maps/AI_03.umap'
[2021.02.26-19.59.05:573][151]AssetCheck: New page: Asset Save: AI_03
[2021.02.26-19.59.05:573][151]LogContentValidation: Display: Validating World /Game/Maps/AI_03.AI_03
[2021.02.26-19.59.07:106][306]LogAssetEditorSubsystem: Opening Asset editor for World /Game/Maps/AI_01.AI_01
[2021.02.26-19.59.07:119][306]LogUObjectHash: Compacting FUObjectHashTables data took   0.61ms
[2021.02.26-19.59.07:120][306]Cmd: MAP LOAD FILE="../../../../../../Users/Morgan/Desktop/UnrealAI/UnrealAI/Content/Maps/AI_01.umap" TEMPLATE=0 SHOWPROGRESS=1 FEATURELEVEL=3
[2021.02.26-19.59.07:121][306]LightingResults: New page: Lighting Build
[2021.02.26-19.59.07:121][306]LoadErrors: New page: Loading map: AI_01.umap
[2021.02.26-19.59.07:122][306]LogWorld: UWorld::CleanupWorld for AI_03, bSessionEnded=true, bCleanupResources=true
[2021.02.26-19.59.07:122][306]LogSlate: InvalidateAllWidgets triggered.  All widgets were invalidated
[2021.02.26-19.59.07:122][306]MapCheck: New page: Map Check
[2021.02.26-19.59.07:122][306]LightingResults: New page: Lighting Build
[2021.02.26-19.59.07:136][306]LogAISub: UAISubsystem::~UAISubsystem AIPerceptionSystem (000001B35834CF40), frame # 14306
[2021.02.26-19.59.07:136][306]LogAISub: UAISubsystem::~UAISubsystem EnvQueryManager (000001B3582BBA00), frame # 14306
[2021.02.26-19.59.07:136][306]LogUObjectHash: Compacting FUObjectHashTables data took   0.66ms
[2021.02.26-19.59.07:142][306]LogEditorServer: Finished looking for orphan Actors (0.000 secs)
[2021.02.26-19.59.07:142][306]LogAIModule: Creating AISystem for world AI_01
[2021.02.26-19.59.07:142][306]LogAISub: UAISubsystem::UAISubsystem EnvQueryManager (000001B374B78200), frame # 14306
[2021.02.26-19.59.07:142][306]LogAISub: UAISubsystem::UAISubsystem AIPerceptionSystem (000001B3365EE5C0), frame # 14306
[2021.02.26-19.59.07:157][306]LogUObjectHash: Compacting FUObjectHashTables data took   0.65ms
[2021.02.26-19.59.07:185][306]Cmd: MAP CHECKDEP NOCLEARLOG
[2021.02.26-19.59.07:186][306]MapCheck: Map check complete: 0 Error(s), 0 Warning(s), took 0.132ms to complete.
[2021.02.26-19.59.07:186][306]LogFileHelpers: Loading map 'AI_01' took 0.065
[2021.02.26-19.59.09:070][509]LogTemp: Repeating last play command: Selected Viewport
[2021.02.26-19.59.09:088][509]LogPlayLevel: PlayLevel: No blueprints needed recompiling
[2021.02.26-19.59.09:088][509]PIE: New page: PIE session: AI_01 (26 Feb 2021, 19:59:09)
[2021.02.26-19.59.09:088][509]LogPlayLevel: Creating play world package: /Game/Maps/UEDPIE_0_AI_01
[2021.02.26-19.59.09:100][509]LogPlayLevel: PIE: StaticDuplicateObject took: (0.012421s)
[2021.02.26-19.59.09:101][509]LogAIModule: Creating AISystem for world AI_01
[2021.02.26-19.59.09:101][509]LogAISub: UAISubsystem::UAISubsystem EnvQueryManager (000001B3365A3000), frame # 14509
[2021.02.26-19.59.09:101][509]LogAISub: UAISubsystem::UAISubsystem AIPerceptionSystem (000001B341D8F9C0), frame # 14509
[2021.02.26-19.59.09:101][509]LogPlayLevel: PIE: World Init took: (0.000922s)
[2021.02.26-19.59.09:101][509]LogPlayLevel: PIE: Created PIE world by copying editor world from /Game/Maps/AI_01.AI_01 to /Game/Maps/UEDPIE_0_AI_01.AI_01 (0.013447s)
[2021.02.26-19.59.09:114][509]LogUObjectHash: Compacting FUObjectHashTables data took   0.56ms
[2021.02.26-19.59.09:115][509]LogAudioMixer: Display: Audio Mixer Platform Settings:
[2021.02.26-19.59.09:115][509]LogAudioMixer: Display: 	Sample Rate:						  48000
[2021.02.26-19.59.09:115][509]LogAudioMixer: Display: 	Callback Buffer Frame Size Requested: 1024
[2021.02.26-19.59.09:115][509]LogAudioMixer: Display: 	Callback Buffer Frame Size To Use:	  1024
[2021.02.26-19.59.09:115][509]LogAudioMixer: Display: 	Number of buffers to queue:			  2
[2021.02.26-19.59.09:115][509]LogAudioMixer: Display: 	Max Channels (voices):				  32
[2021.02.26-19.59.09:115][509]LogAudioMixer: Display: 	Number of Async Source Workers:		  0
[2021.02.26-19.59.09:115][509]LogAudio: Display: AudioDevice MaxSources: 32
[2021.02.26-19.59.09:116][509]LogAudio: Display: Using built-in audio occlusion.
[2021.02.26-19.59.09:116][509]LogAudioMixer: Display: Initializing audio mixer.
[2021.02.26-19.59.09:119][509]LogAudioMixer: Display: 0: FrontLeft
[2021.02.26-19.59.09:119][509]LogAudioMixer: Display: 1: FrontRight
[2021.02.26-19.59.09:191][509]LogAudioMixer: Display: Using Audio Device Speakers (Realtek(R) Audio)
[2021.02.26-19.59.09:191][509]LogAudioMixer: Display: Initializing Sound Submixes...
[2021.02.26-19.59.09:191][509]LogAudioMixer: Display: Creating Master Submix 'MasterSubmixDefault'
[2021.02.26-19.59.09:191][509]LogAudioMixer: Display: Creating Master Submix 'MasterReverbSubmixDefault'
[2021.02.26-19.59.09:191][509]LogAudioMixer: Display: Creating Master Submix 'MasterEQSubmixDefault'
[2021.02.26-19.59.09:203][509]LogInit: FAudioDevice initialized.
[2021.02.26-19.59.09:210][509]LogLoad: Game class is 'UnrealAIGameMode'
[2021.02.26-19.59.09:213][509]LogWorld: Bringing World /Game/Maps/UEDPIE_0_AI_01.AI_01 up for play (max tick rate 0) at 2021.02.26-19.59.09
[2021.02.26-19.59.09:213][509]LogWorld: Bringing up level for play took: 0.002142
[2021.02.26-19.59.09:213][509]LogOnline: OSS: Creating online subsystem instance for: :Context_4
[2021.02.26-19.59.09:215][509]PIE: Server logged in
[2021.02.26-19.59.09:216][509]PIE: Play in editor total start time 0.131 seconds.
[2021.02.26-19.59.29:998][981]LogSlate: Updating window title bar state: overlay mode, drag disabled, window buttons hidden, title bar hidden
[2021.02.26-19.59.29:998][981]LogWorld: BeginTearingDown for /Game/Maps/UEDPIE_0_AI_01
[2021.02.26-19.59.29:999][981]LogWorld: UWorld::CleanupWorld for AI_01, bSessionEnded=true, bCleanupResources=true
[2021.02.26-19.59.29:999][981]LogSlate: InvalidateAllWidgets triggered.  All widgets were invalidated
[2021.02.26-19.59.30:007][981]LogPlayLevel: Display: Shutting down PIE online subsystems
[2021.02.26-19.59.30:008][981]LogSlate: InvalidateAllWidgets triggered.  All widgets were invalidated
[2021.02.26-19.59.30:038][981]LogSlate: Updating window title bar state: overlay mode, drag disabled, window buttons hidden, title bar hidden
[2021.02.26-19.59.30:039][981]LogAISub: UAISubsystem::~UAISubsystem AIPerceptionSystem (000001B341D8F9C0), frame # 16981
[2021.02.26-19.59.30:039][981]LogAISub: UAISubsystem::~UAISubsystem EnvQueryManager (000001B3365A3000), frame # 16981
[2021.02.26-19.59.30:040][981]LogUObjectHash: Compacting FUObjectHashTables data took   0.59ms
[2021.02.26-19.59.30:075][982]LogPlayLevel: Display: Destroying online subsystem :Context_4
[2021.02.26-19.59.41:008][753]LogEditorViewport: Clicking on Actor (LMB): StaticMeshActor (Floor)
[2021.02.26-19.59.41:590][817]LogEditorViewport: Clicking on Actor (LMB): ThirdPersonCharacter_C (ThirdPersonCharacter)
[2021.02.26-20.00.08:912][648]LogEditorViewport: Clicking on Actor (LMB): StaticMeshActor (Floor)
[2021.02.26-20.00.09:551][717]LogEditorViewport: Clicking on Actor (LMB): ThirdPersonCharacter_C (ThirdPersonCharacter)
[2021.02.26-20.00.13:132][126]LogAssetEditorSubsystem: Opening Asset editor for Blueprint /Game/ThirdPersonCPP/Blueprints/ThirdPersonCharacter.ThirdPersonCharacter
[2021.02.26-20.00.13:427][126]LogContentBrowser: Native class hierarchy updated for 'BlueprintGraph' in 0.0006 seconds. Added 125 classes and 0 folders.
[2021.02.26-20.00.14:263][126]LogSlate: Took 0.001858 seconds to synchronously load lazily loaded font '../../../Engine/Content/Slate/Fonts/Roboto-BoldCondensed.ttf' (158K)
[2021.02.26-20.07.41:248][411]LogEditorTransaction: Undo Delete current selection
[2021.02.26-20.09.25:023][573]BlueprintLog: New page: Compile ThirdPersonCharacter
[2021.02.26-20.09.25:219][573]LogUObjectHash: Compacting FUObjectHashTables data took   2.32ms
[2021.02.26-20.09.28:458][751]BlueprintLog: New page: Compile ThirdPersonCharacter
[2021.02.26-20.09.28:643][751]LogUObjectHash: Compacting FUObjectHashTables data took   2.21ms
[2021.02.26-20.09.28:767][751]LogSavePackage: Moving '../../../../../../Users/Morgan/Desktop/UnrealAI/UnrealAI/Saved/ThirdPersonCharacter8E69EF074BC29131411619B96C1D3216.tmp' to '../../../../../../Users/Morgan/Desktop/UnrealAI/UnrealAI/Content/ThirdPersonCPP/Blueprints/ThirdPersonCharacter.uasset'
[2021.02.26-20.09.28:781][751]AssetCheck: New page: Asset Save: ThirdPersonCharacter
[2021.02.26-20.09.28:781][751]LogContentValidation: Display: Validating Blueprint /Game/ThirdPersonCPP/Blueprints/ThirdPersonCharacter.ThirdPersonCharacter
[2021.02.26-20.10.34:845][554]LogUObjectHash: Compacting FUObjectHashTables data took   2.12ms
[2021.02.26-20.10.34:872][554]Cmd: OBJ SAVEPACKAGE PACKAGE="/Game/Maps/AI_01" FILE="../../../../../../Users/Morgan/Desktop/UnrealAI/UnrealAI/Content/Maps/AI_01.umap" SILENT=true AUTOSAVING=false KEEPDIRTY=false
[2021.02.26-20.10.34:892][554]LogUObjectHash: Compacting FUObjectHashTables data took   0.43ms
[2021.02.26-20.10.34:936][554]LogSavePackage: Moving '../../../../../../Users/Morgan/Desktop/UnrealAI/UnrealAI/Saved/AI_01A42ACE764C2ACD312A0BCB84A1FABEDB.tmp' to '../../../../../../Users/Morgan/Desktop/UnrealAI/UnrealAI/Content/Maps/AI_01.umap'
[2021.02.26-20.10.34:966][554]LogFileHelpers: Saving map 'AI_01' took 0.094
[2021.02.26-20.10.34:966][554]Cmd: OBJ SAVEPACKAGE PACKAGE="/Game/Maps/AI_01_BuiltData" FILE="../../../../../../Users/Morgan/Desktop/UnrealAI/UnrealAI/Content/Maps/AI_01_BuiltData.uasset" SILENT=true
[2021.02.26-20.10.35:096][554]LogSavePackage: Moving '../../../../../../Users/Morgan/Desktop/UnrealAI/UnrealAI/Saved/AI_01_BuiltData4491349F461AEAFA04D6D5A472D336E9.tmp' to '../../../../../../Users/Morgan/Desktop/UnrealAI/UnrealAI/Content/Maps/AI_01_BuiltData.uasset'
[2021.02.26-20.10.35:156][554]LogSavePackage: Moving '../../../../../../Users/Morgan/Desktop/UnrealAI/UnrealAI/Saved/ThirdPersonCharacter37C6F8574EA12CF2D43997ABC80612E1.tmp' to '../../../../../../Users/Morgan/Desktop/UnrealAI/UnrealAI/Content/ThirdPersonCPP/Blueprints/ThirdPersonCharacter.uasset'
[2021.02.26-20.10.35:176][554]AssetCheck: New page: Asset Save: multiple assets
[2021.02.26-20.10.35:176][554]LogContentValidation: Display: Validating World /Game/Maps/AI_01.AI_01
[2021.02.26-20.10.35:176][554]LogContentValidation: Display: Validating MapBuildDataRegistry /Game/Maps/AI_01_BuiltData.AI_01_BuiltData
[2021.02.26-20.10.35:176][554]LogContentValidation: Display: Validating Blueprint /Game/ThirdPersonCPP/Blueprints/ThirdPersonCharacter.ThirdPersonCharacter
[2021.02.26-20.10.48:194][430]LogUObjectHash: Compacting FUObjectHashTables data took   1.71ms
[2021.02.26-20.12.55:425][862]LogSlate: Window 'Project Settings' being destroyed
[2021.02.26-20.12.55:486][862]LogSlate: Window 'Project Settings' being destroyed
[2021.02.26-20.13.05:449][423]LogSlate: Window 'Project Settings' being destroyed
[2021.02.26-20.13.05:454][423]LogSlate: Window 'Project Settings' being destroyed
[2021.02.26-20.13.33:595][787]BlueprintLog: New page: Compile ThirdPersonCharacter
[2021.02.26-20.13.33:781][787]LogUObjectHash: Compacting FUObjectHashTables data took   1.96ms
[2021.02.26-20.17.06:495][ 52]BlueprintLog: New page: Compile ThirdPersonCharacter
[2021.02.26-20.17.06:707][ 52]LogUObjectHash: Compacting FUObjectHashTables data took   2.53ms
[2021.02.26-20.17.06:831][ 52]LogSavePackage: Moving '../../../../../../Users/Morgan/Desktop/UnrealAI/UnrealAI/Saved/ThirdPersonCharacter23ACA4FC474B6372FBE9C9AD30C26EA9.tmp' to '../../../../../../Users/Morgan/Desktop/UnrealAI/UnrealAI/Content/ThirdPersonCPP/Blueprints/ThirdPersonCharacter.uasset'
[2021.02.26-20.17.06:842][ 52]AssetCheck: New page: Asset Save: ThirdPersonCharacter
[2021.02.26-20.17.06:842][ 52]LogContentValidation: Display: Validating Blueprint /Game/ThirdPersonCPP/Blueprints/ThirdPersonCharacter.ThirdPersonCharacter
[2021.02.26-20.17.13:288][473]BlueprintLog: New page: Compile ThirdPersonCharacter
[2021.02.26-20.17.13:475][473]LogUObjectHash: Compacting FUObjectHashTables data took   2.33ms
[2021.02.26-20.17.13:582][473]LogSavePackage: Moving '../../../../../../Users/Morgan/Desktop/UnrealAI/UnrealAI/Saved/ThirdPersonCharacter83AED8F54EF8A348EA777EB6405A8735.tmp' to '../../../../../../Users/Morgan/Desktop/UnrealAI/UnrealAI/Content/ThirdPersonCPP/Blueprints/ThirdPersonCharacter.uasset'
[2021.02.26-20.17.13:593][473]AssetCheck: New page: Asset Save: ThirdPersonCharacter
[2021.02.26-20.17.13:593][473]LogContentValidation: Display: Validating Blueprint /Game/ThirdPersonCPP/Blueprints/ThirdPersonCharacter.ThirdPersonCharacter
[2021.02.26-20.20.35:286][ 68]LogUObjectHash: Compacting FUObjectHashTables data took   2.23ms
[2021.02.26-20.20.35:290][ 68]Cmd: OBJ SAVEPACKAGE PACKAGE="/Game/Maps/AI_01" FILE="../../../../../../Users/Morgan/Desktop/UnrealAI/UnrealAI/Saved/Autosaves/Game/Maps/AI_01_Auto1.umap" SILENT=true AUTOSAVING=true KEEPDIRTY=false
[2021.02.26-20.20.35:331][ 68]LogSavePackage: Moving '../../../../../../Users/Morgan/Desktop/UnrealAI/UnrealAI/Saved/AI_01_Auto1A1B0898B498D8A943102CEB5EFCD8068.tmp' to '../../../../../../Users/Morgan/Desktop/UnrealAI/UnrealAI/Saved/Autosaves/Game/Maps/AI_01_Auto1.umap'
[2021.02.26-20.20.35:333][ 68]LogFileHelpers: Editor autosave (incl. sublevels) for '/Game/Maps/AI_01' took 0.072
[2021.02.26-20.20.35:333][ 68]LogFileHelpers: Editor autosave (incl. sublevels) for all levels took 0.072
[2021.02.26-20.22.21:658][385]LogAudioMixer: Warning: Changing default audio render device to new device: {0.0.0.00000000}.{d5032035-5552-48a2-9cab-0f20ddb0bd59}.
[2021.02.26-20.22.21:658][385]LogTemp: Resetting audio stream to device id 
[2021.02.26-20.22.21:678][385]LogAudioMixer: Display: 0: FrontLeft
[2021.02.26-20.22.21:678][385]LogAudioMixer: Display: 1: FrontRight
[2021.02.26-20.25.43:606][ 62]LogEditorTransaction: Undo Delete current selection
[2021.02.26-20.28.54:691][274]LogSavePackage: Moving '../../../../../../Users/Morgan/Desktop/UnrealAI/UnrealAI/Saved/ThirdPersonCharacter7CCFD9CB4F28534C256673B96317043B.tmp' to '../../../../../../Users/Morgan/Desktop/UnrealAI/UnrealAI/Content/ThirdPersonCPP/Blueprints/ThirdPersonCharacter.uasset'
[2021.02.26-20.28.54:704][274]AssetCheck: New page: Asset Save: ThirdPersonCharacter
[2021.02.26-20.28.54:704][274]LogContentValidation: Display: Validating Blueprint /Game/ThirdPersonCPP/Blueprints/ThirdPersonCharacter.ThirdPersonCharacter
[2021.02.26-20.29.10:282][752]LogSavePackage: Moving '../../../../../../Users/Morgan/Desktop/UnrealAI/UnrealAI/Saved/ThirdPersonCharacter9484B7124E6EA71BDFCCEB9C1426BF23.tmp' to '../../../../../../Users/Morgan/Desktop/UnrealAI/UnrealAI/Content/ThirdPersonCPP/Blueprints/ThirdPersonCharacter.uasset'
[2021.02.26-20.29.10:292][752]AssetCheck: New page: Asset Save: ThirdPersonCharacter
[2021.02.26-20.29.10:292][752]LogContentValidation: Display: Validating Blueprint /Game/ThirdPersonCPP/Blueprints/ThirdPersonCharacter.ThirdPersonCharacter
[2021.02.26-20.31.04:042][591]LogEditorTransaction: Undo Move Node
[2021.02.26-20.32.03:647][375]LogUObjectHash: Compacting FUObjectHashTables data took   2.53ms
[2021.02.26-20.32.03:651][375]Cmd: OBJ SAVEPACKAGE PACKAGE="/Game/Maps/AI_01" FILE="../../../../../../Users/Morgan/Desktop/UnrealAI/UnrealAI/Saved/Autosaves/Game/Maps/AI_01_Auto2.umap" SILENT=true AUTOSAVING=true KEEPDIRTY=false
[2021.02.26-20.32.03:693][375]LogSavePackage: Moving '../../../../../../Users/Morgan/Desktop/UnrealAI/UnrealAI/Saved/AI_01_Auto2C05527A84858AA8CA20F49BEAA631E3E.tmp' to '../../../../../../Users/Morgan/Desktop/UnrealAI/UnrealAI/Saved/Autosaves/Game/Maps/AI_01_Auto2.umap'
[2021.02.26-20.32.03:695][375]LogFileHelpers: Editor autosave (incl. sublevels) for '/Game/Maps/AI_01' took 0.074
[2021.02.26-20.32.03:695][375]LogFileHelpers: Editor autosave (incl. sublevels) for all levels took 0.074
[2021.02.26-20.32.03:696][375]OBJ SavePackage: Generating thumbnails for [1] asset(s) in package [/Game/ThirdPersonCPP/Blueprints/ThirdPersonCharacter] ([1] browsable assets)...
[2021.02.26-20.32.03:712][375]OBJ SavePackage:     Rendered thumbnail for [Blueprint /Game/ThirdPersonCPP/Blueprints/ThirdPersonCharacter.ThirdPersonCharacter]
[2021.02.26-20.32.03:712][375]OBJ SavePackage: Finished generating thumbnails for package [/Game/ThirdPersonCPP/Blueprints/ThirdPersonCharacter]
[2021.02.26-20.32.03:768][375]LogSavePackage: Moving '../../../../../../Users/Morgan/Desktop/UnrealAI/UnrealAI/Saved/ThirdPersonCharacter_Auto2EBB410A547BC30FBE35882BCFEADDF37.tmp' to '../../../../../../Users/Morgan/Desktop/UnrealAI/UnrealAI/Saved/Autosaves/Game/ThirdPersonCPP/Blueprints/ThirdPersonCharacter_Auto2.uasset'
[2021.02.26-20.32.03:768][375]LogFileHelpers: Auto-saving content packages took 0.073
[2021.02.26-20.38.09:165][391]LogEditorTransaction: Undo Add Node
[2021.02.26-20.38.18:066][870]LogEditorTransaction: Undo Resize Node
[2021.02.26-20.40.37:075][514]BlueprintLog: New page: Compile ThirdPersonCharacter
[2021.02.26-20.40.37:279][514]LogUObjectHash: Compacting FUObjectHashTables data took   2.52ms
[2021.02.26-20.40.37:396][514]LogSavePackage: Moving '../../../../../../Users/Morgan/Desktop/UnrealAI/UnrealAI/Saved/ThirdPersonCharacter9C2B2E314744BD030932F18BA420CAD4.tmp' to '../../../../../../Users/Morgan/Desktop/UnrealAI/UnrealAI/Content/ThirdPersonCPP/Blueprints/ThirdPersonCharacter.uasset'
[2021.02.26-20.40.37:408][514]AssetCheck: New page: Asset Save: ThirdPersonCharacter
[2021.02.26-20.40.37:408][514]LogContentValidation: Display: Validating Blueprint /Game/ThirdPersonCPP/Blueprints/ThirdPersonCharacter.ThirdPersonCharacter
[2021.02.26-20.40.57:308][175]LogSlate: Took 0.001725 seconds to synchronously load lazily loaded font '../../../Engine/Content/Slate/Fonts/Roboto-BoldCondensedItalic.ttf' (160K)
[2021.02.26-20.41.02:546][498]LogSavePackage: Moving '../../../../../../Users/Morgan/Desktop/UnrealAI/UnrealAI/Saved/ThirdPersonCharacterE88C7E6D40D4EDE6F1D6F0894D725945.tmp' to '../../../../../../Users/Morgan/Desktop/UnrealAI/UnrealAI/Content/ThirdPersonCPP/Blueprints/ThirdPersonCharacter.uasset'
[2021.02.26-20.41.02:557][498]AssetCheck: New page: Asset Save: ThirdPersonCharacter
[2021.02.26-20.41.02:557][498]LogContentValidation: Display: Validating Blueprint /Game/ThirdPersonCPP/Blueprints/ThirdPersonCharacter.ThirdPersonCharacter
[2021.02.26-20.41.18:306][308]BlueprintLog: New page: Compile ThirdPersonCharacter
[2021.02.26-20.41.18:506][308]LogUObjectHash: Compacting FUObjectHashTables data took   2.36ms
[2021.02.26-20.41.18:610][308]LogSavePackage: Moving '../../../../../../Users/Morgan/Desktop/UnrealAI/UnrealAI/Saved/ThirdPersonCharacterEB496AFF49B3C7A39E3617AC0087A4F6.tmp' to '../../../../../../Users/Morgan/Desktop/UnrealAI/UnrealAI/Content/ThirdPersonCPP/Blueprints/ThirdPersonCharacter.uasset'
[2021.02.26-20.41.18:622][308]AssetCheck: New page: Asset Save: ThirdPersonCharacter
[2021.02.26-20.41.18:622][308]LogContentValidation: Display: Validating Blueprint /Game/ThirdPersonCPP/Blueprints/ThirdPersonCharacter.ThirdPersonCharacter
