Log file open, 02/23/21 12:15:35
LogInit: Display: Running engine for game: UnrealAI
LogPlatformFile: Not using cached read wrapper
LogTaskGraph: Started task graph with 5 named threads and 59 total threads with 3 sets of task threads.
LogStats: Stats thread started at 0.277085
LogD3D11RHI: Loaded GFSDK_Aftermath_Lib.x64.dll
LogICUInternationalization: ICU TimeZone Detection - Raw Offset: +0:00, Platform Override: ''
LogPluginManager: Mounting plugin Paper2D
LogPluginManager: Mounting plugin AISupport
LogPluginManager: Mounting plugin LightPropagationVolume
LogPluginManager: Mounting plugin CameraShakePreviewer
LogPluginManager: Mounting plugin ActorLayerUtilities
LogPluginManager: Mounting plugin AnimationSharing
LogPluginManager: Mounting plugin CLionSourceCodeAccess
LogPluginManager: Mounting plugin CodeLiteSourceCodeAccess
LogPluginManager: Mounting plugin GitSourceControl
LogPluginManager: Mounting plugin KDevelopSourceCodeAccess
LogPluginManager: Mounting plugin NullSourceCodeAccess
LogPluginManager: Mounting plugin PerforceSourceControl
LogPluginManager: Mounting plugin PlasticSourceControl
LogPluginManager: Mounting plugin RiderSourceCodeAccess
LogPluginManager: Mounting plugin SubversionSourceControl
LogPluginManager: Mounting plugin UObjectPlugin
LogPluginManager: Mounting plugin VisualStudioCodeSourceCodeAccess
LogPluginManager: Mounting plugin VisualStudioSourceCodeAccess
LogPluginManager: Mounting plugin XCodeSourceCodeAccess
LogPluginManager: Mounting plugin AssetManagerEditor
LogPluginManager: Mounting plugin CryptoKeys
LogPluginManager: Mounting plugin CurveEditorTools
LogPluginManager: Mounting plugin DataValidation
LogPluginManager: Mounting plugin EditorScriptingUtilities
LogPluginManager: Mounting plugin FacialAnimation
LogPluginManager: Mounting plugin GameplayTagsEditor
LogPluginManager: Mounting plugin GeometryMode
LogPluginManager: Mounting plugin MacGraphicsSwitching
LogPluginManager: Mounting plugin MaterialAnalyzer
LogPluginManager: Mounting plugin MobileLauncherProfileWizard
LogPluginManager: Mounting plugin PluginBrowser
LogPluginManager: Mounting plugin SpeedTreeImporter
LogPluginManager: Mounting plugin DatasmithContent
LogPluginManager: Mounting plugin VariantManagerContent
LogPluginManager: Mounting plugin AlembicImporter
LogPluginManager: Mounting plugin AutomationUtils
LogPluginManager: Mounting plugin BackChannel
LogPluginManager: Mounting plugin ChaosCloth
LogPluginManager: Mounting plugin ChaosClothEditor
LogPluginManager: Mounting plugin ChaosEditor
LogPluginManager: Mounting plugin ChaosNiagara
LogPluginManager: Mounting plugin ChaosSolverPlugin
LogPluginManager: Mounting plugin CharacterAI
LogPluginManager: Mounting plugin GeometryCache
LogPluginManager: Mounting plugin GeometryCollectionPlugin
LogPluginManager: Mounting plugin GeometryProcessing
LogPluginManager: Mounting plugin PlanarCut
LogPluginManager: Mounting plugin PlatformCrypto
LogPluginManager: Mounting plugin ProxyLODPlugin
LogPluginManager: Mounting plugin SkeletalReduction
LogPluginManager: Mounting plugin Niagara
LogPluginManager: Mounting plugin MagicLeap
LogPluginManager: Mounting plugin MagicLeapLightEstimation
LogPluginManager: Mounting plugin MagicLeapMedia
LogPluginManager: Mounting plugin MagicLeapPassableWorld
LogPluginManager: Mounting plugin MLSDK
LogPluginManager: Mounting plugin DarkerNodes
LogPluginManager: Mounting plugin ElectronicNodes
LogPluginManager: Mounting plugin AndroidMedia
LogPluginManager: Mounting plugin AvfMedia
LogPluginManager: Mounting plugin ImgMedia
LogPluginManager: Mounting plugin MediaCompositing
LogPluginManager: Mounting plugin MediaPlayerEditor
LogPluginManager: Mounting plugin WebMMedia
LogPluginManager: Mounting plugin WmfMedia
LogPluginManager: Mounting plugin MeshPainting
LogPluginManager: Mounting plugin TcpMessaging
LogPluginManager: Mounting plugin UdpMessaging
LogPluginManager: Mounting plugin ActorSequence
LogPluginManager: Mounting plugin LevelSequenceEditor
LogPluginManager: Mounting plugin MatineeToLevelSequence
LogPluginManager: Mounting plugin MovieRenderPipeline
LogPluginManager: Mounting plugin TemplateSequence
LogPluginManager: Mounting plugin NetcodeUnitTest
LogPluginManager: Mounting plugin NUTUnrealEngine4
LogPluginManager: Mounting plugin OnlineSubsystemGooglePlay
LogPluginManager: Mounting plugin OnlineSubsystemIOS
LogPluginManager: Mounting plugin OnlineSubsystem
LogPluginManager: Mounting plugin OnlineSubsystemNull
LogPluginManager: Mounting plugin OnlineSubsystemUtils
LogPluginManager: Mounting plugin LauncherChunkInstaller
LogPluginManager: Mounting plugin AndroidDeviceProfileSelector
LogPluginManager: Mounting plugin AndroidMoviePlayer
LogPluginManager: Mounting plugin AndroidPermission
LogPluginManager: Mounting plugin AppleImageUtils
LogPluginManager: Mounting plugin AppleMoviePlayer
LogPluginManager: Mounting plugin ArchVisCharacter
LogPluginManager: Mounting plugin AssetTags
LogPluginManager: Mounting plugin AudioCapture
LogPluginManager: Mounting plugin CableComponent
LogPluginManager: Mounting plugin CustomMeshComponent
LogPluginManager: Mounting plugin EditableMesh
LogPluginManager: Mounting plugin ExampleDeviceProfileSelector
LogPluginManager: Mounting plugin GoogleCloudMessaging
LogPluginManager: Mounting plugin GooglePAD
LogPluginManager: Mounting plugin IOSDeviceProfileSelector
LogPluginManager: Mounting plugin LinuxDeviceProfileSelector
LogPluginManager: Mounting plugin LocationServicesBPLibrary
LogPluginManager: Mounting plugin MobilePatchingUtils
LogPluginManager: Mounting plugin OculusVR
LogPluginManager: Mounting plugin PhysXVehicles
LogPluginManager: Mounting plugin PostSplashScreen
LogPluginManager: Mounting plugin ProceduralMeshComponent
LogPluginManager: Mounting plugin RuntimePhysXCooking
LogPluginManager: Mounting plugin SignificanceManager
LogPluginManager: Mounting plugin SoundFields
LogPluginManager: Mounting plugin SteamVR
LogPluginManager: Mounting plugin Synthesis
LogPluginManager: Mounting plugin WebMMoviePlayer
LogPluginManager: Mounting plugin WindowsMoviePlayer
LogPluginManager: Mounting plugin ScreenshotTools
LogInit: Using libcurl 7.55.1-DEV
LogInit:  - built for x86_64-pc-win32
LogInit:  - supports SSL with OpenSSL/1.1.1
LogInit:  - supports HTTP deflate (compression) using libz 1.2.8
LogInit:  - other features:
LogInit:      CURL_VERSION_SSL
LogInit:      CURL_VERSION_LIBZ
LogInit:      CURL_VERSION_IPV6
LogInit:      CURL_VERSION_ASYNCHDNS
LogInit:      CURL_VERSION_LARGEFILE
LogInit:      CURL_VERSION_IDN
LogInit:  CurlRequestOptions (configurable via config and command line):
LogInit:  - bVerifyPeer = true  - Libcurl will verify peer certificate
LogInit:  - bUseHttpProxy = false  - Libcurl will NOT use HTTP proxy
LogInit:  - bDontReuseConnections = false  - Libcurl will reuse connections
LogInit:  - MaxHostConnections = 16  - Libcurl will limit the number of connections to a host
LogInit:  - LocalHostAddr = Default
LogInit:  - BufferSize = 65536
LogOnline: OSS: Creating online subsystem instance for: NULL
LogInit: WinSock: version 1.1 (2.2), MaxSocks=32767, MaxUdp=65467
LogOnline: OSS: TryLoadSubsystemAndSetDefault: Loaded subsystem for module [NULL]
LogInit: Build: ++UE4+Release-4.25-CL-14469661
LogInit: Engine Version: 4.25.4-14469661+++UE4+Release-4.25
LogInit: Compatible Engine Version: 4.25.0-13144385+++UE4+Release-4.25
LogInit: Net CL: 13144385
LogInit: OS: Windows 10 (Release 2009) (), CPU: Intel(R) Core(TM) i9-10850K CPU @ 3.60GHz, GPU: NVIDIA GeForce RTX 3090
LogInit: Compiled (64-bit): Oct 11 2020 08:10:49
LogInit: Compiled with Visual C++: 19.24.28315.00
LogInit: Build Configuration: Development
LogInit: Branch Name: ++UE4+Release-4.25
LogInit: Command Line:  -skipcompile
LogInit: Base Directory: C:/Program Files/Epic Games/UE_4.25/Engine/Binaries/Win64/
LogInit: Allocator: TBB
LogInit: Installed Engine Build: 1
LogDevObjectVersion: Number of dev versions registered: 26
LogDevObjectVersion:   Dev-Blueprints (B0D832E4-1F89-4F0D-ACCF-7EB736FD4AA2): 10
LogDevObjectVersion:   Dev-Build (E1C64328-A22C-4D53-A36C-8E866417BD8C): 0
LogDevObjectVersion:   Dev-Core (375EC13C-06E4-48FB-B500-84F0262A717E): 4
LogDevObjectVersion:   Dev-Editor (E4B068ED-F494-42E9-A231-DA0B2E46BB41): 38
LogDevObjectVersion:   Dev-Framework (CFFC743F-43B0-4480-9391-14DF171D2073): 37
LogDevObjectVersion:   Dev-Mobile (B02B49B5-BB20-44E9-A304-32B752E40360): 2
LogDevObjectVersion:   Dev-Networking (A4E4105C-59A1-49B5-A7C5-40C4547EDFEE): 0
LogDevObjectVersion:   Dev-Online (39C831C9-5AE6-47DC-9A44-9C173E1C8E7C): 0
LogDevObjectVersion:   Dev-Physics (78F01B33-EBEA-4F98-B9B4-84EACCB95AA2): 4
LogDevObjectVersion:   Dev-Platform (6631380F-2D4D-43E0-8009-CF276956A95A): 0
LogDevObjectVersion:   Dev-Rendering (12F88B9F-8875-4AFC-A67C-D90C383ABD29): 43
LogDevObjectVersion:   Dev-Sequencer (7B5AE74C-D270-4C10-A958-57980B212A5A): 12
LogDevObjectVersion:   Dev-VR (D7296918-1DD6-4BDD-9DE2-64A83CC13884): 3
LogDevObjectVersion:   Dev-LoadTimes (C2A15278-BFE7-4AFE-6C17-90FF531DF755): 1
LogDevObjectVersion:   Private-Geometry (6EACA3D4-40EC-4CC1-B786-8BED09428FC5): 3
LogDevObjectVersion:   Dev-AnimPhys (29E575DD-E0A3-4627-9D10-D276232CDCEA): 17
LogDevObjectVersion:   Dev-Anim (AF43A65D-7FD3-4947-9873-3E8ED9C1BB05): 7
LogDevObjectVersion:   Dev-ReflectionCapture (6B266CEC-1EC7-4B8F-A30B-E4D90942FC07): 1
LogDevObjectVersion:   Dev-Automation (0DF73D61-A23F-47EA-B727-89E90C41499A): 1
LogDevObjectVersion:   FortniteMain (601D1886-AC64-4F84-AA16-D3DE0DEAC7D6): 31
LogDevObjectVersion:   Dev-Enterprise (9DFFBCD6-494F-0158-E221-12823C92A888): 10
LogDevObjectVersion:   Dev-Niagara (F2AED0AC-9AFE-416F-8664-AA7FFA26D6FC): 1
LogDevObjectVersion:   Dev-Destruction (174F1F0B-B4C6-45A5-B13F-2EE8D0FB917D): 10
LogDevObjectVersion:   Dev-Physics-Ext (35F94A83-E258-406C-A318-09F59610247C): 37
LogDevObjectVersion:   Dev-PhysicsMaterial-Chaos (B68FC16E-8B1B-42E2-B453-215C058844FE): 1
LogDevObjectVersion:   Dev-CineCamera (B2E18506-4273-CFC2-A54E-F4BB758BBA07): 1
LogInit: Presizing for max 25165824 objects, including 0 objects not considered by GC, pre-allocating 0 bytes for permanent pool.
LogConfig: Applying CVar settings from Section [/Script/Engine.StreamingSettings] File [C:/Users/Morgan/Desktop/UnrealAI/UnrealAI/Saved/Config/Windows/Engine.ini]
LogConfig: Setting CVar [[s.MinBulkDataSizeForAsyncLoading:131072]]
LogConfig: Setting CVar [[s.AsyncLoadingThreadEnabled:0]]
LogConfig: Setting CVar [[s.EventDrivenLoaderEnabled:1]]
LogConfig: Setting CVar [[s.WarnIfTimeLimitExceeded:0]]
LogConfig: Setting CVar [[s.TimeLimitExceededMultiplier:1.5]]
LogConfig: Setting CVar [[s.TimeLimitExceededMinTime:0.005]]
LogConfig: Setting CVar [[s.UseBackgroundLevelStreaming:1]]
LogConfig: Setting CVar [[s.PriorityAsyncLoadingExtraTime:15.0]]
LogConfig: Setting CVar [[s.LevelStreamingActorsUpdateTimeLimit:5.0]]
LogConfig: Setting CVar [[s.PriorityLevelStreamingActorsUpdateExtraTime:5.0]]
LogConfig: Setting CVar [[s.LevelStreamingComponentsRegistrationGranularity:10]]
LogConfig: Setting CVar [[s.UnregisterComponentsTimeLimit:1.0]]
LogConfig: Setting CVar [[s.LevelStreamingComponentsUnregistrationGranularity:5]]
LogConfig: Setting CVar [[s.FlushStreamingOnExit:1]]
LogInit: Object subsystem initialized
LogConfig: Setting CVar [[con.DebugEarlyDefault:1]]
LogConfig: Setting CVar [[r.setres:1280x720]]
[2021.02.23-12.15.35:655][  0]LogConfig: Setting CVar [[r.VSync:0]]
[2021.02.23-12.15.35:655][  0]LogConfig: Setting CVar [[r.RHICmdBypass:0]]
[2021.02.23-12.15.35:655][  0]LogConfig: Applying CVar settings from Section [/Script/Engine.RendererSettings] File [C:/Users/Morgan/Desktop/UnrealAI/UnrealAI/Saved/Config/Windows/Engine.ini]
[2021.02.23-12.15.35:655][  0]LogConfig: Setting CVar [[r.GPUCrashDebugging:0]]
[2021.02.23-12.15.35:655][  0]LogConfig: Applying CVar settings from Section [/Script/Engine.RendererOverrideSettings] File [C:/Users/Morgan/Desktop/UnrealAI/UnrealAI/Saved/Config/Windows/Engine.ini]
[2021.02.23-12.15.35:655][  0]LogConfig: Applying CVar settings from Section [/Script/Engine.StreamingSettings] File [C:/Users/Morgan/Desktop/UnrealAI/UnrealAI/Saved/Config/Windows/Engine.ini]
[2021.02.23-12.15.35:655][  0]LogConfig: Setting CVar [[s.MinBulkDataSizeForAsyncLoading:131072]]
[2021.02.23-12.15.35:655][  0]LogConfig: Setting CVar [[s.AsyncLoadingThreadEnabled:0]]
[2021.02.23-12.15.35:655][  0]LogConfig: Setting CVar [[s.EventDrivenLoaderEnabled:1]]
[2021.02.23-12.15.35:655][  0]LogConfig: Setting CVar [[s.WarnIfTimeLimitExceeded:0]]
[2021.02.23-12.15.35:655][  0]LogConfig: Setting CVar [[s.TimeLimitExceededMultiplier:1.5]]
[2021.02.23-12.15.35:655][  0]LogConfig: Setting CVar [[s.TimeLimitExceededMinTime:0.005]]
[2021.02.23-12.15.35:655][  0]LogConfig: Setting CVar [[s.UseBackgroundLevelStreaming:1]]
[2021.02.23-12.15.35:655][  0]LogConfig: Setting CVar [[s.PriorityAsyncLoadingExtraTime:15.0]]
[2021.02.23-12.15.35:655][  0]LogConfig: Setting CVar [[s.LevelStreamingActorsUpdateTimeLimit:5.0]]
[2021.02.23-12.15.35:656][  0]LogConfig: Setting CVar [[s.PriorityLevelStreamingActorsUpdateExtraTime:5.0]]
[2021.02.23-12.15.35:656][  0]LogConfig: Setting CVar [[s.LevelStreamingComponentsRegistrationGranularity:10]]
[2021.02.23-12.15.35:656][  0]LogConfig: Setting CVar [[s.UnregisterComponentsTimeLimit:1.0]]
[2021.02.23-12.15.35:656][  0]LogConfig: Setting CVar [[s.LevelStreamingComponentsUnregistrationGranularity:5]]
[2021.02.23-12.15.35:656][  0]LogConfig: Setting CVar [[s.FlushStreamingOnExit:1]]
[2021.02.23-12.15.35:656][  0]LogConfig: Applying CVar settings from Section [/Script/Engine.GarbageCollectionSettings] File [C:/Users/Morgan/Desktop/UnrealAI/UnrealAI/Saved/Config/Windows/Engine.ini]
[2021.02.23-12.15.35:656][  0]LogConfig: Setting CVar [[gc.MaxObjectsNotConsideredByGC:1]]
[2021.02.23-12.15.35:656][  0]LogConfig: Setting CVar [[gc.SizeOfPermanentObjectPool:0]]
[2021.02.23-12.15.35:656][  0]LogConfig: Setting CVar [[gc.FlushStreamingOnGC:0]]
[2021.02.23-12.15.35:656][  0]LogConfig: Setting CVar [[gc.NumRetriesBeforeForcingGC:10]]
[2021.02.23-12.15.35:656][  0]LogConfig: Setting CVar [[gc.AllowParallelGC:1]]
[2021.02.23-12.15.35:656][  0]LogConfig: Setting CVar [[gc.TimeBetweenPurgingPendingKillObjects:61.1]]
[2021.02.23-12.15.35:656][  0]LogConfig: Setting CVar [[gc.MaxObjectsInEditor:25165824]]
[2021.02.23-12.15.35:656][  0]LogConfig: Setting CVar [[gc.IncrementalBeginDestroyEnabled:1]]
[2021.02.23-12.15.35:656][  0]LogConfig: Setting CVar [[gc.CreateGCClusters:1]]
[2021.02.23-12.15.35:656][  0]LogConfig: Setting CVar [[gc.MinGCClusterSize:5]]
[2021.02.23-12.15.35:657][  0]LogConfig: Setting CVar [[gc.ActorClusteringEnabled:0]]
[2021.02.23-12.15.35:657][  0]LogConfig: Setting CVar [[gc.BlueprintClusteringEnabled:0]]
[2021.02.23-12.15.35:657][  0]LogConfig: Setting CVar [[gc.UseDisregardForGCOnDedicatedServers:0]]
[2021.02.23-12.15.35:657][  0]LogConfig: Applying CVar settings from Section [/Script/Engine.NetworkSettings] File [C:/Users/Morgan/Desktop/UnrealAI/UnrealAI/Saved/Config/Windows/Engine.ini]
[2021.02.23-12.15.35:657][  0]LogConfig: Applying CVar settings from Section [/Script/UnrealEd.CookerSettings] File [C:/Users/Morgan/Desktop/UnrealAI/UnrealAI/Saved/Config/Windows/Engine.ini]
[2021.02.23-12.15.35:663][  0]LogConfig: Applying CVar settings from Section [ViewDistanceQuality@3] File [C:/Users/Morgan/Desktop/UnrealAI/UnrealAI/Saved/Config/Windows/Scalability.ini]
[2021.02.23-12.15.35:663][  0]LogConfig: Setting CVar [[r.SkeletalMeshLODBias:0]]
[2021.02.23-12.15.35:663][  0]LogConfig: Setting CVar [[r.ViewDistanceScale:1.0]]
[2021.02.23-12.15.35:663][  0]LogConfig: Applying CVar settings from Section [AntiAliasingQuality@3] File [C:/Users/Morgan/Desktop/UnrealAI/UnrealAI/Saved/Config/Windows/Scalability.ini]
[2021.02.23-12.15.35:663][  0]LogConfig: Setting CVar [[r.PostProcessAAQuality:4]]
[2021.02.23-12.15.35:663][  0]LogConfig: Applying CVar settings from Section [ShadowQuality@3] File [C:/Users/Morgan/Desktop/UnrealAI/UnrealAI/Saved/Config/Windows/Scalability.ini]
[2021.02.23-12.15.35:663][  0]LogConfig: Setting CVar [[r.LightFunctionQuality:1]]
[2021.02.23-12.15.35:663][  0]LogConfig: Setting CVar [[r.ShadowQuality:5]]
[2021.02.23-12.15.35:663][  0]LogConfig: Setting CVar [[r.Shadow.CSM.MaxCascades:10]]
[2021.02.23-12.15.35:663][  0]LogConfig: Setting CVar [[r.Shadow.MaxResolution:2048]]
[2021.02.23-12.15.35:663][  0]LogConfig: Setting CVar [[r.Shadow.MaxCSMResolution:2048]]
[2021.02.23-12.15.35:663][  0]LogConfig: Setting CVar [[r.Shadow.RadiusThreshold:0.01]]
[2021.02.23-12.15.35:664][  0]LogConfig: Setting CVar [[r.Shadow.DistanceScale:1.0]]
[2021.02.23-12.15.35:664][  0]LogConfig: Setting CVar [[r.Shadow.CSM.TransitionScale:1.0]]
[2021.02.23-12.15.35:664][  0]LogConfig: Setting CVar [[r.Shadow.PreShadowResolutionFactor:1.0]]
[2021.02.23-12.15.35:664][  0]LogConfig: Setting CVar [[r.DistanceFieldShadowing:1]]
[2021.02.23-12.15.35:664][  0]LogConfig: Setting CVar [[r.DistanceFieldAO:1]]
[2021.02.23-12.15.35:664][  0]LogConfig: Setting CVar [[r.AOQuality:2]]
[2021.02.23-12.15.35:664][  0]LogConfig: Setting CVar [[r.VolumetricFog:1]]
[2021.02.23-12.15.35:664][  0]LogConfig: Setting CVar [[r.VolumetricFog.GridPixelSize:8]]
[2021.02.23-12.15.35:664][  0]LogConfig: Setting CVar [[r.VolumetricFog.GridSizeZ:128]]
[2021.02.23-12.15.35:664][  0]LogConfig: Setting CVar [[r.VolumetricFog.HistoryMissSupersampleCount:4]]
[2021.02.23-12.15.35:664][  0]LogConfig: Setting CVar [[r.LightMaxDrawDistanceScale:1]]
[2021.02.23-12.15.35:664][  0]LogConfig: Setting CVar [[r.CapsuleShadows:1]]
[2021.02.23-12.15.35:664][  0]LogConfig: Applying CVar settings from Section [PostProcessQuality@3] File [C:/Users/Morgan/Desktop/UnrealAI/UnrealAI/Saved/Config/Windows/Scalability.ini]
[2021.02.23-12.15.35:664][  0]LogConfig: Setting CVar [[r.MotionBlurQuality:4]]
[2021.02.23-12.15.35:664][  0]LogConfig: Setting CVar [[r.AmbientOcclusionMipLevelFactor:0.4]]
[2021.02.23-12.15.35:664][  0]LogConfig: Setting CVar [[r.AmbientOcclusionMaxQuality:100]]
[2021.02.23-12.15.35:664][  0]LogConfig: Setting CVar [[r.AmbientOcclusionLevels:-1]]
[2021.02.23-12.15.35:664][  0]LogConfig: Setting CVar [[r.AmbientOcclusionRadiusScale:1.0]]
[2021.02.23-12.15.35:664][  0]LogConfig: Setting CVar [[r.DepthOfFieldQuality:2]]
[2021.02.23-12.15.35:664][  0]LogConfig: Setting CVar [[r.RenderTargetPoolMin:400]]
[2021.02.23-12.15.35:664][  0]LogConfig: Setting CVar [[r.LensFlareQuality:2]]
[2021.02.23-12.15.35:664][  0]LogConfig: Setting CVar [[r.SceneColorFringeQuality:1]]
[2021.02.23-12.15.35:664][  0]LogConfig: Setting CVar [[r.EyeAdaptationQuality:2]]
[2021.02.23-12.15.35:665][  0]LogConfig: Setting CVar [[r.BloomQuality:5]]
[2021.02.23-12.15.35:665][  0]LogConfig: Setting CVar [[r.FastBlurThreshold:100]]
[2021.02.23-12.15.35:665][  0]LogConfig: Setting CVar [[r.Upscale.Quality:3]]
[2021.02.23-12.15.35:665][  0]LogConfig: Setting CVar [[r.Tonemapper.GrainQuantization:1]]
[2021.02.23-12.15.35:665][  0]LogConfig: Setting CVar [[r.LightShaftQuality:1]]
[2021.02.23-12.15.35:665][  0]LogConfig: Setting CVar [[r.Filter.SizeScale:1]]
[2021.02.23-12.15.35:665][  0]LogConfig: Setting CVar [[r.Tonemapper.Quality:5]]
[2021.02.23-12.15.35:665][  0]LogConfig: Setting CVar [[r.DOF.Gather.AccumulatorQuality:1        ; higher gathering accumulator quality]]
[2021.02.23-12.15.35:665][  0]LogConfig: Setting CVar [[r.DOF.Gather.PostfilterMethod:1          ; Median3x3 postfilering method]]
[2021.02.23-12.15.35:665][  0]LogConfig: Setting CVar [[r.DOF.Gather.EnableBokehSettings:0       ; no bokeh simulation when gathering]]
[2021.02.23-12.15.35:665][  0]LogConfig: Setting CVar [[r.DOF.Gather.RingCount:4                 ; medium number of samples when gathering]]
[2021.02.23-12.15.35:665][  0]LogConfig: Setting CVar [[r.DOF.Scatter.ForegroundCompositing:1    ; additive foreground scattering]]
[2021.02.23-12.15.35:665][  0]LogConfig: Setting CVar [[r.DOF.Scatter.BackgroundCompositing:2    ; additive background scattering]]
[2021.02.23-12.15.35:665][  0]LogConfig: Setting CVar [[r.DOF.Scatter.EnableBokehSettings:1      ; bokeh simulation when scattering]]
[2021.02.23-12.15.35:665][  0]LogConfig: Setting CVar [[r.DOF.Scatter.MaxSpriteRatio:0.1         ; only a maximum of 10% of scattered bokeh]]
[2021.02.23-12.15.35:665][  0]LogConfig: Setting CVar [[r.DOF.Recombine.Quality:1                ; cheap slight out of focus]]
[2021.02.23-12.15.35:665][  0]LogConfig: Setting CVar [[r.DOF.Recombine.EnableBokehSettings:0    ; no bokeh simulation on slight out of focus]]
[2021.02.23-12.15.35:665][  0]LogConfig: Setting CVar [[r.DOF.TemporalAAQuality:1                ; more stable temporal accumulation]]
[2021.02.23-12.15.35:665][  0]LogConfig: Setting CVar [[r.DOF.Kernel.MaxForegroundRadius:0.025]]
[2021.02.23-12.15.35:665][  0]LogConfig: Setting CVar [[r.DOF.Kernel.MaxBackgroundRadius:0.025]]
[2021.02.23-12.15.35:665][  0]LogConfig: Applying CVar settings from Section [TextureQuality@3] File [C:/Users/Morgan/Desktop/UnrealAI/UnrealAI/Saved/Config/Windows/Scalability.ini]
[2021.02.23-12.15.35:665][  0]LogConfig: Setting CVar [[r.Streaming.MipBias:0]]
[2021.02.23-12.15.35:665][  0]LogConfig: Setting CVar [[r.Streaming.AmortizeCPUToGPUCopy:0]]
[2021.02.23-12.15.35:666][  0]LogConfig: Setting CVar [[r.Streaming.MaxNumTexturesToStreamPerFrame:0]]
[2021.02.23-12.15.35:666][  0]LogConfig: Setting CVar [[r.Streaming.Boost:1]]
[2021.02.23-12.15.35:666][  0]LogConfig: Setting CVar [[r.MaxAnisotropy:8]]
[2021.02.23-12.15.35:666][  0]LogConfig: Setting CVar [[r.VT.MaxAnisotropy:8]]
[2021.02.23-12.15.35:666][  0]LogConfig: Setting CVar [[r.Streaming.LimitPoolSizeToVRAM:0]]
[2021.02.23-12.15.35:666][  0]LogConfig: Setting CVar [[r.Streaming.PoolSize:1000]]
[2021.02.23-12.15.35:666][  0]LogConfig: Setting CVar [[r.Streaming.MaxEffectiveScreenSize:0]]
[2021.02.23-12.15.35:666][  0]LogConfig: Applying CVar settings from Section [EffectsQuality@3] File [C:/Users/Morgan/Desktop/UnrealAI/UnrealAI/Saved/Config/Windows/Scalability.ini]
[2021.02.23-12.15.35:666][  0]LogConfig: Setting CVar [[r.TranslucencyLightingVolumeDim:64]]
[2021.02.23-12.15.35:666][  0]LogConfig: Setting CVar [[r.RefractionQuality:2]]
[2021.02.23-12.15.35:666][  0]LogConfig: Setting CVar [[r.SSR.Quality:3]]
[2021.02.23-12.15.35:666][  0]LogConfig: Setting CVar [[r.SSR.HalfResSceneColor:0]]
[2021.02.23-12.15.35:666][  0]LogConfig: Setting CVar [[r.SceneColorFormat:4]]
[2021.02.23-12.15.35:666][  0]LogConfig: Setting CVar [[r.DetailMode:2]]
[2021.02.23-12.15.35:666][  0]LogConfig: Setting CVar [[r.TranslucencyVolumeBlur:1]]
[2021.02.23-12.15.35:666][  0]LogConfig: Setting CVar [[r.MaterialQualityLevel:1 ; High quality]]
[2021.02.23-12.15.35:666][  0]LogConfig: Setting CVar [[r.SSS.Scale:1]]
[2021.02.23-12.15.35:666][  0]LogConfig: Setting CVar [[r.SSS.SampleSet:2]]
[2021.02.23-12.15.35:666][  0]LogConfig: Setting CVar [[r.SSS.Quality:1]]
[2021.02.23-12.15.35:666][  0]LogConfig: Setting CVar [[r.SSS.HalfRes:0]]
[2021.02.23-12.15.35:666][  0]LogConfig: Setting CVar [[r.SSGI.Quality:3]]
[2021.02.23-12.15.35:666][  0]LogConfig: Setting CVar [[r.EmitterSpawnRateScale:1.0]]
[2021.02.23-12.15.35:666][  0]LogConfig: Setting CVar [[r.ParticleLightQuality:2]]
[2021.02.23-12.15.35:666][  0]LogConfig: Setting CVar [[r.SkyAtmosphere.AerialPerspectiveLUT.FastApplyOnOpaque:1 ; Always have FastSkyLUT 1 in this case to avoid wrong sky]]
[2021.02.23-12.15.35:667][  0]LogConfig: Setting CVar [[r.SkyAtmosphere.AerialPerspectiveLUT.SampleCountPerSlice:1]]
[2021.02.23-12.15.35:667][  0]LogConfig: Setting CVar [[r.SkyAtmosphere.AerialPerspectiveLUT.DepthResolution:16.0]]
[2021.02.23-12.15.35:667][  0]LogConfig: Setting CVar [[r.SkyAtmosphere.FastSkyLUT:1]]
[2021.02.23-12.15.35:667][  0]LogConfig: Setting CVar [[r.SkyAtmosphere.FastSkyLUT.SampleCountMin:4.0]]
[2021.02.23-12.15.35:667][  0]LogConfig: Setting CVar [[r.SkyAtmosphere.FastSkyLUT.SampleCountMax:32.0]]
[2021.02.23-12.15.35:667][  0]LogConfig: Setting CVar [[r.SkyAtmosphere.SampleCountMin:4.0]]
[2021.02.23-12.15.35:667][  0]LogConfig: Setting CVar [[r.SkyAtmosphere.SampleCountMax:32.0]]
[2021.02.23-12.15.35:667][  0]LogConfig: Setting CVar [[r.SkyAtmosphere.TransmittanceLUT.UseSmallFormat:0]]
[2021.02.23-12.15.35:667][  0]LogConfig: Setting CVar [[r.SkyAtmosphere.TransmittanceLUT.SampleCount:10.0]]
[2021.02.23-12.15.35:667][  0]LogConfig: Setting CVar [[r.SkyAtmosphere.MultiScatteringLUT.SampleCount:15.0]]
[2021.02.23-12.15.35:667][  0]LogConfig: Applying CVar settings from Section [FoliageQuality@3] File [C:/Users/Morgan/Desktop/UnrealAI/UnrealAI/Saved/Config/Windows/Scalability.ini]
[2021.02.23-12.15.35:667][  0]LogConfig: Setting CVar [[foliage.DensityScale:1.0]]
[2021.02.23-12.15.35:667][  0]LogConfig: Setting CVar [[grass.DensityScale:1.0]]
[2021.02.23-12.15.35:667][  0]LogConfig: Applying CVar settings from Section [ShadingQuality@3] File [C:/Users/Morgan/Desktop/UnrealAI/UnrealAI/Saved/Config/Windows/Scalability.ini]
[2021.02.23-12.15.35:667][  0]LogConfig: Setting CVar [[r.HairStrands.SkyLighting.SampleCount:16]]
[2021.02.23-12.15.35:667][  0]LogConfig: Setting CVar [[r.HairStrands.SkyLighting.JitterIntegration:0]]
[2021.02.23-12.15.35:667][  0]LogConfig: Setting CVar [[r.HairStrands.SkyAO.SampleCount:16]]
[2021.02.23-12.15.35:667][  0]LogConfig: Setting CVar [[r.HairStrands.DeepShadow.SuperSampling:0]]
[2021.02.23-12.15.35:667][  0]LogConfig: Setting CVar [[r.HairStrands.VisibilityPPLL:0]]
[2021.02.23-12.15.35:667][  0]LogConfig: Setting CVar [[r.HairStrands.RasterizationScale:0.5]]
[2021.02.23-12.15.35:667][  0]LogConfig: Setting CVar [[r.HairStrands.VelocityRasterizationScale:1]]
[2021.02.23-12.15.35:667][  0]LogInit: Selected Device Profile: [Windows]
[2021.02.23-12.15.35:668][  0]LogInit: Applying CVar settings loaded from the selected device profile: [Windows]
[2021.02.23-12.15.35:668][  0]LogHAL: Display: Platform has ~ 32 GB [34252365824 / 34359738368 / 32], which maps to Largest [LargestMinGB=32, LargerMinGB=12, DefaultMinGB=8, SmallerMinGB=6, SmallestMinGB=0)
[2021.02.23-12.15.35:668][  0]LogInit: Going up to parent DeviceProfile []
[2021.02.23-12.15.35:668][  0]LogConfig: Applying CVar settings from Section [ViewDistanceQuality@3] File [C:/Users/Morgan/Desktop/UnrealAI/UnrealAI/Saved/Config/Windows/Scalability.ini]
[2021.02.23-12.15.35:668][  0]LogConfig: Setting CVar [[r.SkeletalMeshLODBias:0]]
[2021.02.23-12.15.35:668][  0]LogConfig: Setting CVar [[r.ViewDistanceScale:1.0]]
[2021.02.23-12.15.35:668][  0]LogConfig: Applying CVar settings from Section [AntiAliasingQuality@3] File [C:/Users/Morgan/Desktop/UnrealAI/UnrealAI/Saved/Config/Windows/Scalability.ini]
[2021.02.23-12.15.35:668][  0]LogConfig: Setting CVar [[r.PostProcessAAQuality:4]]
[2021.02.23-12.15.35:668][  0]LogConfig: Applying CVar settings from Section [ShadowQuality@3] File [C:/Users/Morgan/Desktop/UnrealAI/UnrealAI/Saved/Config/Windows/Scalability.ini]
[2021.02.23-12.15.35:668][  0]LogConfig: Setting CVar [[r.LightFunctionQuality:1]]
[2021.02.23-12.15.35:668][  0]LogConfig: Setting CVar [[r.ShadowQuality:5]]
[2021.02.23-12.15.35:668][  0]LogConfig: Setting CVar [[r.Shadow.CSM.MaxCascades:10]]
[2021.02.23-12.15.35:668][  0]LogConfig: Setting CVar [[r.Shadow.MaxResolution:2048]]
[2021.02.23-12.15.35:668][  0]LogConfig: Setting CVar [[r.Shadow.MaxCSMResolution:2048]]
[2021.02.23-12.15.35:668][  0]LogConfig: Setting CVar [[r.Shadow.RadiusThreshold:0.01]]
[2021.02.23-12.15.35:668][  0]LogConfig: Setting CVar [[r.Shadow.DistanceScale:1.0]]
[2021.02.23-12.15.35:668][  0]LogConfig: Setting CVar [[r.Shadow.CSM.TransitionScale:1.0]]
[2021.02.23-12.15.35:668][  0]LogConfig: Setting CVar [[r.Shadow.PreShadowResolutionFactor:1.0]]
[2021.02.23-12.15.35:668][  0]LogConfig: Setting CVar [[r.DistanceFieldShadowing:1]]
[2021.02.23-12.15.35:668][  0]LogConfig: Setting CVar [[r.DistanceFieldAO:1]]
[2021.02.23-12.15.35:669][  0]LogConfig: Setting CVar [[r.AOQuality:2]]
[2021.02.23-12.15.35:669][  0]LogConfig: Setting CVar [[r.VolumetricFog:1]]
[2021.02.23-12.15.35:669][  0]LogConfig: Setting CVar [[r.VolumetricFog.GridPixelSize:8]]
[2021.02.23-12.15.35:669][  0]LogConfig: Setting CVar [[r.VolumetricFog.GridSizeZ:128]]
[2021.02.23-12.15.35:669][  0]LogConfig: Setting CVar [[r.VolumetricFog.HistoryMissSupersampleCount:4]]
[2021.02.23-12.15.35:669][  0]LogConfig: Setting CVar [[r.LightMaxDrawDistanceScale:1]]
[2021.02.23-12.15.35:669][  0]LogConfig: Setting CVar [[r.CapsuleShadows:1]]
[2021.02.23-12.15.35:669][  0]LogConfig: Applying CVar settings from Section [PostProcessQuality@3] File [C:/Users/Morgan/Desktop/UnrealAI/UnrealAI/Saved/Config/Windows/Scalability.ini]
[2021.02.23-12.15.35:669][  0]LogConfig: Setting CVar [[r.MotionBlurQuality:4]]
[2021.02.23-12.15.35:669][  0]LogConfig: Setting CVar [[r.AmbientOcclusionMipLevelFactor:0.4]]
[2021.02.23-12.15.35:669][  0]LogConfig: Setting CVar [[r.AmbientOcclusionMaxQuality:100]]
[2021.02.23-12.15.35:669][  0]LogConfig: Setting CVar [[r.AmbientOcclusionLevels:-1]]
[2021.02.23-12.15.35:669][  0]LogConfig: Setting CVar [[r.AmbientOcclusionRadiusScale:1.0]]
[2021.02.23-12.15.35:669][  0]LogConfig: Setting CVar [[r.DepthOfFieldQuality:2]]
[2021.02.23-12.15.35:669][  0]LogConfig: Setting CVar [[r.RenderTargetPoolMin:400]]
[2021.02.23-12.15.35:669][  0]LogConfig: Setting CVar [[r.LensFlareQuality:2]]
[2021.02.23-12.15.35:669][  0]LogConfig: Setting CVar [[r.SceneColorFringeQuality:1]]
[2021.02.23-12.15.35:669][  0]LogConfig: Setting CVar [[r.EyeAdaptationQuality:2]]
[2021.02.23-12.15.35:669][  0]LogConfig: Setting CVar [[r.BloomQuality:5]]
[2021.02.23-12.15.35:669][  0]LogConfig: Setting CVar [[r.FastBlurThreshold:100]]
[2021.02.23-12.15.35:669][  0]LogConfig: Setting CVar [[r.Upscale.Quality:3]]
[2021.02.23-12.15.35:669][  0]LogConfig: Setting CVar [[r.Tonemapper.GrainQuantization:1]]
[2021.02.23-12.15.35:669][  0]LogConfig: Setting CVar [[r.LightShaftQuality:1]]
[2021.02.23-12.15.35:669][  0]LogConfig: Setting CVar [[r.Filter.SizeScale:1]]
[2021.02.23-12.15.35:670][  0]LogConfig: Setting CVar [[r.Tonemapper.Quality:5]]
[2021.02.23-12.15.35:670][  0]LogConfig: Setting CVar [[r.DOF.Gather.AccumulatorQuality:1        ; higher gathering accumulator quality]]
[2021.02.23-12.15.35:670][  0]LogConfig: Setting CVar [[r.DOF.Gather.PostfilterMethod:1          ; Median3x3 postfilering method]]
[2021.02.23-12.15.35:670][  0]LogConfig: Setting CVar [[r.DOF.Gather.EnableBokehSettings:0       ; no bokeh simulation when gathering]]
[2021.02.23-12.15.35:670][  0]LogConfig: Setting CVar [[r.DOF.Gather.RingCount:4                 ; medium number of samples when gathering]]
[2021.02.23-12.15.35:670][  0]LogConfig: Setting CVar [[r.DOF.Scatter.ForegroundCompositing:1    ; additive foreground scattering]]
[2021.02.23-12.15.35:670][  0]LogConfig: Setting CVar [[r.DOF.Scatter.BackgroundCompositing:2    ; additive background scattering]]
[2021.02.23-12.15.35:670][  0]LogConfig: Setting CVar [[r.DOF.Scatter.EnableBokehSettings:1      ; bokeh simulation when scattering]]
[2021.02.23-12.15.35:670][  0]LogConfig: Setting CVar [[r.DOF.Scatter.MaxSpriteRatio:0.1         ; only a maximum of 10% of scattered bokeh]]
[2021.02.23-12.15.35:670][  0]LogConfig: Setting CVar [[r.DOF.Recombine.Quality:1                ; cheap slight out of focus]]
[2021.02.23-12.15.35:670][  0]LogConfig: Setting CVar [[r.DOF.Recombine.EnableBokehSettings:0    ; no bokeh simulation on slight out of focus]]
[2021.02.23-12.15.35:670][  0]LogConfig: Setting CVar [[r.DOF.TemporalAAQuality:1                ; more stable temporal accumulation]]
[2021.02.23-12.15.35:670][  0]LogConfig: Setting CVar [[r.DOF.Kernel.MaxForegroundRadius:0.025]]
[2021.02.23-12.15.35:670][  0]LogConfig: Setting CVar [[r.DOF.Kernel.MaxBackgroundRadius:0.025]]
[2021.02.23-12.15.35:670][  0]LogConfig: Applying CVar settings from Section [TextureQuality@3] File [C:/Users/Morgan/Desktop/UnrealAI/UnrealAI/Saved/Config/Windows/Scalability.ini]
[2021.02.23-12.15.35:670][  0]LogConfig: Setting CVar [[r.Streaming.MipBias:0]]
[2021.02.23-12.15.35:670][  0]LogConfig: Setting CVar [[r.Streaming.AmortizeCPUToGPUCopy:0]]
[2021.02.23-12.15.35:670][  0]LogConfig: Setting CVar [[r.Streaming.MaxNumTexturesToStreamPerFrame:0]]
[2021.02.23-12.15.35:670][  0]LogConfig: Setting CVar [[r.Streaming.Boost:1]]
[2021.02.23-12.15.35:670][  0]LogConfig: Setting CVar [[r.MaxAnisotropy:8]]
[2021.02.23-12.15.35:670][  0]LogConfig: Setting CVar [[r.VT.MaxAnisotropy:8]]
[2021.02.23-12.15.35:670][  0]LogConfig: Setting CVar [[r.Streaming.LimitPoolSizeToVRAM:0]]
[2021.02.23-12.15.35:670][  0]LogConfig: Setting CVar [[r.Streaming.PoolSize:1000]]
[2021.02.23-12.15.35:670][  0]LogConfig: Setting CVar [[r.Streaming.MaxEffectiveScreenSize:0]]
[2021.02.23-12.15.35:671][  0]LogConfig: Applying CVar settings from Section [EffectsQuality@3] File [C:/Users/Morgan/Desktop/UnrealAI/UnrealAI/Saved/Config/Windows/Scalability.ini]
[2021.02.23-12.15.35:671][  0]LogConfig: Setting CVar [[r.TranslucencyLightingVolumeDim:64]]
[2021.02.23-12.15.35:671][  0]LogConfig: Setting CVar [[r.RefractionQuality:2]]
[2021.02.23-12.15.35:671][  0]LogConfig: Setting CVar [[r.SSR.Quality:3]]
[2021.02.23-12.15.35:671][  0]LogConfig: Setting CVar [[r.SSR.HalfResSceneColor:0]]
[2021.02.23-12.15.35:671][  0]LogConfig: Setting CVar [[r.SceneColorFormat:4]]
[2021.02.23-12.15.35:671][  0]LogConfig: Setting CVar [[r.DetailMode:2]]
[2021.02.23-12.15.35:671][  0]LogConfig: Setting CVar [[r.TranslucencyVolumeBlur:1]]
[2021.02.23-12.15.35:671][  0]LogConfig: Setting CVar [[r.MaterialQualityLevel:1 ; High quality]]
[2021.02.23-12.15.35:671][  0]LogConfig: Setting CVar [[r.SSS.Scale:1]]
[2021.02.23-12.15.35:671][  0]LogConfig: Setting CVar [[r.SSS.SampleSet:2]]
[2021.02.23-12.15.35:671][  0]LogConfig: Setting CVar [[r.SSS.Quality:1]]
[2021.02.23-12.15.35:671][  0]LogConfig: Setting CVar [[r.SSS.HalfRes:0]]
[2021.02.23-12.15.35:671][  0]LogConfig: Setting CVar [[r.SSGI.Quality:3]]
[2021.02.23-12.15.35:671][  0]LogConfig: Setting CVar [[r.EmitterSpawnRateScale:1.0]]
[2021.02.23-12.15.35:671][  0]LogConfig: Setting CVar [[r.ParticleLightQuality:2]]
[2021.02.23-12.15.35:671][  0]LogConfig: Setting CVar [[r.SkyAtmosphere.AerialPerspectiveLUT.FastApplyOnOpaque:1 ; Always have FastSkyLUT 1 in this case to avoid wrong sky]]
[2021.02.23-12.15.35:671][  0]LogConfig: Setting CVar [[r.SkyAtmosphere.AerialPerspectiveLUT.SampleCountPerSlice:1]]
[2021.02.23-12.15.35:671][  0]LogConfig: Setting CVar [[r.SkyAtmosphere.AerialPerspectiveLUT.DepthResolution:16.0]]
[2021.02.23-12.15.35:671][  0]LogConfig: Setting CVar [[r.SkyAtmosphere.FastSkyLUT:1]]
[2021.02.23-12.15.35:671][  0]LogConfig: Setting CVar [[r.SkyAtmosphere.FastSkyLUT.SampleCountMin:4.0]]
[2021.02.23-12.15.35:671][  0]LogConfig: Setting CVar [[r.SkyAtmosphere.FastSkyLUT.SampleCountMax:32.0]]
[2021.02.23-12.15.35:671][  0]LogConfig: Setting CVar [[r.SkyAtmosphere.SampleCountMin:4.0]]
[2021.02.23-12.15.35:672][  0]LogConfig: Setting CVar [[r.SkyAtmosphere.SampleCountMax:32.0]]
[2021.02.23-12.15.35:672][  0]LogConfig: Setting CVar [[r.SkyAtmosphere.TransmittanceLUT.UseSmallFormat:0]]
[2021.02.23-12.15.35:672][  0]LogConfig: Setting CVar [[r.SkyAtmosphere.TransmittanceLUT.SampleCount:10.0]]
[2021.02.23-12.15.35:672][  0]LogConfig: Setting CVar [[r.SkyAtmosphere.MultiScatteringLUT.SampleCount:15.0]]
[2021.02.23-12.15.35:672][  0]LogConfig: Applying CVar settings from Section [FoliageQuality@3] File [C:/Users/Morgan/Desktop/UnrealAI/UnrealAI/Saved/Config/Windows/Scalability.ini]
[2021.02.23-12.15.35:672][  0]LogConfig: Setting CVar [[foliage.DensityScale:1.0]]
[2021.02.23-12.15.35:672][  0]LogConfig: Setting CVar [[grass.DensityScale:1.0]]
[2021.02.23-12.15.35:672][  0]LogConfig: Applying CVar settings from Section [ShadingQuality@3] File [C:/Users/Morgan/Desktop/UnrealAI/UnrealAI/Saved/Config/Windows/Scalability.ini]
[2021.02.23-12.15.35:672][  0]LogConfig: Setting CVar [[r.HairStrands.SkyLighting.SampleCount:16]]
[2021.02.23-12.15.35:672][  0]LogConfig: Setting CVar [[r.HairStrands.SkyLighting.JitterIntegration:0]]
[2021.02.23-12.15.35:672][  0]LogConfig: Setting CVar [[r.HairStrands.SkyAO.SampleCount:16]]
[2021.02.23-12.15.35:672][  0]LogConfig: Setting CVar [[r.HairStrands.DeepShadow.SuperSampling:0]]
[2021.02.23-12.15.35:672][  0]LogConfig: Setting CVar [[r.HairStrands.VisibilityPPLL:0]]
[2021.02.23-12.15.35:672][  0]LogConfig: Setting CVar [[r.HairStrands.RasterizationScale:0.5]]
[2021.02.23-12.15.35:672][  0]LogConfig: Setting CVar [[r.HairStrands.VelocityRasterizationScale:1]]
[2021.02.23-12.15.35:672][  0]LogConfig: Applying CVar settings from Section [Startup] File [../../../Engine/Config/ConsoleVariables.ini]
[2021.02.23-12.15.35:672][  0]LogConfig: Setting CVar [[net.UseAdaptiveNetUpdateFrequency:0]]
[2021.02.23-12.15.35:673][  0]LogConfig: Setting CVar [[p.chaos.AllowCreatePhysxBodies:1]]
[2021.02.23-12.15.35:673][  0]LogConfig: Setting CVar [[fx.SkipVectorVMBackendOptimizations:1]]
[2021.02.23-12.15.35:673][  0]LogConfig: Applying CVar settings from Section [ConsoleVariables] File [C:/Users/Morgan/Desktop/UnrealAI/UnrealAI/Saved/Config/Windows/Engine.ini]
[2021.02.23-12.15.35:673][  0]LogInit: Computer: DESKTOP-A1LV5LA
[2021.02.23-12.15.35:673][  0]LogInit: User: Morgan
[2021.02.23-12.15.35:673][  0]LogInit: CPU Page size=4096, Cores=10
[2021.02.23-12.15.35:673][  0]LogInit: High frequency timer resolution =10.000000 MHz
[2021.02.23-12.15.35:673][  0]LogMemory: Memory total: Physical=31.9GB (32GB approx)
[2021.02.23-12.15.35:673][  0]LogMemory: Platform Memory Stats for Windows
[2021.02.23-12.15.35:673][  0]LogMemory: Process Physical Memory: 118.23 MB used, 118.23 MB peak
[2021.02.23-12.15.35:673][  0]LogMemory: Process Virtual Memory: 113.22 MB used, 113.22 MB peak
[2021.02.23-12.15.35:673][  0]LogMemory: Physical Memory: 11758.65 MB used,  20906.95 MB free, 32665.60 MB total
[2021.02.23-12.15.35:673][  0]LogMemory: Virtual Memory: 5223.32 MB used,  134212504.00 MB free, 134217728.00 MB total
[2021.02.23-12.15.35:681][  0]LogWindows: WindowsPlatformFeatures enabled
[2021.02.23-12.15.35:859][  0]LogInit: Physics initialised using underlying interface: PhysX
[2021.02.23-12.15.35:861][  0]LogInit: Using OS detected language (en-GB).
[2021.02.23-12.15.35:861][  0]LogInit: Using OS detected locale (en-GB).
[2021.02.23-12.15.35:868][  0]LogTextLocalizationManager: No specific localization for 'en-GB' exists, so the 'en' localization will be used.
[2021.02.23-12.15.36:021][  0]LogInit: Setting process to per monitor DPI aware
[2021.02.23-12.15.36:063][  0]LogSlate: New Slate User Created.  User Index 0, Is Virtual User: 0
[2021.02.23-12.15.36:063][  0]LogSlate: Slate User Registered.  User Index 0, Is Virtual User: 0
[2021.02.23-12.15.36:202][  0]LogHMD: Failed to initialize OpenVR with code 110
[2021.02.23-12.15.36:202][  0]LogD3D11RHI: D3D11 min allowed feature level: 11_0
[2021.02.23-12.15.36:202][  0]LogD3D11RHI: D3D11 max allowed feature level: 11_0
[2021.02.23-12.15.36:202][  0]LogD3D11RHI: D3D11 adapters:
[2021.02.23-12.15.36:317][  0]LogD3D11RHI:    0. 'NVIDIA GeForce RTX 3090' (Feature Level 11_0)
[2021.02.23-12.15.36:317][  0]LogD3D11RHI:       24348/0/16332 MB DedicatedVideo/DedicatedSystem/SharedSystem, Outputs:2, VendorId:0x10de
[2021.02.23-12.15.36:321][  0]LogD3D11RHI:    1. 'Microsoft Basic Render Driver' (Feature Level 11_0)
[2021.02.23-12.15.36:322][  0]LogD3D11RHI:       0/0/16332 MB DedicatedVideo/DedicatedSystem/SharedSystem, Outputs:0, VendorId:0x1414
[2021.02.23-12.15.36:322][  0]LogD3D11RHI: Chosen D3D11 Adapter: 0
[2021.02.23-12.15.36:328][  0]LogD3D11RHI: Creating new Direct3DDevice
[2021.02.23-12.15.36:328][  0]LogD3D11RHI:     GPU DeviceId: 0x2204 (for the marketing name, search the web for "GPU Device Id")
[2021.02.23-12.15.36:328][  0]LogWindows: EnumDisplayDevices:
[2021.02.23-12.15.36:328][  0]LogWindows:    0. 'NVIDIA GeForce RTX 3090' (P:1 D:1)
[2021.02.23-12.15.36:329][  0]LogWindows:    1. 'NVIDIA GeForce RTX 3090' (P:0 D:1)
[2021.02.23-12.15.36:329][  0]LogWindows:    2. 'NVIDIA GeForce RTX 3090' (P:0 D:0)
[2021.02.23-12.15.36:329][  0]LogWindows:    3. 'NVIDIA GeForce RTX 3090' (P:0 D:0)
[2021.02.23-12.15.36:329][  0]LogWindows: DebugString: FoundDriverCount:4 
[2021.02.23-12.15.36:329][  0]LogD3D11RHI:     Adapter Name: NVIDIA GeForce RTX 3090
[2021.02.23-12.15.36:329][  0]LogD3D11RHI:   Driver Version: 461.40 (internal:27.21.14.6140, unified:461.40)
[2021.02.23-12.15.36:330][  0]LogD3D11RHI:      Driver Date: 1-22-2021
[2021.02.23-12.15.36:330][  0]LogRHI: Texture pool is 17043 MB (70% of 24348 MB)
[2021.02.23-12.15.36:411][  0]LogD3D11RHI: RHI has support for 64 bit atomics
[2021.02.23-12.15.36:411][  0]LogD3D11RHI: Async texture creation enabled
[2021.02.23-12.15.36:411][  0]LogD3D11RHI: Array index from any shader is supported
[2021.02.23-12.15.36:425][  0]LogD3D11RHI: GPU Timing Frequency: 1000.000000 (Debug: 2 1)
[2021.02.23-12.15.36:734][  0]LogTargetPlatformManager: Display: Loaded TargetPlatform 'AllDesktop'
[2021.02.23-12.15.36:756][  0]LogTargetPlatformManager: Display: Loaded TargetPlatform 'Android'
[2021.02.23-12.15.36:757][  0]LogTargetPlatformManager: Display: Loaded TargetPlatform 'Android_ASTC'
[2021.02.23-12.15.36:757][  0]LogTargetPlatformManager: Display: Loaded TargetPlatform 'Android_DXT'
[2021.02.23-12.15.36:757][  0]LogTargetPlatformManager: Display: Loaded TargetPlatform 'Android_ETC2'
[2021.02.23-12.15.36:757][  0]LogTargetPlatformManager: Display: Loaded TargetPlatform 'AndroidClient'
[2021.02.23-12.15.36:757][  0]LogTargetPlatformManager: Display: Loaded TargetPlatform 'Android_ASTCClient'
[2021.02.23-12.15.36:757][  0]LogTargetPlatformManager: Display: Loaded TargetPlatform 'Android_DXTClient'
[2021.02.23-12.15.36:757][  0]LogTargetPlatformManager: Display: Loaded TargetPlatform 'Android_ETC2Client'
[2021.02.23-12.15.36:757][  0]LogTargetPlatformManager: Display: Loaded TargetPlatform 'Android_Multi'
[2021.02.23-12.15.36:757][  0]LogTargetPlatformManager: Display: Loaded TargetPlatform 'Android_MultiClient'
[2021.02.23-12.15.36:792][  0]LogTargetPlatformManager: Display: Loaded TargetPlatform 'IOSClient'
[2021.02.23-12.15.36:792][  0]LogTargetPlatformManager: Display: Loaded TargetPlatform 'IOS'
[2021.02.23-12.15.36:804][  0]LogTargetPlatformManager: Display: Loaded TargetPlatform 'Linux'
[2021.02.23-12.15.36:815][  0]LogTargetPlatformManager: Display: Loaded TargetPlatform 'LinuxNoEditor'
[2021.02.23-12.15.36:826][  0]LogTargetPlatformManager: Display: Loaded TargetPlatform 'LinuxClient'
[2021.02.23-12.15.36:837][  0]LogTargetPlatformManager: Display: Loaded TargetPlatform 'LinuxServer'
[2021.02.23-12.15.36:848][  0]LogTargetPlatformManager: Display: Loaded TargetPlatform 'LinuxAArch64NoEditor'
[2021.02.23-12.15.36:859][  0]LogTargetPlatformManager: Display: Loaded TargetPlatform 'LinuxAArch64Client'
[2021.02.23-12.15.36:869][  0]LogTargetPlatformManager: Display: Loaded TargetPlatform 'LinuxAArch64Server'
[2021.02.23-12.15.36:897][  0]LogTargetPlatformManager: Display: Loaded TargetPlatform 'Lumin'
[2021.02.23-12.15.36:897][  0]LogTargetPlatformManager: Display: Loaded TargetPlatform 'LuminClient'
[2021.02.23-12.15.36:915][  0]LogTargetPlatformManager: Display: Loaded TargetPlatform 'TVOSClient'
[2021.02.23-12.15.36:915][  0]LogTargetPlatformManager: Display: Loaded TargetPlatform 'TVOS'
[2021.02.23-12.15.36:925][  0]LogTargetPlatformManager: Display: Loaded TargetPlatform 'WindowsNoEditor'
[2021.02.23-12.15.36:936][  0]LogTargetPlatformManager: Display: Loaded TargetPlatform 'Windows'
[2021.02.23-12.15.36:947][  0]LogTargetPlatformManager: Display: Loaded TargetPlatform 'WindowsClient'
[2021.02.23-12.15.36:957][  0]LogTargetPlatformManager: Display: Loaded TargetPlatform 'WindowsServer'
[2021.02.23-12.15.36:957][  0]LogTargetPlatformManager: Display: Building Assets For Windows
[2021.02.23-12.15.36:971][  0]LogAudioDebug: Display: Lib vorbis DLL was dynamically loaded.
[2021.02.23-12.15.37:061][  0]LogShaderCompilers: Guid format shader working directory is -10 characters bigger than the processId version (../../../../../../Users/Morgan/Desktop/UnrealAI/UnrealAI/Intermediate/Shaders/WorkingDirectory/19184/).
[2021.02.23-12.15.37:061][  0]LogShaderCompilers: Cleaned the shader compiler working directory 'C:/Users/Morgan/AppData/Local/Temp/UnrealShaderWorkingDir/0038A8F3410CFDA1CFA92689B632AD52/'.
[2021.02.23-12.15.37:062][  0]LogXGEController: Cleaning working directory: C:/Users/Morgan/AppData/Local/Temp/UnrealXGEWorkingDir/
[2021.02.23-12.15.37:062][  0]LogXGEController: Cannot use XGE Controller as Incredibuild is not installed on this machine.
[2021.02.23-12.15.37:062][  0]LogShaderCompilers: Cannot use XGE Shader Compiler as Incredibuild is not installed on this machine.
[2021.02.23-12.15.37:062][  0]LogShaderCompilers: Display: Using Local Shader Compiler.
[2021.02.23-12.15.37:799][  0]LogDerivedDataCache: Display: Max Cache Size: 512 MB
[2021.02.23-12.15.37:845][  0]LogDerivedDataCache: Loaded boot cache 0.05s 79MB C:/Users/Morgan/AppData/Local/UnrealEngine/4.25/DerivedDataCache/Boot.ddc.
[2021.02.23-12.15.37:845][  0]LogDerivedDataCache: Display: Loaded Boot cache: C:/Users/Morgan/AppData/Local/UnrealEngine/4.25/DerivedDataCache/Boot.ddc
[2021.02.23-12.15.37:845][  0]LogDerivedDataCache: FDerivedDataBackendGraph:  Pak pak cache file ../../../../../../Users/Morgan/Desktop/UnrealAI/UnrealAI/DerivedDataCache/DDC.ddp not found, will not use a pak cache.
[2021.02.23-12.15.37:845][  0]LogDerivedDataCache: Unable to find inner node Pak for hierarchical cache Hierarchy.
[2021.02.23-12.15.37:845][  0]LogDerivedDataCache: FDerivedDataBackendGraph:  CompressedPak pak cache file ../../../../../../Users/Morgan/Desktop/UnrealAI/UnrealAI/DerivedDataCache/Compressed.ddp not found, will not use a pak cache.
[2021.02.23-12.15.37:845][  0]LogDerivedDataCache: Unable to find inner node CompressedPak for hierarchical cache Hierarchy.
[2021.02.23-12.15.37:855][  0]LogDerivedDataCache: Display: Pak cache opened for reading ../../../Engine/DerivedDataCache/Compressed.ddp.
[2021.02.23-12.15.37:855][  0]LogDerivedDataCache: FDerivedDataBackendGraph:  EnterprisePak pak cache file ../../../Enterprise/DerivedDataCache/Compressed.ddp not found, will not use a pak cache.
[2021.02.23-12.15.37:855][  0]LogDerivedDataCache: Unable to find inner node EnterprisePak for hierarchical cache Hierarchy.
[2021.02.23-12.15.37:857][  0]LogDerivedDataCache: Using Local data cache path C:/Users/Morgan/AppData/Local/UnrealEngine/Common/DerivedDataCache: Writable
[2021.02.23-12.15.37:857][  0]LogDerivedDataCache: Shared data cache path not found in *engine.ini, will not use an Shared cache.
[2021.02.23-12.15.37:857][  0]LogDerivedDataCache: Unable to find inner node Shared for hierarchical cache Hierarchy.
[2021.02.23-12.15.37:904][  0]LogSlate: Using FreeType 2.10.0
[2021.02.23-12.15.37:905][  0]LogSlate: SlateFontServices - WITH_FREETYPE: 1, WITH_HARFBUZZ: 1
[2021.02.23-12.15.37:928][  0]LogAssetRegistry: FAssetRegistry took 0.0036 seconds to start up
[2021.02.23-12.15.38:131][  0]LogInit: Selected Device Profile: [Windows]
[2021.02.23-12.15.38:253][  0]LogMeshReduction: Using QuadricMeshReduction for automatic static mesh reduction
[2021.02.23-12.15.38:253][  0]LogMeshReduction: Using SimplygonMeshReduction for automatic skeletal mesh reduction
[2021.02.23-12.15.38:253][  0]LogMeshReduction: Using ProxyLODMeshReduction for automatic mesh merging
[2021.02.23-12.15.38:253][  0]LogMeshReduction: No distributed automatic mesh merging module available
[2021.02.23-12.15.38:253][  0]LogMeshMerging: No distributed automatic mesh merging module available
[2021.02.23-12.15.38:268][  0]LogNetVersion: UnrealAI 1.0.0, NetCL: 13144385, EngineNetVer: 14, GameNetVer: 0 (Checksum: 2221238871)
[2021.02.23-12.15.38:628][  0]LogAISub: UAISubsystem::UAISubsystem AISubsystem (000001CFD95E7880), frame # 0
[2021.02.23-12.15.38:628][  0]LogAISub: UAISubsystem::UAISubsystem AIPerceptionSystem (000001CFD95F2AC0), frame # 0
[2021.02.23-12.15.38:629][  0]LogAISub: UAISubsystem::UAISubsystem EnvQueryManager (000001CFD9649E00), frame # 0
[2021.02.23-12.15.38:683][  0]LogPackageLocalizationCache: Processed 20 localized package path(s) for 1 prioritized culture(s) in 0.048925 seconds
[2021.02.23-12.15.38:687][  0]LogUObjectArray: 15917 objects as part of root set at end of initial load.
[2021.02.23-12.15.38:687][  0]LogUObjectAllocator: 3965568 out of 0 bytes used by permanent object pool.
[2021.02.23-12.15.38:687][  0]LogUObjectArray: CloseDisregardForGC: 0/0 objects in disregard for GC pool
[2021.02.23-12.15.39:109][  0]LogTcpMessaging: Initializing TcpMessaging bridge
[2021.02.23-12.15.39:116][  0]LogUdpMessaging: Initializing bridge on interface 0.0.0.0:0 to multicast group 230.0.0.1:6666.
[2021.02.23-12.15.39:177][  0]LogLinker: Warning: CreateExport: Failed to load Parent for BlueprintGeneratedClass /Game/AI/AI_02/AI_0/Task/BTTask_FindRandomLocation_BP.BTTask_FindRandomLocation_BP_C
[2021.02.23-12.15.39:177][  0]LogLinker: Warning: CreateExport: Failed to load Parent for BlueprintGeneratedClass /Game/AI/AI_02/AI_0/Task/BTTask_FindRandomLocation_BP.BTTask_FindRandomLocation_BP_C
[2021.02.23-12.15.39:177][  0]LogLinker: Warning: Unable to load Default__BTTask_FindRandomLocation_BP_C with outer Package /Game/AI/AI_02/AI_0/Task/BTTask_FindRandomLocation_BP because its class does not exist
[2021.02.23-12.15.39:178][  0]LogLinker: Warning: CreateExport: Failed to load Parent for BlueprintGeneratedClass /Game/AI/AI_02/AI_0/Task/BTTask_FindRandomLocation_BP.BTTask_FindRandomLocation_BP_C
[2021.02.23-12.15.39:178][  0]LogLinker: Warning: CreateExport: Failed to load Parent for BlueprintGeneratedClass /Game/AI/AI_02/AI_0/Task/BTTask_FindRandomLocation_BP.BTTask_FindRandomLocation_BP_C
[2021.02.23-12.15.39:178][  0]LogLinker: Warning: CreateExport: Failed to load Parent for BlueprintGeneratedClass /Game/AI/AI_02/AI_0/Task/BTTask_FindRandomLocation_BP.BTTask_FindRandomLocation_BP_C
[2021.02.23-12.15.39:389][  0]SourceControl: Source control is disabled
[2021.02.23-12.15.39:389][  0]SourceControl: Source control is disabled
[2021.02.23-12.15.39:393][  0]SourceControl: Source control is disabled
[2021.02.23-12.15.39:398][  0]SourceControl: Source control is disabled
[2021.02.23-12.15.39:409][  0]SourceControl: Source control is disabled
[2021.02.23-12.15.39:749][  0]LogAndroidPermission: UAndroidPermissionCallbackProxy::GetInstance
[2021.02.23-12.15.39:777][  0]LogAudioCaptureCore: Display: No Audio Capture implementations found. Audio input will be silent.
[2021.02.23-12.15.39:777][  0]LogAudioCaptureCore: Display: No Audio Capture implementations found. Audio input will be silent.
[2021.02.23-12.15.39:835][  0]LogOcInput: OculusInput pre-init called
[2021.02.23-12.15.39:850][  0]LogWindows: Failed to load 'OVRPlugin.dll' (GetLastError=126)
[2021.02.23-12.15.39:850][  0]LogWindows: File 'OVRPlugin.dll' does not exist
[2021.02.23-12.15.40:104][  0]LogEngine: Initializing Engine...
[2021.02.23-12.15.40:105][  0]LogHMD: Failed to initialize OpenVR with code 110
[2021.02.23-12.15.40:105][  0]LogMagicLeap: Warning: VR disabled because ZI is not enabled.  To enable, in the editor, Edit -> Project Settings -> Plugins -> Magic Leap Plugin -> Enable Zero Iteration
[2021.02.23-12.15.40:106][  0]LogStats: UGameplayTagsManager::InitializeManager -  0.000 s
[2021.02.23-12.15.40:208][  0]LogInit: Initializing FReadOnlyCVARCache
[2021.02.23-12.15.40:215][  0]LogAIModule: Creating AISystem for world Untitled
[2021.02.23-12.15.40:216][  0]LogAISub: UAISubsystem::UAISubsystem EnvQueryManager (000001CFE3D3BC00), frame # 0
[2021.02.23-12.15.40:216][  0]LogAISub: UAISubsystem::UAISubsystem AIPerceptionSystem (000001CFE3DD9D00), frame # 0
[2021.02.23-12.15.40:231][  0]LogAudioMixer: Display: Audio Mixer Platform Settings:
[2021.02.23-12.15.40:231][  0]LogAudioMixer: Display: 	Sample Rate:						  48000
[2021.02.23-12.15.40:231][  0]LogAudioMixer: Display: 	Callback Buffer Frame Size Requested: 1024
[2021.02.23-12.15.40:231][  0]LogAudioMixer: Display: 	Callback Buffer Frame Size To Use:	  1024
[2021.02.23-12.15.40:231][  0]LogAudioMixer: Display: 	Number of buffers to queue:			  2
[2021.02.23-12.15.40:231][  0]LogAudioMixer: Display: 	Max Channels (voices):				  32
[2021.02.23-12.15.40:231][  0]LogAudioMixer: Display: 	Number of Async Source Workers:		  0
[2021.02.23-12.15.40:231][  0]LogAudio: Display: AudioDevice MaxSources: 32
[2021.02.23-12.15.40:232][  0]LogAudio: Display: Using built-in audio occlusion.
[2021.02.23-12.15.40:232][  0]LogAudioMixer: Display: Initializing audio mixer.
[2021.02.23-12.15.40:248][  0]LogAudioMixer: Display: 0: FrontLeft
[2021.02.23-12.15.40:248][  0]LogAudioMixer: Display: 1: FrontRight
[2021.02.23-12.15.40:492][  0]LogAudioMixer: Display: Using Audio Device Speakers (Realtek(R) Audio)
[2021.02.23-12.15.40:493][  0]LogAudioMixer: Display: Initializing Sound Submixes...
[2021.02.23-12.15.40:495][  0]LogAudioMixer: Display: Creating Master Submix 'MasterSubmixDefault'
[2021.02.23-12.15.40:496][  0]LogAudioMixer: Display: Creating Master Submix 'MasterReverbSubmixDefault'
[2021.02.23-12.15.40:496][  0]LogAudioMixer: Display: Creating Master Submix 'MasterEQSubmixDefault'
[2021.02.23-12.15.40:498][  0]LogInit: FAudioDevice initialized.
[2021.02.23-12.15.40:498][  0]LogNetVersion: Set ProjectVersion to 1.0.0.0. Version Checksum will be recalculated on next use.
[2021.02.23-12.15.40:541][  0]LogDerivedDataCache: Saved boot cache 0.04s 79MB C:/Users/Morgan/AppData/Local/UnrealEngine/4.25/DerivedDataCache/Boot.ddc.
[2021.02.23-12.15.40:544][  0]LogInit: Texture streaming: Enabled
[2021.02.23-12.15.40:569][  0]LogEngineSessionManager: EngineSessionManager initialized
[2021.02.23-12.15.40:569][  0]LogEngineSessionManager: EngineSessionManager sent abnormal shutdown report. Type=Debugger, SessionId={FF1B40A9-4E1A-8C61-1E0A-8A8C3F40F828}
[2021.02.23-12.15.40:569][  0]LogEditorSessionSummary: Verbose: Initializing EditorSessionSummaryWriter for editor session tracking
[2021.02.23-12.15.40:572][  0]LogEditorSessionSummary: EditorSessionSummaryWriter initialized
[2021.02.23-12.15.40:590][  0]LogInit: Transaction tracking system initialized
[2021.02.23-12.15.40:620][  0]BlueprintLog: New page: Editor Load
[2021.02.23-12.15.40:714][  0]LocalizationService: Localization service is disabled
[2021.02.23-12.15.40:885][  0]LogCook: Display: Max memory allowance for cook 16384mb min free memory 0mb
[2021.02.23-12.15.40:885][  0]LogCook: Display: Mobile HDR setting 1
[2021.02.23-12.15.40:902][  0]LogFileCache: Scanning file cache for directory 'C:/Users/Morgan/Desktop/UnrealAI/UnrealAI/Content/' took 0.01s
[2021.02.23-12.15.41:212][  0]SourceControl: Source control is disabled
[2021.02.23-12.15.41:212][  0]LogUnrealEdMisc: Loading editor; pre map load, took 7.358
[2021.02.23-12.15.41:212][  0]Cmd: MAP LOAD FILE="../../../../../../Users/Morgan/Desktop/UnrealAI/UnrealAI/Content/Maps/AI_02.umap" TEMPLATE=0 SHOWPROGRESS=1 FEATURELEVEL=3
[2021.02.23-12.15.41:213][  0]LightingResults: New page: Lighting Build
[2021.02.23-12.15.41:213][  0]LogWorld: UWorld::CleanupWorld for Untitled, bSessionEnded=true, bCleanupResources=true
[2021.02.23-12.15.41:214][  0]LogSlate: InvalidateAllWidgets triggered.  All widgets were invalidated
[2021.02.23-12.15.41:214][  0]MapCheck: New page: Map Check
[2021.02.23-12.15.41:214][  0]LightingResults: New page: Lighting Build
[2021.02.23-12.15.41:229][  0]LogAISub: UAISubsystem::~UAISubsystem EnvQueryManager (000001CFE3D3BC00), frame # 0
[2021.02.23-12.15.41:229][  0]LogAISub: UAISubsystem::~UAISubsystem AIPerceptionSystem (000001CFE3DD9D00), frame # 0
[2021.02.23-12.15.41:230][  0]LogUObjectHash: Compacting FUObjectHashTables data took   0.76ms
[2021.02.23-12.15.41:397][  0]LogAIModule: Creating AISystem for world AI_02
[2021.02.23-12.15.41:397][  0]LogAISub: UAISubsystem::UAISubsystem EnvQueryManager (000001CFCA563E00), frame # 0
[2021.02.23-12.15.41:397][  0]LogAISub: UAISubsystem::UAISubsystem AIPerceptionSystem (000001CFDCDD4E00), frame # 0
[2021.02.23-12.15.41:420][  0]LogEditorServer: Finished looking for orphan Actors (0.000 secs)
[2021.02.23-12.15.41:434][  0]LogUObjectHash: Compacting FUObjectHashTables data took   0.77ms
[2021.02.23-12.15.41:434][  0]Cmd: MAP CHECKDEP NOCLEARLOG
[2021.02.23-12.15.41:435][  0]MapCheck: Map check complete: 0 Error(s), 0 Warning(s), took 0.158ms to complete.
[2021.02.23-12.15.41:435][  0]LogFileHelpers: Loading map 'AI_02' took 0.222
[2021.02.23-12.15.41:437][  0]LogUnrealEdMisc: Total Editor Startup Time, took 7.583
[2021.02.23-12.15.41:573][  0]LogSlate: Updating window title bar state: overlay mode, drag disabled, window buttons hidden, title bar hidden
[2021.02.23-12.15.41:579][  0]LogSlate: Updating window title bar state: overlay mode, drag disabled, window buttons hidden, title bar hidden
[2021.02.23-12.15.41:585][  0]LogSlate: Updating window title bar state: overlay mode, drag disabled, window buttons hidden, title bar hidden
[2021.02.23-12.15.41:590][  0]LogSlate: Updating window title bar state: overlay mode, drag disabled, window buttons hidden, title bar hidden
[2021.02.23-12.15.41:598][  0]LogCollectionManager: Loaded 0 collections in 0.001433 seconds
[2021.02.23-12.15.41:614][  0]LogFileCache: Scanning file cache for directory 'C:/Users/Morgan/Desktop/UnrealAI/UnrealAI/Saved/Collections/' took 0.00s
[2021.02.23-12.15.41:614][  0]LogFileCache: Scanning file cache for directory 'C:/Users/Morgan/Desktop/UnrealAI/UnrealAI/Content/Developers/Morgan/Collections/' took 0.00s
[2021.02.23-12.15.41:614][  0]LogFileCache: Scanning file cache for directory 'C:/Users/Morgan/Desktop/UnrealAI/UnrealAI/Content/Collections/' took 0.00s
[2021.02.23-12.15.41:614][  0]LogContentBrowser: Native class hierarchy populated in 0.0082 seconds. Added 3439 classes and 833 folders.
[2021.02.23-12.15.41:617][  0]LogContentBrowser: Native class hierarchy updated for 'WidgetCarousel' in 0.0003 seconds. Added 0 classes and 0 folders.
[2021.02.23-12.15.41:680][  0]LogContentBrowser: Native class hierarchy updated for 'AddContentDialog' in 0.0003 seconds. Added 0 classes and 0 folders.
[2021.02.23-12.15.41:690][  0]LogContentBrowser: Native class hierarchy updated for 'SceneOutliner' in 0.0003 seconds. Added 2 classes and 0 folders.
[2021.02.23-12.15.41:737][  0]LogSlate: Took 0.000165 seconds to synchronously load lazily loaded font '../../../Engine/Content/Slate/Fonts/Roboto-Regular.ttf' (155K)
[2021.02.23-12.15.41:741][  0]LogSlate: Took 0.000146 seconds to synchronously load lazily loaded font '../../../Engine/Content/Editor/Slate/Fonts/FontAwesome.ttf' (139K)
[2021.02.23-12.15.41:796][  0]LogRenderer: Reallocating scene render targets to support 2040x840 Format 10 NumSamples 1 (Frame:1).
[2021.02.23-12.15.41:913][  0]LogContentBrowser: Native class hierarchy updated for 'HierarchicalLODOutliner' in 0.0003 seconds. Added 0 classes and 0 folders.
[2021.02.23-12.15.41:913][  0]LogLoad: (Engine Initialization) Total time: 8.06 seconds
[2021.02.23-12.15.41:913][  0]LogLoad: (Engine Initialization) Total Blueprint compile time: 0.00 seconds
[2021.02.23-12.15.41:945][  0]LogAssetRegistry: Asset discovery search completed in 4.0197 seconds
[2021.02.23-12.15.41:949][  0]LogCollectionManager: Fixed up redirectors for 0 collections in 0.000002 seconds (updated 0 objects)
[2021.02.23-12.15.41:951][  0]LogContentStreaming: Texture pool size now 1000 MB
[2021.02.23-12.15.43:404][154]LogEditorViewport: Clicking on Actor (LMB): NPC0_C (NPC0)
[2021.02.23-12.15.45:390][364]LogSlate: Took 0.000150 seconds to synchronously load lazily loaded font '../../../Engine/Content/Slate/Fonts/Roboto-Light.ttf' (167K)
[2021.02.23-12.15.45:412][364]LogAssetEditorSubsystem: Opening Asset editor for BehaviorTree /Game/AI/AI_Fundamentals/AIFundamentalBehaviourTree.AIFundamentalBehaviourTree
[2021.02.23-12.15.45:513][364]LogSlate: Took 0.000157 seconds to synchronously load lazily loaded font '../../../Engine/Content/Slate/Fonts/Roboto-BoldCondensed.ttf' (158K)
[2021.02.23-12.15.49:786][866]LogSlate: Window 'AIFundamentalBehaviourTree' being destroyed
[2021.02.23-12.15.49:791][866]LogSlate: Window 'AIFundamentalBehaviourTree' being destroyed
[2021.02.23-12.15.56:854][565]LogAssetEditorSubsystem: Opening Asset editor for BehaviorTree /Game/AI/AI_02/AI_0/NPC0_BT.NPC0_BT
[2021.02.23-12.15.56:924][565]LogAIGraph: Error: BTTask_FindRandomLocation_BP class missing. Referenced by BehaviorTreeGraphNode_Task /Game/AI/AI_02/AI_0/NPC0_BT.NPC0_BT:Behavior Tree.BehaviorTreeGraphNode_Task_1
[2021.02.23-12.15.59:070][730]LogAIGraph: Error: BTTask_FindRandomLocation_BP class missing. Referenced by BehaviorTreeGraphNode_Task /Game/AI/AI_02/AI_0/NPC0_BT.NPC0_BT:Behavior Tree.BehaviorTreeGraphNode_Task_1
[2021.02.23-12.16.22:523][486]Cmd: TRANSACTION UNDO
[2021.02.23-12.16.22:524][486]LogEditorTransaction: Undo Delete current selection
[2021.02.23-12.16.22:912][497]Cmd: TRANSACTION UNDO
[2021.02.23-12.16.22:912][497]LogEditorTransaction: Undo Delete current selection
[2021.02.23-12.16.43:565][ 11]Candidate modules for hot reload:
[2021.02.23-12.16.43:565][ 11]  UnrealAI
[2021.02.23-12.16.43:565][ 11]Launching UnrealBuildTool... [C:/Program Files/Epic Games/UE_4.25/Engine/Binaries/DotNET/UnrealBuildTool.exe  -ModuleWithSuffix=UnrealAI,5357 UnrealAIEditor Win64 Development -Project="C:/Users/Morgan/Desktop/UnrealAI/UnrealAI/UnrealAI.uproject" "C:/Users/Morgan/Desktop/UnrealAI/UnrealAI/UnrealAI.uproject"  -IgnoreJunk]
[2021.02.23-12.16.43:612][ 11]Warning: Starting HotReload took  0.1s.
[2021.02.23-12.16.45:216][107]CompilerResultsLog: New page: Compilation - 23 Feb 2021, 12:16:45
[2021.02.23-12.16.45:216][107]CompilerResultsLog: Using 'git status' to determine working set for adaptive non-unity build (C:\Users\Morgan\Desktop\UnrealAI).
[2021.02.23-12.16.45:216][107]CompilerResultsLog: Building UnrealAIEditor...
[2021.02.23-12.16.45:216][107]CompilerResultsLog: Using Visual Studio 2019 14.28.29337 toolchain (C:\Program Files (x86)\Microsoft Visual Studio\2019\Community\VC\Tools\MSVC\14.28.29333) and Windows 10.0.18362.0 SDK (C:\Program Files (x86)\Windows Kits\10).
[2021.02.23-12.16.45:216][107]CompilerResultsLog: Building 3 actions with 20 processes...
[2021.02.23-12.16.45:217][107]CompilerResultsLog:   [1/3] UE4Editor-UnrealAI-5357.lib
[2021.02.23-12.16.45:217][107]CompilerResultsLog:      Creating library C:\Users\Morgan\Desktop\UnrealAI\UnrealAI\Intermediate\Build\Win64\UE4Editor\Development\UnrealAI\UE4Editor-UnrealAI-5357.lib and object C:\Users\Morgan\Desktop\UnrealAI\UnrealAI\Intermediate\Build\Win64\UE4Editor\Development\UnrealAI\UE4Editor-UnrealAI-5357.exp
[2021.02.23-12.16.45:217][107]CompilerResultsLog:   [2/3] UE4Editor-UnrealAI-5357.dll
[2021.02.23-12.16.45:217][107]CompilerResultsLog:      Creating library C:\Users\Morgan\Desktop\UnrealAI\UnrealAI\Intermediate\Build\Win64\UE4Editor\Development\UnrealAI\UE4Editor-UnrealAI-5357.suppressed.lib and object C:\Users\Morgan\Desktop\UnrealAI\UnrealAI\Intermediate\Build\Win64\UE4Editor\Development\UnrealAI\UE4Editor-UnrealAI-5357.suppressed.exp
[2021.02.23-12.16.45:217][107]CompilerResultsLog:   [3/3] UnrealAIEditor.target
[2021.02.23-12.16.45:217][107]CompilerResultsLog: Total time in Parallel executor: 0.92 seconds
[2021.02.23-12.16.45:217][107]CompilerResultsLog: Total execution time: 1.50 seconds
[2021.02.23-12.16.45:217][107]LogMainFrame: MainFrame: Module compiling took 1.655 seconds
[2021.02.23-12.16.45:246][107]LogContentBrowser: Native class hierarchy updated for 'UnrealAI' in 0.0004 seconds. Added 9 classes and 4 folders.
[2021.02.23-12.16.45:247][107]Display: HotReload successful (0 functions remapped  0 scriptstructs remapped)
[2021.02.23-12.16.45:316][107]LogContentBrowser: Native class hierarchy populated in 0.0082 seconds. Added 3439 classes and 833 folders.
[2021.02.23-12.16.45:316][107]Display: HotReload took  1.8s.
[2021.02.23-12.17.16:607][883]Cmd: OBJ SAVEPACKAGE PACKAGE="/Game/AI/AI_02/AI_0/NPC0_BT" FILE="../../../../../../Users/Morgan/Desktop/UnrealAI/UnrealAI/Content/AI/AI_02/AI_0/NPC0_BT.uasset" SILENT=true
[2021.02.23-12.17.16:619][883]LogSavePackage: Moving '../../../../../../Users/Morgan/Desktop/UnrealAI/UnrealAI/Saved/NPC0_BT8DF195AF4A1B7103FFCECDB640087894.tmp' to '../../../../../../Users/Morgan/Desktop/UnrealAI/UnrealAI/Content/AI/AI_02/AI_0/NPC0_BT.uasset'
[2021.02.23-12.17.16:622][883]Cmd: OBJ SAVEPACKAGE PACKAGE="/Game/AI/AI_02/AI_0/NPC0_BB" FILE="../../../../../../Users/Morgan/Desktop/UnrealAI/UnrealAI/Content/AI/AI_02/AI_0/NPC0_BB.uasset" SILENT=true
[2021.02.23-12.17.16:630][883]LogSavePackage: Moving '../../../../../../Users/Morgan/Desktop/UnrealAI/UnrealAI/Saved/NPC0_BB3D02A06F414003DEDBC8A6B42EC79BA1.tmp' to '../../../../../../Users/Morgan/Desktop/UnrealAI/UnrealAI/Content/AI/AI_02/AI_0/NPC0_BB.uasset'
[2021.02.23-12.17.16:643][883]AssetCheck: New page: Asset Save: multiple assets
[2021.02.23-12.17.16:643][883]LogContentValidation: Display: Validating BehaviorTree /Game/AI/AI_02/AI_0/NPC0_BT.NPC0_BT
[2021.02.23-12.17.16:643][883]LogContentValidation: Display: Validating BlackboardData /Game/AI/AI_02/AI_0/NPC0_BB.NPC0_BB
[2021.02.23-12.17.21:895][478]Cmd: OBJ SAVEPACKAGE PACKAGE="/Game/AI/AI_02/AI_0/NPC0_BB" FILE="../../../../../../Users/Morgan/Desktop/UnrealAI/UnrealAI/Content/AI/AI_02/AI_0/NPC0_BB.uasset" SILENT=true
[2021.02.23-12.17.21:903][478]LogSavePackage: Moving '../../../../../../Users/Morgan/Desktop/UnrealAI/UnrealAI/Saved/NPC0_BBDDE8838845DC40380FF7458F1D13D5C5.tmp' to '../../../../../../Users/Morgan/Desktop/UnrealAI/UnrealAI/Content/AI/AI_02/AI_0/NPC0_BB.uasset'
[2021.02.23-12.17.21:943][478]AssetCheck: New page: Asset Save: NPC0_BB
[2021.02.23-12.17.21:944][478]LogContentValidation: Display: Validating BlackboardData /Game/AI/AI_02/AI_0/NPC0_BB.NPC0_BB
[2021.02.23-12.17.24:310][712]LogSlate: Took 0.000172 seconds to synchronously load lazily loaded font '../../../Engine/Content/Slate/Fonts/Roboto-Italic.ttf' (157K)
[2021.02.23-12.17.39:025][ 81]Cmd: OBJ SAVEPACKAGE PACKAGE="/Game/AI/AI_02/AI_0/NPC0_BT" FILE="../../../../../../Users/Morgan/Desktop/UnrealAI/UnrealAI/Content/AI/AI_02/AI_0/NPC0_BT.uasset" SILENT=true
[2021.02.23-12.17.39:034][ 81]LogSavePackage: Moving '../../../../../../Users/Morgan/Desktop/UnrealAI/UnrealAI/Saved/NPC0_BT3C8BAE5E4FF17B5F599C2E8DB12C5416.tmp' to '../../../../../../Users/Morgan/Desktop/UnrealAI/UnrealAI/Content/AI/AI_02/AI_0/NPC0_BT.uasset'
[2021.02.23-12.17.39:076][ 81]AssetCheck: New page: Asset Save: NPC0_BT
[2021.02.23-12.17.39:076][ 81]LogContentValidation: Display: Validating BehaviorTree /Game/AI/AI_02/AI_0/NPC0_BT.NPC0_BT
[2021.02.23-12.17.40:826][182]LogTemp: Repeating last play command: Selected Viewport
[2021.02.23-12.17.40:845][182]LogPlayLevel: PlayLevel: No blueprints needed recompiling
[2021.02.23-12.17.40:846][182]PIE: New page: PIE session: AI_02 (23 Feb 2021, 12:17:40)
[2021.02.23-12.17.40:847][182]LogOnline: OSS: Creating online subsystem instance for: NULL
[2021.02.23-12.17.40:849][182]LogOnline: OSS: TryLoadSubsystemAndSetDefault: Loaded subsystem for module [NULL]
[2021.02.23-12.17.40:849][182]LogPlayLevel: Creating play world package: /Game/Maps/UEDPIE_0_AI_02
[2021.02.23-12.17.40:863][182]LogPlayLevel: PIE: StaticDuplicateObject took: (0.014080s)
[2021.02.23-12.17.40:864][182]LogAIModule: Creating AISystem for world AI_02
[2021.02.23-12.17.40:864][182]LogAISub: UAISubsystem::UAISubsystem EnvQueryManager (000001CFEE187E00), frame # 10182
[2021.02.23-12.17.40:864][182]LogAISub: UAISubsystem::UAISubsystem AIPerceptionSystem (000001CFEE173D80), frame # 10182
[2021.02.23-12.17.40:864][182]LogPlayLevel: PIE: World Init took: (0.001316s)
[2021.02.23-12.17.40:865][182]LogPlayLevel: PIE: Created PIE world by copying editor world from /Game/Maps/AI_02.AI_02 to /Game/Maps/UEDPIE_0_AI_02.AI_02 (0.015774s)
[2021.02.23-12.17.40:903][182]LogUObjectHash: Compacting FUObjectHashTables data took   0.70ms
[2021.02.23-12.17.40:904][182]LogAudioMixer: Display: Audio Mixer Platform Settings:
[2021.02.23-12.17.40:905][182]LogAudioMixer: Display: 	Sample Rate:						  48000
[2021.02.23-12.17.40:905][182]LogAudioMixer: Display: 	Callback Buffer Frame Size Requested: 1024
[2021.02.23-12.17.40:905][182]LogAudioMixer: Display: 	Callback Buffer Frame Size To Use:	  1024
[2021.02.23-12.17.40:905][182]LogAudioMixer: Display: 	Number of buffers to queue:			  2
[2021.02.23-12.17.40:905][182]LogAudioMixer: Display: 	Max Channels (voices):				  32
[2021.02.23-12.17.40:905][182]LogAudioMixer: Display: 	Number of Async Source Workers:		  0
[2021.02.23-12.17.40:905][182]LogAudio: Display: AudioDevice MaxSources: 32
[2021.02.23-12.17.40:905][182]LogAudio: Display: Using built-in audio occlusion.
[2021.02.23-12.17.40:906][182]LogAudioMixer: Display: Initializing audio mixer.
[2021.02.23-12.17.40:909][182]LogAudioMixer: Display: 0: FrontLeft
[2021.02.23-12.17.40:909][182]LogAudioMixer: Display: 1: FrontRight
[2021.02.23-12.17.40:995][182]LogAudioMixer: Display: Using Audio Device Speakers (Realtek(R) Audio)
[2021.02.23-12.17.40:995][182]LogAudioMixer: Display: Initializing Sound Submixes...
[2021.02.23-12.17.40:995][182]LogAudioMixer: Display: Creating Master Submix 'MasterSubmixDefault'
[2021.02.23-12.17.40:996][182]LogAudioMixer: Display: Creating Master Submix 'MasterReverbSubmixDefault'
[2021.02.23-12.17.40:996][182]LogAudioMixer: Display: Creating Master Submix 'MasterEQSubmixDefault'
[2021.02.23-12.17.41:008][182]LogInit: FAudioDevice initialized.
[2021.02.23-12.17.41:020][182]LogLoad: Game class is 'UnrealAIGameMode'
[2021.02.23-12.17.41:022][182]LogWorld: Bringing World /Game/Maps/UEDPIE_0_AI_02.AI_02 up for play (max tick rate 0) at 2021.02.23-12.17.41
[2021.02.23-12.17.41:023][182]LogWorld: Bringing up level for play took: 0.002262
[2021.02.23-12.17.41:024][182]LogOnline: OSS: Creating online subsystem instance for: :Context_3
[2021.02.23-12.17.41:050][182]LogContentBrowser: Native class hierarchy updated for 'MovieSceneCapture' in 0.0004 seconds. Added 20 classes and 0 folders.
[2021.02.23-12.17.41:052][182]PIE: Server logged in
[2021.02.23-12.17.41:053][182]PIE: Play in editor total start time 0.213 seconds.
[2021.02.23-12.17.47:993][416]LogSlate: Updating window title bar state: overlay mode, drag disabled, window buttons hidden, title bar hidden
[2021.02.23-12.17.47:993][416]LogWorld: BeginTearingDown for /Game/Maps/UEDPIE_0_AI_02
[2021.02.23-12.17.47:994][416]LogWorld: UWorld::CleanupWorld for AI_02, bSessionEnded=true, bCleanupResources=true
[2021.02.23-12.17.47:996][416]LogSlate: InvalidateAllWidgets triggered.  All widgets were invalidated
[2021.02.23-12.17.48:020][416]LogPlayLevel: Display: Shutting down PIE online subsystems
[2021.02.23-12.17.48:025][416]LogSlate: InvalidateAllWidgets triggered.  All widgets were invalidated
[2021.02.23-12.17.48:129][416]LogSlate: Updating window title bar state: overlay mode, drag disabled, window buttons hidden, title bar hidden
[2021.02.23-12.17.48:132][416]LogAISub: UAISubsystem::~UAISubsystem AIPerceptionSystem (000001CFEE173D80), frame # 10416
[2021.02.23-12.17.48:132][416]LogAISub: UAISubsystem::~UAISubsystem EnvQueryManager (000001CFEE187E00), frame # 10416
[2021.02.23-12.17.48:136][416]LogUObjectHash: Compacting FUObjectHashTables data took   2.49ms
[2021.02.23-12.17.48:219][417]LogPlayLevel: Display: Destroying online subsystem :Context_3
[2021.02.23-12.17.58:053][ 80]LogSlate: Window 'NPC0_BT' being destroyed
